Log file open, 10/09/16 21:07:23
LogInit:Display: Running engine for game: UnrealGameJam
LogPlatformFile: Not using cached read wrapper
LogInit:Display: RandInit(-291476199) SRandInit(-291476196).
LogTaskGraph: Started task graph with 4 named threads and 7 total threads with 1 sets of task threads.
LogStats: Stats thread started at 0.079918
LogConfig:Warning: Failed to saved backup for config[Input]
LogInit: Version: 4.12.5-3039270+++UE4+Release-4.12
LogInit: API Version: 2992821
LogInit: Net Version: 3039270
LogDevObjectVersion: Number of dev versions registered: 13
LogDevObjectVersion:   Dev-Blueprints (B0D832E4-1F89-4F0D-ACCF-7EB736FD4AA2): 3
LogDevObjectVersion:   Dev-Build (E1C64328-A22C-4D53-A36C-8E866417BD8C): 0
LogDevObjectVersion:   Dev-Core (375EC13C-06E4-48FB-B500-84F0262A717E): 1
LogDevObjectVersion:   Dev-Editor (E4B068ED-F494-42E9-A231-DA0B2E46BB41): 2
LogDevObjectVersion:   Dev-Framework (CFFC743F-43B0-4480-9391-14DF171D2073): 6
LogDevObjectVersion:   Dev-Mobile (B02B49B5-BB20-44E9-A304-32B752E40360): 0
LogDevObjectVersion:   Dev-Networking (A4E4105C-59A1-49B5-A7C5-40C4547EDFEE): 0
LogDevObjectVersion:   Dev-Online (39C831C9-5AE6-47DC-9A44-9C173E1C8E7C): 0
LogDevObjectVersion:   Dev-Physics (78F01B33-EBEA-4F98-B9B4-84EACCB95AA2): 0
LogDevObjectVersion:   Dev-Platform (6631380F-2D4D-43E0-8009-CF276956A95A): 0
LogDevObjectVersion:   Dev-Rendering (12F88B9F-8875-4AFC-A67C-D90C383ABD29): 2
LogDevObjectVersion:   Dev-Sequencer (7B5AE74C-D270-4C10-A958-57980B212A5A): 0
LogDevObjectVersion:   Dev-VR (D7296918-1DD6-4BDD-9DE2-64A83CC13884): 0
LogInit: Compiled (64-bit): Jul  6 2016 09:09:46
LogInit: Compiled with Visual C++: 19.00.23026.00
LogInit: Build Configuration: Development
LogInit: Branch Name: ++UE4+Release-4.12
LogInit: Command line:  
LogInit: Base directory: C:/Program Files/Epic Games/4.12/Engine/Binaries/Win64/
LogInit: Installed Engine Build: 1
LogInit: Using libcurl 7.41.0
LogInit:  - built for x86_64-pc-win32
LogInit:  - supports SSL with WinSSL
LogInit:  - other features:
LogInit:      CURL_VERSION_SSL
LogInit:      CURL_VERSION_IPV6
LogInit:      CURL_VERSION_ASYNCHDNS
LogInit:      CURL_VERSION_LARGEFILE
LogInit:      CURL_VERSION_IDN
LogInit:  CurlRequestOptions (configurable via config and command line):
LogInit:  - bVerifyPeer = true  - Libcurl will verify peer certificate
LogInit:  - bUseHttpProxy = false  - Libcurl will NOT use HTTP proxy
LogInit:  - bDontReuseConnections = false  - Libcurl will reuse connections
LogInit:  - CertBundlePath = nullptr  - Libcurl will use whatever was configured at build time.
LogInit: Presizing for max 8388607 objects, including 0 objects not considered by GC, pre-allocating 0 bytes for permanent pool.
LogInit: Object subsystem initialized
[2016.10.09-20.07.24:146][  0]LogInit: Selected Device Profile: [Windows]
[2016.10.09-20.07.24:146][  0]LogInit: Applying CVar settings loaded from the selected device profile: [Windows]
[2016.10.09-20.07.24:159][  0]LogInit: Computer: GORDON-PC
[2016.10.09-20.07.24:159][  0]LogInit: User: Gordon
[2016.10.09-20.07.24:159][  0]LogInit: CPU Page size=65536, Cores=4
[2016.10.09-20.07.24:159][  0]LogInit: High frequency timer resolution =4.199531 MHz
[2016.10.09-20.07.24:159][  0]LogMemory: Memory total: Physical=16.0GB (16GB approx)
[2016.10.09-20.07.24:159][  0]LogMemory: Platform Memory Stats for Windows
[2016.10.09-20.07.24:159][  0]LogMemory: Process Physical Memory: 191.11 MB used, 191.11 MB peak
[2016.10.09-20.07.24:159][  0]LogMemory: Process Virtual Memory: 196.92 MB used, 196.92 MB peak
[2016.10.09-20.07.24:159][  0]LogMemory: Physical Memory: 5064.77 MB used, 16379.57 MB total
[2016.10.09-20.07.24:159][  0]LogMemory: Virtual Memory: 522.38 MB used, 8388608.00 MB total
[2016.10.09-20.07.24:216][  0]LogTextLocalizationManager: No specific translations for ('en-GB') exist, so ('en') translations will be used.
[2016.10.09-20.07.24:744][  0]LogD3D11RHI: D3D11 adapters:
[2016.10.09-20.07.25:373][  0]LogD3D11RHI:    0. 'NVIDIA GeForce GTX 970' (Feature Level 11_0)
[2016.10.09-20.07.25:373][  0]LogD3D11RHI:       4007/0/7933 MB DedicatedVideo/DedicatedSystem/SharedSystem, Outputs:2, VendorId:0x10de
[2016.10.09-20.07.25:373][  0]LogD3D11RHI: Chosen D3D11 Adapter: 0
[2016.10.09-20.07.25:391][  0]LogD3D11RHI: Creating new Direct3DDevice
[2016.10.09-20.07.25:391][  0]LogD3D11RHI:     GPU DeviceId: 0x13c2 (for the marketing name, search the web for "GPU Device Id")
[2016.10.09-20.07.25:391][  0]LogWindows: EnumDisplayDevices:
[2016.10.09-20.07.25:391][  0]LogWindows:    0. 'NVIDIA GeForce GTX 970' (P:1 D:1)
[2016.10.09-20.07.25:391][  0]LogWindows:    1. 'NVIDIA GeForce GTX 970' (P:0 D:1)
[2016.10.09-20.07.25:392][  0]LogWindows:    2. 'NVIDIA GeForce GTX 970' (P:0 D:0)
[2016.10.09-20.07.25:392][  0]LogWindows:    3. 'NVIDIA GeForce GTX 970' (P:0 D:0)
[2016.10.09-20.07.25:392][  0]LogWindows:    4. 'RDPDD Chained DD' (P:0 D:0)
[2016.10.09-20.07.25:392][  0]LogWindows:    5. 'RDP Encoder Mirror Driver' (P:0 D:0)
[2016.10.09-20.07.25:393][  0]LogWindows:    6. 'RDP Reflector Display Driver' (P:0 D:0)
[2016.10.09-20.07.25:393][  0]LogWindows: DebugString: GetVideoDriverDetailsInvalid PrimaryIsNotTheChoosenAdapter GetVideoDriverDetailsInvalid PrimaryIsNotTheChoosenAdapter GetVideoDriverDetailsInvalid PrimaryIsNotTheChoosenAdapter FoundDriverCount:4 
[2016.10.09-20.07.25:393][  0]LogD3D11RHI:     Adapter Name: NVIDIA GeForce GTX 970
[2016.10.09-20.07.25:393][  0]LogD3D11RHI:   Driver Version: 372.90 (internal:21.21.13.7290, unified:372.90)
[2016.10.09-20.07.25:393][  0]LogD3D11RHI:      Driver Date: 9-16-2016
[2016.10.09-20.07.25:393][  0]LogRHI: Texture pool is 1361 MB (70% of 1945 MB)
[2016.10.09-20.07.25:929][  0]LogD3D11RHI: Async texture creation enabled
[2016.10.09-20.07.25:982][  0]LogD3D11RHI: GPU Timing Frequency: 1000.000000 (Debug: 2 2)
[2016.10.09-20.07.25:983][  0]LogShaderCompilers: Guid format shader working directory is 3 characters bigger than the processId version (D:/UnrealGameJam/UnrealGameJam/UnrealGameJam/Intermediate/Shaders/WorkingDirectory/8768/).
[2016.10.09-20.07.25:984][  0]LogShaderCompilers: Cleaned the shader compiler working directory 'C:/Users/Gordon/AppData/Local/Temp/UnrealShaderWorkingDir/3CAD00E14523DC0DB9372AAB5D6AEEB3/'.
[2016.10.09-20.07.25:984][  0]LogShaderCompilers:Display: Using Local Shader Compiler.
[2016.10.09-20.07.27:698][  0]LogTemp:Display: Loaded TP AllDesktopTargetPlatform
[2016.10.09-20.07.27:712][  0]LogTemp:Display: Loaded TP WindowsClientTargetPlatform
[2016.10.09-20.07.27:727][  0]LogTemp:Display: Loaded TP WindowsNoEditorTargetPlatform
[2016.10.09-20.07.27:744][  0]LogTemp:Display: Loaded TP WindowsServerTargetPlatform
[2016.10.09-20.07.27:759][  0]LogTemp:Display: Loaded TP WindowsTargetPlatform
[2016.10.09-20.07.27:772][  0]LogTemp:Display: Loaded TP AndroidTargetPlatform
[2016.10.09-20.07.27:785][  0]LogTemp:Display: Loaded TP Android_ASTCTargetPlatform
[2016.10.09-20.07.27:798][  0]LogTemp:Display: Loaded TP Android_ATCTargetPlatform
[2016.10.09-20.07.27:813][  0]LogTemp:Display: Loaded TP Android_DXTTargetPlatform
[2016.10.09-20.07.27:826][  0]LogTemp:Display: Loaded TP Android_ETC1TargetPlatform
[2016.10.09-20.07.27:835][  0]LogTemp:Display: Loaded TP Android_ETC2TargetPlatform
[2016.10.09-20.07.27:858][  0]LogTemp:Display: Loaded TP Android_MultiTargetPlatform
[2016.10.09-20.07.27:858][  0]LogTemp:Display: Loaded TP Android_PVRTCTargetPlatform
[2016.10.09-20.07.27:859][  0]LogTemp:Display: Loaded TP HTML5TargetPlatform
[2016.10.09-20.07.27:886][  0]LogTemp:Display: Loaded TP IOSTargetPlatform
[2016.10.09-20.07.27:897][  0]LogTemp:Display: Loaded TP TVOSTargetPlatform
[2016.10.09-20.07.27:908][  0]LogTemp:Display: Loaded TP LinuxNoEditorTargetPlatform
[2016.10.09-20.07.27:921][  0]LogTemp:Display: Loaded TP LinuxServerTargetPlatform
[2016.10.09-20.07.27:933][  0]LogTemp:Display: Loaded TP LinuxTargetPlatform
[2016.10.09-20.07.27:933][  0]LogTargetPlatformManager:Display: Building Assets For Windows
[2016.10.09-20.07.28:050][  0]LogDerivedDataCache:Display: Max Cache Size: 512 MB
[2016.10.09-20.07.28:136][  0]LogDerivedDataCache: Loaded boot cache 0.09s 48MB C:/Users/Gordon/AppData/Local/UnrealEngine/4.12/DerivedDataCache/Boot.ddc.
[2016.10.09-20.07.28:136][  0]LogDerivedDataCache:Display: Loaded Boot cache: C:/Users/Gordon/AppData/Local/UnrealEngine/4.12/DerivedDataCache/Boot.ddc
[2016.10.09-20.07.28:136][  0]LogDerivedDataCache: FDerivedDataBackendGraph:  Pak pak cache file D:/UnrealGameJam/UnrealGameJam/UnrealGameJam/DerivedDataCache/DDC.ddp not found, will not use a pak cache.
[2016.10.09-20.07.28:136][  0]LogDerivedDataCache: Unable to find inner node Pak for hierarchical cache Hierarchy.
[2016.10.09-20.07.28:137][  0]LogDerivedDataCache: FDerivedDataBackendGraph:  CompressedPak pak cache file D:/UnrealGameJam/UnrealGameJam/UnrealGameJam/DerivedDataCache/Compressed.ddp not found, will not use a pak cache.
[2016.10.09-20.07.28:137][  0]LogDerivedDataCache: Unable to find inner node CompressedPak for hierarchical cache Hierarchy.
[2016.10.09-20.07.28:170][  0]LogDerivedDataCache:Display: Pak cache opened for reading ../../../Engine/DerivedDataCache/Compressed.ddp.
[2016.10.09-20.07.28:181][  0]LogDerivedDataCache: Using Local data cache path C:/Users/Gordon/AppData/Local/UnrealEngine/Common/DerivedDataCache: Writable
[2016.10.09-20.07.28:481][  0]LogInit: Selected Device Profile: [Windows]
[2016.10.09-20.07.28:482][  0]LogContentStreaming: Texture pool size is 0.00 MB
[2016.10.09-20.07.28:726][  0]LogMeshUtilities: No automatic mesh reduction module available
[2016.10.09-20.07.28:726][  0]LogMeshUtilities: No automatic mesh merging module available
[2016.10.09-20.07.28:726][  0]LogMeshUtilities: No distributed automatic mesh merging module available
[2016.10.09-20.07.29:135][  0]LogAssetRegistry: FAssetRegistry took 0.0197 seconds to start up
[2016.10.09-20.07.29:163][  0]LogPackageLocalizationCache: Processed 3 localized package path(s) for 2 prioritized culture(s) in 0.023951 seconds
[2016.10.09-20.07.29:170][  0]LogUObjectArray: 28739 objects as part of root set at end of initial load.
[2016.10.09-20.07.29:170][  0]LogUObjectAllocator: 5855624 out of 0 bytes used by permanent object pool.
[2016.10.09-20.07.29:170][  0]LogUObjectArray: CloseDisregardForGC: 0/0 objects in disregard for GC pool
[2016.10.09-20.07.29:185][  0]LogInit: WinSock: version 1.1 (2.2), MaxSocks=32767, MaxUdp=65467
[2016.10.09-20.07.29:466][  0]LogSlate: SlateFontCache - WITH_FREETYPE: 1, WITH_HARFBUZZ: 1
[2016.10.09-20.07.29:466][  0]LogSlate: SlateFontCache - WITH_FREETYPE: 1, WITH_HARFBUZZ: 1
[2016.10.09-20.07.30:833][  0]LogUdpMessaging: Initializing bridge on interface 0.0.0.0:0 to multicast group 230.0.0.1:6666.
[2016.10.09-20.07.31:114][  0]SourceControl: Info Source control is disabled
[2016.10.09-20.07.31:523][  0]SourceControl: Info Source control is disabled
[2016.10.09-20.07.31:538][  0]SourceControl: Info Source control is disabled
[2016.10.09-20.07.31:552][  0]SourceControl: Info Source control is disabled
[2016.10.09-20.07.31:895][  0]LogEngine: Initializing Engine...
[2016.10.09-20.07.31:896][  0]LogHMD: SteamVR failed to initialize.  Err: 110
[2016.10.09-20.07.31:897][  0]LogHMD: SteamVR failed to initialize.  Err: 110
[2016.10.09-20.07.32:102][  0]LogAIModule: Creating AISystem for world NewWorld
[2016.10.09-20.07.32:124][  0]LogInit: XAudio2 using 'Headset Earphone (Razer Kraken 7.1 Chroma)' : 2 channels at 44.1 kHz using 16 bits per sample (channel mask 0x3)
[2016.10.09-20.07.32:175][  0]LogInit: FAudioDevice initialized.
[2016.10.09-20.07.32:212][  0]LogDerivedDataCache: Saved boot cache 0.04s 48MB C:/Users/Gordon/AppData/Local/UnrealEngine/4.12/DerivedDataCache/Boot.ddc.
[2016.10.09-20.07.32:225][  0]LogInit: Texture streaming: Enabled
[2016.10.09-20.07.32:699][  0]LogInit: Transaction tracking system initialized
[2016.10.09-20.07.32:738][  0]BlueprintLog: New page: Editor Load
[2016.10.09-20.07.32:848][  0]LocalizationService: Info Localization service is disabled
[2016.10.09-20.07.32:946][  0]LogConsoleResponse:Display: 
[2016.10.09-20.07.33:117][  0]LogCook:Display: Max memory allowance for cook 8192mb
[2016.10.09-20.07.33:117][  0]LogCook:Display: Mobile HDR setting 1
[2016.10.09-20.07.33:309][  0]LogFileCache: Scanning file cache for directory 'D:/UnrealGameJam/UnrealGameJam/UnrealGameJam/Content/' took 0.03s
[2016.10.09-20.07.33:309][  0]SourceControl: Info Source control is disabled
[2016.10.09-20.07.42:226][  0]Cmd: MAP LOAD FILE="D:/UnrealGameJam/UnrealGameJam/UnrealGameJam/Content/FirstPersonBP/Maps/FirstPersonExampleMap.umap" TEMPLATE=0 SHOWPROGRESS=1 FEATURELEVEL=3
[2016.10.09-20.07.42:227][  0]LogEditorServer:Warning: Can't find file 'D:/UnrealGameJam/UnrealGameJam/UnrealGameJam/Content/FirstPersonBP/Maps/FirstPersonExampleMap.umap'
[2016.10.09-20.07.42:227][  0]Cmd: MAP CHECKDEP NOCLEARLOG
[2016.10.09-20.07.42:360][  0]MapCheck: Info Map check complete: 0 Error(s), 0 Warning(s), took 133.267ms to complete.
[2016.10.09-20.07.42:360][  0]LogFileHelpers: Loading map 'FirstPersonExampleMap' took 0.134
[2016.10.09-20.07.42:538][  0]LogStats:Warning: MetaData mismatch. Did you assign a stat to two groups? New //STATGROUP_Threads//SplashScreenThread///Thread_266c_0///####STATCAT_Advanced#### old //STATGROUP_Threads//SplashScreenThread///Thread_2494_0///####STATCAT_Advanced####
[2016.10.09-20.07.42:538][  0]LogCollectionManager: Loaded 0 collections in 0.001947 seconds
[2016.10.09-20.07.42:593][  0]LogFileCache: Scanning file cache for directory 'D:/UnrealGameJam/UnrealGameJam/UnrealGameJam/Saved/Collections/' took 0.01s
[2016.10.09-20.07.42:593][  0]LogFileCache: Scanning file cache for directory 'D:/UnrealGameJam/UnrealGameJam/UnrealGameJam/Content/Developers/Gordon/Collections/' took 0.01s
[2016.10.09-20.07.42:593][  0]LogFileCache: Scanning file cache for directory 'D:/UnrealGameJam/UnrealGameJam/UnrealGameJam/Content/Collections/' took 0.01s
[2016.10.09-20.07.42:593][  0]LogCollectionManager: Rebuilt the GUID cache for 0 collections in 0.000003 seconds
[2016.10.09-20.07.42:618][  0]LogContentBrowser: Native class hierarchy populated in 0.0249 seconds. Added 2047 classes and 369 folders.
[2016.10.09-20.07.42:626][  0]LogStats: UGameplayTagsManager::ConstructGameplayTagTree: Construct from data asset -  0.000 s
[2016.10.09-20.07.42:626][  0]LogStats: UGameplayTagsManager::ConstructGameplayTagTree: GameplayTagTreeChangedEvent.Broadcast -  0.000 s
[2016.10.09-20.07.42:627][  0]LogContentBrowser: Native class hierarchy updated for 'GameplayTags' in 0.0006 seconds. Added 12 classes and 0 folders.
[2016.10.09-20.07.42:637][  0]LogContentBrowser: Native class hierarchy updated for 'WidgetCarousel' in 0.0005 seconds. Added 0 classes and 0 folders.
[2016.10.09-20.07.42:760][  0]LogContentBrowser: Native class hierarchy updated for 'AddContentDialog' in 0.0004 seconds. Added 0 classes and 0 folders.
[2016.10.09-20.07.42:770][  0]LogContentBrowser: Native class hierarchy updated for 'SceneOutliner' in 0.0005 seconds. Added 1 classes and 2 folders.
[2016.10.09-20.07.42:856][  0]LogCrashTracker: Crashtracker disabled due to settings.
[2016.10.09-20.07.42:863][  0]LogUObjectGlobals:Warning: Failed to find object 'Class None.'
[2016.10.09-20.07.42:889][  0]LogContentBrowser: Native class hierarchy updated for 'HierarchicalLODOutliner' in 0.0005 seconds. Added 1 classes and 2 folders.
[2016.10.09-20.07.42:890][  0]LogLoad: Full Startup: 19.68 seconds (BP compile: 0.00 seconds)
[2016.10.09-20.07.42:890][  0]LogExternalProfiler: Found external profiler: VSPerf
[2016.10.09-20.07.42:890][  0]LogExternalProfiler: Using external profiler: VSPerf
[2016.10.09-20.07.42:900][  0]LogOcInput: OculusInput pre-init called
[2016.10.09-20.07.42:925][  0]LogContentStreaming: Texture pool size now 1000 MB
[2016.10.09-20.07.43:202][  0]LogRenderer: Reallocating scene render targets to support 1208x620 (Frame:2).
[2016.10.09-20.07.43:503][  3]LogAssetRegistry: Asset discovery search completed in 14.3870 seconds
[2016.10.09-20.07.43:503][  3]LogCollectionManager: Rebuilt the object cache for 0 collections in 0.000001 seconds (found 0 objects)
[2016.10.09-20.07.43:503][  3]LogCollectionManager: Fixed up redirectors for 0 collections in 0.000061 seconds (updated 0 objects)
[2016.10.09-20.07.58:594][625]LogContentBrowser: Native class hierarchy updated for 'Cascade' in 0.0005 seconds. Added 2 classes and 2 folders.
[2016.10.09-20.09.33:462][794]LogEditorFactories: Performing atomic reimport of [C:/Users/Gordon/Desktop/GameJamAssets/TriangleParticleModel.fbx]
[2016.10.09-20.09.33:518][794]LogFbx: Loading FBX Scene from C:/Users/Gordon/Desktop/GameJamAssets/TriangleParticleModel.fbx
[2016.10.09-20.09.33:526][794]LogFbx: FBX Scene Loaded Succesfully
[2016.10.09-20.09.33:545][794]LogStaticMesh: Building static mesh TriangleParticleModel...
[2016.10.09-20.09.33:546][794]LogStaticMesh: Built static mesh [0.00s] /Game/ArenaMap/Assets/ParticlEffects/TriangleParticleModel.TriangleParticleModel
[2016.10.09-20.09.33:558][794]LogEditorFactories: -- imported successfully
[2016.10.09-20.09.36:482][956]LogCrashTracker: 


[2016.10.09-20.09.36:494][956]LogWindows: Windows GetLastError: The operation completed successfully. (0)
[2016.10.09-20.09.36:494][956]LogThreadingWindows:Error: Runnable thread RenderThread 14 crashed.
[2016.10.09-20.09.36:494][956]LogCrashTracker: 


[2016.10.09-20.09.36:494][956]LogWindows:Error: === Critical error: ===
Assertion failed: (GIsCriticalError || !NumMarks) [File:D:\Build\++UE4+Release-4.12+Compile\Sync\Engine\Source\Runtime\Core\Public\Misc\MemStack.h] [Line: 72] 




Crash in runnable thread RenderThread 14

[2016.10.09-20.09.36:495][956]LogWindows: Windows GetLastError: The operation completed successfully. (0)
[2016.10.09-20.09.36:495][956]LogWindows:Error: HandleError re-entered.
[2016.10.09-20.09.36:495][956]LogWindows: FPlatformMisc::RequestExit(1)
[2016.10.09-20.09.36:495][956]Log file closed, 10/09/16 21:09:36
