Log file open, 10/10/16 07:38:44
LogInit:Display: Running engine for game: UnrealGameJam
LogPlatformFile: Not using cached read wrapper
LogInit:Display: RandInit(-1946844398) SRandInit(-1946844396).
LogTaskGraph: Started task graph with 4 named threads and 7 total threads with 1 sets of task threads.
LogStats: Stats thread started at 0.133209
LogInit: Version: 4.12.5-3039270+++UE4+Release-4.12
LogInit: API Version: 2992821
LogInit: Net Version: 3039270
LogDevObjectVersion: Number of dev versions registered: 13
LogDevObjectVersion:   Dev-Blueprints (B0D832E4-1F89-4F0D-ACCF-7EB736FD4AA2): 3
LogDevObjectVersion:   Dev-Build (E1C64328-A22C-4D53-A36C-8E866417BD8C): 0
LogDevObjectVersion:   Dev-Core (375EC13C-06E4-48FB-B500-84F0262A717E): 1
LogDevObjectVersion:   Dev-Editor (E4B068ED-F494-42E9-A231-DA0B2E46BB41): 2
LogDevObjectVersion:   Dev-Framework (CFFC743F-43B0-4480-9391-14DF171D2073): 6
LogDevObjectVersion:   Dev-Mobile (B02B49B5-BB20-44E9-A304-32B752E40360): 0
LogDevObjectVersion:   Dev-Networking (A4E4105C-59A1-49B5-A7C5-40C4547EDFEE): 0
LogDevObjectVersion:   Dev-Online (39C831C9-5AE6-47DC-9A44-9C173E1C8E7C): 0
LogDevObjectVersion:   Dev-Physics (78F01B33-EBEA-4F98-B9B4-84EACCB95AA2): 0
LogDevObjectVersion:   Dev-Platform (6631380F-2D4D-43E0-8009-CF276956A95A): 0
LogDevObjectVersion:   Dev-Rendering (12F88B9F-8875-4AFC-A67C-D90C383ABD29): 2
LogDevObjectVersion:   Dev-Sequencer (7B5AE74C-D270-4C10-A958-57980B212A5A): 0
LogDevObjectVersion:   Dev-VR (D7296918-1DD6-4BDD-9DE2-64A83CC13884): 0
LogInit: Compiled (64-bit): Jul  6 2016 09:09:46
LogInit: Compiled with Visual C++: 19.00.23026.00
LogInit: Build Configuration: Development
LogInit: Branch Name: ++UE4+Release-4.12
LogInit: Command line:  
LogInit: Base directory: C:/Program Files (x86)/Epic Games/4.12/Engine/Binaries/Win64/
LogInit: Installed Engine Build: 1
LogInit: Using libcurl 7.41.0
LogInit:  - built for x86_64-pc-win32
LogInit:  - supports SSL with WinSSL
LogInit:  - other features:
LogInit:      CURL_VERSION_SSL
LogInit:      CURL_VERSION_IPV6
LogInit:      CURL_VERSION_ASYNCHDNS
LogInit:      CURL_VERSION_LARGEFILE
LogInit:      CURL_VERSION_IDN
LogInit:  CurlRequestOptions (configurable via config and command line):
LogInit:  - bVerifyPeer = true  - Libcurl will verify peer certificate
LogInit:  - bUseHttpProxy = false  - Libcurl will NOT use HTTP proxy
LogInit:  - bDontReuseConnections = false  - Libcurl will reuse connections
LogInit:  - CertBundlePath = nullptr  - Libcurl will use whatever was configured at build time.
LogInit: Presizing for max 8388607 objects, including 0 objects not considered by GC, pre-allocating 0 bytes for permanent pool.
LogInit: Object subsystem initialized
[2016.10.10-06.38.44:329][  0]LogInit: Selected Device Profile: [Windows]
[2016.10.10-06.38.44:329][  0]LogInit: Applying CVar settings loaded from the selected device profile: [Windows]
[2016.10.10-06.38.44:350][  0]LogInit: Computer: DESKTOP-N6TRJQS
[2016.10.10-06.38.44:350][  0]LogInit: User: Conor
[2016.10.10-06.38.44:350][  0]LogInit: CPU Page size=65536, Cores=4
[2016.10.10-06.38.44:350][  0]LogInit: High frequency timer resolution =3.312791 MHz
[2016.10.10-06.38.44:350][  0]LogMemory: Memory total: Physical=8.0GB (8GB approx)
[2016.10.10-06.38.44:350][  0]LogMemory: Platform Memory Stats for Windows
[2016.10.10-06.38.44:350][  0]LogMemory: Process Physical Memory: 190.47 MB used, 190.47 MB peak
[2016.10.10-06.38.44:350][  0]LogMemory: Process Virtual Memory: 195.08 MB used, 195.08 MB peak
[2016.10.10-06.38.44:350][  0]LogMemory: Physical Memory: 5834.24 MB used, 8145.47 MB total
[2016.10.10-06.38.44:350][  0]LogMemory: Virtual Memory: 553.30 MB used, 134217728.00 MB total
[2016.10.10-06.38.44:551][  0]LogTextLocalizationManager: No specific translations for ('en-GB') exist, so ('en') translations will be used.
[2016.10.10-06.38.44:934][  0]LogD3D11RHI: D3D11 adapters:
[2016.10.10-06.38.44:962][  0]LogD3D11RHI:    0. 'NVIDIA GeForce GTX 660' (Feature Level 11_0)
[2016.10.10-06.38.44:962][  0]LogD3D11RHI:       1505/0/4072 MB DedicatedVideo/DedicatedSystem/SharedSystem, Outputs:1, VendorId:0x10de
[2016.10.10-06.38.44:964][  0]LogD3D11RHI:    1. 'Microsoft Basic Render Driver' (Feature Level 11_0)
[2016.10.10-06.38.44:964][  0]LogD3D11RHI:       0/0/4072 MB DedicatedVideo/DedicatedSystem/SharedSystem, Outputs:0, VendorId:0x1414
[2016.10.10-06.38.44:964][  0]LogD3D11RHI: Chosen D3D11 Adapter: 0
[2016.10.10-06.38.44:968][  0]LogD3D11RHI: Creating new Direct3DDevice
[2016.10.10-06.38.44:968][  0]LogD3D11RHI:     GPU DeviceId: 0x1185 (for the marketing name, search the web for "GPU Device Id")
[2016.10.10-06.38.44:968][  0]LogWindows: EnumDisplayDevices:
[2016.10.10-06.38.44:968][  0]LogWindows:    0. 'NVIDIA GeForce GTX 660' (P:1 D:1)
[2016.10.10-06.38.44:968][  0]LogWindows:    1. 'NVIDIA GeForce GTX 660' (P:0 D:0)
[2016.10.10-06.38.44:968][  0]LogWindows:    2. 'NVIDIA GeForce GTX 660' (P:0 D:0)
[2016.10.10-06.38.44:968][  0]LogWindows: DebugString: FoundDriverCount:3 
[2016.10.10-06.38.44:968][  0]LogD3D11RHI:     Adapter Name: NVIDIA GeForce GTX 660
[2016.10.10-06.38.44:968][  0]LogD3D11RHI:   Driver Version: 372.90 (internal:21.21.13.7290, unified:372.90)
[2016.10.10-06.38.44:968][  0]LogD3D11RHI:      Driver Date: 9-16-2016
[2016.10.10-06.38.44:968][  0]LogRHI: Texture pool is 1053 MB (70% of 1505 MB)
[2016.10.10-06.38.44:982][  0]LogD3D11RHI: Async texture creation enabled
[2016.10.10-06.38.44:998][  0]LogD3D11RHI: GPU Timing Frequency: 1000.000000 (Debug: 2 2)
[2016.10.10-06.38.44:998][  0]LogShaderCompilers: Guid format shader working directory is 3 characters bigger than the processId version (D:/Repositories/UnrealGameJam/UnrealGameJam/Intermediate/Shaders/WorkingDirectory/7204/).
[2016.10.10-06.38.44:998][  0]LogShaderCompilers: Cleaned the shader compiler working directory 'C:/Users/Conor/AppData/Local/Temp/UnrealShaderWorkingDir/C0B9F17C4AFB06FA4D02EF897F25BCDD/'.
[2016.10.10-06.38.44:998][  0]LogShaderCompilers:Display: Using Local Shader Compiler.
[2016.10.10-06.38.46:964][  0]LogTemp:Display: Loaded TP AllDesktopTargetPlatform
[2016.10.10-06.38.46:973][  0]LogTemp:Display: Loaded TP WindowsClientTargetPlatform
[2016.10.10-06.38.46:982][  0]LogTemp:Display: Loaded TP WindowsNoEditorTargetPlatform
[2016.10.10-06.38.46:991][  0]LogTemp:Display: Loaded TP WindowsServerTargetPlatform
[2016.10.10-06.38.47:000][  0]LogTemp:Display: Loaded TP WindowsTargetPlatform
[2016.10.10-06.38.47:009][  0]LogTemp:Display: Loaded TP AndroidTargetPlatform
[2016.10.10-06.38.47:017][  0]LogTemp:Display: Loaded TP Android_ASTCTargetPlatform
[2016.10.10-06.38.47:024][  0]LogTemp:Display: Loaded TP Android_ATCTargetPlatform
[2016.10.10-06.38.47:031][  0]LogTemp:Display: Loaded TP Android_DXTTargetPlatform
[2016.10.10-06.38.47:038][  0]LogTemp:Display: Loaded TP Android_ETC1TargetPlatform
[2016.10.10-06.38.47:045][  0]LogTemp:Display: Loaded TP Android_ETC2TargetPlatform
[2016.10.10-06.38.47:059][  0]LogTemp:Display: Loaded TP Android_MultiTargetPlatform
[2016.10.10-06.38.47:059][  0]LogTemp:Display: Loaded TP Android_PVRTCTargetPlatform
[2016.10.10-06.38.47:060][  0]LogTemp:Display: Loaded TP HTML5TargetPlatform
[2016.10.10-06.38.47:106][  0]LogTemp:Display: Loaded TP IOSTargetPlatform
[2016.10.10-06.38.47:112][  0]LogTemp:Display: Loaded TP TVOSTargetPlatform
[2016.10.10-06.38.47:119][  0]LogTemp:Display: Loaded TP LinuxNoEditorTargetPlatform
[2016.10.10-06.38.47:126][  0]LogTemp:Display: Loaded TP LinuxServerTargetPlatform
[2016.10.10-06.38.47:136][  0]LogTemp:Display: Loaded TP LinuxTargetPlatform
[2016.10.10-06.38.47:136][  0]LogTargetPlatformManager:Display: Building Assets For Windows
[2016.10.10-06.38.47:445][  0]LogDerivedDataCache:Display: Max Cache Size: 512 MB
[2016.10.10-06.38.47:750][  0]LogDerivedDataCache: Loaded boot cache 0.30s 48MB C:/Users/Conor/AppData/Local/UnrealEngine/4.12/DerivedDataCache/Boot.ddc.
[2016.10.10-06.38.47:750][  0]LogDerivedDataCache:Display: Loaded Boot cache: C:/Users/Conor/AppData/Local/UnrealEngine/4.12/DerivedDataCache/Boot.ddc
[2016.10.10-06.38.47:750][  0]LogDerivedDataCache: FDerivedDataBackendGraph:  Pak pak cache file D:/Repositories/UnrealGameJam/UnrealGameJam/DerivedDataCache/DDC.ddp not found, will not use a pak cache.
[2016.10.10-06.38.47:750][  0]LogDerivedDataCache: Unable to find inner node Pak for hierarchical cache Hierarchy.
[2016.10.10-06.38.47:750][  0]LogDerivedDataCache: FDerivedDataBackendGraph:  CompressedPak pak cache file D:/Repositories/UnrealGameJam/UnrealGameJam/DerivedDataCache/Compressed.ddp not found, will not use a pak cache.
[2016.10.10-06.38.47:750][  0]LogDerivedDataCache: Unable to find inner node CompressedPak for hierarchical cache Hierarchy.
[2016.10.10-06.38.47:799][  0]LogDerivedDataCache:Display: Pak cache opened for reading ../../../Engine/DerivedDataCache/Compressed.ddp.
[2016.10.10-06.38.47:813][  0]LogDerivedDataCache: Using Local data cache path C:/Users/Conor/AppData/Local/UnrealEngine/Common/DerivedDataCache: Writable
[2016.10.10-06.38.50:573][  0]LogInit: Selected Device Profile: [Windows]
[2016.10.10-06.38.50:577][  0]LogContentStreaming: Texture pool size is 0.00 MB
[2016.10.10-06.38.51:077][  0]LogMeshUtilities: No automatic mesh reduction module available
[2016.10.10-06.38.51:077][  0]LogMeshUtilities: No automatic mesh merging module available
[2016.10.10-06.38.51:077][  0]LogMeshUtilities: No distributed automatic mesh merging module available
[2016.10.10-06.38.51:837][  0]LogAssetRegistry: FAssetRegistry took 0.0244 seconds to start up
[2016.10.10-06.38.51:902][  0]LogPackageLocalizationCache: Processed 3 localized package path(s) for 2 prioritized culture(s) in 0.056601 seconds
[2016.10.10-06.38.51:911][  0]LogUObjectArray: 28739 objects as part of root set at end of initial load.
[2016.10.10-06.38.51:911][  0]LogUObjectAllocator: 5855624 out of 0 bytes used by permanent object pool.
[2016.10.10-06.38.51:911][  0]LogUObjectArray: CloseDisregardForGC: 0/0 objects in disregard for GC pool
[2016.10.10-06.38.51:929][  0]LogInit: WinSock: version 1.1 (2.2), MaxSocks=32767, MaxUdp=65467
[2016.10.10-06.38.52:663][  0]LogSlate: SlateFontCache - WITH_FREETYPE: 1, WITH_HARFBUZZ: 1
[2016.10.10-06.38.52:663][  0]LogSlate: SlateFontCache - WITH_FREETYPE: 1, WITH_HARFBUZZ: 1
[2016.10.10-06.38.55:037][  0]LogUdpMessaging: Initializing bridge on interface 0.0.0.0:0 to multicast group 230.0.0.1:6666.
[2016.10.10-06.38.55:444][  0]SourceControl: Info Source control is disabled
[2016.10.10-06.38.55:802][  0]SourceControl: Info Source control is disabled
[2016.10.10-06.38.55:817][  0]SourceControl: Info Source control is disabled
[2016.10.10-06.38.55:827][  0]SourceControl: Info Source control is disabled
[2016.10.10-06.38.56:209][  0]LogEngine: Initializing Engine...
[2016.10.10-06.38.56:241][  0]LogHMD: SteamVR failed to initialize.  Err: 110
[2016.10.10-06.38.56:243][  0]LogHMD: SteamVR failed to initialize.  Err: 110
[2016.10.10-06.38.56:538][  0]LogAIModule: Creating AISystem for world NewWorld
[2016.10.10-06.38.56:562][  0]LogInit: XAudio2 using 'Speakers (2- Logitech G430 Gaming Headset)' : 2 channels at 44.1 kHz using 16 bits per sample (channel mask 0x3)
[2016.10.10-06.38.56:582][  0]LogInit: FAudioDevice initialized.
[2016.10.10-06.38.56:604][  0]LogDerivedDataCache: Saved boot cache 0.02s 48MB C:/Users/Conor/AppData/Local/UnrealEngine/4.12/DerivedDataCache/Boot.ddc.
[2016.10.10-06.38.56:610][  0]LogInit: Texture streaming: Enabled
[2016.10.10-06.38.56:699][  0]LogInit: Transaction tracking system initialized
[2016.10.10-06.38.56:750][  0]BlueprintLog: New page: Editor Load
[2016.10.10-06.38.56:948][  0]LocalizationService: Info Localization service is disabled
[2016.10.10-06.38.57:057][  0]LogConsoleResponse:Display: 
[2016.10.10-06.38.57:414][  0]LogCook:Display: Max memory allowance for cook 8192mb
[2016.10.10-06.38.57:414][  0]LogCook:Display: Mobile HDR setting 1
[2016.10.10-06.38.57:619][  0]LogFileCache: Scanning file cache for directory 'D:/Repositories/UnrealGameJam/UnrealGameJam/Content/' took 0.02s
[2016.10.10-06.38.57:619][  0]SourceControl: Info Source control is disabled
[2016.10.10-06.38.57:621][  0]Cmd: MAP LOAD FILE="D:/Repositories/UnrealGameJam/UnrealGameJam/Content/FirstPersonBP/Maps/FirstPersonExampleMap.umap" TEMPLATE=0 SHOWPROGRESS=1 FEATURELEVEL=3
[2016.10.10-06.38.57:621][  0]LogEditorServer:Warning: Can't find file 'D:/Repositories/UnrealGameJam/UnrealGameJam/Content/FirstPersonBP/Maps/FirstPersonExampleMap.umap'
[2016.10.10-06.38.57:621][  0]Cmd: MAP CHECKDEP NOCLEARLOG
[2016.10.10-06.38.57:659][  0]MapCheck: Info Map check complete: 0 Error(s), 0 Warning(s), took 37.57ms to complete.
[2016.10.10-06.38.57:659][  0]LogFileHelpers: Loading map 'FirstPersonExampleMap' took 0.040
[2016.10.10-06.38.57:855][  0]LogCollectionManager: Loaded 0 collections in 0.002477 seconds
[2016.10.10-06.38.57:911][  0]LogFileCache: Scanning file cache for directory 'D:/Repositories/UnrealGameJam/UnrealGameJam/Saved/Collections/' took 0.01s
[2016.10.10-06.38.57:911][  0]LogFileCache: Scanning file cache for directory 'D:/Repositories/UnrealGameJam/UnrealGameJam/Content/Developers/Conor/Collections/' took 0.01s
[2016.10.10-06.38.57:911][  0]LogFileCache: Scanning file cache for directory 'D:/Repositories/UnrealGameJam/UnrealGameJam/Content/Collections/' took 0.01s
[2016.10.10-06.38.57:911][  0]LogCollectionManager: Rebuilt the GUID cache for 0 collections in 0.000003 seconds
[2016.10.10-06.38.57:921][  0]LogContentBrowser: Native class hierarchy populated in 0.0083 seconds. Added 2047 classes and 369 folders.
[2016.10.10-06.38.57:929][  0]LogStats: UGameplayTagsManager::ConstructGameplayTagTree: Construct from data asset -  0.000 s
[2016.10.10-06.38.57:929][  0]LogStats: UGameplayTagsManager::ConstructGameplayTagTree: GameplayTagTreeChangedEvent.Broadcast -  0.000 s
[2016.10.10-06.38.57:930][  0]LogContentBrowser: Native class hierarchy updated for 'GameplayTags' in 0.0004 seconds. Added 12 classes and 0 folders.
[2016.10.10-06.38.57:937][  0]LogContentBrowser: Native class hierarchy updated for 'WidgetCarousel' in 0.0004 seconds. Added 0 classes and 0 folders.
[2016.10.10-06.38.58:229][  0]LogContentBrowser: Native class hierarchy updated for 'AddContentDialog' in 0.0004 seconds. Added 0 classes and 0 folders.
[2016.10.10-06.38.58:240][  0]LogContentBrowser: Native class hierarchy updated for 'SceneOutliner' in 0.0004 seconds. Added 1 classes and 2 folders.
[2016.10.10-06.38.58:294][  0]LogCrashTracker: Crashtracker disabled due to settings.
[2016.10.10-06.38.58:313][  0]LogUObjectGlobals:Warning: Failed to find object 'Class None.'
[2016.10.10-06.38.58:352][  0]LogContentBrowser: Native class hierarchy updated for 'HierarchicalLODOutliner' in 0.0007 seconds. Added 1 classes and 2 folders.
[2016.10.10-06.38.58:352][  0]LogLoad: Full Startup: 15.72 seconds (BP compile: 0.08 seconds)
[2016.10.10-06.38.58:352][  0]LogExternalProfiler: No external profilers were discovered.  External profiling features will not be available.
[2016.10.10-06.38.58:364][  0]LogOcInput: OculusInput pre-init called
[2016.10.10-06.38.58:402][  0]LogContentStreaming: Texture pool size now 1000 MB
[2016.10.10-06.38.58:668][  0]LogRenderer: Reallocating scene render targets to support 1216x624 (Frame:2).
[2016.10.10-06.38.58:781][  2]LogAssetRegistry: Asset discovery search completed in 6.9669 seconds
[2016.10.10-06.38.58:782][  2]LogCollectionManager: Rebuilt the object cache for 0 collections in 0.000001 seconds (found 0 objects)
[2016.10.10-06.38.58:782][  2]LogCollectionManager: Fixed up redirectors for 0 collections in 0.000376 seconds (updated 0 objects)
[2016.10.10-06.39.13:801][386]LogContentBrowser: Native class hierarchy updated for 'BlueprintGraph' in 0.0016 seconds. Added 111 classes and 0 folders.
[2016.10.10-06.39.57:146][212]LogAIModule: Creating AISystem for world Test
[2016.10.10-06.39.57:213][212]Cmd: MAP LOAD FILE="D:/Repositories/UnrealGameJam/UnrealGameJam/Content/FirstPersonBP/Maps/Test.umap" TEMPLATE=0 SHOWPROGRESS=1 FEATURELEVEL=3
[2016.10.10-06.39.57:214][212]LightingResults: New page: Lighting Build
[2016.10.10-06.39.57:219][212]LogContentBrowser: Native class hierarchy updated for 'StatsViewer' in 0.0004 seconds. Added 5 classes and 0 folders.
[2016.10.10-06.39.57:220][212]LoadErrors: New page: Loading map: Test.umap
[2016.10.10-06.39.57:220][212]MapCheck: New page: Map Check
[2016.10.10-06.39.57:220][212]LightingResults: New page: Lighting Build
[2016.10.10-06.39.57:251][212]LogEditorServer: Finished looking for orphan Actors (0.000 secs)
[2016.10.10-06.39.57:277][212]Cmd: MAP CHECKDEP NOCLEARLOG
[2016.10.10-06.39.57:332][212]MapCheck: Info Map check complete: 0 Error(s), 0 Warning(s), took 54.422ms to complete.
[2016.10.10-06.39.57:332][212]LogFileHelpers: Loading map 'Test' took 0.120
[2016.10.10-06.39.59:750][478]LogBlueprintUserMessages: Early PlayInEditor Detection: Level '/Game/FirstPersonBP/Maps/Test.Test:PersistentLevel' has LevelScriptBlueprint '/Game/FirstPersonBP/Maps/Test.Test:PersistentLevel.Test' with GeneratedClass '/Game/FirstPersonBP/Maps/Test.Test_C' with ClassGeneratedBy '/Game/FirstPersonBP/Maps/Test.Test:PersistentLevel.Test'
[2016.10.10-06.39.59:750][478]LogPlayLevel: PlayLevel: No blueprints needed recompiling
[2016.10.10-06.39.59:752][478]PIE: New page: PIE session: Test (10 Oct 2016 07:39:59)
[2016.10.10-06.39.59:752][478]LogPlayLevel: Creating play world package: /Game/FirstPersonBP/Maps/UEDPIE_0_Test
[2016.10.10-06.39.59:778][478]LogPlayLevel: PIE: StaticDuplicateObject took: (0.026245s)
[2016.10.10-06.39.59:779][478]LogAIModule: Creating AISystem for world Test
[2016.10.10-06.39.59:779][478]LogPlayLevel: PIE: World Init took: (0.000814s)
[2016.10.10-06.39.59:780][478]LogPlayLevel: PIE: Created PIE world by copying editor world from /Game/FirstPersonBP/Maps/Test.Test to /Game/FirstPersonBP/Maps/UEDPIE_0_Test.Test (0.028305s)
[2016.10.10-06.39.59:806][478]LogInit: XAudio2 using 'Speakers (2- Logitech G430 Gaming Headset)' : 2 channels at 44.1 kHz using 16 bits per sample (channel mask 0x3)
[2016.10.10-06.39.59:813][478]LogInit: FAudioDevice initialized.
[2016.10.10-06.39.59:886][478]LogWorld: Game class is 'FirstPersonGameMode_C'
[2016.10.10-06.39.59:905][478]LogWorld: Bringing World /Game/FirstPersonBP/Maps/UEDPIE_0_Test.Test up for play (max tick rate 0) at 2016.10.10-07.39.59
[2016.10.10-06.39.59:912][478]LogWorld: Bringing up level for play took: 0.014986
[2016.10.10-06.39.59:935][478]LogContentBrowser: Native class hierarchy updated for 'MovieSceneCapture' in 0.0009 seconds. Added 11 classes and 0 folders.
[2016.10.10-06.39.59:938][478]PIE: Info Play in editor start time for /Game/FirstPersonBP/Maps/UEDPIE_0_Test -0.611
[2016.10.10-06.39.59:938][478]LogBlueprintUserMessages: Late PlayInEditor Detection: Level '/Game/FirstPersonBP/Maps/Test.Test:PersistentLevel' has LevelScriptBlueprint '/Game/FirstPersonBP/Maps/Test.Test:PersistentLevel.Test' with GeneratedClass '/Game/FirstPersonBP/Maps/Test.Test_C' with ClassGeneratedBy '/Game/FirstPersonBP/Maps/Test.Test:PersistentLevel.Test'
[2016.10.10-06.40.16:989][510]LogBlueprintUserMessages: Early EndPlayMap Detection: Level '/Game/FirstPersonBP/Maps/Test.Test:PersistentLevel' has LevelScriptBlueprint '/Game/FirstPersonBP/Maps/Test.Test:PersistentLevel.Test' with GeneratedClass '/Game/FirstPersonBP/Maps/Test.Test_C' with ClassGeneratedBy '/Game/FirstPersonBP/Maps/Test.Test:PersistentLevel.Test'
[2016.10.10-06.40.17:042][510]LogBlueprintUserMessages: Late EndPlayMap Detection: Level '/Game/FirstPersonBP/Maps/Test.Test:PersistentLevel' has LevelScriptBlueprint '/Game/FirstPersonBP/Maps/Test.Test:PersistentLevel.Test' with GeneratedClass '/Game/FirstPersonBP/Maps/Test.Test_C' with ClassGeneratedBy '/Game/FirstPersonBP/Maps/Test.Test:PersistentLevel.Test'
[2016.10.10-06.41.04:855][733]LogActorComponent: ReregisterComponent: (/Engine/Transient.World_3:PersistentLevel.AICharacter_C_263.CollisionCylinder) Not currently registered. Aborting.
[2016.10.10-06.41.04:855][733]LogActorComponent: ReregisterComponent: (/Engine/Transient.World_2:PersistentLevel.AICharacter_C_273.CollisionCylinder) Not currently registered. Aborting.
[2016.10.10-06.41.22:019][136]BlueprintLog: New page: Compile AICharacter
[2016.10.10-06.41.22:349][136]BlueprintEditorCompileResults: Info [0159.72] Compile of AICharacter successful! [in 329 ms] (/Game/FirstPersonBP/Blueprints/AICharacter.AICharacter)
[2016.10.10-06.41.25:110][403]LogBlueprintUserMessages: Early PlayInEditor Detection: Level '/Game/FirstPersonBP/Maps/Test.Test:PersistentLevel' has LevelScriptBlueprint '/Game/FirstPersonBP/Maps/Test.Test:PersistentLevel.Test' with GeneratedClass '/Game/FirstPersonBP/Maps/Test.Test_C' with ClassGeneratedBy '/Game/FirstPersonBP/Maps/Test.Test:PersistentLevel.Test'
[2016.10.10-06.41.25:110][403]LogPlayLevel: PlayLevel: No blueprints needed recompiling
[2016.10.10-06.41.25:110][403]PIE: New page: PIE session: Test (10 Oct 2016 07:41:25)
[2016.10.10-06.41.25:110][403]LogPlayLevel: Creating play world package: /Game/FirstPersonBP/Maps/UEDPIE_0_Test
[2016.10.10-06.41.25:129][403]LogPlayLevel: PIE: StaticDuplicateObject took: (0.019580s)
[2016.10.10-06.41.25:130][403]LogAIModule: Creating AISystem for world Test
[2016.10.10-06.41.25:130][403]LogPlayLevel: PIE: World Init took: (0.000801s)
[2016.10.10-06.41.25:130][403]LogPlayLevel: PIE: Created PIE world by copying editor world from /Game/FirstPersonBP/Maps/Test.Test to /Game/FirstPersonBP/Maps/UEDPIE_0_Test.Test (0.020650s)
[2016.10.10-06.41.25:167][403]LogInit: XAudio2 using 'Speakers (2- Logitech G430 Gaming Headset)' : 2 channels at 44.1 kHz using 16 bits per sample (channel mask 0x3)
[2016.10.10-06.41.25:174][403]LogInit: FAudioDevice initialized.
[2016.10.10-06.41.25:240][403]LogWorld: Game class is 'FirstPersonGameMode_C'
[2016.10.10-06.41.25:246][403]LogWorld: Bringing World /Game/FirstPersonBP/Maps/UEDPIE_0_Test.Test up for play (max tick rate 0) at 2016.10.10-07.41.25
[2016.10.10-06.41.25:246][403]LogWorld: Bringing up level for play took: 0.004911
[2016.10.10-06.41.25:248][403]PIE: Info Play in editor start time for /Game/FirstPersonBP/Maps/UEDPIE_0_Test 0.698
[2016.10.10-06.41.25:248][403]LogBlueprintUserMessages: Late PlayInEditor Detection: Level '/Game/FirstPersonBP/Maps/Test.Test:PersistentLevel' has LevelScriptBlueprint '/Game/FirstPersonBP/Maps/Test.Test:PersistentLevel.Test' with GeneratedClass '/Game/FirstPersonBP/Maps/Test.Test_C' with ClassGeneratedBy '/Game/FirstPersonBP/Maps/Test.Test:PersistentLevel.Test'
[2016.10.10-06.41.31:680][171]LogBlueprintUserMessages: Early EndPlayMap Detection: Level '/Game/FirstPersonBP/Maps/Test.Test:PersistentLevel' has LevelScriptBlueprint '/Game/FirstPersonBP/Maps/Test.Test:PersistentLevel.Test' with GeneratedClass '/Game/FirstPersonBP/Maps/Test.Test_C' with ClassGeneratedBy '/Game/FirstPersonBP/Maps/Test.Test:PersistentLevel.Test'
[2016.10.10-06.41.31:716][171]LogBlueprintUserMessages: Late EndPlayMap Detection: Level '/Game/FirstPersonBP/Maps/Test.Test:PersistentLevel' has LevelScriptBlueprint '/Game/FirstPersonBP/Maps/Test.Test:PersistentLevel.Test' with GeneratedClass '/Game/FirstPersonBP/Maps/Test.Test_C' with ClassGeneratedBy '/Game/FirstPersonBP/Maps/Test.Test:PersistentLevel.Test'
[2016.10.10-06.41.44:458][199]LogActorComponent: ReregisterComponent: (/Engine/Transient.World_4:PersistentLevel.AICharacter_C_65.CollisionCylinder) Not currently registered. Aborting.
[2016.10.10-06.41.44:458][199]LogActorComponent: ReregisterComponent: (/Engine/Transient.World_2:PersistentLevel.AICharacter_C_64.CollisionCylinder) Not currently registered. Aborting.
[2016.10.10-06.41.44:458][199]LogActorComponent: ReregisterComponent: (/Engine/Transient.World_2:PersistentLevel.AICharacter_C_273.CollisionCylinder) Not currently registered. Aborting.
[2016.10.10-06.41.56:331][  7]LogActorComponent: ReregisterComponent: (/Engine/Transient.World_4:PersistentLevel.AICharacter_C_65.CharacterMesh0) Not currently registered. Aborting.
[2016.10.10-06.41.56:331][  7]LogActorComponent: ReregisterComponent: (/Engine/Transient.World_2:PersistentLevel.AICharacter_C_64.CharacterMesh0) Not currently registered. Aborting.
[2016.10.10-06.41.56:331][  7]LogActorComponent: ReregisterComponent: (/Engine/Transient.World_2:PersistentLevel.AICharacter_C_273.CharacterMesh0) Not currently registered. Aborting.
[2016.10.10-06.42.32:879][855]BlueprintLog: New page: Compile AICharacter
[2016.10.10-06.42.33:219][855]BlueprintEditorCompileResults: Info [0230.59] Compile of AICharacter successful! [in 340 ms] (/Game/FirstPersonBP/Blueprints/AICharacter.AICharacter)
[2016.10.10-06.42.35:234][ 55]LogBlueprintUserMessages: Early PlayInEditor Detection: Level '/Game/FirstPersonBP/Maps/Test.Test:PersistentLevel' has LevelScriptBlueprint '/Game/FirstPersonBP/Maps/Test.Test:PersistentLevel.Test' with GeneratedClass '/Game/FirstPersonBP/Maps/Test.Test_C' with ClassGeneratedBy '/Game/FirstPersonBP/Maps/Test.Test:PersistentLevel.Test'
[2016.10.10-06.42.35:235][ 55]LogPlayLevel: PlayLevel: No blueprints needed recompiling
[2016.10.10-06.42.35:235][ 55]PIE: New page: PIE session: Test (10 Oct 2016 07:42:35)
[2016.10.10-06.42.35:235][ 55]LogPlayLevel: Creating play world package: /Game/FirstPersonBP/Maps/UEDPIE_0_Test
[2016.10.10-06.42.35:255][ 55]LogPlayLevel: PIE: StaticDuplicateObject took: (0.019616s)
[2016.10.10-06.42.35:255][ 55]LogAIModule: Creating AISystem for world Test
[2016.10.10-06.42.35:255][ 55]LogPlayLevel: PIE: World Init took: (0.000742s)
[2016.10.10-06.42.35:256][ 55]LogPlayLevel: PIE: Created PIE world by copying editor world from /Game/FirstPersonBP/Maps/Test.Test to /Game/FirstPersonBP/Maps/UEDPIE_0_Test.Test (0.020649s)
[2016.10.10-06.42.35:286][ 55]LogInit: XAudio2 using 'Speakers (2- Logitech G430 Gaming Headset)' : 2 channels at 44.1 kHz using 16 bits per sample (channel mask 0x3)
[2016.10.10-06.42.35:293][ 55]LogInit: FAudioDevice initialized.
[2016.10.10-06.42.35:340][ 55]LogWorld: Game class is 'FirstPersonGameMode_C'
[2016.10.10-06.42.35:345][ 55]LogWorld: Bringing World /Game/FirstPersonBP/Maps/UEDPIE_0_Test.Test up for play (max tick rate 0) at 2016.10.10-07.42.35
[2016.10.10-06.42.35:346][ 55]LogWorld: Bringing up level for play took: 0.004287
[2016.10.10-06.42.35:347][ 55]PIE: Info Play in editor start time for /Game/FirstPersonBP/Maps/UEDPIE_0_Test 0.798
[2016.10.10-06.42.35:347][ 55]LogBlueprintUserMessages: Late PlayInEditor Detection: Level '/Game/FirstPersonBP/Maps/Test.Test:PersistentLevel' has LevelScriptBlueprint '/Game/FirstPersonBP/Maps/Test.Test:PersistentLevel.Test' with GeneratedClass '/Game/FirstPersonBP/Maps/Test.Test_C' with ClassGeneratedBy '/Game/FirstPersonBP/Maps/Test.Test:PersistentLevel.Test'
[2016.10.10-06.42.38:820][467]LogSpawn:Warning: SpawnActor failed because of collision at the spawn location [X=118.813 Y=-1247.191 Z=305.405] for [FirstPersonProjectile_C]
[2016.10.10-06.42.41:906][836]LogBlueprintUserMessages: Early EndPlayMap Detection: Level '/Game/FirstPersonBP/Maps/Test.Test:PersistentLevel' has LevelScriptBlueprint '/Game/FirstPersonBP/Maps/Test.Test:PersistentLevel.Test' with GeneratedClass '/Game/FirstPersonBP/Maps/Test.Test_C' with ClassGeneratedBy '/Game/FirstPersonBP/Maps/Test.Test:PersistentLevel.Test'
[2016.10.10-06.42.41:941][836]LogBlueprintUserMessages: Late EndPlayMap Detection: Level '/Game/FirstPersonBP/Maps/Test.Test:PersistentLevel' has LevelScriptBlueprint '/Game/FirstPersonBP/Maps/Test.Test:PersistentLevel.Test' with GeneratedClass '/Game/FirstPersonBP/Maps/Test.Test_C' with ClassGeneratedBy '/Game/FirstPersonBP/Maps/Test.Test:PersistentLevel.Test'
[2016.10.10-06.44.29:221][231]LogActorComponent: UnregisterComponent: (/Engine/Transient.EditorFloorComp) Not registered. Aborting.
[2016.10.10-06.50.11:223][270]0.020833
[2016.10.10-06.50.11:223][270]0.031250
[2016.10.10-06.50.11:242][270]0.073657
[2016.10.10-06.50.11:260][270]0.135817
[2016.10.10-06.50.11:278][270]0.219740
[2016.10.10-06.50.11:278][270]0.230112
[2016.10.10-06.50.11:297][270]0.282021
[2016.10.10-06.50.11:315][270]0.333984
[2016.10.10-06.50.11:333][270]0.406784
[2016.10.10-06.50.11:351][270]0.489694
[2016.10.10-06.50.11:351][270]0.500108
[2016.10.10-06.50.11:370][270]0.604167
[2016.10.10-06.50.11:389][270]0.708410
[2016.10.10-06.50.11:408][270]0.812767
[2016.10.10-06.50.11:426][270]0.875248
[2016.10.10-06.50.11:445][270]0.896076
[2016.10.10-06.50.11:481][270]0.906489
[2016.10.10-06.50.11:516][270]0.927317
[2016.10.10-06.50.11:535][270]0.937731
[2016.10.10-06.50.11:553][270]0.948146
[2016.10.10-06.50.11:591][270]0.958560
[2016.10.10-06.50.11:609][270]0.968974
[2016.10.10-06.50.11:777][270]0.979388
[2016.10.10-06.50.11:846][270]0.979222
[2016.10.10-06.50.11:864][270]1.000054
[2016.10.10-06.50.11:882][270]1.020833
[2016.10.10-06.50.11:900][270]1.041667
[2016.10.10-06.50.11:936][270]1.052135
[2016.10.10-06.50.11:956][270]1.083383
[2016.10.10-06.50.11:974][270]1.104216
[2016.10.10-06.50.11:993][270]1.135464
[2016.10.10-06.50.12:010][270]1.156297
[2016.10.10-06.50.12:027][270]1.177129
[2016.10.10-06.50.12:045][270]1.208378
[2016.10.10-06.50.12:062][270]1.218794
[2016.10.10-06.50.12:130][270]1.229211
[2016.10.10-06.50.16:916][427]0.795018
[2016.10.10-06.50.16:985][427]0.806401
[2016.10.10-06.50.17:004][427]0.816762
[2016.10.10-06.50.17:023][427]0.837490
[2016.10.10-06.50.17:041][427]0.848942
[2016.10.10-06.50.17:060][427]0.880008
[2016.10.10-06.50.17:078][427]0.922566
[2016.10.10-06.50.17:097][427]0.954817
[2016.10.10-06.50.17:115][427]0.965159
[2016.10.10-06.50.17:133][427]0.996195
[2016.10.10-06.50.17:151][427]1.016893
[2016.10.10-06.50.17:170][427]1.037596
[2016.10.10-06.50.17:189][427]1.058305
[2016.10.10-06.50.17:207][427]1.079018
[2016.10.10-06.50.17:225][427]1.099736
[2016.10.10-06.50.17:243][427]1.110096
[2016.10.10-06.50.17:261][427]1.121571
[2016.10.10-06.50.17:347][427]1.131923
[2016.10.10-06.50.17:383][427]1.130820
[2016.10.10-06.50.26:659][637]0.960369
[2016.10.10-06.50.26:811][637]0.959748
[2016.10.10-06.50.26:829][637]0.959239
[2016.10.10-06.50.26:848][637]0.958843
[2016.10.10-06.50.26:866][637]0.958560
[2016.10.10-06.50.26:902][637]0.968806
[2016.10.10-06.50.26:921][637]0.968750
[2016.10.10-06.50.26:940][637]0.979388
[2016.10.10-06.50.26:959][637]0.980053
[2016.10.10-06.50.26:978][637]0.980551
[2016.10.10-06.50.27:047][637]0.970149
[2016.10.10-06.50.27:065][637]0.949975
[2016.10.10-06.50.27:083][637]0.929188
[2016.10.10-06.50.27:102][637]0.918795
[2016.10.10-06.50.27:173][637]0.898011
[2016.10.10-06.50.27:191][637]0.887620
[2016.10.10-06.50.27:227][637]0.876549
[2016.10.10-06.50.27:331][637]0.898011
[2016.10.10-06.50.27:349][637]0.910073
[2016.10.10-06.50.27:368][637]0.931811
[2016.10.10-06.50.27:387][637]0.954817
[2016.10.10-06.50.27:407][637]0.966451
[2016.10.10-06.50.27:425][637]0.978169
[2016.10.10-06.50.27:495][637]0.979665
[2016.10.10-06.50.27:514][637]0.982982
[2016.10.10-06.50.27:533][637]0.986728
[2016.10.10-06.50.27:551][637]0.988761
[2016.10.10-06.50.27:574][637]0.993141
[2016.10.10-06.50.27:592][637]1.018173
[2016.10.10-06.50.27:611][637]1.033352
[2016.10.10-06.50.27:647][637]1.046084
[2016.10.10-06.50.27:665][637]1.048829
[2016.10.10-06.50.27:684][637]1.058868
[2016.10.10-06.50.27:923][637]1.066221
[2016.10.10-06.50.27:960][637]1.063623
[2016.10.10-06.50.27:979][637]1.073725
[2016.10.10-06.50.27:998][637]1.071247
[2016.10.10-06.50.28:016][637]1.079018
[2016.10.10-06.50.28:034][637]1.076753
[2016.10.10-06.50.28:053][637]1.082732
[2016.10.10-06.50.28:072][637]1.080776
[2016.10.10-06.50.28:090][637]1.087432
[2016.10.10-06.50.28:109][637]1.084234
[2016.10.10-06.50.28:128][637]1.082782
[2016.10.10-06.50.28:146][637]1.091764
[2016.10.10-06.50.28:164][637]1.089376
[2016.10.10-06.50.28:183][637]1.098699
[2016.10.10-06.50.28:201][637]1.097761
[2016.10.10-06.50.28:219][637]1.095534
[2016.10.10-06.50.28:239][637]1.094543
[2016.10.10-06.50.28:258][637]1.104363
[2016.10.10-06.50.28:276][637]1.104167
[2016.10.10-06.50.28:312][637]1.104363
[2016.10.10-06.50.28:331][637]1.104953
[2016.10.10-06.50.28:349][637]1.105934
[2016.10.10-06.50.28:350][637]1.106572
[2016.10.10-06.50.28:368][637]1.097761
[2016.10.10-06.50.28:387][637]1.099736
[2016.10.10-06.50.28:406][637]1.100870
[2016.10.10-06.50.28:424][637]1.102101
[2016.10.10-06.50.28:443][637]1.103429
[2016.10.10-06.50.28:462][637]1.104854
[2016.10.10-06.50.28:481][637]1.107993
[2016.10.10-06.50.28:499][637]1.109705
[2016.10.10-06.50.28:568][637]1.111513
[2016.10.10-06.50.28:588][637]1.103184
[2016.10.10-06.50.28:606][637]1.107307
[2016.10.10-06.50.28:642][637]1.109509
[2016.10.10-06.50.28:695][637]1.111805
[2016.10.10-06.50.28:731][637]1.116674
[2016.10.10-06.50.28:900][637]1.119246
[2016.10.10-06.50.29:072][637]1.114632
[2016.10.10-06.50.29:091][637]1.120458
[2016.10.10-06.50.29:127][637]1.123504
[2016.10.10-06.50.29:163][637]1.119973
[2016.10.10-06.50.29:181][637]1.123311
[2016.10.10-06.50.29:200][637]1.124083
[2016.10.10-06.50.29:370][637]1.127794
[2016.10.10-06.50.29:441][637]1.131588
[2016.10.10-06.50.29:459][637]1.133887
[2016.10.10-06.50.29:563][637]1.132786
[2016.10.10-06.50.29:750][637]1.137136
[2016.10.10-06.50.29:973][637]1.132786
[2016.10.10-06.50.30:110][637]1.128515
[2016.10.10-06.50.30:128][637]1.124325
[2016.10.10-06.50.30:146][637]1.133887
[2016.10.10-06.50.30:164][637]1.129812
[2016.10.10-06.50.30:183][637]1.135465
[2016.10.10-06.50.30:418][637]1.145123
[2016.10.10-06.50.30:539][637]1.141279
[2016.10.10-06.50.30:592][637]1.145123
[2016.10.10-06.50.30:680][637]1.153055
[2016.10.10-06.50.30:716][637]1.157141
[2016.10.10-06.50.30:734][637]1.161307
[2016.10.10-06.50.30:753][637]1.160419
[2016.10.10-06.50.30:772][637]1.169361
[2016.10.10-06.50.30:791][637]1.173945
[2016.10.10-06.50.30:861][637]1.169314
[2016.10.10-06.50.30:897][637]1.174084
[2016.10.10-06.50.31:133][637]1.187911
[2016.10.10-06.50.31:133][637]1.183289
[2016.10.10-06.50.31:151][637]1.193152
[2016.10.10-06.50.31:169][637]1.194106
[2016.10.10-06.50.31:189][637]1.209141
[2016.10.10-06.50.31:189][637]1.205141
[2016.10.10-06.50.31:208][637]1.214782
[2016.10.10-06.50.31:226][637]1.207075
[2016.10.10-06.50.31:244][637]1.222839
[2016.10.10-06.50.31:262][637]1.231988
[2016.10.10-06.50.31:281][637]1.235375
[2016.10.10-06.50.31:300][637]1.249175
[2016.10.10-06.50.31:318][637]1.243429
[2016.10.10-06.50.31:337][637]1.250738
[2016.10.10-06.50.31:356][637]1.255630
[2016.10.10-06.50.31:375][637]1.260933
[2016.10.10-06.50.31:395][637]1.266643
[2016.10.10-06.50.31:395][637]1.264542
[2016.10.10-06.50.31:414][637]1.270833
[2016.10.10-06.50.31:432][637]1.277518
[2016.10.10-06.50.31:468][637]1.275861
[2016.10.10-06.50.31:488][637]1.284591
[2016.10.10-06.50.31:507][637]1.293430
[2016.10.10-06.50.31:544][637]1.301083
[2016.10.10-06.50.31:563][637]1.299873
[2016.10.10-06.50.31:585][637]1.308070
[2016.10.10-06.50.31:674][637]1.316627
[2016.10.10-06.50.31:692][637]1.315844
[2016.10.10-06.50.31:711][637]1.325539
[2016.10.10-06.50.31:730][637]1.324925
[2016.10.10-06.50.31:817][637]1.324392
[2016.10.10-06.50.31:836][637]1.334350
[2016.10.10-06.50.42:521][  9]BlueprintLog: New page: Compile AICharacter
[2016.10.10-06.50.42:930][  9]BlueprintEditorCompileResults: Info [0720.30] Compile of AICharacter successful! [in 408 ms] (/Game/FirstPersonBP/Blueprints/AICharacter.AICharacter)
[2016.10.10-06.50.48:010][589]LogBlueprintUserMessages: Early PlayInEditor Detection: Level '/Game/FirstPersonBP/Maps/Test.Test:PersistentLevel' has LevelScriptBlueprint '/Game/FirstPersonBP/Maps/Test.Test:PersistentLevel.Test' with GeneratedClass '/Game/FirstPersonBP/Maps/Test.Test_C' with ClassGeneratedBy '/Game/FirstPersonBP/Maps/Test.Test:PersistentLevel.Test'
[2016.10.10-06.50.48:010][589]LogPlayLevel: PlayLevel: No blueprints needed recompiling
[2016.10.10-06.50.48:010][589]PIE: New page: PIE session: Test (10 Oct 2016 07:50:48)
[2016.10.10-06.50.48:010][589]LogPlayLevel: Creating play world package: /Game/FirstPersonBP/Maps/UEDPIE_0_Test
[2016.10.10-06.50.48:031][589]LogPlayLevel: PIE: StaticDuplicateObject took: (0.020608s)
[2016.10.10-06.50.48:031][589]LogAIModule: Creating AISystem for world Test
[2016.10.10-06.50.48:031][589]LogPlayLevel: PIE: World Init took: (0.000915s)
[2016.10.10-06.50.48:032][589]LogPlayLevel: PIE: Created PIE world by copying editor world from /Game/FirstPersonBP/Maps/Test.Test to /Game/FirstPersonBP/Maps/UEDPIE_0_Test.Test (0.021854s)
[2016.10.10-06.50.48:060][589]LogInit: XAudio2 using 'Speakers (2- Logitech G430 Gaming Headset)' : 2 channels at 44.1 kHz using 16 bits per sample (channel mask 0x3)
[2016.10.10-06.50.48:067][589]LogInit: FAudioDevice initialized.
[2016.10.10-06.50.48:105][589]LogWorld: Game class is 'FirstPersonGameMode_C'
[2016.10.10-06.50.48:109][589]LogWorld: Bringing World /Game/FirstPersonBP/Maps/UEDPIE_0_Test.Test up for play (max tick rate 0) at 2016.10.10-07.50.48
[2016.10.10-06.50.48:110][589]LogWorld: Bringing up level for play took: 0.004371
[2016.10.10-06.50.48:111][589]PIE: Info Play in editor start time for /Game/FirstPersonBP/Maps/UEDPIE_0_Test -0.438
[2016.10.10-06.50.48:111][589]LogBlueprintUserMessages: Late PlayInEditor Detection: Level '/Game/FirstPersonBP/Maps/Test.Test:PersistentLevel' has LevelScriptBlueprint '/Game/FirstPersonBP/Maps/Test.Test:PersistentLevel.Test' with GeneratedClass '/Game/FirstPersonBP/Maps/Test.Test_C' with ClassGeneratedBy '/Game/FirstPersonBP/Maps/Test.Test:PersistentLevel.Test'
[2016.10.10-06.50.50:924][923]LogBlueprintUserMessages: Early EndPlayMap Detection: Level '/Game/FirstPersonBP/Maps/Test.Test:PersistentLevel' has LevelScriptBlueprint '/Game/FirstPersonBP/Maps/Test.Test:PersistentLevel.Test' with GeneratedClass '/Game/FirstPersonBP/Maps/Test.Test_C' with ClassGeneratedBy '/Game/FirstPersonBP/Maps/Test.Test:PersistentLevel.Test'
[2016.10.10-06.50.50:955][923]LogBlueprintUserMessages: Late EndPlayMap Detection: Level '/Game/FirstPersonBP/Maps/Test.Test:PersistentLevel' has LevelScriptBlueprint '/Game/FirstPersonBP/Maps/Test.Test:PersistentLevel.Test' with GeneratedClass '/Game/FirstPersonBP/Maps/Test.Test_C' with ClassGeneratedBy '/Game/FirstPersonBP/Maps/Test.Test:PersistentLevel.Test'
[2016.10.10-06.50.59:671][872]BlueprintLog: New page: Compile AICharacter
[2016.10.10-06.50.59:793][872]BlueprintEditorCompileResults: Info [0737.16] Compile of AICharacter successful! [in 122 ms] (/Game/FirstPersonBP/Blueprints/AICharacter.AICharacter)
[2016.10.10-06.51.03:340][274]LogBlueprintUserMessages: Early PlayInEditor Detection: Level '/Game/FirstPersonBP/Maps/Test.Test:PersistentLevel' has LevelScriptBlueprint '/Game/FirstPersonBP/Maps/Test.Test:PersistentLevel.Test' with GeneratedClass '/Game/FirstPersonBP/Maps/Test.Test_C' with ClassGeneratedBy '/Game/FirstPersonBP/Maps/Test.Test:PersistentLevel.Test'
[2016.10.10-06.51.03:340][274]LogPlayLevel: PlayLevel: No blueprints needed recompiling
[2016.10.10-06.51.03:340][274]PIE: New page: PIE session: Test (10 Oct 2016 07:51:03)
[2016.10.10-06.51.03:340][274]LogPlayLevel: Creating play world package: /Game/FirstPersonBP/Maps/UEDPIE_0_Test
[2016.10.10-06.51.03:360][274]LogPlayLevel: PIE: StaticDuplicateObject took: (0.019802s)
[2016.10.10-06.51.03:361][274]LogAIModule: Creating AISystem for world Test
[2016.10.10-06.51.03:361][274]LogPlayLevel: PIE: World Init took: (0.000706s)
[2016.10.10-06.51.03:361][274]LogPlayLevel: PIE: Created PIE world by copying editor world from /Game/FirstPersonBP/Maps/Test.Test to /Game/FirstPersonBP/Maps/UEDPIE_0_Test.Test (0.020776s)
[2016.10.10-06.51.03:391][274]LogInit: XAudio2 using 'Speakers (2- Logitech G430 Gaming Headset)' : 2 channels at 44.1 kHz using 16 bits per sample (channel mask 0x3)
[2016.10.10-06.51.03:399][274]LogInit: FAudioDevice initialized.
[2016.10.10-06.51.03:441][274]LogWorld: Game class is 'FirstPersonGameMode_C'
[2016.10.10-06.51.03:446][274]LogWorld: Bringing World /Game/FirstPersonBP/Maps/UEDPIE_0_Test.Test up for play (max tick rate 0) at 2016.10.10-07.51.03
[2016.10.10-06.51.03:446][274]LogWorld: Bringing up level for play took: 0.004214
[2016.10.10-06.51.03:447][274]PIE: Info Play in editor start time for /Game/FirstPersonBP/Maps/UEDPIE_0_Test 0.898
[2016.10.10-06.51.03:447][274]LogBlueprintUserMessages: Late PlayInEditor Detection: Level '/Game/FirstPersonBP/Maps/Test.Test:PersistentLevel' has LevelScriptBlueprint '/Game/FirstPersonBP/Maps/Test.Test:PersistentLevel.Test' with GeneratedClass '/Game/FirstPersonBP/Maps/Test.Test_C' with ClassGeneratedBy '/Game/FirstPersonBP/Maps/Test.Test:PersistentLevel.Test'
[2016.10.10-06.51.10:060][ 62]LogBlueprintUserMessages: Early EndPlayMap Detection: Level '/Game/FirstPersonBP/Maps/Test.Test:PersistentLevel' has LevelScriptBlueprint '/Game/FirstPersonBP/Maps/Test.Test:PersistentLevel.Test' with GeneratedClass '/Game/FirstPersonBP/Maps/Test.Test_C' with ClassGeneratedBy '/Game/FirstPersonBP/Maps/Test.Test:PersistentLevel.Test'
[2016.10.10-06.51.10:089][ 62]LogBlueprintUserMessages: Late EndPlayMap Detection: Level '/Game/FirstPersonBP/Maps/Test.Test:PersistentLevel' has LevelScriptBlueprint '/Game/FirstPersonBP/Maps/Test.Test:PersistentLevel.Test' with GeneratedClass '/Game/FirstPersonBP/Maps/Test.Test_C' with ClassGeneratedBy '/Game/FirstPersonBP/Maps/Test.Test:PersistentLevel.Test'
[2016.10.10-06.53.07:133][678]LogFileHelpers: Editor autosave (incl. sublevels) for '/Game/FirstPersonBP/Maps/Test' took 0.032
[2016.10.10-06.53.07:136][678]OBJ SavePackage: Generating thumbnails for [1] asset(s) in package [/Game/FirstPersonBP/Blueprints/AICharacter] ([1] browsable assets)...
[2016.10.10-06.53.07:170][678]OBJ SavePackage:     Rendered thumbnail for [Blueprint /Game/FirstPersonBP/Blueprints/AICharacter.AICharacter]
[2016.10.10-06.53.07:170][678]OBJ SavePackage: Finished generating thumbnails for package [/Game/FirstPersonBP/Blueprints/AICharacter]
[2016.10.10-06.53.07:560][678]LogSavePackage: Save=110.94ms
[2016.10.10-06.53.07:560][678]LogSavePackage: Moving 'D:/Repositories/UnrealGameJam/UnrealGameJam/Saved/AICharacter_Auto162343F3D435788FCCD3EBCAE71BED1CB.tmp' to 'D:/Repositories/UnrealGameJam/UnrealGameJam/Saved/Autosaves/Game/FirstPersonBP/Blueprints/AICharacter_Auto1.uasset'
[2016.10.10-06.53.07:583][678]LogSavePackage:Display: Finished SavePackage D:/Repositories/UnrealGameJam/UnrealGameJam/Saved/Autosaves/Game/FirstPersonBP/Blueprints/AICharacter_Auto1.uasset
[2016.10.10-06.53.07:583][678]LogFileHelpers: Auto-saving content packages took 0.450
[2016.10.10-06.53.49:267][804]BlueprintLog: New page: Compile AICharacter
[2016.10.10-06.53.49:760][804]BlueprintEditorCompileResults: Info [0907.13] Compile of AICharacter successful! [in 492 ms] (/Game/FirstPersonBP/Blueprints/AICharacter.AICharacter)
[2016.10.10-06.53.51:096][953]LogRenderer: Reallocating scene render targets to support 1216x696 (Frame:52773).
[2016.10.10-06.56.04:043][424]BlueprintLog: New page: Compile AICharacter
[2016.10.10-06.56.04:605][424]BlueprintEditorCompileResults: Info [1041.98] Compile of AICharacter successful! [in 562 ms] (/Game/FirstPersonBP/Blueprints/AICharacter.AICharacter)
[2016.10.10-06.56.11:933][257]LogBlueprintUserMessages: Early PlayInEditor Detection: Level '/Game/FirstPersonBP/Maps/Test.Test:PersistentLevel' has LevelScriptBlueprint '/Game/FirstPersonBP/Maps/Test.Test:PersistentLevel.Test' with GeneratedClass '/Game/FirstPersonBP/Maps/Test.Test_C' with ClassGeneratedBy '/Game/FirstPersonBP/Maps/Test.Test:PersistentLevel.Test'
[2016.10.10-06.56.11:933][257]LogPlayLevel: PlayLevel: No blueprints needed recompiling
[2016.10.10-06.56.11:933][257]PIE: New page: PIE session: Test (10 Oct 2016 07:56:11)
[2016.10.10-06.56.11:933][257]LogPlayLevel: Creating play world package: /Game/FirstPersonBP/Maps/UEDPIE_0_Test
[2016.10.10-06.56.11:953][257]LogPlayLevel: PIE: StaticDuplicateObject took: (0.019625s)
[2016.10.10-06.56.11:953][257]LogAIModule: Creating AISystem for world Test
[2016.10.10-06.56.11:953][257]LogPlayLevel: PIE: World Init took: (0.000801s)
[2016.10.10-06.56.11:954][257]LogPlayLevel: PIE: Created PIE world by copying editor world from /Game/FirstPersonBP/Maps/Test.Test to /Game/FirstPersonBP/Maps/UEDPIE_0_Test.Test (0.020736s)
[2016.10.10-06.56.11:985][257]LogInit: XAudio2 using 'Speakers (2- Logitech G430 Gaming Headset)' : 2 channels at 44.1 kHz using 16 bits per sample (channel mask 0x3)
[2016.10.10-06.56.11:991][257]LogInit: FAudioDevice initialized.
[2016.10.10-06.56.12:047][257]LogWorld: Game class is 'FirstPersonGameMode_C'
[2016.10.10-06.56.12:054][257]LogWorld: Bringing World /Game/FirstPersonBP/Maps/UEDPIE_0_Test.Test up for play (max tick rate 0) at 2016.10.10-07.56.12
[2016.10.10-06.56.12:054][257]LogWorld: Bringing up level for play took: 0.005470
[2016.10.10-06.56.12:056][257]PIE: Info Play in editor start time for /Game/FirstPersonBP/Maps/UEDPIE_0_Test -0.494
[2016.10.10-06.56.12:056][257]LogBlueprintUserMessages: Late PlayInEditor Detection: Level '/Game/FirstPersonBP/Maps/Test.Test:PersistentLevel' has LevelScriptBlueprint '/Game/FirstPersonBP/Maps/Test.Test:PersistentLevel.Test' with GeneratedClass '/Game/FirstPersonBP/Maps/Test.Test_C' with ClassGeneratedBy '/Game/FirstPersonBP/Maps/Test.Test:PersistentLevel.Test'
[2016.10.10-06.56.14:976][599]LogBlueprintUserMessages: Early EndPlayMap Detection: Level '/Game/FirstPersonBP/Maps/Test.Test:PersistentLevel' has LevelScriptBlueprint '/Game/FirstPersonBP/Maps/Test.Test:PersistentLevel.Test' with GeneratedClass '/Game/FirstPersonBP/Maps/Test.Test_C' with ClassGeneratedBy '/Game/FirstPersonBP/Maps/Test.Test:PersistentLevel.Test'
[2016.10.10-06.56.15:011][599]LogBlueprintUserMessages: Late EndPlayMap Detection: Level '/Game/FirstPersonBP/Maps/Test.Test:PersistentLevel' has LevelScriptBlueprint '/Game/FirstPersonBP/Maps/Test.Test:PersistentLevel.Test' with GeneratedClass '/Game/FirstPersonBP/Maps/Test.Test_C' with ClassGeneratedBy '/Game/FirstPersonBP/Maps/Test.Test:PersistentLevel.Test'
[2016.10.10-06.57.08:568][580]LogMaterial: Missing cached shader map for material M_UE4Man_Body, compiling. 
[2016.10.10-06.57.08:730][580]LogMaterial: Missing cached shader map for material M_UE4Man_Body, compiling. 
[2016.10.10-06.57.08:764][580]LogMaterial: 0.00 seconds spent updating 1 materials, 1 interfaces, 0 instances, 0 with static permutations.
[2016.10.10-06.57.08:795][580]LogMaterial: Missing cached shader map for material FMatExpressionPreview MaterialExpressionTextureSample_4, compiling. 
[2016.10.10-06.57.08:799][580]LogMaterial: Missing cached shader map for material FMatExpressionPreview MaterialExpressionVectorParameter_3, compiling. 
[2016.10.10-06.57.08:803][580]LogMaterial: Missing cached shader map for material FMatExpressionPreview MaterialExpressionTextureSampleParameter2D_0, compiling. 
[2016.10.10-06.57.16:173][ 31]MaterialEditorStats: Info Base pass shader with only dynamic lighting: 59 instructions
[2016.10.10-06.57.16:173][ 31]MaterialEditorStats: Info Vertex shader: 33 instructions
[2016.10.10-06.57.16:173][ 31]MaterialEditorStats: Info Texture samplers: 3/16
[2016.10.10-06.58.09:959][569]LogMaterial: Missing cached shader map for material PreviewMaterial_0, compiling. 
[2016.10.10-06.58.10:066][569]LogMaterial: Missing cached shader map for material PreviewMaterial_0, compiling. 
[2016.10.10-06.58.10:097][569]LogMaterial: 0.00 seconds spent updating 1 materials, 1 interfaces, 0 instances, 0 with static permutations.
[2016.10.10-06.58.10:123][569]LogMaterial: Missing cached shader map for material FMatExpressionPreview MaterialExpressionTextureSample_4, compiling. 
[2016.10.10-06.58.10:127][569]LogMaterial: Missing cached shader map for material FMatExpressionPreview MaterialExpressionVectorParameter_3, compiling. 
[2016.10.10-06.58.10:133][569]LogMaterial: Missing cached shader map for material FMatExpressionPreview MaterialExpressionTextureSampleParameter2D_0, compiling. 
[2016.10.10-06.58.16:889][950]MaterialEditorStats: Info Base pass shader with only dynamic lighting: 59 instructions
[2016.10.10-06.58.16:889][950]MaterialEditorStats: Info Vertex shader: 33 instructions
[2016.10.10-06.58.16:889][950]MaterialEditorStats: Info Texture samplers: 3/16
[2016.10.10-06.58.19:366][137]BlueprintLog: New page: Compile AICharacter
[2016.10.10-06.58.19:530][137]BlueprintEditorCompileResults: Info [1176.90] Compile of AICharacter successful! [in 164 ms] (/Game/FirstPersonBP/Blueprints/AICharacter.AICharacter)
[2016.10.10-06.58.20:072][187]LogRenderer: Reallocating scene render targets to support 1216x712 (Frame:78438).
[2016.10.10-06.59.31:371][ 78]LogMaterial: Missing cached shader map for material M_UE4Man_Body, compiling. 
[2016.10.10-06.59.31:470][ 78]LogMaterial: Missing cached shader map for material M_UE4Man_Body, compiling. 
[2016.10.10-06.59.31:499][ 78]LogMaterial: 0.00 seconds spent updating 1 materials, 1 interfaces, 0 instances, 0 with static permutations.
[2016.10.10-06.59.31:526][ 78]LogMaterial: Missing cached shader map for material FMatExpressionPreview MaterialExpressionTextureSample_4, compiling. 
[2016.10.10-06.59.31:531][ 78]LogMaterial: Missing cached shader map for material FMatExpressionPreview MaterialExpressionVectorParameter_3, compiling. 
[2016.10.10-06.59.31:535][ 78]LogMaterial: Missing cached shader map for material FMatExpressionPreview MaterialExpressionTextureSampleParameter2D_0, compiling. 
[2016.10.10-06.59.37:290][478]MaterialEditorStats: Info Base pass shader with only dynamic lighting: 59 instructions
[2016.10.10-06.59.37:291][478]MaterialEditorStats: Info Vertex shader: 33 instructions
[2016.10.10-06.59.37:291][478]MaterialEditorStats: Info Texture samplers: 3/16
[2016.10.10-07.02.10:684][418]BlueprintLog: New page: Compile AICharacter
[2016.10.10-07.02.10:832][418]BlueprintEditorCompileResults: Info [1408.20] Compile of AICharacter successful! [in 147 ms] (/Game/FirstPersonBP/Blueprints/AICharacter.AICharacter)
[2016.10.10-07.02.20:931][562]BlueprintLog: New page: Compile AICharacter
[2016.10.10-07.02.21:048][562]BlueprintEditorCompileResults: Info [1418.42] Compile of AICharacter successful! [in 116 ms] (/Game/FirstPersonBP/Blueprints/AICharacter.AICharacter)
[2016.10.10-07.02.31:469][526]Cmd: OBJ SAVEPACKAGE PACKAGE="/Game/FirstPersonBP/Blueprints/AICharacter" FILE="D:/Repositories/UnrealGameJam/UnrealGameJam/Content/FirstPersonBP/Blueprints/AICharacter.uasset" SILENT=true
[2016.10.10-07.02.31:534][526]LogSavePackage: Save=58.72ms
[2016.10.10-07.02.31:534][526]LogSavePackage: Moving 'D:/Repositories/UnrealGameJam/UnrealGameJam/Saved/AICharacterA5A970DB48BD7B04211CADB37AE6646F.tmp' to 'D:/Repositories/UnrealGameJam/UnrealGameJam/Content/FirstPersonBP/Blueprints/AICharacter.uasset'
[2016.10.10-07.02.31:536][526]LogSavePackage:Display: Finished SavePackage D:/Repositories/UnrealGameJam/UnrealGameJam/Content/FirstPersonBP/Blueprints/AICharacter.uasset
[2016.10.10-07.02.31:612][526]LogWindowsTextInputMethodSystem:Display: IME system now deactivated.
[2016.10.10-07.02.31:826][527]Cmd: QUIT_EDITOR
[2016.10.10-07.02.32:461][527]LogExit: Preparing to exit.
[2016.10.10-07.02.33:787][527]LogExit: Editor shut down
[2016.10.10-07.02.33:788][527]LogExit: Transaction tracking system shut down
[2016.10.10-07.02.34:037][527]LogObj: Freed 0b from 0 cluster array pools.
[2016.10.10-07.02.34:037][527]LogExit: Object subsystem successfully closed.
[2016.10.10-07.02.34:075][527]LogD3D11RHI: Shutdown
[2016.10.10-07.02.34:076][527]LogD3D11RHI: CleanupD3DDevice
[2016.10.10-07.02.34:213][527]LogD3D11RHI: ~FD3D11DynamicRHI
[2016.10.10-07.02.34:252][527]LogModuleManager: Shutting down and abandoning module MaterialEditor (216)
[2016.10.10-07.02.34:252][527]LogModuleManager: Shutting down and abandoning module MovieSceneCapture (215)
[2016.10.10-07.02.34:252][527]LogModuleManager: Shutting down and abandoning module StatsViewer (214)
[2016.10.10-07.02.34:253][527]LogModuleManager: Shutting down and abandoning module BlueprintGraph (213)
[2016.10.10-07.02.34:253][527]LogModuleManager: Shutting down and abandoning module HierarchicalLODOutliner (212)
[2016.10.10-07.02.34:253][527]LogModuleManager: Shutting down and abandoning module CrashTracker (211)
[2016.10.10-07.02.34:253][527]LogModuleManager: Shutting down and abandoning module SceneOutliner (210)
[2016.10.10-07.02.34:253][527]LogModuleManager: Shutting down and abandoning module WidgetCarousel (209)
[2016.10.10-07.02.34:254][527]LogModuleManager: Shutting down and abandoning module AddContentDialog (208)
[2016.10.10-07.02.34:265][527]LogModuleManager: Shutting down and abandoning module GameplayTags (207)
[2016.10.10-07.02.34:265][527]LogModuleManager: Shutting down and abandoning module EditorWidgets (206)
[2016.10.10-07.02.34:265][527]LogModuleManager: Shutting down and abandoning module CollectionManager (205)
[2016.10.10-07.02.34:266][527]LogModuleManager: Shutting down and abandoning module FoliageEdit (204)
[2016.10.10-07.02.34:266][527]LogModuleManager: Shutting down and abandoning module LandscapeEditor (203)
[2016.10.10-07.02.34:267][527]LogModuleManager: Shutting down and abandoning module SceneDepthPickerMode (202)
[2016.10.10-07.02.34:267][527]LogModuleManager: Shutting down and abandoning module ActorPickerMode (201)
[2016.10.10-07.02.34:267][527]LogModuleManager: Shutting down and abandoning module GeometryMode (200)
[2016.10.10-07.02.34:267][527]LogModuleManager: Shutting down and abandoning module TextureAlignMode (199)
[2016.10.10-07.02.34:267][527]LogModuleManager: Shutting down and abandoning module BspMode (198)
[2016.10.10-07.02.34:268][527]LogModuleManager: Shutting down and abandoning module HardwareSurvey (197)
[2016.10.10-07.02.34:268][527]LogModuleManager: Shutting down and abandoning module SequenceRecorderSections (196)
[2016.10.10-07.02.34:268][527]LogModuleManager: Shutting down and abandoning module SequenceRecorder (195)
[2016.10.10-07.02.34:269][527]LogModuleManager: Shutting down and abandoning module AutomationWorker (194)
[2016.10.10-07.02.34:269][527]LogModuleManager: Shutting down and abandoning module MatineeToLevelSequence (193)
[2016.10.10-07.02.34:269][527]LogModuleManager: Shutting down and abandoning module PlacementMode (192)
[2016.10.10-07.02.34:271][527]LogModuleManager: Shutting down and abandoning module LevelSequenceEditor (191)
[2016.10.10-07.02.34:274][527]LogModuleManager: Shutting down and abandoning module CharacterAI (190)
[2016.10.10-07.02.34:274][527]LogModuleManager: Shutting down and abandoning module SmartSnapping (189)
[2016.10.10-07.02.34:274][527]LogModuleManager: Shutting down and abandoning module SessionServices (188)
[2016.10.10-07.02.34:274][527]LogModuleManager: Shutting down and abandoning module ViewportSnapping (187)
[2016.10.10-07.02.34:274][527]LogModuleManager: Shutting down and abandoning module LogVisualizer (186)
[2016.10.10-07.02.34:275][527]LogModuleManager: Shutting down and abandoning module GameProjectGeneration (185)
[2016.10.10-07.02.34:277][527]LogModuleManager: Shutting down and abandoning module IntroTutorials (184)
[2016.10.10-07.02.34:277][527]LogModuleManager: Shutting down and abandoning module EditorLiveStreaming (183)
[2016.10.10-07.02.34:277][527]LogModuleManager: Shutting down and abandoning module IOSPlatformEditor (182)
[2016.10.10-07.02.34:278][527]LogModuleManager: Shutting down and abandoning module HTML5PlatformEditor (181)
[2016.10.10-07.02.34:278][527]LogModuleManager: Shutting down and abandoning module AndroidDeviceDetection (180)
[2016.10.10-07.02.34:455][527]LogModuleManager: Shutting down and abandoning module AndroidPlatformEditor (179)
[2016.10.10-07.02.34:456][527]LogModuleManager: Shutting down and abandoning module IOSRuntimeSettings (178)
[2016.10.10-07.02.34:456][527]LogModuleManager: Shutting down and abandoning module AndroidRuntimeSettings (177)
[2016.10.10-07.02.34:456][527]LogModuleManager: Shutting down and abandoning module MergeActors (176)
[2016.10.10-07.02.34:456][527]LogModuleManager: Shutting down and abandoning module SizeMap (175)
[2016.10.10-07.02.34:456][527]LogModuleManager: Shutting down and abandoning module TreeMap (174)
[2016.10.10-07.02.34:457][527]LogModuleManager: Shutting down and abandoning module ReferenceViewer (173)
[2016.10.10-07.02.34:457][527]LogModuleManager: Shutting down and abandoning module LocalizationService (172)
[2016.10.10-07.02.34:458][527]LogModuleManager: Shutting down and abandoning module LocalizationDashboard (171)
[2016.10.10-07.02.34:459][527]LogModuleManager: Shutting down and abandoning module HardwareTargeting (170)
[2016.10.10-07.02.34:459][527]LogModuleManager: Shutting down and abandoning module DeviceProfileEditor (169)
[2016.10.10-07.02.34:460][527]LogModuleManager: Shutting down and abandoning module UndoHistory (168)
[2016.10.10-07.02.34:460][527]LogModuleManager: Shutting down and abandoning module UserFeedback (167)
[2016.10.10-07.02.34:460][527]LogModuleManager: Shutting down and abandoning module XmlParser (166)
[2016.10.10-07.02.34:460][527]LogModuleManager: Shutting down and abandoning module Blutility (165)
[2016.10.10-07.02.34:461][527]LogModuleManager: Shutting down and abandoning module ProjectTargetPlatformEditor (164)
[2016.10.10-07.02.34:461][527]LogModuleManager: Shutting down and abandoning module ProjectSettingsViewer (163)
[2016.10.10-07.02.34:461][527]LogModuleManager: Shutting down and abandoning module InputBindingEditor (162)
[2016.10.10-07.02.34:462][527]LogModuleManager: Shutting down and abandoning module EditorSettingsViewer (161)
[2016.10.10-07.02.34:463][527]LogModuleManager: Shutting down and abandoning module SettingsEditor (160)
[2016.10.10-07.02.34:464][527]LogModuleManager: Shutting down and abandoning module ProjectLauncher (159)
[2016.10.10-07.02.34:464][527]LogModuleManager: Shutting down and abandoning module SessionFrontend (158)
[2016.10.10-07.02.34:465][527]LogModuleManager: Shutting down and abandoning module ProfilerClient (157)
[2016.10.10-07.02.34:466][527]LogModuleManager: Shutting down and abandoning module TargetDeviceServices (156)
[2016.10.10-07.02.34:466][527]LogModuleManager: Shutting down and abandoning module DeviceManager (155)
[2016.10.10-07.02.34:510][527]LogModuleManager: Shutting down and abandoning module AutomationController (154)
[2016.10.10-07.02.34:512][527]LogModuleManager: Shutting down and abandoning module AutomationWindow (153)
[2016.10.10-07.02.34:513][527]LogModuleManager: Shutting down and abandoning module Layers (152)
[2016.10.10-07.02.34:515][527]LogModuleManager: Shutting down and abandoning module ComponentVisualizers (151)
[2016.10.10-07.02.34:515][527]LogModuleManager: Shutting down and abandoning module DetailCustomizations (150)
[2016.10.10-07.02.34:515][527]LogModuleManager: Shutting down and abandoning module PackagesDialog (149)
[2016.10.10-07.02.34:515][527]LogModuleManager: Shutting down and abandoning module Persona (148)
[2016.10.10-07.02.34:518][527]LogModuleManager: Shutting down and abandoning module Kismet (147)
[2016.10.10-07.02.34:518][527]LogModuleManager: Shutting down and abandoning module GraphEditor (146)
[2016.10.10-07.02.34:518][527]LogModuleManager: Shutting down and abandoning module ClassViewer (145)
[2016.10.10-07.02.34:519][527]LogModuleManager: Shutting down and abandoning module Toolbox (144)
[2016.10.10-07.02.34:519][527]LogModuleManager: Shutting down and abandoning module ModuleUI (143)
[2016.10.10-07.02.34:519][527]LogModuleManager: Shutting down and abandoning module MovieSceneTools (142)
[2016.10.10-07.02.34:520][527]LogModuleManager: Shutting down and abandoning module OutputLog (141)
[2016.10.10-07.02.34:521][527]LogModuleManager: Shutting down and abandoning module GammaUI (140)
[2016.10.10-07.02.34:521][527]LogModuleManager: Shutting down and abandoning module Documentation (139)
[2016.10.10-07.02.34:521][527]LogModuleManager: Shutting down and abandoning module StreamingPauseRendering (138)
[2016.10.10-07.02.34:522][527]LogModuleManager: Shutting down and abandoning module AnalyticsET (137)
[2016.10.10-07.02.34:522][527]LogModuleManager: Shutting down and abandoning module Analytics (136)
[2016.10.10-07.02.34:522][527]LogModuleManager: Shutting down and abandoning module PortalServices (135)
[2016.10.10-07.02.34:522][527]LogModuleManager: Shutting down and abandoning module PortalRpc (134)
[2016.10.10-07.02.34:522][527]LogModuleManager: Shutting down and abandoning module MessagingRpc (133)
[2016.10.10-07.02.34:522][527]LogModuleManager: Shutting down and abandoning module GameplayDebugger (132)
[2016.10.10-07.02.34:522][527]LogModuleManager: Shutting down and abandoning module AITestSuite (131)
[2016.10.10-07.02.34:522][527]LogModuleManager: Shutting down and abandoning module AIModule (130)
[2016.10.10-07.02.34:522][527]LogModuleManager: Shutting down and abandoning module ProfilerService (129)
[2016.10.10-07.02.34:714][527]LogModuleManager: Shutting down and abandoning module TaskGraph (128)
[2016.10.10-07.02.34:716][527]LogModuleManager: Shutting down and abandoning module SlateRemote (127)
[2016.10.10-07.02.34:716][527]LogModuleManager: Shutting down and abandoning module SteamVRController (126)
[2016.10.10-07.02.34:716][527]LogModuleManager: Shutting down and abandoning module SteamVR (125)
[2016.10.10-07.02.34:716][527]LogModuleManager: Shutting down and abandoning module ProceduralMeshComponent (124)
[2016.10.10-07.02.34:716][527]LogModuleManager: Shutting down and abandoning module OculusLibrary (123)
[2016.10.10-07.02.34:716][527]LogModuleManager: Shutting down and abandoning module OculusInput (122)
[2016.10.10-07.02.34:716][527]LogModuleManager: Shutting down and abandoning module CustomMeshComponent (121)
[2016.10.10-07.02.34:716][527]LogModuleManager: Shutting down and abandoning module CableComponent (120)
[2016.10.10-07.02.34:716][527]LogModuleManager: Shutting down and abandoning module ArchVisCharacter (119)
[2016.10.10-07.02.34:716][527]LogModuleManager: Shutting down and abandoning module MediaPlayerEditor (118)
[2016.10.10-07.02.34:718][527]LogModuleManager: Shutting down and abandoning module HTML5Networking (117)
[2016.10.10-07.02.34:718][527]LogModuleManager: Shutting down and abandoning module SuperSearch (116)
[2016.10.10-07.02.34:718][527]LogModuleManager: Shutting down and abandoning module SuperSearchEditor (115)
[2016.10.10-07.02.34:718][527]LogModuleManager: Shutting down and abandoning module SpeedTreeImporter (114)
[2016.10.10-07.02.34:718][527]LogModuleManager: Shutting down and abandoning module PluginBrowser (113)
[2016.10.10-07.02.34:720][527]LogModuleManager: Shutting down and abandoning module EpicSurvey (112)
[2016.10.10-07.02.34:720][527]LogModuleManager: Shutting down and abandoning module DesktopPlatform (111)
[2016.10.10-07.02.34:720][527]LogModuleManager: Shutting down and abandoning module VisualStudioSourceCodeAccess (110)
[2016.10.10-07.02.34:722][527]LogModuleManager: Shutting down and abandoning module UObjectPlugin (109)
[2016.10.10-07.02.34:722][527]LogModuleManager: Shutting down and abandoning module SubversionSourceControl (108)
[2016.10.10-07.02.34:722][527]LogModuleManager: Shutting down and abandoning module PerforceSourceControl (107)
[2016.10.10-07.02.34:724][527]LogModuleManager: Shutting down and abandoning module SourceControl (106)
[2016.10.10-07.02.34:724][527]LogModuleManager: Shutting down and abandoning module GitSourceControl (105)
[2016.10.10-07.02.34:725][527]LogModuleManager: Shutting down and abandoning module LightPropagationVolumeEditor (104)
[2016.10.10-07.02.34:725][527]LogModuleManager: Shutting down and abandoning module PaperTiledImporter (103)
[2016.10.10-07.02.34:725][527]LogModuleManager: Shutting down and abandoning module PaperSpriteSheetImporter (102)
[2016.10.10-07.02.34:725][527]LogModuleManager: Shutting down and abandoning module MeshPaint (101)
[2016.10.10-07.02.34:726][527]LogModuleManager: Shutting down and abandoning module PixelInspectorModule (100)
[2016.10.10-07.02.34:727][527]LogModuleManager: Shutting down and abandoning module HotReload (99)
[2016.10.10-07.02.34:728][527]LogModuleManager: Shutting down and abandoning module MainFrame (98)
[2016.10.10-07.02.34:728][527]LogModuleManager: Shutting down and abandoning module LevelEditor (97)
[2016.10.10-07.02.34:730][527]LogModuleManager: Shutting down and abandoning module ContentBrowser (96)
[2016.10.10-07.02.34:733][527]LogModuleManager: Shutting down and abandoning module Paper2DEditor (95)
[2016.10.10-07.02.34:734][527]LogModuleManager: Shutting down and abandoning module UdpMessaging (94)
[2016.10.10-07.02.34:835][527]LogModuleManager: Shutting down and abandoning module LightPropagationVolumeRuntime (93)
[2016.10.10-07.02.34:835][527]LogModuleManager: Shutting down and abandoning module Paper2D (92)
[2016.10.10-07.02.34:835][527]LogModuleManager: Shutting down and abandoning module WindowsMoviePlayer (91)
[2016.10.10-07.02.34:836][527]LogModuleManager: Shutting down and abandoning module Media (90)
[2016.10.10-07.02.34:836][527]LogModuleManager: Shutting down and abandoning module WmfMedia (89)
[2016.10.10-07.02.34:837][527]LogModuleManager: Shutting down and abandoning module MediaAssets (88)
[2016.10.10-07.02.34:837][527]LogModuleManager: Shutting down and abandoning module GameLiveStreaming (87)
[2016.10.10-07.02.34:837][527]LogModuleManager: Shutting down and abandoning module GameplayTagsEditor (86)
[2016.10.10-07.02.34:837][527]LogModuleManager: Shutting down and abandoning module OnlineBlueprintSupport (85)
[2016.10.10-07.02.34:837][527]LogModuleManager: Shutting down and abandoning module VREditor (84)
[2016.10.10-07.02.34:838][527]LogModuleManager: Shutting down and abandoning module GameplayTasksEditor (83)
[2016.10.10-07.02.34:838][527]LogModuleManager: Shutting down and abandoning module PropertyEditor (82)
[2016.10.10-07.02.34:838][527]LogModuleManager: Shutting down and abandoning module BehaviorTreeEditor (81)
[2016.10.10-07.02.34:840][527]LogModuleManager: Shutting down and abandoning module FunctionalTesting (80)
[2016.10.10-07.02.34:840][527]LogModuleManager: Shutting down and abandoning module CollisionAnalyzer (79)
[2016.10.10-07.02.34:841][527]LogModuleManager: Shutting down and abandoning module Sequencer (78)
[2016.10.10-07.02.34:843][527]LogModuleManager: Shutting down and abandoning module WorkspaceMenuStructure (77)
[2016.10.10-07.02.34:843][527]LogModuleManager: Shutting down and abandoning module MessageLog (76)
[2016.10.10-07.02.34:843][527]LogModuleManager: Shutting down and abandoning module AssetTools (75)
[2016.10.10-07.02.34:845][527]LogModuleManager: Shutting down and abandoning module UMGEditor (74)
[2016.10.10-07.02.34:847][527]LogModuleManager: Shutting down and abandoning module UMG (73)
[2016.10.10-07.02.34:848][527]LogModuleManager: Shutting down and abandoning module SlateReflector (72)
[2016.10.10-07.02.34:850][527]LogModuleManager: Shutting down and abandoning module Slate (71)
[2016.10.10-07.02.34:850][527]LogModuleManager: Shutting down and abandoning module EditorStyle (70)
[2016.10.10-07.02.34:857][527]LogModuleManager: Shutting down and abandoning module SourceCodeAccess (69)
[2016.10.10-07.02.34:857][527]LogModuleManager: Shutting down and abandoning module HeadMountedDisplay (68)
[2016.10.10-07.02.34:857][527]LogModuleManager: Shutting down and abandoning module XAudio2 (67)
[2016.10.10-07.02.34:857][527]LogModuleManager: Shutting down and abandoning module Networking (65)
[2016.10.10-07.02.34:857][527]LogModuleManager: Shutting down and abandoning module Core (64)
[2016.10.10-07.02.34:857][527]LogModuleManager: Shutting down and abandoning module DirectoryWatcher (63)
[2016.10.10-07.02.34:865][527]LogModuleManager: Shutting down and abandoning module AssetRegistry (62)
[2016.10.10-07.02.35:014][527]LogModuleManager: Shutting down and abandoning module KismetCompiler (61)
[2016.10.10-07.02.35:014][527]LogModuleManager: Shutting down and abandoning module PhysXFormats (60)
[2016.10.10-07.02.35:014][527]LogModuleManager: Shutting down and abandoning module MeshUtilities (59)
[2016.10.10-07.02.35:016][527]LogModuleManager: Shutting down and abandoning module DerivedDataCache (58)
[2016.10.10-07.02.35:065][527]LogDerivedDataCache: Shutdown
[2016.10.10-07.02.35:065][527]LogModuleManager: Shutting down and abandoning module VulkanShaderFormat (57)
[2016.10.10-07.02.35:065][527]LogModuleManager: Shutting down and abandoning module ShaderFormatOpenGL (56)
[2016.10.10-07.02.35:066][527]LogModuleManager: Shutting down and abandoning module ShaderFormatD3D (55)
[2016.10.10-07.02.35:067][527]LogModuleManager: Shutting down and abandoning module MetalShaderFormat (54)
[2016.10.10-07.02.35:067][527]LogModuleManager: Shutting down and abandoning module TextureFormatUncompressed (53)
[2016.10.10-07.02.35:068][527]LogModuleManager: Shutting down and abandoning module TextureFormatPVR (52)
[2016.10.10-07.02.35:068][527]LogModuleManager: Shutting down and abandoning module TextureFormatIntelISPCTexComp (51)
[2016.10.10-07.02.35:068][527]LogModuleManager: Shutting down and abandoning module TextureFormatDXT (50)
[2016.10.10-07.02.35:069][527]LogModuleManager: Shutting down and abandoning module ImageWrapper (49)
[2016.10.10-07.02.35:069][527]LogModuleManager: Shutting down and abandoning module TextureFormatASTC (48)
[2016.10.10-07.02.35:069][527]LogModuleManager: Shutting down and abandoning module TextureFormatAndroid (47)
[2016.10.10-07.02.35:069][527]LogModuleManager: Shutting down and abandoning module AudioFormatOpus (46)
[2016.10.10-07.02.35:069][527]LogModuleManager: Shutting down and abandoning module AudioFormatOgg (45)
[2016.10.10-07.02.35:069][527]LogModuleManager: Shutting down and abandoning module AudioFormatADPCM (44)
[2016.10.10-07.02.35:070][527]LogModuleManager: Shutting down and abandoning module LinuxTargetPlatform (43)
[2016.10.10-07.02.35:070][527]LogModuleManager: Shutting down and abandoning module LinuxServerTargetPlatform (42)
[2016.10.10-07.02.35:070][527]LogModuleManager: Shutting down and abandoning module LinuxNoEditorTargetPlatform (41)
[2016.10.10-07.02.35:070][527]LogModuleManager: Shutting down and abandoning module TVOSTargetPlatform (40)
[2016.10.10-07.02.35:070][527]LogModuleManager: Shutting down and abandoning module Messaging (39)
[2016.10.10-07.02.35:070][527]LogModuleManager: Shutting down and abandoning module IOSTargetPlatform (38)
[2016.10.10-07.02.35:071][527]LogModuleManager: Shutting down and abandoning module HTML5TargetPlatform (37)
[2016.10.10-07.02.35:071][527]LogModuleManager: Shutting down and abandoning module Android_PVRTCTargetPlatform (36)
[2016.10.10-07.02.35:071][527]LogModuleManager: Shutting down and abandoning module Android_MultiTargetPlatform (35)
[2016.10.10-07.02.35:071][527]LogModuleManager: Shutting down and abandoning module Android_ETC2TargetPlatform (34)
[2016.10.10-07.02.35:071][527]LogModuleManager: Shutting down and abandoning module Android_ETC1TargetPlatform (33)
[2016.10.10-07.02.35:071][527]LogModuleManager: Shutting down and abandoning module Android_DXTTargetPlatform (32)
[2016.10.10-07.02.35:071][527]LogModuleManager: Shutting down and abandoning module Android_ATCTargetPlatform (31)
[2016.10.10-07.02.35:071][527]LogModuleManager: Shutting down and abandoning module Android_ASTCTargetPlatform (30)
[2016.10.10-07.02.35:071][527]LogModuleManager: Shutting down and abandoning module AndroidTargetPlatform (29)
[2016.10.10-07.02.35:071][527]LogModuleManager: Shutting down and abandoning module WindowsTargetPlatform (28)
[2016.10.10-07.02.35:071][527]LogModuleManager: Shutting down and abandoning module WindowsServerTargetPlatform (27)
[2016.10.10-07.02.35:071][527]LogModuleManager: Shutting down and abandoning module WindowsNoEditorTargetPlatform (26)
[2016.10.10-07.02.35:072][527]LogModuleManager: Shutting down and abandoning module WindowsClientTargetPlatform (25)
[2016.10.10-07.02.35:072][527]LogModuleManager: Shutting down and abandoning module AllDesktopTargetPlatform (24)
[2016.10.10-07.02.35:072][527]LogModuleManager: Shutting down and abandoning module TargetPlatform (23)
[2016.10.10-07.02.35:073][527]LogModuleManager: Shutting down and abandoning module InputCore (22)
[2016.10.10-07.02.35:073][527]LogModuleManager: Shutting down and abandoning module Settings (21)
[2016.10.10-07.02.35:073][527]LogModuleManager: Shutting down and abandoning module OnlineSubsystem (19)
[2016.10.10-07.02.35:073][527]LogModuleManager: Shutting down and abandoning module HTTP (18)
[2016.10.10-07.02.39:586][527]LogModuleManager: Shutting down and abandoning module XMPP (17)
[2016.10.10-07.02.39:588][527]LogModuleManager: Shutting down and abandoning module OculusRift (16)
[2016.10.10-07.02.39:588][527]LogModuleManager: Shutting down and abandoning module ExampleDeviceProfileSelector (15)
[2016.10.10-07.02.39:588][527]LogModuleManager: Shutting down and abandoning module TextureCompressor (14)
[2016.10.10-07.02.39:589][527]LogModuleManager: Shutting down and abandoning module ShaderCore (13)
[2016.10.10-07.02.39:589][527]LogModuleManager: Shutting down and abandoning module Landscape (12)
[2016.10.10-07.02.39:589][527]LogModuleManager: Shutting down and abandoning module SlateRHIRenderer (11)
[2016.10.10-07.02.39:610][527]LogModuleManager: Shutting down and abandoning module OpenGLDrv (10)
[2016.10.10-07.02.39:611][527]LogModuleManager: Shutting down and abandoning module D3D11RHI (9)
[2016.10.10-07.02.39:611][527]LogModuleManager: Shutting down and abandoning module AnimGraphRuntime (8)
[2016.10.10-07.02.39:611][527]LogModuleManager: Shutting down and abandoning module Renderer (7)
[2016.10.10-07.02.39:611][527]LogModuleManager: Shutting down and abandoning module Engine (6)
[2016.10.10-07.02.39:611][527]LogModuleManager: Shutting down and abandoning module CoreUObject (5)
[2016.10.10-07.02.39:611][527]LogModuleManager: Shutting down and abandoning module NetworkFile (4)
[2016.10.10-07.02.39:611][527]LogModuleManager: Shutting down and abandoning module StreamingFile (3)
[2016.10.10-07.02.39:612][527]LogModuleManager: Shutting down and abandoning module SandboxFile (2)
[2016.10.10-07.02.39:612][527]LogModuleManager: Shutting down and abandoning module PakFile (1)
[2016.10.10-07.02.39:616][527]LogExit: Exiting.
[2016.10.10-07.02.39:621][527]Log file closed, 10/10/16 08:02:39
