Log file open, 10/09/16 21:46:12
LogInit:Display: Running engine for game: UnrealGameJam
LogPlatformFile: Not using cached read wrapper
LogInit:Display: RandInit(527596033) SRandInit(527596035).
LogTaskGraph: Started task graph with 4 named threads and 7 total threads with 1 sets of task threads.
LogStats: Stats thread started at 0.112419
LogInit: Version: 4.12.5-3039270+++UE4+Release-4.12
LogInit: API Version: 2992821
LogInit: Net Version: 3039270
LogDevObjectVersion: Number of dev versions registered: 13
LogDevObjectVersion:   Dev-Blueprints (B0D832E4-1F89-4F0D-ACCF-7EB736FD4AA2): 3
LogDevObjectVersion:   Dev-Build (E1C64328-A22C-4D53-A36C-8E866417BD8C): 0
LogDevObjectVersion:   Dev-Core (375EC13C-06E4-48FB-B500-84F0262A717E): 1
LogDevObjectVersion:   Dev-Editor (E4B068ED-F494-42E9-A231-DA0B2E46BB41): 2
LogDevObjectVersion:   Dev-Framework (CFFC743F-43B0-4480-9391-14DF171D2073): 6
LogDevObjectVersion:   Dev-Mobile (B02B49B5-BB20-44E9-A304-32B752E40360): 0
LogDevObjectVersion:   Dev-Networking (A4E4105C-59A1-49B5-A7C5-40C4547EDFEE): 0
LogDevObjectVersion:   Dev-Online (39C831C9-5AE6-47DC-9A44-9C173E1C8E7C): 0
LogDevObjectVersion:   Dev-Physics (78F01B33-EBEA-4F98-B9B4-84EACCB95AA2): 0
LogDevObjectVersion:   Dev-Platform (6631380F-2D4D-43E0-8009-CF276956A95A): 0
LogDevObjectVersion:   Dev-Rendering (12F88B9F-8875-4AFC-A67C-D90C383ABD29): 2
LogDevObjectVersion:   Dev-Sequencer (7B5AE74C-D270-4C10-A958-57980B212A5A): 0
LogDevObjectVersion:   Dev-VR (D7296918-1DD6-4BDD-9DE2-64A83CC13884): 0
LogInit: Compiled (64-bit): Jul  6 2016 09:09:46
LogInit: Compiled with Visual C++: 19.00.23026.00
LogInit: Build Configuration: Development
LogInit: Branch Name: ++UE4+Release-4.12
LogInit: Command line:  
LogInit: Base directory: C:/Program Files (x86)/Epic Games/4.12/Engine/Binaries/Win64/
LogInit: Installed Engine Build: 1
LogInit: Using libcurl 7.41.0
LogInit:  - built for x86_64-pc-win32
LogInit:  - supports SSL with WinSSL
LogInit:  - other features:
LogInit:      CURL_VERSION_SSL
LogInit:      CURL_VERSION_IPV6
LogInit:      CURL_VERSION_ASYNCHDNS
LogInit:      CURL_VERSION_LARGEFILE
LogInit:      CURL_VERSION_IDN
LogInit:  CurlRequestOptions (configurable via config and command line):
LogInit:  - bVerifyPeer = true  - Libcurl will verify peer certificate
LogInit:  - bUseHttpProxy = false  - Libcurl will NOT use HTTP proxy
LogInit:  - bDontReuseConnections = false  - Libcurl will reuse connections
LogInit:  - CertBundlePath = nullptr  - Libcurl will use whatever was configured at build time.
LogInit: Presizing for max 8388607 objects, including 0 objects not considered by GC, pre-allocating 0 bytes for permanent pool.
LogInit: Object subsystem initialized
[2016.10.09-20.46.12:570][  0]LogInit: Selected Device Profile: [Windows]
[2016.10.09-20.46.12:570][  0]LogInit: Applying CVar settings loaded from the selected device profile: [Windows]
[2016.10.09-20.46.12:595][  0]LogInit: Computer: DESKTOP-N6TRJQS
[2016.10.09-20.46.12:595][  0]LogInit: User: Conor
[2016.10.09-20.46.12:595][  0]LogInit: CPU Page size=65536, Cores=4
[2016.10.09-20.46.12:595][  0]LogInit: High frequency timer resolution =3.312791 MHz
[2016.10.09-20.46.12:595][  0]LogMemory: Memory total: Physical=8.0GB (8GB approx)
[2016.10.09-20.46.12:595][  0]LogMemory: Platform Memory Stats for Windows
[2016.10.09-20.46.12:595][  0]LogMemory: Process Physical Memory: 190.14 MB used, 190.14 MB peak
[2016.10.09-20.46.12:595][  0]LogMemory: Process Virtual Memory: 195.18 MB used, 195.18 MB peak
[2016.10.09-20.46.12:595][  0]LogMemory: Physical Memory: 6194.20 MB used, 8145.47 MB total
[2016.10.09-20.46.12:595][  0]LogMemory: Virtual Memory: 553.30 MB used, 134217728.00 MB total
[2016.10.09-20.46.12:809][  0]LogTextLocalizationManager: No specific translations for ('en-GB') exist, so ('en') translations will be used.
[2016.10.09-20.46.13:249][  0]LogD3D11RHI: D3D11 adapters:
[2016.10.09-20.46.13:285][  0]LogD3D11RHI:    0. 'NVIDIA GeForce GTX 660' (Feature Level 11_0)
[2016.10.09-20.46.13:285][  0]LogD3D11RHI:       1505/0/4072 MB DedicatedVideo/DedicatedSystem/SharedSystem, Outputs:1, VendorId:0x10de
[2016.10.09-20.46.13:287][  0]LogD3D11RHI:    1. 'Microsoft Basic Render Driver' (Feature Level 11_0)
[2016.10.09-20.46.13:287][  0]LogD3D11RHI:       0/0/4072 MB DedicatedVideo/DedicatedSystem/SharedSystem, Outputs:0, VendorId:0x1414
[2016.10.09-20.46.13:287][  0]LogD3D11RHI: Chosen D3D11 Adapter: 0
[2016.10.09-20.46.13:291][  0]LogD3D11RHI: Creating new Direct3DDevice
[2016.10.09-20.46.13:291][  0]LogD3D11RHI:     GPU DeviceId: 0x1185 (for the marketing name, search the web for "GPU Device Id")
[2016.10.09-20.46.13:291][  0]LogWindows: EnumDisplayDevices:
[2016.10.09-20.46.13:292][  0]LogWindows:    0. 'NVIDIA GeForce GTX 660' (P:1 D:1)
[2016.10.09-20.46.13:292][  0]LogWindows:    1. 'NVIDIA GeForce GTX 660' (P:0 D:0)
[2016.10.09-20.46.13:292][  0]LogWindows:    2. 'NVIDIA GeForce GTX 660' (P:0 D:0)
[2016.10.09-20.46.13:292][  0]LogWindows: DebugString: FoundDriverCount:3 
[2016.10.09-20.46.13:292][  0]LogD3D11RHI:     Adapter Name: NVIDIA GeForce GTX 660
[2016.10.09-20.46.13:292][  0]LogD3D11RHI:   Driver Version: 372.90 (internal:21.21.13.7290, unified:372.90)
[2016.10.09-20.46.13:292][  0]LogD3D11RHI:      Driver Date: 9-16-2016
[2016.10.09-20.46.13:292][  0]LogRHI: Texture pool is 1053 MB (70% of 1505 MB)
[2016.10.09-20.46.13:307][  0]LogD3D11RHI: Async texture creation enabled
[2016.10.09-20.46.13:325][  0]LogD3D11RHI: GPU Timing Frequency: 1000.000000 (Debug: 2 2)
[2016.10.09-20.46.13:325][  0]LogShaderCompilers: Guid format shader working directory is 2 characters bigger than the processId version (D:/Repositories/UnrealGameJam/UnrealGameJam/Intermediate/Shaders/WorkingDirectory/14112/).
[2016.10.09-20.46.13:325][  0]LogShaderCompilers: Cleaned the shader compiler working directory 'C:/Users/Conor/AppData/Local/Temp/UnrealShaderWorkingDir/D486D35848CDD98164341AB3973DB3E9/'.
[2016.10.09-20.46.13:325][  0]LogShaderCompilers:Display: Using Local Shader Compiler.
[2016.10.09-20.46.15:683][  0]LogTemp:Display: Loaded TP AllDesktopTargetPlatform
[2016.10.09-20.46.15:701][  0]LogTemp:Display: Loaded TP WindowsClientTargetPlatform
[2016.10.09-20.46.15:721][  0]LogTemp:Display: Loaded TP WindowsNoEditorTargetPlatform
[2016.10.09-20.46.15:740][  0]LogTemp:Display: Loaded TP WindowsServerTargetPlatform
[2016.10.09-20.46.15:760][  0]LogTemp:Display: Loaded TP WindowsTargetPlatform
[2016.10.09-20.46.15:778][  0]LogTemp:Display: Loaded TP AndroidTargetPlatform
[2016.10.09-20.46.15:800][  0]LogTemp:Display: Loaded TP Android_ASTCTargetPlatform
[2016.10.09-20.46.15:818][  0]LogTemp:Display: Loaded TP Android_ATCTargetPlatform
[2016.10.09-20.46.15:832][  0]LogTemp:Display: Loaded TP Android_DXTTargetPlatform
[2016.10.09-20.46.15:847][  0]LogTemp:Display: Loaded TP Android_ETC1TargetPlatform
[2016.10.09-20.46.15:861][  0]LogTemp:Display: Loaded TP Android_ETC2TargetPlatform
[2016.10.09-20.46.15:888][  0]LogTemp:Display: Loaded TP Android_MultiTargetPlatform
[2016.10.09-20.46.15:888][  0]LogTemp:Display: Loaded TP Android_PVRTCTargetPlatform
[2016.10.09-20.46.15:889][  0]LogTemp:Display: Loaded TP HTML5TargetPlatform
[2016.10.09-20.46.15:951][  0]LogTemp:Display: Loaded TP IOSTargetPlatform
[2016.10.09-20.46.15:962][  0]LogTemp:Display: Loaded TP TVOSTargetPlatform
[2016.10.09-20.46.15:974][  0]LogTemp:Display: Loaded TP LinuxNoEditorTargetPlatform
[2016.10.09-20.46.15:983][  0]LogTemp:Display: Loaded TP LinuxServerTargetPlatform
[2016.10.09-20.46.15:999][  0]LogTemp:Display: Loaded TP LinuxTargetPlatform
[2016.10.09-20.46.15:999][  0]LogTargetPlatformManager:Display: Building Assets For Windows
[2016.10.09-20.46.16:408][  0]LogDerivedDataCache:Display: Max Cache Size: 512 MB
[2016.10.09-20.46.16:601][  0]LogDerivedDataCache: Loaded boot cache 0.19s 48MB C:/Users/Conor/AppData/Local/UnrealEngine/4.12/DerivedDataCache/Boot.ddc.
[2016.10.09-20.46.16:602][  0]LogDerivedDataCache:Display: Loaded Boot cache: C:/Users/Conor/AppData/Local/UnrealEngine/4.12/DerivedDataCache/Boot.ddc
[2016.10.09-20.46.16:602][  0]LogDerivedDataCache: FDerivedDataBackendGraph:  Pak pak cache file D:/Repositories/UnrealGameJam/UnrealGameJam/DerivedDataCache/DDC.ddp not found, will not use a pak cache.
[2016.10.09-20.46.16:602][  0]LogDerivedDataCache: Unable to find inner node Pak for hierarchical cache Hierarchy.
[2016.10.09-20.46.16:602][  0]LogDerivedDataCache: FDerivedDataBackendGraph:  CompressedPak pak cache file D:/Repositories/UnrealGameJam/UnrealGameJam/DerivedDataCache/Compressed.ddp not found, will not use a pak cache.
[2016.10.09-20.46.16:602][  0]LogDerivedDataCache: Unable to find inner node CompressedPak for hierarchical cache Hierarchy.
[2016.10.09-20.46.16:634][  0]LogDerivedDataCache:Display: Pak cache opened for reading ../../../Engine/DerivedDataCache/Compressed.ddp.
[2016.10.09-20.46.16:647][  0]LogDerivedDataCache: Using Local data cache path C:/Users/Conor/AppData/Local/UnrealEngine/Common/DerivedDataCache: Writable
[2016.10.09-20.46.19:566][  0]LogInit: Selected Device Profile: [Windows]
[2016.10.09-20.46.19:572][  0]LogContentStreaming: Texture pool size is 0.00 MB
[2016.10.09-20.46.19:988][  0]LogMeshUtilities: No automatic mesh reduction module available
[2016.10.09-20.46.19:988][  0]LogMeshUtilities: No automatic mesh merging module available
[2016.10.09-20.46.19:988][  0]LogMeshUtilities: No distributed automatic mesh merging module available
[2016.10.09-20.46.20:695][  0]LogAssetRegistry: FAssetRegistry took 0.0239 seconds to start up
[2016.10.09-20.46.20:727][  0]LogPackageLocalizationCache: Processed 3 localized package path(s) for 2 prioritized culture(s) in 0.026350 seconds
[2016.10.09-20.46.20:734][  0]LogUObjectArray: 28739 objects as part of root set at end of initial load.
[2016.10.09-20.46.20:734][  0]LogUObjectAllocator: 5855632 out of 0 bytes used by permanent object pool.
[2016.10.09-20.46.20:734][  0]LogUObjectArray: CloseDisregardForGC: 0/0 objects in disregard for GC pool
[2016.10.09-20.46.20:746][  0]LogInit: WinSock: version 1.1 (2.2), MaxSocks=32767, MaxUdp=65467
[2016.10.09-20.46.21:276][  0]LogSlate: SlateFontCache - WITH_FREETYPE: 1, WITH_HARFBUZZ: 1
[2016.10.09-20.46.21:276][  0]LogSlate: SlateFontCache - WITH_FREETYPE: 1, WITH_HARFBUZZ: 1
[2016.10.09-20.46.23:309][  0]LogUdpMessaging: Initializing bridge on interface 0.0.0.0:0 to multicast group 230.0.0.1:6666.
[2016.10.09-20.46.23:746][  0]SourceControl: Info Source control is disabled
[2016.10.09-20.46.23:793][  0]SourceControl: Info Source control is disabled
[2016.10.09-20.46.23:812][  0]SourceControl: Info Source control is disabled
[2016.10.09-20.46.23:824][  0]SourceControl: Info Source control is disabled
[2016.10.09-20.46.24:189][  0]LogEngine: Initializing Engine...
[2016.10.09-20.46.24:216][  0]LogHMD: SteamVR failed to initialize.  Err: 110
[2016.10.09-20.46.24:217][  0]LogHMD: SteamVR failed to initialize.  Err: 110
[2016.10.09-20.46.24:497][  0]LogAIModule: Creating AISystem for world NewWorld
[2016.10.09-20.46.24:525][  0]LogInit: XAudio2 using 'Speakers (2- Logitech G430 Gaming Headset)' : 2 channels at 44.1 kHz using 16 bits per sample (channel mask 0x3)
[2016.10.09-20.46.24:539][  0]LogInit: FAudioDevice initialized.
[2016.10.09-20.46.24:564][  0]LogDerivedDataCache: Saved boot cache 0.02s 48MB C:/Users/Conor/AppData/Local/UnrealEngine/4.12/DerivedDataCache/Boot.ddc.
[2016.10.09-20.46.24:570][  0]LogInit: Texture streaming: Enabled
[2016.10.09-20.46.24:612][  0]LogInit: Transaction tracking system initialized
[2016.10.09-20.46.24:667][  0]BlueprintLog: New page: Editor Load
[2016.10.09-20.46.24:875][  0]LocalizationService: Info Localization service is disabled
[2016.10.09-20.46.24:996][  0]LogConsoleResponse:Display: 
[2016.10.09-20.46.25:377][  0]LogCook:Display: Max memory allowance for cook 8192mb
[2016.10.09-20.46.25:377][  0]LogCook:Display: Mobile HDR setting 1
[2016.10.09-20.46.25:606][  0]LogFileCache: Scanning file cache for directory 'D:/Repositories/UnrealGameJam/UnrealGameJam/Content/' took 0.02s
[2016.10.09-20.46.25:607][  0]SourceControl: Info Source control is disabled
[2016.10.09-20.46.25:609][  0]Cmd: MAP LOAD FILE="D:/Repositories/UnrealGameJam/UnrealGameJam/Content/FirstPersonBP/Maps/FirstPersonExampleMap.umap" TEMPLATE=0 SHOWPROGRESS=1 FEATURELEVEL=3
[2016.10.09-20.46.25:610][  0]LogEditorServer:Warning: Can't find file 'D:/Repositories/UnrealGameJam/UnrealGameJam/Content/FirstPersonBP/Maps/FirstPersonExampleMap.umap'
[2016.10.09-20.46.25:611][  0]Cmd: MAP CHECKDEP NOCLEARLOG
[2016.10.09-20.46.25:651][  0]MapCheck: Info Map check complete: 0 Error(s), 0 Warning(s), took 40.58ms to complete.
[2016.10.09-20.46.25:651][  0]LogFileHelpers: Loading map 'FirstPersonExampleMap' took 0.044
[2016.10.09-20.46.25:870][  0]LogCollectionManager: Loaded 0 collections in 0.002582 seconds
[2016.10.09-20.46.25:930][  0]LogFileCache: Scanning file cache for directory 'D:/Repositories/UnrealGameJam/UnrealGameJam/Saved/Collections/' took 0.01s
[2016.10.09-20.46.25:930][  0]LogFileCache: Scanning file cache for directory 'D:/Repositories/UnrealGameJam/UnrealGameJam/Content/Developers/Conor/Collections/' took 0.01s
[2016.10.09-20.46.25:931][  0]LogFileCache: Scanning file cache for directory 'D:/Repositories/UnrealGameJam/UnrealGameJam/Content/Collections/' took 0.01s
[2016.10.09-20.46.25:931][  0]LogCollectionManager: Rebuilt the GUID cache for 0 collections in 0.000185 seconds
[2016.10.09-20.46.25:941][  0]LogContentBrowser: Native class hierarchy populated in 0.0087 seconds. Added 2047 classes and 369 folders.
[2016.10.09-20.46.25:950][  0]LogStats: UGameplayTagsManager::ConstructGameplayTagTree: Construct from data asset -  0.000 s
[2016.10.09-20.46.25:951][  0]LogStats: UGameplayTagsManager::ConstructGameplayTagTree: GameplayTagTreeChangedEvent.Broadcast -  0.000 s
[2016.10.09-20.46.25:952][  0]LogContentBrowser: Native class hierarchy updated for 'GameplayTags' in 0.0006 seconds. Added 12 classes and 0 folders.
[2016.10.09-20.46.25:959][  0]LogContentBrowser: Native class hierarchy updated for 'WidgetCarousel' in 0.0003 seconds. Added 0 classes and 0 folders.
[2016.10.09-20.46.26:248][  0]LogContentBrowser: Native class hierarchy updated for 'AddContentDialog' in 0.0004 seconds. Added 0 classes and 0 folders.
[2016.10.09-20.46.26:262][  0]LogContentBrowser: Native class hierarchy updated for 'SceneOutliner' in 0.0006 seconds. Added 1 classes and 2 folders.
[2016.10.09-20.46.26:328][  0]LogCrashTracker: Crashtracker disabled due to settings.
[2016.10.09-20.46.26:349][  0]LogUObjectGlobals:Warning: Failed to find object 'Class None.'
[2016.10.09-20.46.26:383][  0]LogContentBrowser: Native class hierarchy updated for 'HierarchicalLODOutliner' in 0.0004 seconds. Added 1 classes and 2 folders.
[2016.10.09-20.46.26:383][  0]LogLoad: Full Startup: 15.50 seconds (BP compile: 0.06 seconds)
[2016.10.09-20.46.26:383][  0]LogExternalProfiler: No external profilers were discovered.  External profiling features will not be available.
[2016.10.09-20.46.26:726][  0]LogOcInput: OculusInput pre-init called
[2016.10.09-20.46.26:772][  0]LogContentStreaming: Texture pool size now 1000 MB
[2016.10.09-20.46.27:106][  2]LogRenderer: Reallocating scene render targets to support 884x476 (Frame:2).
[2016.10.09-20.46.27:417][  2]LogAssetRegistry: Asset discovery search completed in 6.7437 seconds
[2016.10.09-20.46.27:417][  2]LogCollectionManager: Rebuilt the object cache for 0 collections in 0.000001 seconds (found 0 objects)
[2016.10.09-20.46.27:417][  2]LogCollectionManager: Fixed up redirectors for 0 collections in 0.000410 seconds (updated 0 objects)
[2016.10.09-20.46.47:307][ 61]LogRenderer: Reallocating scene render targets to support 884x608 (Frame:5).
[2016.10.09-20.47.06:025][ 44]LogAIModule: Creating AISystem for world Test
[2016.10.09-20.47.06:231][ 44]Cmd: MAP LOAD FILE="D:/Repositories/UnrealGameJam/UnrealGameJam/Content/FirstPersonBP/Maps/Test.umap" TEMPLATE=0 SHOWPROGRESS=1 FEATURELEVEL=3
[2016.10.09-20.47.06:231][ 44]LightingResults: New page: Lighting Build
[2016.10.09-20.47.06:236][ 44]LogContentBrowser: Native class hierarchy updated for 'StatsViewer' in 0.0004 seconds. Added 5 classes and 0 folders.
[2016.10.09-20.47.06:237][ 44]LoadErrors: New page: Loading map: Test.umap
[2016.10.09-20.47.06:240][ 44]MapCheck: New page: Map Check
[2016.10.09-20.47.06:240][ 44]LightingResults: New page: Lighting Build
[2016.10.09-20.47.06:287][ 44]LogEditorServer: Finished looking for orphan Actors (0.000 secs)
[2016.10.09-20.47.06:317][ 44]Cmd: MAP CHECKDEP NOCLEARLOG
[2016.10.09-20.47.06:367][ 44]MapCheck: Info Map check complete: 0 Error(s), 0 Warning(s), took 50.342ms to complete.
[2016.10.09-20.47.06:368][ 44]LogFileHelpers: Loading map 'Test' took 0.140
[2016.10.09-20.47.10:052][440]LogBlueprintUserMessages: Early PlayInEditor Detection: Level '/Game/FirstPersonBP/Maps/Test.Test:PersistentLevel' has LevelScriptBlueprint '/Game/FirstPersonBP/Maps/Test.Test:PersistentLevel.Test' with GeneratedClass '/Game/FirstPersonBP/Maps/Test.Test_C' with ClassGeneratedBy '/Game/FirstPersonBP/Maps/Test.Test:PersistentLevel.Test'
[2016.10.09-20.47.10:052][440]LogPlayLevel: PlayLevel: No blueprints needed recompiling
[2016.10.09-20.47.10:054][440]PIE: New page: PIE session: Test (9 Oct 2016 21:47:10)
[2016.10.09-20.47.10:055][440]LogPlayLevel: Creating play world package: /Game/FirstPersonBP/Maps/UEDPIE_0_Test
[2016.10.09-20.47.10:086][440]LogPlayLevel: PIE: StaticDuplicateObject took: (0.031720s)
[2016.10.09-20.47.10:087][440]LogAIModule: Creating AISystem for world Test
[2016.10.09-20.47.10:087][440]LogPlayLevel: PIE: World Init took: (0.000788s)
[2016.10.09-20.47.10:088][440]LogPlayLevel: PIE: Created PIE world by copying editor world from /Game/FirstPersonBP/Maps/Test.Test to /Game/FirstPersonBP/Maps/UEDPIE_0_Test.Test (0.033666s)
[2016.10.09-20.47.10:109][440]LogInit: XAudio2 using 'Speakers (2- Logitech G430 Gaming Headset)' : 2 channels at 44.1 kHz using 16 bits per sample (channel mask 0x3)
[2016.10.09-20.47.10:118][440]LogInit: FAudioDevice initialized.
[2016.10.09-20.47.10:189][440]LogWorld: Game class is 'FirstPersonGameMode_C'
[2016.10.09-20.47.10:203][440]LogWorld: Bringing World /Game/FirstPersonBP/Maps/UEDPIE_0_Test.Test up for play (max tick rate 0) at 2016.10.09-21.47.10
[2016.10.09-20.47.10:216][440]LogWorld: Bringing up level for play took: 0.019430
[2016.10.09-20.47.10:230][440]LogContentBrowser: Native class hierarchy updated for 'MovieSceneCapture' in 0.0005 seconds. Added 11 classes and 0 folders.
[2016.10.09-20.47.10:232][440]PIE: Info Play in editor start time for /Game/FirstPersonBP/Maps/UEDPIE_0_Test 0.939
[2016.10.09-20.47.10:232][440]LogBlueprintUserMessages: Late PlayInEditor Detection: Level '/Game/FirstPersonBP/Maps/Test.Test:PersistentLevel' has LevelScriptBlueprint '/Game/FirstPersonBP/Maps/Test.Test:PersistentLevel.Test' with GeneratedClass '/Game/FirstPersonBP/Maps/Test.Test_C' with ClassGeneratedBy '/Game/FirstPersonBP/Maps/Test.Test:PersistentLevel.Test'
[2016.10.09-20.47.10:597][475]LogCharacterMovement: AICharacter4 is stuck and failed to move! Velocity: X=-283.208 Y=31.322 Z=0.000 Location: X=51.453 Y=-360.757 Z=268.379 Normal: X=0.667 Y=0.745 Z=0.000 PenetrationDepth:0.000 Actor:AICharacter2 Component:CharacterMesh0 BoneName:hand_l
[2016.10.09-20.47.10:639][480]LogCharacterMovement: AICharacter4 is stuck and failed to move! Velocity: X=-356.964 Y=-32.287 Z=0.000 Location: X=50.023 Y=-350.739 Z=268.379 Normal: X=0.616 Y=0.788 Z=0.000 PenetrationDepth:0.000 Actor:AICharacter2 Component:CharacterMesh0 BoneName:hand_l
[2016.10.09-20.47.10:647][481]LogCharacterMovement: AICharacter4 is stuck and failed to move! Velocity: X=-371.657 Y=-43.497 Z=0.000 Location: X=51.164 Y=-349.530 Z=268.379 Normal: X=0.663 Y=0.749 Z=0.000 PenetrationDepth:0.000 Actor:AICharacter2 Component:CharacterMesh0 BoneName:hand_l
[2016.10.09-20.47.10:731][491]LogCharacterMovement: AICharacter4 is stuck and failed to move! Velocity: X=-180.541 Y=99.945 Z=0.000 Location: X=48.270 Y=-331.676 Z=268.379 Normal: X=0.639 Y=0.707 Z=-0.305 PenetrationDepth:0.000 Actor:AICharacter2 Component:CharacterMesh0 BoneName:hand_l
[2016.10.09-20.47.10:747][493]LogCharacterMovement: AICharacter4 is stuck and failed to move! Velocity: X=-170.148 Y=97.989 Z=0.000 Location: X=49.205 Y=-329.113 Z=268.379 Normal: X=0.769 Y=0.640 Z=0.000 PenetrationDepth:0.000 Actor:AICharacter2 Component:CharacterMesh0 BoneName:hand_l
[2016.10.09-20.47.19:805][572]LogSpawn:Warning: SpawnActor failed because of collision at the spawn location [X=-856.795 Y=-251.284 Z=249.203] for [FirstPersonProjectile_C]
[2016.10.09-20.47.22:080][845]LogBlueprintUserMessages: Early EndPlayMap Detection: Level '/Game/FirstPersonBP/Maps/Test.Test:PersistentLevel' has LevelScriptBlueprint '/Game/FirstPersonBP/Maps/Test.Test:PersistentLevel.Test' with GeneratedClass '/Game/FirstPersonBP/Maps/Test.Test_C' with ClassGeneratedBy '/Game/FirstPersonBP/Maps/Test.Test:PersistentLevel.Test'
[2016.10.09-20.47.22:129][845]LogBlueprintUserMessages: Late EndPlayMap Detection: Level '/Game/FirstPersonBP/Maps/Test.Test:PersistentLevel' has LevelScriptBlueprint '/Game/FirstPersonBP/Maps/Test.Test:PersistentLevel.Test' with GeneratedClass '/Game/FirstPersonBP/Maps/Test.Test_C' with ClassGeneratedBy '/Game/FirstPersonBP/Maps/Test.Test:PersistentLevel.Test'
[2016.10.09-20.48.48:641][135]LogWindowsTextInputMethodSystem:Display: IME system now deactivated.
[2016.10.09-20.48.48:828][136]Cmd: QUIT_EDITOR
[2016.10.09-20.48.49:003][136]LogExit: Preparing to exit.
[2016.10.09-20.48.49:581][136]LogExit: Editor shut down
[2016.10.09-20.48.49:582][136]LogExit: Transaction tracking system shut down
[2016.10.09-20.48.49:761][136]LogObj: Freed 0b from 0 cluster array pools.
[2016.10.09-20.48.49:761][136]LogExit: Object subsystem successfully closed.
[2016.10.09-20.48.49:797][136]LogD3D11RHI: Shutdown
[2016.10.09-20.48.49:797][136]LogD3D11RHI: CleanupD3DDevice
[2016.10.09-20.48.49:875][136]LogD3D11RHI: ~FD3D11DynamicRHI
[2016.10.09-20.48.49:909][136]LogModuleManager: Shutting down and abandoning module MovieSceneCapture (214)
[2016.10.09-20.48.49:909][136]LogModuleManager: Shutting down and abandoning module StatsViewer (213)
[2016.10.09-20.48.49:909][136]LogModuleManager: Shutting down and abandoning module HierarchicalLODOutliner (212)
[2016.10.09-20.48.49:910][136]LogModuleManager: Shutting down and abandoning module CrashTracker (211)
[2016.10.09-20.48.49:910][136]LogModuleManager: Shutting down and abandoning module SceneOutliner (210)
[2016.10.09-20.48.49:910][136]LogModuleManager: Shutting down and abandoning module WidgetCarousel (209)
[2016.10.09-20.48.49:910][136]LogModuleManager: Shutting down and abandoning module AddContentDialog (208)
[2016.10.09-20.48.49:912][136]LogModuleManager: Shutting down and abandoning module GameplayTags (207)
[2016.10.09-20.48.49:912][136]LogModuleManager: Shutting down and abandoning module EditorWidgets (206)
[2016.10.09-20.48.49:912][136]LogModuleManager: Shutting down and abandoning module CollectionManager (205)
[2016.10.09-20.48.49:913][136]LogModuleManager: Shutting down and abandoning module FoliageEdit (204)
[2016.10.09-20.48.49:913][136]LogModuleManager: Shutting down and abandoning module LandscapeEditor (203)
[2016.10.09-20.48.49:914][136]LogModuleManager: Shutting down and abandoning module SceneDepthPickerMode (202)
[2016.10.09-20.48.49:914][136]LogModuleManager: Shutting down and abandoning module ActorPickerMode (201)
[2016.10.09-20.48.49:914][136]LogModuleManager: Shutting down and abandoning module GeometryMode (200)
[2016.10.09-20.48.49:914][136]LogModuleManager: Shutting down and abandoning module TextureAlignMode (199)
[2016.10.09-20.48.49:914][136]LogModuleManager: Shutting down and abandoning module BspMode (198)
[2016.10.09-20.48.49:914][136]LogModuleManager: Shutting down and abandoning module HardwareSurvey (197)
[2016.10.09-20.48.49:914][136]LogModuleManager: Shutting down and abandoning module SequenceRecorderSections (196)
[2016.10.09-20.48.49:915][136]LogModuleManager: Shutting down and abandoning module SequenceRecorder (195)
[2016.10.09-20.48.49:915][136]LogModuleManager: Shutting down and abandoning module AutomationWorker (194)
[2016.10.09-20.48.49:915][136]LogModuleManager: Shutting down and abandoning module MatineeToLevelSequence (193)
[2016.10.09-20.48.49:915][136]LogModuleManager: Shutting down and abandoning module PlacementMode (192)
[2016.10.09-20.48.49:915][136]LogModuleManager: Shutting down and abandoning module LevelSequenceEditor (191)
[2016.10.09-20.48.49:917][136]LogModuleManager: Shutting down and abandoning module CharacterAI (190)
[2016.10.09-20.48.49:917][136]LogModuleManager: Shutting down and abandoning module SmartSnapping (189)
[2016.10.09-20.48.49:917][136]LogModuleManager: Shutting down and abandoning module SessionServices (188)
[2016.10.09-20.48.49:917][136]LogModuleManager: Shutting down and abandoning module ViewportSnapping (187)
[2016.10.09-20.48.49:917][136]LogModuleManager: Shutting down and abandoning module LogVisualizer (186)
[2016.10.09-20.48.49:919][136]LogModuleManager: Shutting down and abandoning module GameProjectGeneration (185)
[2016.10.09-20.48.49:920][136]LogModuleManager: Shutting down and abandoning module IntroTutorials (184)
[2016.10.09-20.48.49:920][136]LogModuleManager: Shutting down and abandoning module EditorLiveStreaming (183)
[2016.10.09-20.48.49:920][136]LogModuleManager: Shutting down and abandoning module IOSPlatformEditor (182)
[2016.10.09-20.48.49:920][136]LogModuleManager: Shutting down and abandoning module HTML5PlatformEditor (181)
[2016.10.09-20.48.49:920][136]LogModuleManager: Shutting down and abandoning module AndroidDeviceDetection (180)
[2016.10.09-20.48.49:973][136]LogModuleManager: Shutting down and abandoning module AndroidPlatformEditor (179)
[2016.10.09-20.48.49:973][136]LogModuleManager: Shutting down and abandoning module IOSRuntimeSettings (178)
[2016.10.09-20.48.49:973][136]LogModuleManager: Shutting down and abandoning module AndroidRuntimeSettings (177)
[2016.10.09-20.48.49:973][136]LogModuleManager: Shutting down and abandoning module MergeActors (176)
[2016.10.09-20.48.49:974][136]LogModuleManager: Shutting down and abandoning module SizeMap (175)
[2016.10.09-20.48.49:974][136]LogModuleManager: Shutting down and abandoning module TreeMap (174)
[2016.10.09-20.48.49:974][136]LogModuleManager: Shutting down and abandoning module ReferenceViewer (173)
[2016.10.09-20.48.49:975][136]LogModuleManager: Shutting down and abandoning module LocalizationService (172)
[2016.10.09-20.48.49:975][136]LogModuleManager: Shutting down and abandoning module LocalizationDashboard (171)
[2016.10.09-20.48.49:976][136]LogModuleManager: Shutting down and abandoning module HardwareTargeting (170)
[2016.10.09-20.48.49:976][136]LogModuleManager: Shutting down and abandoning module DeviceProfileEditor (169)
[2016.10.09-20.48.49:976][136]LogModuleManager: Shutting down and abandoning module UndoHistory (168)
[2016.10.09-20.48.49:976][136]LogModuleManager: Shutting down and abandoning module UserFeedback (167)
[2016.10.09-20.48.49:976][136]LogModuleManager: Shutting down and abandoning module XmlParser (166)
[2016.10.09-20.48.49:976][136]LogModuleManager: Shutting down and abandoning module Blutility (165)
[2016.10.09-20.48.49:977][136]LogModuleManager: Shutting down and abandoning module ProjectTargetPlatformEditor (164)
[2016.10.09-20.48.49:977][136]LogModuleManager: Shutting down and abandoning module ProjectSettingsViewer (163)
[2016.10.09-20.48.49:977][136]LogModuleManager: Shutting down and abandoning module InputBindingEditor (162)
[2016.10.09-20.48.49:977][136]LogModuleManager: Shutting down and abandoning module EditorSettingsViewer (161)
[2016.10.09-20.48.49:978][136]LogModuleManager: Shutting down and abandoning module SettingsEditor (160)
[2016.10.09-20.48.49:978][136]LogModuleManager: Shutting down and abandoning module ProjectLauncher (159)
[2016.10.09-20.48.49:979][136]LogModuleManager: Shutting down and abandoning module SessionFrontend (158)
[2016.10.09-20.48.49:980][136]LogModuleManager: Shutting down and abandoning module ProfilerClient (157)
[2016.10.09-20.48.49:980][136]LogModuleManager: Shutting down and abandoning module TargetDeviceServices (156)
[2016.10.09-20.48.49:980][136]LogModuleManager: Shutting down and abandoning module DeviceManager (155)
[2016.10.09-20.48.50:024][136]LogModuleManager: Shutting down and abandoning module AutomationController (154)
[2016.10.09-20.48.50:025][136]LogModuleManager: Shutting down and abandoning module AutomationWindow (153)
[2016.10.09-20.48.50:026][136]LogModuleManager: Shutting down and abandoning module Layers (152)
[2016.10.09-20.48.50:027][136]LogModuleManager: Shutting down and abandoning module ComponentVisualizers (151)
[2016.10.09-20.48.50:027][136]LogModuleManager: Shutting down and abandoning module DetailCustomizations (150)
[2016.10.09-20.48.50:028][136]LogModuleManager: Shutting down and abandoning module PackagesDialog (149)
[2016.10.09-20.48.50:028][136]LogModuleManager: Shutting down and abandoning module Persona (148)
[2016.10.09-20.48.50:030][136]LogModuleManager: Shutting down and abandoning module Kismet (147)
[2016.10.09-20.48.50:030][136]LogModuleManager: Shutting down and abandoning module GraphEditor (146)
[2016.10.09-20.48.50:032][136]LogModuleManager: Shutting down and abandoning module ClassViewer (145)
[2016.10.09-20.48.50:033][136]LogModuleManager: Shutting down and abandoning module Toolbox (144)
[2016.10.09-20.48.50:033][136]LogModuleManager: Shutting down and abandoning module ModuleUI (143)
[2016.10.09-20.48.50:033][136]LogModuleManager: Shutting down and abandoning module MovieSceneTools (142)
[2016.10.09-20.48.50:034][136]LogModuleManager: Shutting down and abandoning module OutputLog (141)
[2016.10.09-20.48.50:034][136]LogModuleManager: Shutting down and abandoning module GammaUI (140)
[2016.10.09-20.48.50:035][136]LogModuleManager: Shutting down and abandoning module Documentation (139)
[2016.10.09-20.48.50:035][136]LogModuleManager: Shutting down and abandoning module StreamingPauseRendering (138)
[2016.10.09-20.48.50:035][136]LogModuleManager: Shutting down and abandoning module AnalyticsET (137)
[2016.10.09-20.48.50:035][136]LogModuleManager: Shutting down and abandoning module Analytics (136)
[2016.10.09-20.48.50:035][136]LogModuleManager: Shutting down and abandoning module PortalServices (135)
[2016.10.09-20.48.50:035][136]LogModuleManager: Shutting down and abandoning module PortalRpc (134)
[2016.10.09-20.48.50:035][136]LogModuleManager: Shutting down and abandoning module MessagingRpc (133)
[2016.10.09-20.48.50:035][136]LogModuleManager: Shutting down and abandoning module GameplayDebugger (132)
[2016.10.09-20.48.50:035][136]LogModuleManager: Shutting down and abandoning module AITestSuite (131)
[2016.10.09-20.48.50:035][136]LogModuleManager: Shutting down and abandoning module AIModule (130)
[2016.10.09-20.48.50:035][136]LogModuleManager: Shutting down and abandoning module ProfilerService (129)
[2016.10.09-20.48.50:233][136]LogModuleManager: Shutting down and abandoning module TaskGraph (128)
[2016.10.09-20.48.50:235][136]LogModuleManager: Shutting down and abandoning module SlateRemote (127)
[2016.10.09-20.48.50:235][136]LogModuleManager: Shutting down and abandoning module SteamVRController (126)
[2016.10.09-20.48.50:235][136]LogModuleManager: Shutting down and abandoning module SteamVR (125)
[2016.10.09-20.48.50:235][136]LogModuleManager: Shutting down and abandoning module ProceduralMeshComponent (124)
[2016.10.09-20.48.50:235][136]LogModuleManager: Shutting down and abandoning module OculusLibrary (123)
[2016.10.09-20.48.50:235][136]LogModuleManager: Shutting down and abandoning module OculusInput (122)
[2016.10.09-20.48.50:235][136]LogModuleManager: Shutting down and abandoning module CustomMeshComponent (121)
[2016.10.09-20.48.50:235][136]LogModuleManager: Shutting down and abandoning module CableComponent (120)
[2016.10.09-20.48.50:235][136]LogModuleManager: Shutting down and abandoning module ArchVisCharacter (119)
[2016.10.09-20.48.50:235][136]LogModuleManager: Shutting down and abandoning module MediaPlayerEditor (118)
[2016.10.09-20.48.50:236][136]LogModuleManager: Shutting down and abandoning module HTML5Networking (117)
[2016.10.09-20.48.50:236][136]LogModuleManager: Shutting down and abandoning module SuperSearch (116)
[2016.10.09-20.48.50:236][136]LogModuleManager: Shutting down and abandoning module SuperSearchEditor (115)
[2016.10.09-20.48.50:236][136]LogModuleManager: Shutting down and abandoning module SpeedTreeImporter (114)
[2016.10.09-20.48.50:236][136]LogModuleManager: Shutting down and abandoning module PluginBrowser (113)
[2016.10.09-20.48.50:238][136]LogModuleManager: Shutting down and abandoning module EpicSurvey (112)
[2016.10.09-20.48.50:238][136]LogModuleManager: Shutting down and abandoning module DesktopPlatform (111)
[2016.10.09-20.48.50:238][136]LogModuleManager: Shutting down and abandoning module VisualStudioSourceCodeAccess (110)
[2016.10.09-20.48.50:238][136]LogModuleManager: Shutting down and abandoning module UObjectPlugin (109)
[2016.10.09-20.48.50:238][136]LogModuleManager: Shutting down and abandoning module SubversionSourceControl (108)
[2016.10.09-20.48.50:239][136]LogModuleManager: Shutting down and abandoning module PerforceSourceControl (107)
[2016.10.09-20.48.50:240][136]LogModuleManager: Shutting down and abandoning module SourceControl (106)
[2016.10.09-20.48.50:240][136]LogModuleManager: Shutting down and abandoning module GitSourceControl (105)
[2016.10.09-20.48.50:241][136]LogModuleManager: Shutting down and abandoning module LightPropagationVolumeEditor (104)
[2016.10.09-20.48.50:241][136]LogModuleManager: Shutting down and abandoning module PaperTiledImporter (103)
[2016.10.09-20.48.50:241][136]LogModuleManager: Shutting down and abandoning module PaperSpriteSheetImporter (102)
[2016.10.09-20.48.50:241][136]LogModuleManager: Shutting down and abandoning module MeshPaint (101)
[2016.10.09-20.48.50:242][136]LogModuleManager: Shutting down and abandoning module PixelInspectorModule (100)
[2016.10.09-20.48.50:242][136]LogModuleManager: Shutting down and abandoning module HotReload (99)
[2016.10.09-20.48.50:243][136]LogModuleManager: Shutting down and abandoning module MainFrame (98)
[2016.10.09-20.48.50:243][136]LogModuleManager: Shutting down and abandoning module LevelEditor (97)
[2016.10.09-20.48.50:244][136]LogModuleManager: Shutting down and abandoning module ContentBrowser (96)
[2016.10.09-20.48.50:245][136]LogModuleManager: Shutting down and abandoning module Paper2DEditor (95)
[2016.10.09-20.48.50:246][136]LogModuleManager: Shutting down and abandoning module UdpMessaging (94)
[2016.10.09-20.48.50:347][136]LogModuleManager: Shutting down and abandoning module LightPropagationVolumeRuntime (93)
[2016.10.09-20.48.50:347][136]LogModuleManager: Shutting down and abandoning module Paper2D (92)
[2016.10.09-20.48.50:347][136]LogModuleManager: Shutting down and abandoning module WindowsMoviePlayer (91)
[2016.10.09-20.48.50:347][136]LogModuleManager: Shutting down and abandoning module Media (90)
[2016.10.09-20.48.50:347][136]LogModuleManager: Shutting down and abandoning module WmfMedia (89)
[2016.10.09-20.48.50:348][136]LogModuleManager: Shutting down and abandoning module MediaAssets (88)
[2016.10.09-20.48.50:348][136]LogModuleManager: Shutting down and abandoning module GameLiveStreaming (87)
[2016.10.09-20.48.50:348][136]LogModuleManager: Shutting down and abandoning module GameplayTagsEditor (86)
[2016.10.09-20.48.50:348][136]LogModuleManager: Shutting down and abandoning module OnlineBlueprintSupport (85)
[2016.10.09-20.48.50:348][136]LogModuleManager: Shutting down and abandoning module VREditor (84)
[2016.10.09-20.48.50:348][136]LogModuleManager: Shutting down and abandoning module GameplayTasksEditor (83)
[2016.10.09-20.48.50:348][136]LogModuleManager: Shutting down and abandoning module PropertyEditor (82)
[2016.10.09-20.48.50:349][136]LogModuleManager: Shutting down and abandoning module BehaviorTreeEditor (81)
[2016.10.09-20.48.50:350][136]LogModuleManager: Shutting down and abandoning module FunctionalTesting (80)
[2016.10.09-20.48.50:350][136]LogModuleManager: Shutting down and abandoning module CollisionAnalyzer (79)
[2016.10.09-20.48.50:351][136]LogModuleManager: Shutting down and abandoning module Sequencer (78)
[2016.10.09-20.48.50:352][136]LogModuleManager: Shutting down and abandoning module WorkspaceMenuStructure (77)
[2016.10.09-20.48.50:352][136]LogModuleManager: Shutting down and abandoning module MessageLog (76)
[2016.10.09-20.48.50:352][136]LogModuleManager: Shutting down and abandoning module AssetTools (75)
[2016.10.09-20.48.50:354][136]LogModuleManager: Shutting down and abandoning module UMGEditor (74)
[2016.10.09-20.48.50:355][136]LogModuleManager: Shutting down and abandoning module UMG (73)
[2016.10.09-20.48.50:356][136]LogModuleManager: Shutting down and abandoning module SlateReflector (72)
[2016.10.09-20.48.50:358][136]LogModuleManager: Shutting down and abandoning module Slate (71)
[2016.10.09-20.48.50:358][136]LogModuleManager: Shutting down and abandoning module EditorStyle (70)
[2016.10.09-20.48.50:361][136]LogModuleManager: Shutting down and abandoning module SourceCodeAccess (69)
[2016.10.09-20.48.50:361][136]LogModuleManager: Shutting down and abandoning module HeadMountedDisplay (68)
[2016.10.09-20.48.50:361][136]LogModuleManager: Shutting down and abandoning module XAudio2 (67)
[2016.10.09-20.48.50:361][136]LogModuleManager: Shutting down and abandoning module Networking (65)
[2016.10.09-20.48.50:361][136]LogModuleManager: Shutting down and abandoning module Core (64)
[2016.10.09-20.48.50:361][136]LogModuleManager: Shutting down and abandoning module DirectoryWatcher (63)
[2016.10.09-20.48.50:363][136]LogModuleManager: Shutting down and abandoning module AssetRegistry (62)
[2016.10.09-20.48.50:513][136]LogModuleManager: Shutting down and abandoning module KismetCompiler (61)
[2016.10.09-20.48.50:514][136]LogModuleManager: Shutting down and abandoning module PhysXFormats (60)
[2016.10.09-20.48.50:514][136]LogModuleManager: Shutting down and abandoning module MeshUtilities (59)
[2016.10.09-20.48.50:514][136]LogModuleManager: Shutting down and abandoning module DerivedDataCache (58)
[2016.10.09-20.48.50:547][136]LogDerivedDataCache: Shutdown
[2016.10.09-20.48.50:547][136]LogModuleManager: Shutting down and abandoning module VulkanShaderFormat (57)
[2016.10.09-20.48.50:548][136]LogModuleManager: Shutting down and abandoning module ShaderFormatOpenGL (56)
[2016.10.09-20.48.50:548][136]LogModuleManager: Shutting down and abandoning module ShaderFormatD3D (55)
[2016.10.09-20.48.50:548][136]LogModuleManager: Shutting down and abandoning module MetalShaderFormat (54)
[2016.10.09-20.48.50:548][136]LogModuleManager: Shutting down and abandoning module TextureFormatUncompressed (53)
[2016.10.09-20.48.50:548][136]LogModuleManager: Shutting down and abandoning module TextureFormatPVR (52)
[2016.10.09-20.48.50:549][136]LogModuleManager: Shutting down and abandoning module TextureFormatIntelISPCTexComp (51)
[2016.10.09-20.48.50:549][136]LogModuleManager: Shutting down and abandoning module TextureFormatDXT (50)
[2016.10.09-20.48.50:549][136]LogModuleManager: Shutting down and abandoning module ImageWrapper (49)
[2016.10.09-20.48.50:549][136]LogModuleManager: Shutting down and abandoning module TextureFormatASTC (48)
[2016.10.09-20.48.50:549][136]LogModuleManager: Shutting down and abandoning module TextureFormatAndroid (47)
[2016.10.09-20.48.50:549][136]LogModuleManager: Shutting down and abandoning module AudioFormatOpus (46)
[2016.10.09-20.48.50:549][136]LogModuleManager: Shutting down and abandoning module AudioFormatOgg (45)
[2016.10.09-20.48.50:549][136]LogModuleManager: Shutting down and abandoning module AudioFormatADPCM (44)
[2016.10.09-20.48.50:549][136]LogModuleManager: Shutting down and abandoning module LinuxTargetPlatform (43)
[2016.10.09-20.48.50:549][136]LogModuleManager: Shutting down and abandoning module LinuxServerTargetPlatform (42)
[2016.10.09-20.48.50:549][136]LogModuleManager: Shutting down and abandoning module LinuxNoEditorTargetPlatform (41)
[2016.10.09-20.48.50:549][136]LogModuleManager: Shutting down and abandoning module TVOSTargetPlatform (40)
[2016.10.09-20.48.50:549][136]LogModuleManager: Shutting down and abandoning module Messaging (39)
[2016.10.09-20.48.50:549][136]LogModuleManager: Shutting down and abandoning module IOSTargetPlatform (38)
[2016.10.09-20.48.50:549][136]LogModuleManager: Shutting down and abandoning module HTML5TargetPlatform (37)
[2016.10.09-20.48.50:549][136]LogModuleManager: Shutting down and abandoning module Android_PVRTCTargetPlatform (36)
[2016.10.09-20.48.50:549][136]LogModuleManager: Shutting down and abandoning module Android_MultiTargetPlatform (35)
[2016.10.09-20.48.50:549][136]LogModuleManager: Shutting down and abandoning module Android_ETC2TargetPlatform (34)
[2016.10.09-20.48.50:549][136]LogModuleManager: Shutting down and abandoning module Android_ETC1TargetPlatform (33)
[2016.10.09-20.48.50:549][136]LogModuleManager: Shutting down and abandoning module Android_DXTTargetPlatform (32)
[2016.10.09-20.48.50:550][136]LogModuleManager: Shutting down and abandoning module Android_ATCTargetPlatform (31)
[2016.10.09-20.48.50:550][136]LogModuleManager: Shutting down and abandoning module Android_ASTCTargetPlatform (30)
[2016.10.09-20.48.50:550][136]LogModuleManager: Shutting down and abandoning module AndroidTargetPlatform (29)
[2016.10.09-20.48.50:550][136]LogModuleManager: Shutting down and abandoning module WindowsTargetPlatform (28)
[2016.10.09-20.48.50:550][136]LogModuleManager: Shutting down and abandoning module WindowsServerTargetPlatform (27)
[2016.10.09-20.48.50:550][136]LogModuleManager: Shutting down and abandoning module WindowsNoEditorTargetPlatform (26)
[2016.10.09-20.48.50:550][136]LogModuleManager: Shutting down and abandoning module WindowsClientTargetPlatform (25)
[2016.10.09-20.48.50:550][136]LogModuleManager: Shutting down and abandoning module AllDesktopTargetPlatform (24)
[2016.10.09-20.48.50:550][136]LogModuleManager: Shutting down and abandoning module TargetPlatform (23)
[2016.10.09-20.48.50:550][136]LogModuleManager: Shutting down and abandoning module InputCore (22)
[2016.10.09-20.48.50:550][136]LogModuleManager: Shutting down and abandoning module Settings (21)
[2016.10.09-20.48.50:550][136]LogModuleManager: Shutting down and abandoning module OnlineSubsystem (19)
[2016.10.09-20.48.50:550][136]LogModuleManager: Shutting down and abandoning module HTTP (18)
[2016.10.09-20.48.53:556][136]LogModuleManager: Shutting down and abandoning module XMPP (17)
[2016.10.09-20.48.53:557][136]LogModuleManager: Shutting down and abandoning module OculusRift (16)
[2016.10.09-20.48.53:558][136]LogModuleManager: Shutting down and abandoning module ExampleDeviceProfileSelector (15)
[2016.10.09-20.48.53:558][136]LogModuleManager: Shutting down and abandoning module TextureCompressor (14)
[2016.10.09-20.48.53:558][136]LogModuleManager: Shutting down and abandoning module ShaderCore (13)
[2016.10.09-20.48.53:558][136]LogModuleManager: Shutting down and abandoning module Landscape (12)
[2016.10.09-20.48.53:558][136]LogModuleManager: Shutting down and abandoning module SlateRHIRenderer (11)
[2016.10.09-20.48.53:559][136]LogModuleManager: Shutting down and abandoning module OpenGLDrv (10)
[2016.10.09-20.48.53:560][136]LogModuleManager: Shutting down and abandoning module D3D11RHI (9)
[2016.10.09-20.48.53:560][136]LogModuleManager: Shutting down and abandoning module AnimGraphRuntime (8)
[2016.10.09-20.48.53:560][136]LogModuleManager: Shutting down and abandoning module Renderer (7)
[2016.10.09-20.48.53:560][136]LogModuleManager: Shutting down and abandoning module Engine (6)
[2016.10.09-20.48.53:560][136]LogModuleManager: Shutting down and abandoning module CoreUObject (5)
[2016.10.09-20.48.53:560][136]LogModuleManager: Shutting down and abandoning module NetworkFile (4)
[2016.10.09-20.48.53:560][136]LogModuleManager: Shutting down and abandoning module StreamingFile (3)
[2016.10.09-20.48.53:560][136]LogModuleManager: Shutting down and abandoning module SandboxFile (2)
[2016.10.09-20.48.53:560][136]LogModuleManager: Shutting down and abandoning module PakFile (1)
[2016.10.09-20.48.53:563][136]LogExit: Exiting.
[2016.10.09-20.48.53:568][136]Log file closed, 10/09/16 21:48:53
