Log file open, 10/09/16 23:06:20
LogInit:Display: Running engine for game: UnrealGameJam
LogPlatformFile: Not using cached read wrapper
LogInit:Display: RandInit(-378871390) SRandInit(-378871389).
LogTaskGraph: Started task graph with 4 named threads and 7 total threads with 1 sets of task threads.
LogStats: Stats thread started at 0.079875
LogInit: Version: 4.12.5-3039270+++UE4+Release-4.12
LogInit: API Version: 2992821
LogInit: Net Version: 3039270
LogDevObjectVersion: Number of dev versions registered: 13
LogDevObjectVersion:   Dev-Blueprints (B0D832E4-1F89-4F0D-ACCF-7EB736FD4AA2): 3
LogDevObjectVersion:   Dev-Build (E1C64328-A22C-4D53-A36C-8E866417BD8C): 0
LogDevObjectVersion:   Dev-Core (375EC13C-06E4-48FB-B500-84F0262A717E): 1
LogDevObjectVersion:   Dev-Editor (E4B068ED-F494-42E9-A231-DA0B2E46BB41): 2
LogDevObjectVersion:   Dev-Framework (CFFC743F-43B0-4480-9391-14DF171D2073): 6
LogDevObjectVersion:   Dev-Mobile (B02B49B5-BB20-44E9-A304-32B752E40360): 0
LogDevObjectVersion:   Dev-Networking (A4E4105C-59A1-49B5-A7C5-40C4547EDFEE): 0
LogDevObjectVersion:   Dev-Online (39C831C9-5AE6-47DC-9A44-9C173E1C8E7C): 0
LogDevObjectVersion:   Dev-Physics (78F01B33-EBEA-4F98-B9B4-84EACCB95AA2): 0
LogDevObjectVersion:   Dev-Platform (6631380F-2D4D-43E0-8009-CF276956A95A): 0
LogDevObjectVersion:   Dev-Rendering (12F88B9F-8875-4AFC-A67C-D90C383ABD29): 2
LogDevObjectVersion:   Dev-Sequencer (7B5AE74C-D270-4C10-A958-57980B212A5A): 0
LogDevObjectVersion:   Dev-VR (D7296918-1DD6-4BDD-9DE2-64A83CC13884): 0
LogInit: Compiled (64-bit): Jul  6 2016 09:09:46
LogInit: Compiled with Visual C++: 19.00.23026.00
LogInit: Build Configuration: Development
LogInit: Branch Name: ++UE4+Release-4.12
LogInit: Command line:  
LogInit: Base directory: C:/Program Files/Epic Games/4.12/Engine/Binaries/Win64/
LogInit: Installed Engine Build: 1
LogInit: Using libcurl 7.41.0
LogInit:  - built for x86_64-pc-win32
LogInit:  - supports SSL with WinSSL
LogInit:  - other features:
LogInit:      CURL_VERSION_SSL
LogInit:      CURL_VERSION_IPV6
LogInit:      CURL_VERSION_ASYNCHDNS
LogInit:      CURL_VERSION_LARGEFILE
LogInit:      CURL_VERSION_IDN
LogInit:  CurlRequestOptions (configurable via config and command line):
LogInit:  - bVerifyPeer = true  - Libcurl will verify peer certificate
LogInit:  - bUseHttpProxy = false  - Libcurl will NOT use HTTP proxy
LogInit:  - bDontReuseConnections = false  - Libcurl will reuse connections
LogInit:  - CertBundlePath = nullptr  - Libcurl will use whatever was configured at build time.
LogInit: Presizing for max 8388607 objects, including 0 objects not considered by GC, pre-allocating 0 bytes for permanent pool.
LogInit: Object subsystem initialized
[2016.10.09-22.06.20:129][  0]LogInit: Selected Device Profile: [Windows]
[2016.10.09-22.06.20:129][  0]LogInit: Applying CVar settings loaded from the selected device profile: [Windows]
[2016.10.09-22.06.20:142][  0]LogInit: Computer: GORDON-PC
[2016.10.09-22.06.20:142][  0]LogInit: User: Gordon
[2016.10.09-22.06.20:142][  0]LogInit: CPU Page size=65536, Cores=4
[2016.10.09-22.06.20:142][  0]LogInit: High frequency timer resolution =4.199531 MHz
[2016.10.09-22.06.20:142][  0]LogMemory: Memory total: Physical=16.0GB (16GB approx)
[2016.10.09-22.06.20:142][  0]LogMemory: Platform Memory Stats for Windows
[2016.10.09-22.06.20:142][  0]LogMemory: Process Physical Memory: 191.82 MB used, 191.82 MB peak
[2016.10.09-22.06.20:142][  0]LogMemory: Process Virtual Memory: 196.91 MB used, 196.91 MB peak
[2016.10.09-22.06.20:142][  0]LogMemory: Physical Memory: 3453.43 MB used, 16379.57 MB total
[2016.10.09-22.06.20:142][  0]LogMemory: Virtual Memory: 522.38 MB used, 8388608.00 MB total
[2016.10.09-22.06.20:196][  0]LogTextLocalizationManager: No specific translations for ('en-GB') exist, so ('en') translations will be used.
[2016.10.09-22.06.20:666][  0]LogD3D11RHI: D3D11 adapters:
[2016.10.09-22.06.21:181][  0]LogD3D11RHI:    0. 'NVIDIA GeForce GTX 970' (Feature Level 11_0)
[2016.10.09-22.06.21:181][  0]LogD3D11RHI:       4007/0/7933 MB DedicatedVideo/DedicatedSystem/SharedSystem, Outputs:2, VendorId:0x10de
[2016.10.09-22.06.21:182][  0]LogD3D11RHI: Chosen D3D11 Adapter: 0
[2016.10.09-22.06.21:190][  0]LogD3D11RHI: Creating new Direct3DDevice
[2016.10.09-22.06.21:190][  0]LogD3D11RHI:     GPU DeviceId: 0x13c2 (for the marketing name, search the web for "GPU Device Id")
[2016.10.09-22.06.21:190][  0]LogWindows: EnumDisplayDevices:
[2016.10.09-22.06.21:191][  0]LogWindows:    0. 'NVIDIA GeForce GTX 970' (P:1 D:1)
[2016.10.09-22.06.21:191][  0]LogWindows:    1. 'NVIDIA GeForce GTX 970' (P:0 D:1)
[2016.10.09-22.06.21:191][  0]LogWindows:    2. 'NVIDIA GeForce GTX 970' (P:0 D:0)
[2016.10.09-22.06.21:192][  0]LogWindows:    3. 'NVIDIA GeForce GTX 970' (P:0 D:0)
[2016.10.09-22.06.21:192][  0]LogWindows:    4. 'RDPDD Chained DD' (P:0 D:0)
[2016.10.09-22.06.21:192][  0]LogWindows:    5. 'RDP Encoder Mirror Driver' (P:0 D:0)
[2016.10.09-22.06.21:192][  0]LogWindows:    6. 'RDP Reflector Display Driver' (P:0 D:0)
[2016.10.09-22.06.21:192][  0]LogWindows: DebugString: GetVideoDriverDetailsInvalid PrimaryIsNotTheChoosenAdapter GetVideoDriverDetailsInvalid PrimaryIsNotTheChoosenAdapter GetVideoDriverDetailsInvalid PrimaryIsNotTheChoosenAdapter FoundDriverCount:4 
[2016.10.09-22.06.21:192][  0]LogD3D11RHI:     Adapter Name: NVIDIA GeForce GTX 970
[2016.10.09-22.06.21:192][  0]LogD3D11RHI:   Driver Version: 372.90 (internal:21.21.13.7290, unified:372.90)
[2016.10.09-22.06.21:192][  0]LogD3D11RHI:      Driver Date: 9-16-2016
[2016.10.09-22.06.21:192][  0]LogRHI: Texture pool is 1361 MB (70% of 1945 MB)
[2016.10.09-22.06.21:665][  0]LogD3D11RHI: Async texture creation enabled
[2016.10.09-22.06.21:717][  0]LogD3D11RHI: GPU Timing Frequency: 1000.000000 (Debug: 2 2)
[2016.10.09-22.06.21:717][  0]LogShaderCompilers: Guid format shader working directory is 3 characters bigger than the processId version (D:/UnrealGameJam/UnrealGameJam/UnrealGameJam/Intermediate/Shaders/WorkingDirectory/5324/).
[2016.10.09-22.06.21:717][  0]LogShaderCompilers: Cleaned the shader compiler working directory 'C:/Users/Gordon/AppData/Local/Temp/UnrealShaderWorkingDir/2B24F8654F40D601F4B0ADA9EAD524AE/'.
[2016.10.09-22.06.21:717][  0]LogShaderCompilers:Display: Using Local Shader Compiler.
[2016.10.09-22.06.23:248][  0]LogTemp:Display: Loaded TP AllDesktopTargetPlatform
[2016.10.09-22.06.23:262][  0]LogTemp:Display: Loaded TP WindowsClientTargetPlatform
[2016.10.09-22.06.23:276][  0]LogTemp:Display: Loaded TP WindowsNoEditorTargetPlatform
[2016.10.09-22.06.23:290][  0]LogTemp:Display: Loaded TP WindowsServerTargetPlatform
[2016.10.09-22.06.23:304][  0]LogTemp:Display: Loaded TP WindowsTargetPlatform
[2016.10.09-22.06.23:314][  0]LogTemp:Display: Loaded TP AndroidTargetPlatform
[2016.10.09-22.06.23:323][  0]LogTemp:Display: Loaded TP Android_ASTCTargetPlatform
[2016.10.09-22.06.23:338][  0]LogTemp:Display: Loaded TP Android_ATCTargetPlatform
[2016.10.09-22.06.23:349][  0]LogTemp:Display: Loaded TP Android_DXTTargetPlatform
[2016.10.09-22.06.23:362][  0]LogTemp:Display: Loaded TP Android_ETC1TargetPlatform
[2016.10.09-22.06.23:375][  0]LogTemp:Display: Loaded TP Android_ETC2TargetPlatform
[2016.10.09-22.06.23:396][  0]LogTemp:Display: Loaded TP Android_MultiTargetPlatform
[2016.10.09-22.06.23:396][  0]LogTemp:Display: Loaded TP Android_PVRTCTargetPlatform
[2016.10.09-22.06.23:398][  0]LogTemp:Display: Loaded TP HTML5TargetPlatform
[2016.10.09-22.06.23:423][  0]LogTemp:Display: Loaded TP IOSTargetPlatform
[2016.10.09-22.06.23:432][  0]LogTemp:Display: Loaded TP TVOSTargetPlatform
[2016.10.09-22.06.23:441][  0]LogTemp:Display: Loaded TP LinuxNoEditorTargetPlatform
[2016.10.09-22.06.23:453][  0]LogTemp:Display: Loaded TP LinuxServerTargetPlatform
[2016.10.09-22.06.23:465][  0]LogTemp:Display: Loaded TP LinuxTargetPlatform
[2016.10.09-22.06.23:465][  0]LogTargetPlatformManager:Display: Building Assets For Windows
[2016.10.09-22.06.23:573][  0]LogDerivedDataCache:Display: Max Cache Size: 512 MB
[2016.10.09-22.06.23:647][  0]LogDerivedDataCache: Loaded boot cache 0.07s 48MB C:/Users/Gordon/AppData/Local/UnrealEngine/4.12/DerivedDataCache/Boot.ddc.
[2016.10.09-22.06.23:647][  0]LogDerivedDataCache:Display: Loaded Boot cache: C:/Users/Gordon/AppData/Local/UnrealEngine/4.12/DerivedDataCache/Boot.ddc
[2016.10.09-22.06.23:648][  0]LogDerivedDataCache: FDerivedDataBackendGraph:  Pak pak cache file D:/UnrealGameJam/UnrealGameJam/UnrealGameJam/DerivedDataCache/DDC.ddp not found, will not use a pak cache.
[2016.10.09-22.06.23:648][  0]LogDerivedDataCache: Unable to find inner node Pak for hierarchical cache Hierarchy.
[2016.10.09-22.06.23:648][  0]LogDerivedDataCache: FDerivedDataBackendGraph:  CompressedPak pak cache file D:/UnrealGameJam/UnrealGameJam/UnrealGameJam/DerivedDataCache/Compressed.ddp not found, will not use a pak cache.
[2016.10.09-22.06.23:648][  0]LogDerivedDataCache: Unable to find inner node CompressedPak for hierarchical cache Hierarchy.
[2016.10.09-22.06.23:678][  0]LogDerivedDataCache:Display: Pak cache opened for reading ../../../Engine/DerivedDataCache/Compressed.ddp.
[2016.10.09-22.06.23:690][  0]LogDerivedDataCache: Using Local data cache path C:/Users/Gordon/AppData/Local/UnrealEngine/Common/DerivedDataCache: Writable
[2016.10.09-22.06.23:959][  0]LogInit: Selected Device Profile: [Windows]
[2016.10.09-22.06.23:961][  0]LogContentStreaming: Texture pool size is 0.00 MB
[2016.10.09-22.06.24:151][  0]LogMeshUtilities: No automatic mesh reduction module available
[2016.10.09-22.06.24:151][  0]LogMeshUtilities: No automatic mesh merging module available
[2016.10.09-22.06.24:151][  0]LogMeshUtilities: No distributed automatic mesh merging module available
[2016.10.09-22.06.24:493][  0]LogAssetRegistry: FAssetRegistry took 0.0198 seconds to start up
[2016.10.09-22.06.24:516][  0]LogPackageLocalizationCache: Processed 3 localized package path(s) for 2 prioritized culture(s) in 0.019979 seconds
[2016.10.09-22.06.24:523][  0]LogUObjectArray: 28739 objects as part of root set at end of initial load.
[2016.10.09-22.06.24:523][  0]LogUObjectAllocator: 5855624 out of 0 bytes used by permanent object pool.
[2016.10.09-22.06.24:523][  0]LogUObjectArray: CloseDisregardForGC: 0/0 objects in disregard for GC pool
[2016.10.09-22.06.24:536][  0]LogInit: WinSock: version 1.1 (2.2), MaxSocks=32767, MaxUdp=65467
[2016.10.09-22.06.24:777][  0]LogSlate: SlateFontCache - WITH_FREETYPE: 1, WITH_HARFBUZZ: 1
[2016.10.09-22.06.24:777][  0]LogSlate: SlateFontCache - WITH_FREETYPE: 1, WITH_HARFBUZZ: 1
[2016.10.09-22.06.25:992][  0]LogUdpMessaging: Initializing bridge on interface 0.0.0.0:0 to multicast group 230.0.0.1:6666.
[2016.10.09-22.06.26:233][  0]SourceControl: Info Source control is disabled
[2016.10.09-22.06.26:720][  0]SourceControl: Info Source control is disabled
[2016.10.09-22.06.26:732][  0]SourceControl: Info Source control is disabled
[2016.10.09-22.06.26:743][  0]SourceControl: Info Source control is disabled
[2016.10.09-22.06.27:006][  0]LogEngine: Initializing Engine...
[2016.10.09-22.06.27:007][  0]LogHMD: SteamVR failed to initialize.  Err: 110
[2016.10.09-22.06.27:008][  0]LogHMD: SteamVR failed to initialize.  Err: 110
[2016.10.09-22.06.27:165][  0]LogAIModule: Creating AISystem for world NewWorld
[2016.10.09-22.06.27:184][  0]LogInit: XAudio2 using 'Headset Earphone (Razer Kraken 7.1 Chroma)' : 2 channels at 44.1 kHz using 16 bits per sample (channel mask 0x3)
[2016.10.09-22.06.27:230][  0]LogInit: FAudioDevice initialized.
[2016.10.09-22.06.27:267][  0]LogDerivedDataCache: Saved boot cache 0.04s 48MB C:/Users/Gordon/AppData/Local/UnrealEngine/4.12/DerivedDataCache/Boot.ddc.
[2016.10.09-22.06.27:277][  0]LogInit: Texture streaming: Enabled
[2016.10.09-22.06.27:715][  0]LogInit: Transaction tracking system initialized
[2016.10.09-22.06.27:743][  0]BlueprintLog: New page: Editor Load
[2016.10.09-22.06.27:829][  0]LocalizationService: Info Localization service is disabled
[2016.10.09-22.06.27:903][  0]LogConsoleResponse:Display: 
[2016.10.09-22.06.28:061][  0]LogCook:Display: Max memory allowance for cook 8192mb
[2016.10.09-22.06.28:061][  0]LogCook:Display: Mobile HDR setting 1
[2016.10.09-22.06.28:120][  0]LogFileCache: Scanning file cache for directory 'D:/UnrealGameJam/UnrealGameJam/UnrealGameJam/Content/' took 0.02s
[2016.10.09-22.06.28:229][  0]SourceControl: Info Source control is disabled
[2016.10.09-22.06.28:229][  0]Cmd: MAP LOAD FILE="D:/UnrealGameJam/UnrealGameJam/UnrealGameJam/Content/FirstPersonBP/Maps/FirstPersonExampleMap.umap" TEMPLATE=0 SHOWPROGRESS=1 FEATURELEVEL=3
[2016.10.09-22.06.28:230][  0]LogEditorServer:Warning: Can't find file 'D:/UnrealGameJam/UnrealGameJam/UnrealGameJam/Content/FirstPersonBP/Maps/FirstPersonExampleMap.umap'
[2016.10.09-22.06.28:230][  0]Cmd: MAP CHECKDEP NOCLEARLOG
[2016.10.09-22.06.28:356][  0]MapCheck: Info Map check complete: 0 Error(s), 0 Warning(s), took 126.11ms to complete.
[2016.10.09-22.06.28:356][  0]LogFileHelpers: Loading map 'FirstPersonExampleMap' took 0.127
[2016.10.09-22.06.28:569][  0]LogCollectionManager: Loaded 0 collections in 0.002210 seconds
[2016.10.09-22.06.28:622][  0]LogFileCache: Scanning file cache for directory 'D:/UnrealGameJam/UnrealGameJam/UnrealGameJam/Saved/Collections/' took 0.01s
[2016.10.09-22.06.28:622][  0]LogFileCache: Scanning file cache for directory 'D:/UnrealGameJam/UnrealGameJam/UnrealGameJam/Content/Developers/Gordon/Collections/' took 0.01s
[2016.10.09-22.06.28:622][  0]LogFileCache: Scanning file cache for directory 'D:/UnrealGameJam/UnrealGameJam/UnrealGameJam/Content/Collections/' took 0.01s
[2016.10.09-22.06.28:622][  0]LogCollectionManager: Rebuilt the GUID cache for 0 collections in 0.000003 seconds
[2016.10.09-22.06.28:636][  0]LogContentBrowser: Native class hierarchy populated in 0.0137 seconds. Added 2047 classes and 369 folders.
[2016.10.09-22.06.28:643][  0]LogStats: UGameplayTagsManager::ConstructGameplayTagTree: Construct from data asset -  0.000 s
[2016.10.09-22.06.28:643][  0]LogStats: UGameplayTagsManager::ConstructGameplayTagTree: GameplayTagTreeChangedEvent.Broadcast -  0.000 s
[2016.10.09-22.06.28:644][  0]LogContentBrowser: Native class hierarchy updated for 'GameplayTags' in 0.0005 seconds. Added 12 classes and 0 folders.
[2016.10.09-22.06.28:653][  0]LogContentBrowser: Native class hierarchy updated for 'WidgetCarousel' in 0.0004 seconds. Added 0 classes and 0 folders.
[2016.10.09-22.06.28:789][  0]LogContentBrowser: Native class hierarchy updated for 'AddContentDialog' in 0.0005 seconds. Added 0 classes and 0 folders.
[2016.10.09-22.06.28:797][  0]LogContentBrowser: Native class hierarchy updated for 'SceneOutliner' in 0.0021 seconds. Added 1 classes and 2 folders.
[2016.10.09-22.06.28:867][  0]LogCrashTracker: Crashtracker disabled due to settings.
[2016.10.09-22.06.28:874][  0]LogUObjectGlobals:Warning: Failed to find object 'Class None.'
[2016.10.09-22.06.28:899][  0]LogContentBrowser: Native class hierarchy updated for 'HierarchicalLODOutliner' in 0.0005 seconds. Added 1 classes and 2 folders.
[2016.10.09-22.06.28:899][  0]LogLoad: Full Startup: 9.64 seconds (BP compile: 0.00 seconds)
[2016.10.09-22.06.28:899][  0]LogExternalProfiler: Found external profiler: VSPerf
[2016.10.09-22.06.28:899][  0]LogExternalProfiler: Using external profiler: VSPerf
[2016.10.09-22.06.28:908][  0]LogOcInput: OculusInput pre-init called
[2016.10.09-22.06.28:932][  0]LogContentStreaming: Texture pool size now 1000 MB
[2016.10.09-22.06.29:160][  0]LogRenderer: Reallocating scene render targets to support 1208x620 (Frame:2).
[2016.10.09-22.06.29:330][  3]LogAssetRegistry: Asset discovery search completed in 4.8569 seconds
[2016.10.09-22.06.29:330][  3]LogCollectionManager: Rebuilt the object cache for 0 collections in 0.000000 seconds (found 0 objects)
[2016.10.09-22.06.29:330][  3]LogCollectionManager: Fixed up redirectors for 0 collections in 0.000031 seconds (updated 0 objects)
[2016.10.09-22.06.41:075][197]LogAIModule: Creating AISystem for world ArenaMap
[2016.10.09-22.06.41:156][197]Cmd: MAP LOAD FILE="D:/UnrealGameJam/UnrealGameJam/UnrealGameJam/Content/ArenaMap/ArenaMap.umap" TEMPLATE=0 SHOWPROGRESS=1 FEATURELEVEL=3
[2016.10.09-22.06.41:156][197]LightingResults: New page: Lighting Build
[2016.10.09-22.06.41:159][197]LogContentBrowser: Native class hierarchy updated for 'StatsViewer' in 0.0005 seconds. Added 5 classes and 0 folders.
[2016.10.09-22.06.41:160][197]LoadErrors: New page: Loading map: ArenaMap.umap
[2016.10.09-22.06.41:160][197]MapCheck: New page: Map Check
[2016.10.09-22.06.41:160][197]LightingResults: New page: Lighting Build
[2016.10.09-22.06.41:301][197]LogEditorServer: Finished looking for orphan Actors (0.000 secs)
[2016.10.09-22.06.41:336][197]Cmd: MAP CHECKDEP NOCLEARLOG
[2016.10.09-22.06.41:471][197]MapCheck: Info Map check complete: 0 Error(s), 0 Warning(s), took 134.712ms to complete.
[2016.10.09-22.06.41:471][197]LogFileHelpers: Loading map 'ArenaMap' took 0.316
[2016.10.09-22.06.42:070][227]LogBlueprintUserMessages: Early PlayInEditor Detection: Level '/Game/ArenaMap/ArenaMap.ArenaMap:PersistentLevel' has LevelScriptBlueprint '/Game/ArenaMap/ArenaMap.ArenaMap:PersistentLevel.ArenaMap' with GeneratedClass '/Game/ArenaMap/ArenaMap.ArenaMap_C' with ClassGeneratedBy '/Game/ArenaMap/ArenaMap.ArenaMap:PersistentLevel.ArenaMap'
[2016.10.09-22.06.42:071][227]LogPlayLevel: PlayLevel: No blueprints needed recompiling
[2016.10.09-22.06.42:072][227]PIE: New page: PIE session: ArenaMap (9 Oct 2016 23:06:42)
[2016.10.09-22.06.42:072][227]LogPlayLevel: Creating play world package: /Game/ArenaMap/UEDPIE_0_ArenaMap
[2016.10.09-22.06.42:185][227]LogPlayLevel: PIE: StaticDuplicateObject took: (0.112849s)
[2016.10.09-22.06.42:186][227]LogAIModule: Creating AISystem for world ArenaMap
[2016.10.09-22.06.42:186][227]LogPlayLevel: PIE: World Init took: (0.000871s)
[2016.10.09-22.06.42:186][227]LogPlayLevel: PIE: Created PIE world by copying editor world from /Game/ArenaMap/ArenaMap.ArenaMap to /Game/ArenaMap/UEDPIE_0_ArenaMap.ArenaMap (0.114298s)
[2016.10.09-22.06.42:229][227]LogInit: XAudio2 using 'Headset Earphone (Razer Kraken 7.1 Chroma)' : 2 channels at 44.1 kHz using 16 bits per sample (channel mask 0x3)
[2016.10.09-22.06.42:276][227]LogInit: FAudioDevice initialized.
[2016.10.09-22.06.42:352][227]LogWorld: Game class is 'FirstPersonGameMode_C'
[2016.10.09-22.06.42:386][227]LogWorld: Bringing World /Game/ArenaMap/UEDPIE_0_ArenaMap.ArenaMap up for play (max tick rate 0) at 2016.10.09-23.06.42
[2016.10.09-22.06.42:388][227]LogWorld: Bringing up level for play took: 0.034405
[2016.10.09-22.06.42:392][227]LogContentBrowser: Native class hierarchy updated for 'MovieSceneCapture' in 0.0005 seconds. Added 11 classes and 0 folders.
[2016.10.09-22.06.42:394][227]PIE: Info Play in editor start time for /Game/ArenaMap/UEDPIE_0_ArenaMap 0.667
[2016.10.09-22.06.42:394][227]LogBlueprintUserMessages: Late PlayInEditor Detection: Level '/Game/ArenaMap/ArenaMap.ArenaMap:PersistentLevel' has LevelScriptBlueprint '/Game/ArenaMap/ArenaMap.ArenaMap:PersistentLevel.ArenaMap' with GeneratedClass '/Game/ArenaMap/ArenaMap.ArenaMap_C' with ClassGeneratedBy '/Game/ArenaMap/ArenaMap.ArenaMap:PersistentLevel.ArenaMap'
[2016.10.09-22.06.44:414][426]LogBlueprintUserMessages: Early EndPlayMap Detection: Level '/Game/ArenaMap/ArenaMap.ArenaMap:PersistentLevel' has LevelScriptBlueprint '/Game/ArenaMap/ArenaMap.ArenaMap:PersistentLevel.ArenaMap' with GeneratedClass '/Game/ArenaMap/ArenaMap.ArenaMap_C' with ClassGeneratedBy '/Game/ArenaMap/ArenaMap.ArenaMap:PersistentLevel.ArenaMap'
[2016.10.09-22.06.44:456][426]LogBlueprintUserMessages: Late EndPlayMap Detection: Level '/Game/ArenaMap/ArenaMap.ArenaMap:PersistentLevel' has LevelScriptBlueprint '/Game/ArenaMap/ArenaMap.ArenaMap:PersistentLevel.ArenaMap' with GeneratedClass '/Game/ArenaMap/ArenaMap.ArenaMap_C' with ClassGeneratedBy '/Game/ArenaMap/ArenaMap.ArenaMap:PersistentLevel.ArenaMap'
[2016.10.09-22.07.02:802][502]LogEditorActor: Deleted Actor: AmbientSound
[2016.10.09-22.07.02:820][502]LogEditorActor: Deleted 1 Actors (0.022 secs)
[2016.10.09-22.07.14:913][760]LogBlueprintUserMessages: Early PlayInEditor Detection: Level '/Game/ArenaMap/ArenaMap.ArenaMap:PersistentLevel' has LevelScriptBlueprint '/Game/ArenaMap/ArenaMap.ArenaMap:PersistentLevel.ArenaMap' with GeneratedClass '/Game/ArenaMap/ArenaMap.ArenaMap_C' with ClassGeneratedBy '/Game/ArenaMap/ArenaMap.ArenaMap:PersistentLevel.ArenaMap'
[2016.10.09-22.07.14:913][760]LogPlayLevel: PlayLevel: No blueprints needed recompiling
[2016.10.09-22.07.14:913][760]PIE: New page: PIE session: ArenaMap (9 Oct 2016 23:07:14)
[2016.10.09-22.07.14:913][760]LogPlayLevel: Creating play world package: /Game/ArenaMap/UEDPIE_0_ArenaMap
[2016.10.09-22.07.14:987][760]LogPlayLevel: PIE: StaticDuplicateObject took: (0.073930s)
[2016.10.09-22.07.14:988][760]LogAIModule: Creating AISystem for world ArenaMap
[2016.10.09-22.07.14:988][760]LogPlayLevel: PIE: World Init took: (0.000934s)
[2016.10.09-22.07.14:989][760]LogPlayLevel: PIE: Created PIE world by copying editor world from /Game/ArenaMap/ArenaMap.ArenaMap to /Game/ArenaMap/UEDPIE_0_ArenaMap.ArenaMap (0.075362s)
[2016.10.09-22.07.15:034][760]LogInit: XAudio2 using 'Headset Earphone (Razer Kraken 7.1 Chroma)' : 2 channels at 44.1 kHz using 16 bits per sample (channel mask 0x3)
[2016.10.09-22.07.15:078][760]LogInit: FAudioDevice initialized.
[2016.10.09-22.07.15:136][760]LogWorld: Game class is 'FirstPersonGameMode_C'
[2016.10.09-22.07.15:172][760]LogWorld: Bringing World /Game/ArenaMap/UEDPIE_0_ArenaMap.ArenaMap up for play (max tick rate 0) at 2016.10.09-23.07.15
[2016.10.09-22.07.15:174][760]LogWorld: Bringing up level for play took: 0.036911
[2016.10.09-22.07.15:176][760]PIE: Info Play in editor start time for /Game/ArenaMap/UEDPIE_0_ArenaMap -0.55
[2016.10.09-22.07.15:176][760]LogBlueprintUserMessages: Late PlayInEditor Detection: Level '/Game/ArenaMap/ArenaMap.ArenaMap:PersistentLevel' has LevelScriptBlueprint '/Game/ArenaMap/ArenaMap.ArenaMap:PersistentLevel.ArenaMap' with GeneratedClass '/Game/ArenaMap/ArenaMap.ArenaMap_C' with ClassGeneratedBy '/Game/ArenaMap/ArenaMap.ArenaMap:PersistentLevel.ArenaMap'
[2016.10.09-22.07.15:659][812]LogBlueprintUserMessages: Early EndPlayMap Detection: Level '/Game/ArenaMap/ArenaMap.ArenaMap:PersistentLevel' has LevelScriptBlueprint '/Game/ArenaMap/ArenaMap.ArenaMap:PersistentLevel.ArenaMap' with GeneratedClass '/Game/ArenaMap/ArenaMap.ArenaMap_C' with ClassGeneratedBy '/Game/ArenaMap/ArenaMap.ArenaMap:PersistentLevel.ArenaMap'
[2016.10.09-22.07.15:690][812]LogBlueprintUserMessages: Late EndPlayMap Detection: Level '/Game/ArenaMap/ArenaMap.ArenaMap:PersistentLevel' has LevelScriptBlueprint '/Game/ArenaMap/ArenaMap.ArenaMap:PersistentLevel.ArenaMap' with GeneratedClass '/Game/ArenaMap/ArenaMap.ArenaMap_C' with ClassGeneratedBy '/Game/ArenaMap/ArenaMap.ArenaMap:PersistentLevel.ArenaMap'
[2016.10.09-22.07.16:598][905]Cmd: OBJ SAVEPACKAGE PACKAGE="/Game/ArenaMap/ArenaMap" FILE="D:/UnrealGameJam/UnrealGameJam/UnrealGameJam/Content/ArenaMap/ArenaMap.umap" SILENT=true AUTOSAVING=false KEEPDIRTY=false
[2016.10.09-22.07.18:017][905]LogSavePackage: Save=1371.81ms
[2016.10.09-22.07.18:017][905]LogSavePackage: Moving 'D:/UnrealGameJam/UnrealGameJam/UnrealGameJam/Saved/ArenaMapED2DA8D049C945C453BF348929B8C26D.tmp' to 'D:/UnrealGameJam/UnrealGameJam/UnrealGameJam/Content/ArenaMap/ArenaMap.umap'
[2016.10.09-22.07.18:021][905]LogSavePackage:Display: Finished SavePackage D:/UnrealGameJam/UnrealGameJam/UnrealGameJam/Content/ArenaMap/ArenaMap.umap
[2016.10.09-22.07.20:251][115]Cmd: QUIT_EDITOR
[2016.10.09-22.07.20:327][115]LogExit: Preparing to exit.
[2016.10.09-22.07.21:125][115]LogExit: Editor shut down
[2016.10.09-22.07.21:125][115]LogExit: Transaction tracking system shut down
[2016.10.09-22.07.21:318][115]LogObj: Freed 0b from 0 cluster array pools.
[2016.10.09-22.07.21:318][115]LogExit: Object subsystem successfully closed.
[2016.10.09-22.07.21:335][115]LogD3D11RHI: Shutdown
[2016.10.09-22.07.21:335][115]LogD3D11RHI: CleanupD3DDevice
[2016.10.09-22.07.21:426][115]LogD3D11RHI: ~FD3D11DynamicRHI
[2016.10.09-22.07.21:454][115]LogModuleManager: Shutting down and abandoning module MovieSceneCapture (214)
[2016.10.09-22.07.21:454][115]LogModuleManager: Shutting down and abandoning module StatsViewer (213)
[2016.10.09-22.07.21:454][115]LogModuleManager: Shutting down and abandoning module HierarchicalLODOutliner (212)
[2016.10.09-22.07.21:454][115]LogModuleManager: Shutting down and abandoning module CrashTracker (211)
[2016.10.09-22.07.21:454][115]LogModuleManager: Shutting down and abandoning module SceneOutliner (210)
[2016.10.09-22.07.21:454][115]LogModuleManager: Shutting down and abandoning module WidgetCarousel (209)
[2016.10.09-22.07.21:454][115]LogModuleManager: Shutting down and abandoning module AddContentDialog (208)
[2016.10.09-22.07.21:468][115]LogModuleManager: Shutting down and abandoning module GameplayTags (207)
[2016.10.09-22.07.21:468][115]LogModuleManager: Shutting down and abandoning module EditorWidgets (206)
[2016.10.09-22.07.21:468][115]LogModuleManager: Shutting down and abandoning module CollectionManager (205)
[2016.10.09-22.07.21:468][115]LogModuleManager: Shutting down and abandoning module FoliageEdit (204)
[2016.10.09-22.07.21:468][115]LogModuleManager: Shutting down and abandoning module LandscapeEditor (203)
[2016.10.09-22.07.21:469][115]LogModuleManager: Shutting down and abandoning module SceneDepthPickerMode (202)
[2016.10.09-22.07.21:469][115]LogModuleManager: Shutting down and abandoning module ActorPickerMode (201)
[2016.10.09-22.07.21:469][115]LogModuleManager: Shutting down and abandoning module GeometryMode (200)
[2016.10.09-22.07.21:469][115]LogModuleManager: Shutting down and abandoning module TextureAlignMode (199)
[2016.10.09-22.07.21:469][115]LogModuleManager: Shutting down and abandoning module BspMode (198)
[2016.10.09-22.07.21:469][115]LogModuleManager: Shutting down and abandoning module HardwareSurvey (197)
[2016.10.09-22.07.21:469][115]LogModuleManager: Shutting down and abandoning module SequenceRecorderSections (196)
[2016.10.09-22.07.21:469][115]LogModuleManager: Shutting down and abandoning module SequenceRecorder (195)
[2016.10.09-22.07.21:469][115]LogModuleManager: Shutting down and abandoning module AutomationWorker (194)
[2016.10.09-22.07.21:469][115]LogModuleManager: Shutting down and abandoning module MatineeToLevelSequence (193)
[2016.10.09-22.07.21:469][115]LogModuleManager: Shutting down and abandoning module PlacementMode (192)
[2016.10.09-22.07.21:469][115]LogModuleManager: Shutting down and abandoning module LevelSequenceEditor (191)
[2016.10.09-22.07.21:469][115]LogModuleManager: Shutting down and abandoning module CharacterAI (190)
[2016.10.09-22.07.21:469][115]LogModuleManager: Shutting down and abandoning module SmartSnapping (189)
[2016.10.09-22.07.21:469][115]LogModuleManager: Shutting down and abandoning module SessionServices (188)
[2016.10.09-22.07.21:469][115]LogModuleManager: Shutting down and abandoning module ViewportSnapping (187)
[2016.10.09-22.07.21:469][115]LogModuleManager: Shutting down and abandoning module LogVisualizer (186)
[2016.10.09-22.07.21:469][115]LogModuleManager: Shutting down and abandoning module GameProjectGeneration (185)
[2016.10.09-22.07.21:469][115]LogModuleManager: Shutting down and abandoning module IntroTutorials (184)
[2016.10.09-22.07.21:469][115]LogModuleManager: Shutting down and abandoning module EditorLiveStreaming (183)
[2016.10.09-22.07.21:469][115]LogModuleManager: Shutting down and abandoning module IOSPlatformEditor (182)
[2016.10.09-22.07.21:469][115]LogModuleManager: Shutting down and abandoning module HTML5PlatformEditor (181)
[2016.10.09-22.07.21:469][115]LogModuleManager: Shutting down and abandoning module AndroidDeviceDetection (180)
[2016.10.09-22.07.21:874][115]LogModuleManager: Shutting down and abandoning module AndroidPlatformEditor (179)
[2016.10.09-22.07.21:874][115]LogModuleManager: Shutting down and abandoning module IOSRuntimeSettings (178)
[2016.10.09-22.07.21:874][115]LogModuleManager: Shutting down and abandoning module AndroidRuntimeSettings (177)
[2016.10.09-22.07.21:874][115]LogModuleManager: Shutting down and abandoning module MergeActors (176)
[2016.10.09-22.07.21:874][115]LogModuleManager: Shutting down and abandoning module SizeMap (175)
[2016.10.09-22.07.21:874][115]LogModuleManager: Shutting down and abandoning module TreeMap (174)
[2016.10.09-22.07.21:874][115]LogModuleManager: Shutting down and abandoning module ReferenceViewer (173)
[2016.10.09-22.07.21:874][115]LogModuleManager: Shutting down and abandoning module LocalizationService (172)
[2016.10.09-22.07.21:874][115]LogModuleManager: Shutting down and abandoning module LocalizationDashboard (171)
[2016.10.09-22.07.21:874][115]LogModuleManager: Shutting down and abandoning module HardwareTargeting (170)
[2016.10.09-22.07.21:874][115]LogModuleManager: Shutting down and abandoning module DeviceProfileEditor (169)
[2016.10.09-22.07.21:874][115]LogModuleManager: Shutting down and abandoning module UndoHistory (168)
[2016.10.09-22.07.21:874][115]LogModuleManager: Shutting down and abandoning module UserFeedback (167)
[2016.10.09-22.07.21:874][115]LogModuleManager: Shutting down and abandoning module XmlParser (166)
[2016.10.09-22.07.21:874][115]LogModuleManager: Shutting down and abandoning module Blutility (165)
[2016.10.09-22.07.21:874][115]LogModuleManager: Shutting down and abandoning module ProjectTargetPlatformEditor (164)
[2016.10.09-22.07.21:874][115]LogModuleManager: Shutting down and abandoning module ProjectSettingsViewer (163)
[2016.10.09-22.07.21:874][115]LogModuleManager: Shutting down and abandoning module InputBindingEditor (162)
[2016.10.09-22.07.21:874][115]LogModuleManager: Shutting down and abandoning module EditorSettingsViewer (161)
[2016.10.09-22.07.21:875][115]LogModuleManager: Shutting down and abandoning module SettingsEditor (160)
[2016.10.09-22.07.21:875][115]LogModuleManager: Shutting down and abandoning module ProjectLauncher (159)
[2016.10.09-22.07.21:875][115]LogModuleManager: Shutting down and abandoning module SessionFrontend (158)
[2016.10.09-22.07.21:875][115]LogModuleManager: Shutting down and abandoning module ProfilerClient (157)
[2016.10.09-22.07.21:875][115]LogModuleManager: Shutting down and abandoning module TargetDeviceServices (156)
[2016.10.09-22.07.21:875][115]LogModuleManager: Shutting down and abandoning module DeviceManager (155)
[2016.10.09-22.07.21:915][115]LogModuleManager: Shutting down and abandoning module AutomationController (154)
[2016.10.09-22.07.21:915][115]LogModuleManager: Shutting down and abandoning module AutomationWindow (153)
[2016.10.09-22.07.21:915][115]LogModuleManager: Shutting down and abandoning module Layers (152)
[2016.10.09-22.07.21:915][115]LogModuleManager: Shutting down and abandoning module ComponentVisualizers (151)
[2016.10.09-22.07.21:915][115]LogModuleManager: Shutting down and abandoning module DetailCustomizations (150)
[2016.10.09-22.07.21:915][115]LogModuleManager: Shutting down and abandoning module PackagesDialog (149)
[2016.10.09-22.07.21:915][115]LogModuleManager: Shutting down and abandoning module Persona (148)
[2016.10.09-22.07.21:915][115]LogModuleManager: Shutting down and abandoning module Kismet (147)
[2016.10.09-22.07.21:915][115]LogModuleManager: Shutting down and abandoning module GraphEditor (146)
[2016.10.09-22.07.21:915][115]LogModuleManager: Shutting down and abandoning module ClassViewer (145)
[2016.10.09-22.07.21:915][115]LogModuleManager: Shutting down and abandoning module Toolbox (144)
[2016.10.09-22.07.21:915][115]LogModuleManager: Shutting down and abandoning module ModuleUI (143)
[2016.10.09-22.07.21:915][115]LogModuleManager: Shutting down and abandoning module MovieSceneTools (142)
[2016.10.09-22.07.21:915][115]LogModuleManager: Shutting down and abandoning module OutputLog (141)
[2016.10.09-22.07.21:915][115]LogModuleManager: Shutting down and abandoning module GammaUI (140)
[2016.10.09-22.07.21:915][115]LogModuleManager: Shutting down and abandoning module Documentation (139)
[2016.10.09-22.07.21:915][115]LogModuleManager: Shutting down and abandoning module StreamingPauseRendering (138)
[2016.10.09-22.07.21:915][115]LogModuleManager: Shutting down and abandoning module AnalyticsET (137)
[2016.10.09-22.07.21:915][115]LogModuleManager: Shutting down and abandoning module Analytics (136)
[2016.10.09-22.07.21:915][115]LogModuleManager: Shutting down and abandoning module PortalServices (135)
[2016.10.09-22.07.21:915][115]LogModuleManager: Shutting down and abandoning module PortalRpc (134)
[2016.10.09-22.07.21:915][115]LogModuleManager: Shutting down and abandoning module MessagingRpc (133)
[2016.10.09-22.07.21:915][115]LogModuleManager: Shutting down and abandoning module GameplayDebugger (132)
[2016.10.09-22.07.21:915][115]LogModuleManager: Shutting down and abandoning module AITestSuite (131)
[2016.10.09-22.07.21:915][115]LogModuleManager: Shutting down and abandoning module AIModule (130)
[2016.10.09-22.07.21:915][115]LogModuleManager: Shutting down and abandoning module ProfilerService (129)
[2016.10.09-22.07.21:959][115]LogModuleManager: Shutting down and abandoning module TaskGraph (128)
[2016.10.09-22.07.21:959][115]LogModuleManager: Shutting down and abandoning module SlateRemote (127)
[2016.10.09-22.07.21:959][115]LogModuleManager: Shutting down and abandoning module SteamVRController (126)
[2016.10.09-22.07.21:959][115]LogModuleManager: Shutting down and abandoning module SteamVR (125)
[2016.10.09-22.07.21:959][115]LogModuleManager: Shutting down and abandoning module ProceduralMeshComponent (124)
[2016.10.09-22.07.21:959][115]LogModuleManager: Shutting down and abandoning module OculusLibrary (123)
[2016.10.09-22.07.21:959][115]LogModuleManager: Shutting down and abandoning module OculusInput (122)
[2016.10.09-22.07.21:959][115]LogModuleManager: Shutting down and abandoning module CustomMeshComponent (121)
[2016.10.09-22.07.21:959][115]LogModuleManager: Shutting down and abandoning module CableComponent (120)
[2016.10.09-22.07.21:959][115]LogModuleManager: Shutting down and abandoning module ArchVisCharacter (119)
[2016.10.09-22.07.21:959][115]LogModuleManager: Shutting down and abandoning module MediaPlayerEditor (118)
[2016.10.09-22.07.21:959][115]LogModuleManager: Shutting down and abandoning module HTML5Networking (117)
[2016.10.09-22.07.21:959][115]LogModuleManager: Shutting down and abandoning module SuperSearch (116)
[2016.10.09-22.07.21:959][115]LogModuleManager: Shutting down and abandoning module SuperSearchEditor (115)
[2016.10.09-22.07.21:959][115]LogModuleManager: Shutting down and abandoning module SpeedTreeImporter (114)
[2016.10.09-22.07.21:959][115]LogModuleManager: Shutting down and abandoning module PluginBrowser (113)
[2016.10.09-22.07.21:959][115]LogModuleManager: Shutting down and abandoning module EpicSurvey (112)
[2016.10.09-22.07.21:959][115]LogModuleManager: Shutting down and abandoning module DesktopPlatform (111)
[2016.10.09-22.07.21:959][115]LogModuleManager: Shutting down and abandoning module VisualStudioSourceCodeAccess (110)
[2016.10.09-22.07.21:959][115]LogModuleManager: Shutting down and abandoning module UObjectPlugin (109)
[2016.10.09-22.07.21:959][115]LogModuleManager: Shutting down and abandoning module SubversionSourceControl (108)
[2016.10.09-22.07.21:959][115]LogModuleManager: Shutting down and abandoning module PerforceSourceControl (107)
[2016.10.09-22.07.21:959][115]LogModuleManager: Shutting down and abandoning module SourceControl (106)
[2016.10.09-22.07.21:959][115]LogModuleManager: Shutting down and abandoning module GitSourceControl (105)
[2016.10.09-22.07.21:959][115]LogModuleManager: Shutting down and abandoning module LightPropagationVolumeEditor (104)
[2016.10.09-22.07.21:959][115]LogModuleManager: Shutting down and abandoning module PaperTiledImporter (103)
[2016.10.09-22.07.21:959][115]LogModuleManager: Shutting down and abandoning module PaperSpriteSheetImporter (102)
[2016.10.09-22.07.21:960][115]LogModuleManager: Shutting down and abandoning module MeshPaint (101)
[2016.10.09-22.07.21:960][115]LogModuleManager: Shutting down and abandoning module PixelInspectorModule (100)
[2016.10.09-22.07.21:960][115]LogModuleManager: Shutting down and abandoning module HotReload (99)
[2016.10.09-22.07.21:960][115]LogModuleManager: Shutting down and abandoning module MainFrame (98)
[2016.10.09-22.07.21:960][115]LogModuleManager: Shutting down and abandoning module LevelEditor (97)
[2016.10.09-22.07.21:961][115]LogModuleManager: Shutting down and abandoning module ContentBrowser (96)
[2016.10.09-22.07.21:962][115]LogModuleManager: Shutting down and abandoning module Paper2DEditor (95)
[2016.10.09-22.07.21:962][115]LogModuleManager: Shutting down and abandoning module UdpMessaging (94)
[2016.10.09-22.07.22:062][115]LogModuleManager: Shutting down and abandoning module LightPropagationVolumeRuntime (93)
[2016.10.09-22.07.22:062][115]LogModuleManager: Shutting down and abandoning module Paper2D (92)
[2016.10.09-22.07.22:062][115]LogModuleManager: Shutting down and abandoning module WindowsMoviePlayer (91)
[2016.10.09-22.07.22:062][115]LogModuleManager: Shutting down and abandoning module Media (90)
[2016.10.09-22.07.22:062][115]LogModuleManager: Shutting down and abandoning module WmfMedia (89)
[2016.10.09-22.07.22:062][115]LogModuleManager: Shutting down and abandoning module MediaAssets (88)
[2016.10.09-22.07.22:062][115]LogModuleManager: Shutting down and abandoning module GameLiveStreaming (87)
[2016.10.09-22.07.22:062][115]LogModuleManager: Shutting down and abandoning module GameplayTagsEditor (86)
[2016.10.09-22.07.22:062][115]LogModuleManager: Shutting down and abandoning module OnlineBlueprintSupport (85)
[2016.10.09-22.07.22:062][115]LogModuleManager: Shutting down and abandoning module VREditor (84)
[2016.10.09-22.07.22:062][115]LogModuleManager: Shutting down and abandoning module GameplayTasksEditor (83)
[2016.10.09-22.07.22:062][115]LogModuleManager: Shutting down and abandoning module PropertyEditor (82)
[2016.10.09-22.07.22:062][115]LogModuleManager: Shutting down and abandoning module BehaviorTreeEditor (81)
[2016.10.09-22.07.22:062][115]LogModuleManager: Shutting down and abandoning module FunctionalTesting (80)
[2016.10.09-22.07.22:062][115]LogModuleManager: Shutting down and abandoning module CollisionAnalyzer (79)
[2016.10.09-22.07.22:062][115]LogModuleManager: Shutting down and abandoning module Sequencer (78)
[2016.10.09-22.07.22:062][115]LogModuleManager: Shutting down and abandoning module WorkspaceMenuStructure (77)
[2016.10.09-22.07.22:062][115]LogModuleManager: Shutting down and abandoning module MessageLog (76)
[2016.10.09-22.07.22:062][115]LogModuleManager: Shutting down and abandoning module AssetTools (75)
[2016.10.09-22.07.22:062][115]LogModuleManager: Shutting down and abandoning module UMGEditor (74)
[2016.10.09-22.07.22:063][115]LogModuleManager: Shutting down and abandoning module UMG (73)
[2016.10.09-22.07.22:063][115]LogModuleManager: Shutting down and abandoning module SlateReflector (72)
[2016.10.09-22.07.22:063][115]LogModuleManager: Shutting down and abandoning module Slate (71)
[2016.10.09-22.07.22:063][115]LogModuleManager: Shutting down and abandoning module EditorStyle (70)
[2016.10.09-22.07.22:066][115]LogModuleManager: Shutting down and abandoning module SourceCodeAccess (69)
[2016.10.09-22.07.22:066][115]LogModuleManager: Shutting down and abandoning module HeadMountedDisplay (68)
[2016.10.09-22.07.22:066][115]LogModuleManager: Shutting down and abandoning module XAudio2 (67)
[2016.10.09-22.07.22:066][115]LogModuleManager: Shutting down and abandoning module Networking (65)
[2016.10.09-22.07.22:066][115]LogModuleManager: Shutting down and abandoning module Core (64)
[2016.10.09-22.07.22:066][115]LogModuleManager: Shutting down and abandoning module DirectoryWatcher (63)
[2016.10.09-22.07.22:067][115]LogModuleManager: Shutting down and abandoning module AssetRegistry (62)
[2016.10.09-22.07.22:239][115]LogModuleManager: Shutting down and abandoning module KismetCompiler (61)
[2016.10.09-22.07.22:239][115]LogModuleManager: Shutting down and abandoning module PhysXFormats (60)
[2016.10.09-22.07.22:239][115]LogModuleManager: Shutting down and abandoning module MeshUtilities (59)
[2016.10.09-22.07.22:239][115]LogModuleManager: Shutting down and abandoning module DerivedDataCache (58)
[2016.10.09-22.07.22:686][115]LogDerivedDataCache: Shutdown
[2016.10.09-22.07.22:686][115]LogModuleManager: Shutting down and abandoning module VulkanShaderFormat (57)
[2016.10.09-22.07.22:686][115]LogModuleManager: Shutting down and abandoning module ShaderFormatOpenGL (56)
[2016.10.09-22.07.22:686][115]LogModuleManager: Shutting down and abandoning module ShaderFormatD3D (55)
[2016.10.09-22.07.22:686][115]LogModuleManager: Shutting down and abandoning module MetalShaderFormat (54)
[2016.10.09-22.07.22:686][115]LogModuleManager: Shutting down and abandoning module TextureFormatUncompressed (53)
[2016.10.09-22.07.22:686][115]LogModuleManager: Shutting down and abandoning module TextureFormatPVR (52)
[2016.10.09-22.07.22:686][115]LogModuleManager: Shutting down and abandoning module TextureFormatIntelISPCTexComp (51)
[2016.10.09-22.07.22:686][115]LogModuleManager: Shutting down and abandoning module TextureFormatDXT (50)
[2016.10.09-22.07.22:686][115]LogModuleManager: Shutting down and abandoning module ImageWrapper (49)
[2016.10.09-22.07.22:686][115]LogModuleManager: Shutting down and abandoning module TextureFormatASTC (48)
[2016.10.09-22.07.22:686][115]LogModuleManager: Shutting down and abandoning module TextureFormatAndroid (47)
[2016.10.09-22.07.22:686][115]LogModuleManager: Shutting down and abandoning module AudioFormatOpus (46)
[2016.10.09-22.07.22:686][115]LogModuleManager: Shutting down and abandoning module AudioFormatOgg (45)
[2016.10.09-22.07.22:686][115]LogModuleManager: Shutting down and abandoning module AudioFormatADPCM (44)
[2016.10.09-22.07.22:686][115]LogModuleManager: Shutting down and abandoning module LinuxTargetPlatform (43)
[2016.10.09-22.07.22:686][115]LogModuleManager: Shutting down and abandoning module LinuxServerTargetPlatform (42)
[2016.10.09-22.07.22:687][115]LogModuleManager: Shutting down and abandoning module LinuxNoEditorTargetPlatform (41)
[2016.10.09-22.07.22:687][115]LogModuleManager: Shutting down and abandoning module TVOSTargetPlatform (40)
[2016.10.09-22.07.22:687][115]LogModuleManager: Shutting down and abandoning module Messaging (39)
[2016.10.09-22.07.22:687][115]LogModuleManager: Shutting down and abandoning module IOSTargetPlatform (38)
[2016.10.09-22.07.22:687][115]LogModuleManager: Shutting down and abandoning module HTML5TargetPlatform (37)
[2016.10.09-22.07.22:687][115]LogModuleManager: Shutting down and abandoning module Android_PVRTCTargetPlatform (36)
[2016.10.09-22.07.22:687][115]LogModuleManager: Shutting down and abandoning module Android_MultiTargetPlatform (35)
[2016.10.09-22.07.22:687][115]LogModuleManager: Shutting down and abandoning module Android_ETC2TargetPlatform (34)
[2016.10.09-22.07.22:687][115]LogModuleManager: Shutting down and abandoning module Android_ETC1TargetPlatform (33)
[2016.10.09-22.07.22:687][115]LogModuleManager: Shutting down and abandoning module Android_DXTTargetPlatform (32)
[2016.10.09-22.07.22:687][115]LogModuleManager: Shutting down and abandoning module Android_ATCTargetPlatform (31)
[2016.10.09-22.07.22:687][115]LogModuleManager: Shutting down and abandoning module Android_ASTCTargetPlatform (30)
[2016.10.09-22.07.22:687][115]LogModuleManager: Shutting down and abandoning module AndroidTargetPlatform (29)
[2016.10.09-22.07.22:687][115]LogModuleManager: Shutting down and abandoning module WindowsTargetPlatform (28)
[2016.10.09-22.07.22:687][115]LogModuleManager: Shutting down and abandoning module WindowsServerTargetPlatform (27)
[2016.10.09-22.07.22:687][115]LogModuleManager: Shutting down and abandoning module WindowsNoEditorTargetPlatform (26)
[2016.10.09-22.07.22:687][115]LogModuleManager: Shutting down and abandoning module WindowsClientTargetPlatform (25)
[2016.10.09-22.07.22:687][115]LogModuleManager: Shutting down and abandoning module AllDesktopTargetPlatform (24)
[2016.10.09-22.07.22:687][115]LogModuleManager: Shutting down and abandoning module TargetPlatform (23)
[2016.10.09-22.07.22:687][115]LogModuleManager: Shutting down and abandoning module InputCore (22)
[2016.10.09-22.07.22:687][115]LogModuleManager: Shutting down and abandoning module Settings (21)
[2016.10.09-22.07.22:687][115]LogModuleManager: Shutting down and abandoning module OnlineSubsystem (19)
[2016.10.09-22.07.22:687][115]LogModuleManager: Shutting down and abandoning module HTTP (18)
[2016.10.09-22.07.27:203][115]LogModuleManager: Shutting down and abandoning module XMPP (17)
[2016.10.09-22.07.27:203][115]LogModuleManager: Shutting down and abandoning module OculusRift (16)
[2016.10.09-22.07.27:203][115]LogModuleManager: Shutting down and abandoning module ExampleDeviceProfileSelector (15)
[2016.10.09-22.07.27:203][115]LogModuleManager: Shutting down and abandoning module TextureCompressor (14)
[2016.10.09-22.07.27:203][115]LogModuleManager: Shutting down and abandoning module ShaderCore (13)
[2016.10.09-22.07.27:203][115]LogModuleManager: Shutting down and abandoning module Landscape (12)
[2016.10.09-22.07.27:203][115]LogModuleManager: Shutting down and abandoning module SlateRHIRenderer (11)
[2016.10.09-22.07.27:205][115]LogModuleManager: Shutting down and abandoning module OpenGLDrv (10)
[2016.10.09-22.07.27:205][115]LogModuleManager: Shutting down and abandoning module D3D11RHI (9)
[2016.10.09-22.07.27:205][115]LogModuleManager: Shutting down and abandoning module AnimGraphRuntime (8)
[2016.10.09-22.07.27:205][115]LogModuleManager: Shutting down and abandoning module Renderer (7)
[2016.10.09-22.07.27:205][115]LogModuleManager: Shutting down and abandoning module Engine (6)
[2016.10.09-22.07.27:205][115]LogModuleManager: Shutting down and abandoning module CoreUObject (5)
[2016.10.09-22.07.27:205][115]LogModuleManager: Shutting down and abandoning module NetworkFile (4)
[2016.10.09-22.07.27:205][115]LogModuleManager: Shutting down and abandoning module StreamingFile (3)
[2016.10.09-22.07.27:205][115]LogModuleManager: Shutting down and abandoning module SandboxFile (2)
[2016.10.09-22.07.27:205][115]LogModuleManager: Shutting down and abandoning module PakFile (1)
[2016.10.09-22.07.27:207][115]LogExit: Exiting.
[2016.10.09-22.07.27:208][115]Log file closed, 10/09/16 23:07:27
