Log file open, 10/08/16 11:53:26
LogInit:Display: Running engine for game: UnrealGameJam
LogPlatformFile: Not using cached read wrapper
LogInit:Display: RandInit(186374135) SRandInit(186374137).
LogTaskGraph: Started task graph with 4 named threads and 7 total threads with 1 sets of task threads.
LogStats: Stats thread started at 0.116773
LogInit: Version: 4.12.5-3039270+++UE4+Release-4.12
LogInit: API Version: 2992821
LogInit: Net Version: 3039270
LogDevObjectVersion: Number of dev versions registered: 13
LogDevObjectVersion:   Dev-Blueprints (B0D832E4-1F89-4F0D-ACCF-7EB736FD4AA2): 3
LogDevObjectVersion:   Dev-Build (E1C64328-A22C-4D53-A36C-8E866417BD8C): 0
LogDevObjectVersion:   Dev-Core (375EC13C-06E4-48FB-B500-84F0262A717E): 1
LogDevObjectVersion:   Dev-Editor (E4B068ED-F494-42E9-A231-DA0B2E46BB41): 2
LogDevObjectVersion:   Dev-Framework (CFFC743F-43B0-4480-9391-14DF171D2073): 6
LogDevObjectVersion:   Dev-Mobile (B02B49B5-BB20-44E9-A304-32B752E40360): 0
LogDevObjectVersion:   Dev-Networking (A4E4105C-59A1-49B5-A7C5-40C4547EDFEE): 0
LogDevObjectVersion:   Dev-Online (39C831C9-5AE6-47DC-9A44-9C173E1C8E7C): 0
LogDevObjectVersion:   Dev-Physics (78F01B33-EBEA-4F98-B9B4-84EACCB95AA2): 0
LogDevObjectVersion:   Dev-Platform (6631380F-2D4D-43E0-8009-CF276956A95A): 0
LogDevObjectVersion:   Dev-Rendering (12F88B9F-8875-4AFC-A67C-D90C383ABD29): 2
LogDevObjectVersion:   Dev-Sequencer (7B5AE74C-D270-4C10-A958-57980B212A5A): 0
LogDevObjectVersion:   Dev-VR (D7296918-1DD6-4BDD-9DE2-64A83CC13884): 0
LogInit: Compiled (64-bit): Jul  6 2016 09:09:46
LogInit: Compiled with Visual C++: 19.00.23026.00
LogInit: Build Configuration: Development
LogInit: Branch Name: ++UE4+Release-4.12
LogInit: Command line:  
LogInit: Base directory: C:/Program Files (x86)/Epic Games/4.12/Engine/Binaries/Win64/
LogInit: Installed Engine Build: 1
LogInit: Using libcurl 7.41.0
LogInit:  - built for x86_64-pc-win32
LogInit:  - supports SSL with WinSSL
LogInit:  - other features:
LogInit:      CURL_VERSION_SSL
LogInit:      CURL_VERSION_IPV6
LogInit:      CURL_VERSION_ASYNCHDNS
LogInit:      CURL_VERSION_LARGEFILE
LogInit:      CURL_VERSION_IDN
LogInit:  CurlRequestOptions (configurable via config and command line):
LogInit:  - bVerifyPeer = true  - Libcurl will verify peer certificate
LogInit:  - bUseHttpProxy = false  - Libcurl will NOT use HTTP proxy
LogInit:  - bDontReuseConnections = false  - Libcurl will reuse connections
LogInit:  - CertBundlePath = nullptr  - Libcurl will use whatever was configured at build time.
LogInit: Presizing for max 8388607 objects, including 0 objects not considered by GC, pre-allocating 0 bytes for permanent pool.
LogInit: Object subsystem initialized
[2016.10.08-10.53.26:707][  0]LogInit: Selected Device Profile: [Windows]
[2016.10.08-10.53.26:707][  0]LogInit: Applying CVar settings loaded from the selected device profile: [Windows]
[2016.10.08-10.53.26:734][  0]LogInit: Computer: DESKTOP-N6TRJQS
[2016.10.08-10.53.26:734][  0]LogInit: User: Conor
[2016.10.08-10.53.26:734][  0]LogInit: CPU Page size=65536, Cores=4
[2016.10.08-10.53.26:734][  0]LogInit: High frequency timer resolution =3.312791 MHz
[2016.10.08-10.53.26:734][  0]LogMemory: Memory total: Physical=8.0GB (8GB approx)
[2016.10.08-10.53.26:734][  0]LogMemory: Platform Memory Stats for Windows
[2016.10.08-10.53.26:734][  0]LogMemory: Process Physical Memory: 190.47 MB used, 190.47 MB peak
[2016.10.08-10.53.26:734][  0]LogMemory: Process Virtual Memory: 195.13 MB used, 195.13 MB peak
[2016.10.08-10.53.26:734][  0]LogMemory: Physical Memory: 4018.77 MB used, 8145.47 MB total
[2016.10.08-10.53.26:734][  0]LogMemory: Virtual Memory: 553.30 MB used, 134217728.00 MB total
[2016.10.08-10.53.26:945][  0]LogTextLocalizationManager: No specific translations for ('en-GB') exist, so ('en') translations will be used.
[2016.10.08-10.53.27:309][  0]LogD3D11RHI: D3D11 adapters:
[2016.10.08-10.53.27:341][  0]LogD3D11RHI:    0. 'NVIDIA GeForce GTX 660' (Feature Level 11_0)
[2016.10.08-10.53.27:341][  0]LogD3D11RHI:       1505/0/4072 MB DedicatedVideo/DedicatedSystem/SharedSystem, Outputs:1, VendorId:0x10de
[2016.10.08-10.53.27:342][  0]LogD3D11RHI:    1. 'Microsoft Basic Render Driver' (Feature Level 11_0)
[2016.10.08-10.53.27:342][  0]LogD3D11RHI:       0/0/4072 MB DedicatedVideo/DedicatedSystem/SharedSystem, Outputs:0, VendorId:0x1414
[2016.10.08-10.53.27:342][  0]LogD3D11RHI: Chosen D3D11 Adapter: 0
[2016.10.08-10.53.27:346][  0]LogD3D11RHI: Creating new Direct3DDevice
[2016.10.08-10.53.27:346][  0]LogD3D11RHI:     GPU DeviceId: 0x1185 (for the marketing name, search the web for "GPU Device Id")
[2016.10.08-10.53.27:346][  0]LogWindows: EnumDisplayDevices:
[2016.10.08-10.53.27:346][  0]LogWindows:    0. 'NVIDIA GeForce GTX 660' (P:1 D:1)
[2016.10.08-10.53.27:347][  0]LogWindows:    1. 'NVIDIA GeForce GTX 660' (P:0 D:0)
[2016.10.08-10.53.27:347][  0]LogWindows:    2. 'NVIDIA GeForce GTX 660' (P:0 D:0)
[2016.10.08-10.53.27:347][  0]LogWindows: DebugString: FoundDriverCount:3 
[2016.10.08-10.53.27:347][  0]LogD3D11RHI:     Adapter Name: NVIDIA GeForce GTX 660
[2016.10.08-10.53.27:347][  0]LogD3D11RHI:   Driver Version: 372.90 (internal:21.21.13.7290, unified:372.90)
[2016.10.08-10.53.27:347][  0]LogD3D11RHI:      Driver Date: 9-16-2016
[2016.10.08-10.53.27:347][  0]LogRHI: Texture pool is 1053 MB (70% of 1505 MB)
[2016.10.08-10.53.27:359][  0]LogD3D11RHI: Async texture creation enabled
[2016.10.08-10.53.27:375][  0]LogD3D11RHI: GPU Timing Frequency: 1000.000000 (Debug: 2 2)
[2016.10.08-10.53.27:375][  0]LogShaderCompilers: Guid format shader working directory is 3 characters bigger than the processId version (D:/Repositories/UnrealGameJam/UnrealGameJam/Intermediate/Shaders/WorkingDirectory/5268/).
[2016.10.08-10.53.27:376][  0]LogShaderCompilers: Cleaned the shader compiler working directory 'C:/Users/Conor/AppData/Local/Temp/UnrealShaderWorkingDir/2980B339471191BE6992EFA11BFE2D12/'.
[2016.10.08-10.53.27:376][  0]LogShaderCompilers:Display: Using Local Shader Compiler.
[2016.10.08-10.53.29:137][  0]LogTemp:Display: Loaded TP AllDesktopTargetPlatform
[2016.10.08-10.53.29:152][  0]LogTemp:Display: Loaded TP WindowsClientTargetPlatform
[2016.10.08-10.53.29:165][  0]LogTemp:Display: Loaded TP WindowsNoEditorTargetPlatform
[2016.10.08-10.53.29:179][  0]LogTemp:Display: Loaded TP WindowsServerTargetPlatform
[2016.10.08-10.53.29:191][  0]LogTemp:Display: Loaded TP WindowsTargetPlatform
[2016.10.08-10.53.29:202][  0]LogTemp:Display: Loaded TP AndroidTargetPlatform
[2016.10.08-10.53.29:210][  0]LogTemp:Display: Loaded TP Android_ASTCTargetPlatform
[2016.10.08-10.53.29:218][  0]LogTemp:Display: Loaded TP Android_ATCTargetPlatform
[2016.10.08-10.53.29:225][  0]LogTemp:Display: Loaded TP Android_DXTTargetPlatform
[2016.10.08-10.53.29:233][  0]LogTemp:Display: Loaded TP Android_ETC1TargetPlatform
[2016.10.08-10.53.29:240][  0]LogTemp:Display: Loaded TP Android_ETC2TargetPlatform
[2016.10.08-10.53.29:256][  0]LogTemp:Display: Loaded TP Android_MultiTargetPlatform
[2016.10.08-10.53.29:256][  0]LogTemp:Display: Loaded TP Android_PVRTCTargetPlatform
[2016.10.08-10.53.29:256][  0]LogTemp:Display: Loaded TP HTML5TargetPlatform
[2016.10.08-10.53.29:303][  0]LogTemp:Display: Loaded TP IOSTargetPlatform
[2016.10.08-10.53.29:310][  0]LogTemp:Display: Loaded TP TVOSTargetPlatform
[2016.10.08-10.53.29:317][  0]LogTemp:Display: Loaded TP LinuxNoEditorTargetPlatform
[2016.10.08-10.53.29:324][  0]LogTemp:Display: Loaded TP LinuxServerTargetPlatform
[2016.10.08-10.53.29:335][  0]LogTemp:Display: Loaded TP LinuxTargetPlatform
[2016.10.08-10.53.29:335][  0]LogTargetPlatformManager:Display: Building Assets For Windows
[2016.10.08-10.53.29:626][  0]LogDerivedDataCache:Display: Max Cache Size: 512 MB
[2016.10.08-10.53.29:902][  0]LogDerivedDataCache: Loaded boot cache 0.28s 48MB C:/Users/Conor/AppData/Local/UnrealEngine/4.12/DerivedDataCache/Boot.ddc.
[2016.10.08-10.53.29:903][  0]LogDerivedDataCache:Display: Loaded Boot cache: C:/Users/Conor/AppData/Local/UnrealEngine/4.12/DerivedDataCache/Boot.ddc
[2016.10.08-10.53.29:903][  0]LogDerivedDataCache: FDerivedDataBackendGraph:  Pak pak cache file D:/Repositories/UnrealGameJam/UnrealGameJam/DerivedDataCache/DDC.ddp not found, will not use a pak cache.
[2016.10.08-10.53.29:903][  0]LogDerivedDataCache: Unable to find inner node Pak for hierarchical cache Hierarchy.
[2016.10.08-10.53.29:903][  0]LogDerivedDataCache: FDerivedDataBackendGraph:  CompressedPak pak cache file D:/Repositories/UnrealGameJam/UnrealGameJam/DerivedDataCache/Compressed.ddp not found, will not use a pak cache.
[2016.10.08-10.53.29:903][  0]LogDerivedDataCache: Unable to find inner node CompressedPak for hierarchical cache Hierarchy.
[2016.10.08-10.53.29:955][  0]LogDerivedDataCache:Display: Pak cache opened for reading ../../../Engine/DerivedDataCache/Compressed.ddp.
[2016.10.08-10.53.29:969][  0]LogDerivedDataCache: Using Local data cache path C:/Users/Conor/AppData/Local/UnrealEngine/Common/DerivedDataCache: Writable
[2016.10.08-10.53.32:564][  0]LogInit: Selected Device Profile: [Windows]
[2016.10.08-10.53.32:569][  0]LogContentStreaming: Texture pool size is 0.00 MB
[2016.10.08-10.53.32:946][  0]LogMeshUtilities: No automatic mesh reduction module available
[2016.10.08-10.53.32:946][  0]LogMeshUtilities: No automatic mesh merging module available
[2016.10.08-10.53.32:946][  0]LogMeshUtilities: No distributed automatic mesh merging module available
[2016.10.08-10.53.33:601][  0]LogAssetRegistry: FAssetRegistry took 0.0235 seconds to start up
[2016.10.08-10.53.33:627][  0]LogPackageLocalizationCache: Processed 3 localized package path(s) for 2 prioritized culture(s) in 0.021249 seconds
[2016.10.08-10.53.33:632][  0]LogUObjectArray: 28739 objects as part of root set at end of initial load.
[2016.10.08-10.53.33:632][  0]LogUObjectAllocator: 5855624 out of 0 bytes used by permanent object pool.
[2016.10.08-10.53.33:632][  0]LogUObjectArray: CloseDisregardForGC: 0/0 objects in disregard for GC pool
[2016.10.08-10.53.33:641][  0]LogInit: WinSock: version 1.1 (2.2), MaxSocks=32767, MaxUdp=65467
[2016.10.08-10.53.34:125][  0]LogSlate: SlateFontCache - WITH_FREETYPE: 1, WITH_HARFBUZZ: 1
[2016.10.08-10.53.34:125][  0]LogSlate: SlateFontCache - WITH_FREETYPE: 1, WITH_HARFBUZZ: 1
[2016.10.08-10.53.36:071][  0]LogUdpMessaging: Initializing bridge on interface 0.0.0.0:0 to multicast group 230.0.0.1:6666.
[2016.10.08-10.53.36:379][  0]SourceControl: Info Source control is disabled
[2016.10.08-10.53.36:417][  0]SourceControl: Info Source control is disabled
[2016.10.08-10.53.36:431][  0]SourceControl: Info Source control is disabled
[2016.10.08-10.53.36:442][  0]SourceControl: Info Source control is disabled
[2016.10.08-10.53.36:735][  0]LogEngine: Initializing Engine...
[2016.10.08-10.53.36:760][  0]LogHMD: SteamVR failed to initialize.  Err: 110
[2016.10.08-10.53.36:761][  0]LogHMD: SteamVR failed to initialize.  Err: 110
[2016.10.08-10.53.36:921][  0]LogAIModule: Creating AISystem for world NewWorld
[2016.10.08-10.53.36:945][  0]LogInit: XAudio2 using 'BenQ EW2440L-4 (NVIDIA High Definition Audio)' : 2 channels at 48 kHz using 16 bits per sample (channel mask 0x3)
[2016.10.08-10.53.36:964][  0]LogInit: FAudioDevice initialized.
[2016.10.08-10.53.36:989][  0]LogDerivedDataCache: Saved boot cache 0.02s 48MB C:/Users/Conor/AppData/Local/UnrealEngine/4.12/DerivedDataCache/Boot.ddc.
[2016.10.08-10.53.36:995][  0]LogInit: Texture streaming: Enabled
[2016.10.08-10.53.37:094][  0]LogInit: Transaction tracking system initialized
[2016.10.08-10.53.37:180][  0]BlueprintLog: New page: Editor Load
[2016.10.08-10.53.37:342][  0]LocalizationService: Info Localization service is disabled
[2016.10.08-10.53.37:449][  0]LogConsoleResponse:Display: 
[2016.10.08-10.53.37:666][  0]LogCook:Display: Max memory allowance for cook 8192mb
[2016.10.08-10.53.37:666][  0]LogCook:Display: Mobile HDR setting 1
[2016.10.08-10.53.37:848][  0]LogFileCache: Scanning file cache for directory 'D:/Repositories/UnrealGameJam/UnrealGameJam/Content/' took 0.02s
[2016.10.08-10.53.37:848][  0]SourceControl: Info Source control is disabled
[2016.10.08-10.53.37:850][  0]Cmd: MAP LOAD FILE="D:/Repositories/UnrealGameJam/UnrealGameJam/Content/FirstPersonBP/Maps/FirstPersonExampleMap.umap" TEMPLATE=0 SHOWPROGRESS=1 FEATURELEVEL=3
[2016.10.08-10.53.37:850][  0]LogEditorServer:Warning: Can't find file 'D:/Repositories/UnrealGameJam/UnrealGameJam/Content/FirstPersonBP/Maps/FirstPersonExampleMap.umap'
[2016.10.08-10.53.37:851][  0]Cmd: MAP CHECKDEP NOCLEARLOG
[2016.10.08-10.53.37:890][  0]MapCheck: Info Map check complete: 0 Error(s), 0 Warning(s), took 39.25ms to complete.
[2016.10.08-10.53.37:890][  0]LogFileHelpers: Loading map 'FirstPersonExampleMap' took 0.041
[2016.10.08-10.53.38:084][  0]LogCollectionManager: Loaded 0 collections in 0.002722 seconds
[2016.10.08-10.53.38:138][  0]LogFileCache: Scanning file cache for directory 'D:/Repositories/UnrealGameJam/UnrealGameJam/Saved/Collections/' took 0.01s
[2016.10.08-10.53.38:138][  0]LogFileCache: Scanning file cache for directory 'D:/Repositories/UnrealGameJam/UnrealGameJam/Content/Developers/Conor/Collections/' took 0.01s
[2016.10.08-10.53.38:138][  0]LogFileCache: Scanning file cache for directory 'D:/Repositories/UnrealGameJam/UnrealGameJam/Content/Collections/' took 0.01s
[2016.10.08-10.53.38:139][  0]LogCollectionManager: Rebuilt the GUID cache for 0 collections in 0.000003 seconds
[2016.10.08-10.53.38:149][  0]LogContentBrowser: Native class hierarchy populated in 0.0081 seconds. Added 2047 classes and 369 folders.
[2016.10.08-10.53.38:156][  0]LogStats: UGameplayTagsManager::ConstructGameplayTagTree: Construct from data asset -  0.000 s
[2016.10.08-10.53.38:157][  0]LogStats: UGameplayTagsManager::ConstructGameplayTagTree: GameplayTagTreeChangedEvent.Broadcast -  0.000 s
[2016.10.08-10.53.38:157][  0]LogContentBrowser: Native class hierarchy updated for 'GameplayTags' in 0.0004 seconds. Added 12 classes and 0 folders.
[2016.10.08-10.53.38:165][  0]LogContentBrowser: Native class hierarchy updated for 'WidgetCarousel' in 0.0003 seconds. Added 0 classes and 0 folders.
[2016.10.08-10.53.38:475][  0]LogContentBrowser: Native class hierarchy updated for 'AddContentDialog' in 0.0004 seconds. Added 0 classes and 0 folders.
[2016.10.08-10.53.38:489][  0]LogContentBrowser: Native class hierarchy updated for 'SceneOutliner' in 0.0004 seconds. Added 1 classes and 2 folders.
[2016.10.08-10.53.38:543][  0]LogCrashTracker: Crashtracker disabled due to settings.
[2016.10.08-10.53.38:559][  0]LogUObjectGlobals:Warning: Failed to find object 'Class None.'
[2016.10.08-10.53.38:591][  0]LogContentBrowser: Native class hierarchy updated for 'HierarchicalLODOutliner' in 0.0004 seconds. Added 1 classes and 2 folders.
[2016.10.08-10.53.38:591][  0]LogLoad: Full Startup: 13.78 seconds (BP compile: 0.05 seconds)
[2016.10.08-10.53.38:591][  0]LogExternalProfiler: No external profilers were discovered.  External profiling features will not be available.
[2016.10.08-10.53.38:601][  0]LogOcInput: OculusInput pre-init called
[2016.10.08-10.53.38:627][  0]LogContentStreaming: Texture pool size now 1000 MB
[2016.10.08-10.53.38:850][  0]LogRenderer: Reallocating scene render targets to support 1308x624 (Frame:2).
[2016.10.08-10.53.43:385][527]LogAssetRegistry: Asset discovery search completed in 9.8066 seconds
[2016.10.08-10.53.43:386][527]LogCollectionManager: Rebuilt the object cache for 0 collections in 0.000001 seconds (found 0 objects)
[2016.10.08-10.53.43:386][527]LogCollectionManager: Fixed up redirectors for 0 collections in 0.000203 seconds (updated 0 objects)
[2016.10.08-10.53.48:279][ 11]LogAIModule: Creating AISystem for world MainLevel
[2016.10.08-10.53.48:472][ 11]Cmd: MAP LOAD FILE="D:/Repositories/UnrealGameJam/UnrealGameJam/Content/FirstPersonBP/Maps/MainLevel.umap" TEMPLATE=0 SHOWPROGRESS=1 FEATURELEVEL=3
[2016.10.08-10.53.48:473][ 11]LightingResults: New page: Lighting Build
[2016.10.08-10.53.48:477][ 11]LogContentBrowser: Native class hierarchy updated for 'StatsViewer' in 0.0004 seconds. Added 5 classes and 0 folders.
[2016.10.08-10.53.48:478][ 11]LoadErrors: New page: Loading map: MainLevel.umap
[2016.10.08-10.53.48:479][ 11]MapCheck: New page: Map Check
[2016.10.08-10.53.48:479][ 11]LightingResults: New page: Lighting Build
[2016.10.08-10.53.48:505][ 11]LogEditorServer: Finished looking for orphan Actors (0.000 secs)
[2016.10.08-10.53.48:526][ 11]Cmd: MAP CHECKDEP NOCLEARLOG
[2016.10.08-10.53.48:570][ 11]MapCheck: Info Map check complete: 0 Error(s), 0 Warning(s), took 44.097ms to complete.
[2016.10.08-10.53.48:570][ 11]LogFileHelpers: Loading map 'MainLevel' took 0.099
[2016.10.08-10.54.02:214][583]LogStaticMesh: Building static mesh Wall...
[2016.10.08-10.54.02:217][583]LogStaticMesh: Built static mesh [0.00s] /Game/ArenaMap/Assets/Asset/Wall.Wall
[2016.10.08-10.54.02:221][583]LogStaticMesh: Building static mesh TriangleClusterTwo...
[2016.10.08-10.54.02:227][583]LogStaticMesh: Built static mesh [0.01s] /Game/ArenaMap/Assets/Asset/TriangleClusterTwo.TriangleClusterTwo
[2016.10.08-10.54.02:227][583]LogStaticMesh: Building static mesh Sphere...
[2016.10.08-10.54.02:239][583]LogStaticMesh: Built static mesh [0.01s] /Game/ArenaMap/Assets/Asset/Sphere.Sphere
[2016.10.08-10.54.02:241][583]LogStaticMesh: Building static mesh ramp...
[2016.10.08-10.54.02:243][583]LogStaticMesh: Built static mesh [0.00s] /Game/ArenaMap/Assets/Asset/ramp.ramp
[2016.10.08-10.54.02:244][583]LogStaticMesh: Building static mesh pillar1...
[2016.10.08-10.54.02:248][583]LogStaticMesh: Built static mesh [0.00s] /Game/ArenaMap/Assets/Asset/pillar1.pillar1
[2016.10.08-10.54.02:249][583]LogStaticMesh: Building static mesh Gate...
[2016.10.08-10.54.02:253][583]LogStaticMesh: Built static mesh [0.00s] /Game/ArenaMap/Assets/Asset/Gate.Gate
[2016.10.08-10.54.02:254][583]LogStaticMesh: Building static mesh JumpPad...
[2016.10.08-10.54.02:262][583]LogStaticMesh: Built static mesh [0.01s] /Game/ArenaMap/Assets/Asset/JumpPad.JumpPad
[2016.10.08-10.54.02:268][583]LogStaticMesh: Building static mesh FloorExtended...
[2016.10.08-10.54.02:271][583]LogStaticMesh: Built static mesh [0.00s] /Game/ArenaMap/Assets/Asset/FloorExtended.FloorExtended
[2016.10.08-10.54.02:307][583]LogTexture:Display: Building textures: HQ_Lightmap0_1 (AutoDXT)
[2016.10.08-10.54.02:586][583]LogTexture:Display: Building textures: HQ_Lightmap0_10 (AutoDXT)
[2016.10.08-10.54.02:791][583]LogTexture:Display: Building textures: HQ_Lightmap0_11 (AutoDXT)
[2016.10.08-10.54.02:974][583]LogTexture:Display: Building textures: HQ_Lightmap0_12 (AutoDXT)
[2016.10.08-10.54.02:986][583]LogTexture:Display: Building textures: HQ_Lightmap0_13 (AutoDXT)
[2016.10.08-10.54.02:998][583]LogTexture:Display: Building textures: HQ_Lightmap0_14 (AutoDXT)
[2016.10.08-10.54.03:009][583]LogTexture:Display: Building textures: HQ_Lightmap0_15 (AutoDXT)
[2016.10.08-10.54.03:021][583]LogTexture:Display: Building textures: HQ_Lightmap0_16 (AutoDXT)
[2016.10.08-10.54.03:031][583]LogTexture:Display: Building textures: HQ_Lightmap0_17 (AutoDXT)
[2016.10.08-10.54.03:043][583]LogTexture:Display: Building textures: HQ_Lightmap0_18 (AutoDXT)
[2016.10.08-10.54.03:055][583]LogTexture:Display: Building textures: HQ_Lightmap0_19 (AutoDXT)
[2016.10.08-10.54.03:070][583]LogTexture:Display: Building textures: HQ_Lightmap0_2 (AutoDXT)
[2016.10.08-10.54.03:128][583]LogTexture:Display: Building textures: HQ_Lightmap0_20 (AutoDXT)
[2016.10.08-10.54.03:140][583]LogTexture:Display: Building textures: HQ_Lightmap0_21 (AutoDXT)
[2016.10.08-10.54.03:152][583]LogTexture:Display: Building textures: HQ_Lightmap0_22 (AutoDXT)
[2016.10.08-10.54.03:164][583]LogTexture:Display: Building textures: HQ_Lightmap0_23 (AutoDXT)
[2016.10.08-10.54.03:175][583]LogTexture:Display: Building textures: HQ_Lightmap0_24 (AutoDXT)
[2016.10.08-10.54.03:188][583]LogTexture:Display: Building textures: HQ_Lightmap0_25 (AutoDXT)
[2016.10.08-10.54.03:200][583]LogTexture:Display: Building textures: HQ_Lightmap0_26 (AutoDXT)
[2016.10.08-10.54.03:212][583]LogTexture:Display: Building textures: HQ_Lightmap0_27 (AutoDXT)
[2016.10.08-10.54.03:223][583]LogTexture:Display: Building textures: HQ_Lightmap0_28 (AutoDXT)
[2016.10.08-10.54.03:225][583]LogTexture:Display: Building textures: HQ_Lightmap0_3 (AutoDXT)
[2016.10.08-10.54.03:237][583]LogTexture:Display: Building textures: HQ_Lightmap0_4 (AutoDXT)
[2016.10.08-10.54.03:249][583]LogTexture:Display: Building textures: HQ_Lightmap0_5 (AutoDXT)
[2016.10.08-10.54.03:263][583]LogTexture:Display: Building textures: HQ_Lightmap0_6 (AutoDXT)
[2016.10.08-10.54.03:296][583]LogTexture:Display: Building textures: HQ_Lightmap0_7 (AutoDXT)
[2016.10.08-10.54.03:307][583]LogTexture:Display: Building textures: HQ_Lightmap0_8 (AutoDXT)
[2016.10.08-10.54.03:322][583]LogTexture:Display: Building textures: HQ_Lightmap0_9 (AutoDXT)
[2016.10.08-10.54.03:350][583]LogTexture:Display: Building textures: HQ_Lightmap1_1 (AutoDXT)
[2016.10.08-10.54.03:619][583]LogTexture:Display: Building textures: HQ_Lightmap1_10 (AutoDXT)
[2016.10.08-10.54.03:830][583]LogTexture:Display: Building textures: HQ_Lightmap1_11 (AutoDXT)
[2016.10.08-10.54.04:031][583]LogTexture:Display: Building textures: HQ_Lightmap1_12 (AutoDXT)
[2016.10.08-10.54.04:044][583]LogTexture:Display: Building textures: HQ_Lightmap1_13 (AutoDXT)
[2016.10.08-10.54.04:055][583]LogTexture:Display: Building textures: HQ_Lightmap1_14 (AutoDXT)
[2016.10.08-10.54.04:066][583]LogTexture:Display: Building textures: HQ_Lightmap1_15 (AutoDXT)
[2016.10.08-10.54.04:077][583]LogTexture:Display: Building textures: HQ_Lightmap1_16 (AutoDXT)
[2016.10.08-10.54.04:088][583]LogTexture:Display: Building textures: HQ_Lightmap1_17 (AutoDXT)
[2016.10.08-10.54.04:100][583]LogTexture:Display: Building textures: HQ_Lightmap1_18 (AutoDXT)
[2016.10.08-10.54.04:112][583]LogTexture:Display: Building textures: HQ_Lightmap1_19 (AutoDXT)
[2016.10.08-10.54.04:128][583]LogTexture:Display: Building textures: HQ_Lightmap1_2 (AutoDXT)
[2016.10.08-10.54.04:181][583]LogTexture:Display: Building textures: HQ_Lightmap1_20 (AutoDXT)
[2016.10.08-10.54.04:193][583]LogTexture:Display: Building textures: HQ_Lightmap1_21 (AutoDXT)
[2016.10.08-10.54.04:204][583]LogTexture:Display: Building textures: HQ_Lightmap1_22 (AutoDXT)
[2016.10.08-10.54.04:216][583]LogTexture:Display: Building textures: HQ_Lightmap1_23 (AutoDXT)
[2016.10.08-10.54.04:227][583]LogTexture:Display: Building textures: HQ_Lightmap1_24 (AutoDXT)
[2016.10.08-10.54.04:247][583]LogTexture:Display: Building textures: HQ_Lightmap1_25 (AutoDXT)
[2016.10.08-10.54.04:258][583]LogTexture:Display: Building textures: HQ_Lightmap1_26 (AutoDXT)
[2016.10.08-10.54.04:271][583]LogTexture:Display: Building textures: HQ_Lightmap1_27 (AutoDXT)
[2016.10.08-10.54.04:282][583]LogTexture:Display: Building textures: HQ_Lightmap1_28 (AutoDXT)
[2016.10.08-10.54.04:283][583]LogTexture:Display: Building textures: HQ_Lightmap1_3 (AutoDXT)
[2016.10.08-10.54.04:295][583]LogTexture:Display: Building textures: HQ_Lightmap1_4 (AutoDXT)
[2016.10.08-10.54.04:306][583]LogTexture:Display: Building textures: HQ_Lightmap1_5 (AutoDXT)
[2016.10.08-10.54.04:319][583]LogTexture:Display: Building textures: HQ_Lightmap1_6 (AutoDXT)
[2016.10.08-10.54.04:348][583]LogTexture:Display: Building textures: HQ_Lightmap1_7 (AutoDXT)
[2016.10.08-10.54.04:360][583]LogTexture:Display: Building textures: HQ_Lightmap1_8 (AutoDXT)
[2016.10.08-10.54.04:372][583]LogTexture:Display: Building textures: HQ_Lightmap1_9 (AutoDXT)
[2016.10.08-10.54.04:401][583]LogTexture:Display: Building textures: LQ_Lightmap_0_1 (DXT1)
[2016.10.08-10.54.04:530][583]LogTexture:Display: Building textures: LQ_Lightmap_0_10 (DXT1)
[2016.10.08-10.54.04:599][583]LogTexture:Display: Building textures: LQ_Lightmap_0_11 (DXT1)
[2016.10.08-10.54.04:698][583]LogTexture:Display: Building textures: LQ_Lightmap_0_12 (DXT1)
[2016.10.08-10.54.04:707][583]LogTexture:Display: Building textures: LQ_Lightmap_0_2 (DXT1)
[2016.10.08-10.54.04:738][583]LogTexture:Display: Building textures: LQ_Lightmap_0_21 (DXT1)
[2016.10.08-10.54.04:744][583]LogTexture:Display: Building textures: LQ_Lightmap_0_22 (DXT1)
[2016.10.08-10.54.04:749][583]LogTexture:Display: Building textures: LQ_Lightmap_0_23 (DXT1)
[2016.10.08-10.54.04:756][583]LogTexture:Display: Building textures: LQ_Lightmap_0_24 (DXT1)
[2016.10.08-10.54.04:761][583]LogTexture:Display: Building textures: LQ_Lightmap_0_25 (DXT1)
[2016.10.08-10.54.04:766][583]LogTexture:Display: Building textures: LQ_Lightmap_0_26 (DXT1)
[2016.10.08-10.54.04:772][583]LogTexture:Display: Building textures: LQ_Lightmap_0_27 (DXT1)
[2016.10.08-10.54.04:777][583]LogTexture:Display: Building textures: LQ_Lightmap_0_28 (DXT1)
[2016.10.08-10.54.04:781][583]LogTexture:Display: Building textures: LQ_Lightmap_0_4 (DXT1)
[2016.10.08-10.54.04:785][583]LogTexture:Display: Building textures: LQ_Lightmap_0_5 (DXT1)
[2016.10.08-10.54.04:793][583]LogTexture:Display: Building textures: LQ_Lightmap_0_6 (DXT1)
[2016.10.08-10.54.04:809][583]LogTexture:Display: Building textures: LQ_Lightmap_0_7 (DXT1)
[2016.10.08-10.54.04:813][583]LogTexture:Display: Building textures: LQ_Lightmap_0_9 (DXT1)
[2016.10.08-10.54.04:818][583]LogTexture:Display: Building textures: LQ_Lightmap_1_13 (DXT1)
[2016.10.08-10.54.04:824][583]LogTexture:Display: Building textures: LQ_Lightmap_1_14 (DXT1)
[2016.10.08-10.54.04:828][583]LogTexture:Display: Building textures: LQ_Lightmap_1_15 (DXT1)
[2016.10.08-10.54.04:833][583]LogTexture:Display: Building textures: LQ_Lightmap_1_16 (DXT1)
[2016.10.08-10.54.04:838][583]LogTexture:Display: Building textures: LQ_Lightmap_1_17 (DXT1)
[2016.10.08-10.54.04:844][583]LogTexture:Display: Building textures: LQ_Lightmap_1_18 (DXT1)
[2016.10.08-10.54.04:850][583]LogTexture:Display: Building textures: LQ_Lightmap_1_19 (DXT1)
[2016.10.08-10.54.04:856][583]LogTexture:Display: Building textures: LQ_Lightmap_1_20 (DXT1)
[2016.10.08-10.54.04:863][583]LogTexture:Display: Building textures: LQ_Lightmap_1_3 (DXT1)
[2016.10.08-10.54.04:868][583]LogTexture:Display: Building textures: LQ_Lightmap_1_8 (DXT1)
[2016.10.08-10.54.04:887][583]LogTexture:Display: Building textures: SkyOcclusion0_1 (AutoDXT)
[2016.10.08-10.54.05:044][583]LogTexture:Display: Building textures: SkyOcclusion0_10 (AutoDXT)
[2016.10.08-10.54.05:176][583]LogTexture:Display: Building textures: SkyOcclusion0_11 (AutoDXT)
[2016.10.08-10.54.05:299][583]LogTexture:Display: Building textures: SkyOcclusion0_12 (AutoDXT)
[2016.10.08-10.54.05:309][583]LogTexture:Display: Building textures: SkyOcclusion0_2 (AutoDXT)
[2016.10.08-10.54.05:338][583]LogTexture:Display: Building textures: SkyOcclusion0_21 (AutoDXT)
[2016.10.08-10.54.05:348][583]LogTexture:Display: Building textures: SkyOcclusion0_22 (AutoDXT)
[2016.10.08-10.54.05:355][583]LogTexture:Display: Building textures: SkyOcclusion0_23 (AutoDXT)
[2016.10.08-10.54.05:363][583]LogTexture:Display: Building textures: SkyOcclusion0_24 (AutoDXT)
[2016.10.08-10.54.05:371][583]LogTexture:Display: Building textures: SkyOcclusion0_25 (AutoDXT)
[2016.10.08-10.54.05:380][583]LogTexture:Display: Building textures: SkyOcclusion0_26 (AutoDXT)
[2016.10.08-10.54.05:388][583]LogTexture:Display: Building textures: SkyOcclusion0_27 (AutoDXT)
[2016.10.08-10.54.05:397][583]LogTexture:Display: Building textures: SkyOcclusion0_28 (AutoDXT)
[2016.10.08-10.54.05:400][583]LogTexture:Display: Building textures: SkyOcclusion0_4 (AutoDXT)
[2016.10.08-10.54.05:408][583]LogTexture:Display: Building textures: SkyOcclusion0_5 (AutoDXT)
[2016.10.08-10.54.05:417][583]LogTexture:Display: Building textures: SkyOcclusion0_6 (AutoDXT)
[2016.10.08-10.54.05:434][583]LogTexture:Display: Building textures: SkyOcclusion0_7 (AutoDXT)
[2016.10.08-10.54.05:442][583]LogTexture:Display: Building textures: SkyOcclusion0_8 (AutoDXT)
[2016.10.08-10.54.05:451][583]LogTexture:Display: Building textures: SkyOcclusion0_9 (AutoDXT)
[2016.10.08-10.54.05:458][583]LogTexture:Display: Building textures: SkyOcclusion1_13 (AutoDXT)
[2016.10.08-10.54.05:467][583]LogTexture:Display: Building textures: SkyOcclusion1_14 (AutoDXT)
[2016.10.08-10.54.05:474][583]LogTexture:Display: Building textures: SkyOcclusion1_15 (AutoDXT)
[2016.10.08-10.54.05:482][583]LogTexture:Display: Building textures: SkyOcclusion1_16 (AutoDXT)
[2016.10.08-10.54.05:490][583]LogTexture:Display: Building textures: SkyOcclusion1_17 (AutoDXT)
[2016.10.08-10.54.05:497][583]LogTexture:Display: Building textures: SkyOcclusion1_18 (AutoDXT)
[2016.10.08-10.54.05:507][583]LogTexture:Display: Building textures: SkyOcclusion1_19 (AutoDXT)
[2016.10.08-10.54.05:515][583]LogTexture:Display: Building textures: SkyOcclusion1_20 (AutoDXT)
[2016.10.08-10.54.05:523][583]LogTexture:Display: Building textures: SkyOcclusion1_3 (AutoDXT)
[2016.10.08-10.54.05:533][583]LogTexture:Display: Building textures: T_Dust_Particle_D (AutoDXT)
[2016.10.08-10.54.05:579][583]LogTexture:Display: Building textures: ShadowMapTexture2D_37 (BGRA8)
[2016.10.08-10.54.05:681][583]LogTexture:Display: Building textures: ShadowMapTexture2D_38 (BGRA8)
[2016.10.08-10.54.05:686][583]LogTexture:Display: Building textures: ShadowMapTexture2D_39 (G8)
[2016.10.08-10.54.05:687][583]LogTexture:Display: Building textures: ShadowMapTexture2D_40 (G8)
[2016.10.08-10.54.05:687][583]LogTexture:Display: Building textures: ShadowMapTexture2D_41 (G8)
[2016.10.08-10.54.05:688][583]LogTexture:Display: Building textures: ShadowMapTexture2D_42 (G8)
[2016.10.08-10.54.05:695][583]LogTexture:Display: Building textures: ShadowMapTexture2D_43 (G8)
[2016.10.08-10.54.05:695][583]LogTexture:Display: Building textures: ShadowMapTexture2D_44 (G8)
[2016.10.08-10.54.05:696][583]LogTexture:Display: Building textures: ShadowMapTexture2D_45 (G8)
[2016.10.08-10.54.05:706][583]LogTexture:Display: Building textures: ShadowMapTexture2D_46 (BGRA8)
[2016.10.08-10.54.05:730][583]LogTexture:Display: Building textures: ShadowMapTexture2D_47 (G8)
[2016.10.08-10.54.05:731][583]LogTexture:Display: Building textures: ShadowMapTexture2D_48 (G8)
[2016.10.08-10.54.05:732][583]LogTexture:Display: Building textures: ShadowMapTexture2D_49 (G8)
[2016.10.08-10.54.05:732][583]LogTexture:Display: Building textures: ShadowMapTexture2D_50 (G8)
[2016.10.08-10.54.05:733][583]LogTexture:Display: Building textures: ShadowMapTexture2D_51 (G8)
[2016.10.08-10.54.05:733][583]LogTexture:Display: Building textures: ShadowMapTexture2D_52 (G8)
[2016.10.08-10.54.05:734][583]LogTexture:Display: Building textures: ShadowMapTexture2D_53 (G8)
[2016.10.08-10.54.05:735][583]LogTexture:Display: Building textures: ShadowMapTexture2D_54 (G8)
[2016.10.08-10.54.05:735][583]LogTexture:Display: Building textures: ShadowMapTexture2D_55 (G8)
[2016.10.08-10.54.05:736][583]LogTexture:Display: Building textures: ShadowMapTexture2D_56 (G8)
[2016.10.08-10.54.05:736][583]LogTexture:Display: Building textures: ShadowMapTexture2D_57 (G8)
[2016.10.08-10.54.05:737][583]LogTexture:Display: Building textures: ShadowMapTexture2D_58 (G8)
[2016.10.08-10.54.05:737][583]LogTexture:Display: Building textures: ShadowMapTexture2D_59 (G8)
[2016.10.08-10.54.05:738][583]LogTexture:Display: Building textures: ShadowMapTexture2D_60 (G8)
[2016.10.08-10.54.05:738][583]LogTexture:Display: Building textures: ShadowMapTexture2D_61 (G8)
[2016.10.08-10.54.05:739][583]LogTexture:Display: Building textures: ShadowMapTexture2D_62 (G8)
[2016.10.08-10.54.05:740][583]LogTexture:Display: Building textures: ShadowMapTexture2D_63 (G8)
[2016.10.08-10.54.05:747][583]LogTexture:Display: Building textures: ShadowMapTexture2D_64 (G8)
[2016.10.08-10.54.05:816][583]LogTexture:Display: Building textures: ShadowMapTexture2D_65 (G8)
[2016.10.08-10.54.05:817][583]LogTexture:Display: Building textures: ShadowMapTexture2D_66 (G8)
[2016.10.08-10.54.05:818][583]LogTexture:Display: Building textures: ShadowMapTexture2D_67 (G8)
[2016.10.08-10.54.05:818][583]LogTexture:Display: Building textures: ShadowMapTexture2D_68 (G8)
[2016.10.08-10.54.05:819][583]LogTexture:Display: Building textures: ShadowMapTexture2D_69 (G8)
[2016.10.08-10.54.05:819][583]LogTexture:Display: Building textures: ShadowMapTexture2D_70 (G8)
[2016.10.08-10.54.05:819][583]LogTexture:Display: Building textures: ShadowMapTexture2D_71 (G8)
[2016.10.08-10.54.05:820][583]LogTexture:Display: Building textures: ShadowMapTexture2D_72 (G8)
[2016.10.08-10.54.05:820][583]LogTexture:Display: Building textures: ShadowMapTexture2D_73 (G8)
[2016.10.08-10.54.05:821][583]LogTexture:Display: Building textures: ShadowMapTexture2D_74 (G8)
[2016.10.08-10.54.05:822][583]LogTexture:Display: Building textures: ShadowMapTexture2D_75 (G8)
[2016.10.08-10.54.05:822][583]LogTexture:Display: Building textures: ShadowMapTexture2D_76 (G8)
[2016.10.08-10.54.05:823][583]LogTexture:Display: Building textures: ShadowMapTexture2D_77 (G8)
[2016.10.08-10.54.05:823][583]LogTexture:Display: Building textures: ShadowMapTexture2D_78 (G8)
[2016.10.08-10.54.05:824][583]LogTexture:Display: Building textures: ShadowMapTexture2D_79 (G8)
[2016.10.08-10.54.05:824][583]LogTexture:Display: Building textures: ShadowMapTexture2D_80 (G8)
[2016.10.08-10.54.05:824][583]LogTexture:Display: Building textures: ShadowMapTexture2D_81 (G8)
[2016.10.08-10.54.05:825][583]LogTexture:Display: Building textures: ShadowMapTexture2D_82 (G8)
[2016.10.08-10.54.05:825][583]LogTexture:Display: Building textures: ShadowMapTexture2D_83 (G8)
[2016.10.08-10.54.05:826][583]LogTexture:Display: Building textures: ShadowMapTexture2D_84 (G8)
[2016.10.08-10.54.05:826][583]LogTexture:Display: Building textures: ShadowMapTexture2D_85 (G8)
[2016.10.08-10.54.05:827][583]LogTexture:Display: Building textures: ShadowMapTexture2D_86 (G8)
[2016.10.08-10.54.05:827][583]LogTexture:Display: Building textures: ShadowMapTexture2D_87 (G8)
[2016.10.08-10.54.05:828][583]LogTexture:Display: Building textures: ShadowMapTexture2D_88 (G8)
[2016.10.08-10.54.05:828][583]LogTexture:Display: Building textures: ShadowMapTexture2D_89 (G8)
[2016.10.08-10.54.05:846][583]LogStaticMesh: Building static mesh Arrows...
[2016.10.08-10.54.05:850][583]LogStaticMesh: Built static mesh [0.00s] /Game/ArenaMap/Assets/Asset/Arrows.Arrows
[2016.10.08-10.54.05:850][583]LogStaticMesh: Building static mesh Cube...
[2016.10.08-10.54.05:852][583]LogStaticMesh: Built static mesh [0.00s] /Game/ArenaMap/Assets/Asset/Cube.Cube
[2016.10.08-10.54.05:853][583]LogStaticMesh: Building static mesh PlatformCircle...
[2016.10.08-10.54.05:862][583]LogStaticMesh: Built static mesh [0.01s] /Game/ArenaMap/Assets/Asset/PlatformCircle.PlatformCircle
[2016.10.08-10.54.05:864][583]LogStaticMesh: Building static mesh Wall_corner...
[2016.10.08-10.54.05:868][583]LogStaticMesh: Built static mesh [0.00s] /Game/ArenaMap/Assets/Asset/Wall_corner.Wall_corner
[2016.10.08-10.54.05:869][583]LogTexture:Display: Building textures: Polaroid (BGRA8)
[2016.10.08-10.54.05:874][583]LogMaterial: Missing cached shader map for material BaseColourOne, compiling. 
[2016.10.08-10.54.05:939][583]LogMaterial: Missing cached shader map for material FloorTest, compiling. 
[2016.10.08-10.54.05:953][583]LogAIModule: Creating AISystem for world ArenaMap
[2016.10.08-10.54.05:990][583]Cmd: MAP LOAD FILE="D:/Repositories/UnrealGameJam/UnrealGameJam/Content/ArenaMap/ArenaMap.umap" TEMPLATE=0 SHOWPROGRESS=1 FEATURELEVEL=3
[2016.10.08-10.54.05:990][583]LightingResults: New page: Lighting Build
[2016.10.08-10.54.05:991][583]LoadErrors: New page: Loading map: ArenaMap.umap
[2016.10.08-10.54.05:992][583]MapCheck: New page: Map Check
[2016.10.08-10.54.05:992][583]LightingResults: New page: Lighting Build
[2016.10.08-10.54.06:052][583]LogEditorServer: Finished looking for orphan Actors (0.000 secs)
[2016.10.08-10.54.06:073][583]Cmd: MAP CHECKDEP NOCLEARLOG
[2016.10.08-10.54.06:126][583]MapCheck: Info Map check complete: 0 Error(s), 0 Warning(s), took 52.891ms to complete.
[2016.10.08-10.54.06:126][583]LogFileHelpers: Loading map 'ArenaMap' took 0.137
[2016.10.08-10.55.15:521][625]LogAIModule: Creating AISystem for world MainLevel
[2016.10.08-10.55.15:566][625]Cmd: MAP LOAD FILE="D:/Repositories/UnrealGameJam/UnrealGameJam/Content/FirstPersonBP/Maps/MainLevel.umap" TEMPLATE=0 SHOWPROGRESS=1 FEATURELEVEL=3
[2016.10.08-10.55.15:566][625]LightingResults: New page: Lighting Build
[2016.10.08-10.55.15:566][625]LoadErrors: New page: Loading map: MainLevel.umap
[2016.10.08-10.55.15:570][625]MapCheck: New page: Map Check
[2016.10.08-10.55.15:570][625]LightingResults: New page: Lighting Build
[2016.10.08-10.55.15:596][625]LogEditorServer: Finished looking for orphan Actors (0.000 secs)
[2016.10.08-10.55.15:622][625]Cmd: MAP CHECKDEP NOCLEARLOG
[2016.10.08-10.55.15:668][625]MapCheck: Info Map check complete: 0 Error(s), 0 Warning(s), took 46.276ms to complete.
[2016.10.08-10.55.15:668][625]LogFileHelpers: Loading map 'MainLevel' took 0.103
[2016.10.08-11.06.01:830][408]LogContentBrowser: Native class hierarchy updated for 'BlueprintGraph' in 0.0008 seconds. Added 111 classes and 0 folders.
[2016.10.08-11.13.54:291][768]BlueprintLog: New page: Compile FirstPersonCharacter
[2016.10.08-11.13.55:978][768]BlueprintEditorCompileResults: Info [1231.16] Compile of FirstPersonCharacter successful! [in 1,686 ms] (/Game/FirstPersonBP/Blueprints/FirstPersonCharacter.FirstPersonCharacter)
[2016.10.08-11.15.08:394][ 38]LogSavePackage: Save=1847.38ms
[2016.10.08-11.15.08:394][ 38]LogSavePackage: Moving 'D:/Repositories/UnrealGameJam/UnrealGameJam/Saved/MainLevel_Auto18E596BBD4FAB36B2FC598894C2A0A31F.tmp' to 'D:/Repositories/UnrealGameJam/UnrealGameJam/Saved/Autosaves/Game/FirstPersonBP/Maps/MainLevel_Auto1.umap'
[2016.10.08-11.15.08:395][ 38]LogSavePackage:Display: Finished SavePackage D:/Repositories/UnrealGameJam/UnrealGameJam/Saved/Autosaves/Game/FirstPersonBP/Maps/MainLevel_Auto1.umap
[2016.10.08-11.15.08:396][ 38]LogFileHelpers: Editor autosave (incl. sublevels) for '/Game/FirstPersonBP/Maps/MainLevel' took 1.885
[2016.10.08-11.15.08:396][ 38]LogFileHelpers: Editor autosave (incl. sublevels) for all levels took 1.885
[2016.10.08-11.15.08:398][ 38]OBJ SavePackage: Generating thumbnails for [1] asset(s) in package [/Game/FirstPersonBP/Blueprints/FirstPersonCharacter] ([1] browsable assets)...
[2016.10.08-11.15.08:428][ 38]OBJ SavePackage:     Rendered thumbnail for [Blueprint /Game/FirstPersonBP/Blueprints/FirstPersonCharacter.FirstPersonCharacter]
[2016.10.08-11.15.08:428][ 38]OBJ SavePackage: Finished generating thumbnails for package [/Game/FirstPersonBP/Blueprints/FirstPersonCharacter]
[2016.10.08-11.15.08:518][ 38]LogSavePackage: Save=84.59ms
[2016.10.08-11.15.08:518][ 38]LogSavePackage: Moving 'D:/Repositories/UnrealGameJam/UnrealGameJam/Saved/FirstPersonCharacter_Auto13B38D3444EC01247460BC7BC91E85508.tmp' to 'D:/Repositories/UnrealGameJam/UnrealGameJam/Saved/Autosaves/Game/FirstPersonBP/Blueprints/FirstPersonCharacter_Auto1.uasset'
[2016.10.08-11.15.08:519][ 38]LogSavePackage:Display: Finished SavePackage D:/Repositories/UnrealGameJam/UnrealGameJam/Saved/Autosaves/Game/FirstPersonBP/Blueprints/FirstPersonCharacter_Auto1.uasset
[2016.10.08-11.15.08:519][ 38]LogFileHelpers: Auto-saving content packages took 0.121
[2016.10.08-11.15.22:776][990]BlueprintLog: New page: Compile FirstPersonCharacter
[2016.10.08-11.15.22:913][990]BlueprintEditorCompileResults: Info [1318.10] Compile of FirstPersonCharacter successful! [in 137 ms] (/Game/FirstPersonBP/Blueprints/FirstPersonCharacter.FirstPersonCharacter)
[2016.10.08-11.23.51:042][935]LogRenderer: Reallocating scene render targets to support 1308x712 (Frame:46854).
[2016.10.08-11.27.00:064][797]LogSavePackage: Save=1252.73ms
[2016.10.08-11.27.00:064][797]LogSavePackage: Moving 'D:/Repositories/UnrealGameJam/UnrealGameJam/Saved/MainLevel_Auto2C46E77A345375FB9C8BEFFBB97F7E8CF.tmp' to 'D:/Repositories/UnrealGameJam/UnrealGameJam/Saved/Autosaves/Game/FirstPersonBP/Maps/MainLevel_Auto2.umap'
[2016.10.08-11.27.00:064][797]LogSavePackage:Display: Finished SavePackage D:/Repositories/UnrealGameJam/UnrealGameJam/Saved/Autosaves/Game/FirstPersonBP/Maps/MainLevel_Auto2.umap
[2016.10.08-11.27.00:065][797]LogFileHelpers: Editor autosave (incl. sublevels) for '/Game/FirstPersonBP/Maps/MainLevel' took 1.369
[2016.10.08-11.27.00:065][797]LogFileHelpers: Editor autosave (incl. sublevels) for all levels took 1.369
[2016.10.08-11.27.00:067][797]OBJ SavePackage: Generating thumbnails for [1] asset(s) in package [/Game/FirstPersonBP/Blueprints/FirstPersonCharacter] ([1] browsable assets)...
[2016.10.08-11.27.00:097][797]OBJ SavePackage:     Rendered thumbnail for [Blueprint /Game/FirstPersonBP/Blueprints/FirstPersonCharacter.FirstPersonCharacter]
[2016.10.08-11.27.00:097][797]OBJ SavePackage: Finished generating thumbnails for package [/Game/FirstPersonBP/Blueprints/FirstPersonCharacter]
[2016.10.08-11.27.00:189][797]LogSavePackage: Save=86.29ms
[2016.10.08-11.27.00:189][797]LogSavePackage: Moving 'D:/Repositories/UnrealGameJam/UnrealGameJam/Saved/FirstPersonCharacter_Auto2B2CE5F934C05E345AEACCCB6E900398C.tmp' to 'D:/Repositories/UnrealGameJam/UnrealGameJam/Saved/Autosaves/Game/FirstPersonBP/Blueprints/FirstPersonCharacter_Auto2.uasset'
[2016.10.08-11.27.00:189][797]LogSavePackage:Display: Finished SavePackage D:/Repositories/UnrealGameJam/UnrealGameJam/Saved/Autosaves/Game/FirstPersonBP/Blueprints/FirstPersonCharacter_Auto2.uasset
[2016.10.08-11.27.00:190][797]OBJ SavePackage: Generating thumbnails for [0] asset(s) in package [/Game/FirstPersonBP/Blueprints/PlayerControllerNumber] ([1] browsable assets)...
[2016.10.08-11.27.00:190][797]OBJ SavePackage: Finished generating thumbnails for package [/Game/FirstPersonBP/Blueprints/PlayerControllerNumber]
[2016.10.08-11.27.00:202][797]LogSavePackage: Save=10.79ms
[2016.10.08-11.27.00:202][797]LogSavePackage: Moving 'D:/Repositories/UnrealGameJam/UnrealGameJam/Saved/PlayerControllerNumber_Auto2F59646B4465AC7C1A75D4893836A9271.tmp' to 'D:/Repositories/UnrealGameJam/UnrealGameJam/Saved/Autosaves/Game/FirstPersonBP/Blueprints/PlayerControllerNumber_Auto2.uasset'
[2016.10.08-11.27.00:202][797]LogSavePackage:Display: Finished SavePackage D:/Repositories/UnrealGameJam/UnrealGameJam/Saved/Autosaves/Game/FirstPersonBP/Blueprints/PlayerControllerNumber_Auto2.uasset
[2016.10.08-11.27.00:202][797]LogFileHelpers: Auto-saving content packages took 0.136
[2016.10.08-11.40.06:868][805]LogSavePackage: Save=81.16ms
[2016.10.08-11.40.06:868][805]LogSavePackage: Moving 'D:/Repositories/UnrealGameJam/UnrealGameJam/Saved/FirstPersonCharacterCC5FD4564B8A54FC933BAE8E5DF18584.tmp' to 'D:/Repositories/UnrealGameJam/UnrealGameJam/Content/FirstPersonBP/Blueprints/FirstPersonCharacter.uasset'
[2016.10.08-11.40.06:872][805]LogSavePackage:Display: Finished SavePackage D:/Repositories/UnrealGameJam/UnrealGameJam/Content/FirstPersonBP/Blueprints/FirstPersonCharacter.uasset
[2016.10.08-11.40.06:893][805]LogSavePackage: Save=11.09ms
[2016.10.08-11.40.06:893][805]LogSavePackage: Moving 'D:/Repositories/UnrealGameJam/UnrealGameJam/Saved/PlayerControllerNumberD456A01C464264C231BDD28F09DE33EB.tmp' to 'D:/Repositories/UnrealGameJam/UnrealGameJam/Content/FirstPersonBP/Blueprints/PlayerControllerNumber.uasset'
[2016.10.08-11.40.06:895][805]LogSavePackage:Display: Finished SavePackage D:/Repositories/UnrealGameJam/UnrealGameJam/Content/FirstPersonBP/Blueprints/PlayerControllerNumber.uasset
[2016.10.08-11.40.06:955][805]Cmd: OBJ SAVEPACKAGE PACKAGE="/Game/FirstPersonBP/Maps/MainLevel" FILE="D:/Repositories/UnrealGameJam/UnrealGameJam/Content/FirstPersonBP/Maps/MainLevel.umap" SILENT=true AUTOSAVING=false KEEPDIRTY=false
[2016.10.08-11.40.08:188][805]LogSavePackage: Save=1202.00ms
[2016.10.08-11.40.08:188][805]LogSavePackage: Moving 'D:/Repositories/UnrealGameJam/UnrealGameJam/Saved/MainLevel3E4F277444B4714CD910F7957020917A.tmp' to 'D:/Repositories/UnrealGameJam/UnrealGameJam/Content/FirstPersonBP/Maps/MainLevel.umap'
[2016.10.08-11.40.08:221][805]LogSavePackage:Display: Finished SavePackage D:/Repositories/UnrealGameJam/UnrealGameJam/Content/FirstPersonBP/Maps/MainLevel.umap
[2016.10.08-11.40.08:266][805]LogFileHelpers: Saving map 'MainLevel' took 1.364
[2016.10.08-11.40.08:564][806]Cmd: QUIT_EDITOR
[2016.10.08-11.40.08:620][806]LogWindowsTextInputMethodSystem:Display: IME system now deactivated.
[2016.10.08-11.40.08:660][806]LogExit: Preparing to exit.
[2016.10.08-11.40.09:194][806]LogExit: Editor shut down
[2016.10.08-11.40.09:196][806]LogExit: Transaction tracking system shut down
[2016.10.08-11.40.09:470][806]LogObj: Freed 0b from 0 cluster array pools.
[2016.10.08-11.40.09:470][806]LogExit: Object subsystem successfully closed.
[2016.10.08-11.40.09:503][806]LogD3D11RHI: Shutdown
[2016.10.08-11.40.09:503][806]LogD3D11RHI: CleanupD3DDevice
[2016.10.08-11.40.09:657][806]LogD3D11RHI: ~FD3D11DynamicRHI
[2016.10.08-11.40.09:711][806]LogModuleManager: Shutting down and abandoning module BlueprintGraph (214)
[2016.10.08-11.40.09:711][806]LogModuleManager: Shutting down and abandoning module StatsViewer (213)
[2016.10.08-11.40.09:712][806]LogModuleManager: Shutting down and abandoning module HierarchicalLODOutliner (212)
[2016.10.08-11.40.09:712][806]LogModuleManager: Shutting down and abandoning module CrashTracker (211)
[2016.10.08-11.40.09:712][806]LogModuleManager: Shutting down and abandoning module SceneOutliner (210)
[2016.10.08-11.40.09:712][806]LogModuleManager: Shutting down and abandoning module WidgetCarousel (209)
[2016.10.08-11.40.09:713][806]LogModuleManager: Shutting down and abandoning module AddContentDialog (208)
[2016.10.08-11.40.09:721][806]LogModuleManager: Shutting down and abandoning module GameplayTags (207)
[2016.10.08-11.40.09:721][806]LogModuleManager: Shutting down and abandoning module EditorWidgets (206)
[2016.10.08-11.40.09:721][806]LogModuleManager: Shutting down and abandoning module CollectionManager (205)
[2016.10.08-11.40.09:722][806]LogModuleManager: Shutting down and abandoning module FoliageEdit (204)
[2016.10.08-11.40.09:722][806]LogModuleManager: Shutting down and abandoning module LandscapeEditor (203)
[2016.10.08-11.40.09:723][806]LogModuleManager: Shutting down and abandoning module SceneDepthPickerMode (202)
[2016.10.08-11.40.09:723][806]LogModuleManager: Shutting down and abandoning module ActorPickerMode (201)
[2016.10.08-11.40.09:723][806]LogModuleManager: Shutting down and abandoning module GeometryMode (200)
[2016.10.08-11.40.09:723][806]LogModuleManager: Shutting down and abandoning module TextureAlignMode (199)
[2016.10.08-11.40.09:723][806]LogModuleManager: Shutting down and abandoning module BspMode (198)
[2016.10.08-11.40.09:724][806]LogModuleManager: Shutting down and abandoning module HardwareSurvey (197)
[2016.10.08-11.40.09:724][806]LogModuleManager: Shutting down and abandoning module SequenceRecorderSections (196)
[2016.10.08-11.40.09:724][806]LogModuleManager: Shutting down and abandoning module SequenceRecorder (195)
[2016.10.08-11.40.09:724][806]LogModuleManager: Shutting down and abandoning module AutomationWorker (194)
[2016.10.08-11.40.09:724][806]LogModuleManager: Shutting down and abandoning module MatineeToLevelSequence (193)
[2016.10.08-11.40.09:724][806]LogModuleManager: Shutting down and abandoning module PlacementMode (192)
[2016.10.08-11.40.09:725][806]LogModuleManager: Shutting down and abandoning module LevelSequenceEditor (191)
[2016.10.08-11.40.09:727][806]LogModuleManager: Shutting down and abandoning module CharacterAI (190)
[2016.10.08-11.40.09:727][806]LogModuleManager: Shutting down and abandoning module SmartSnapping (189)
[2016.10.08-11.40.09:727][806]LogModuleManager: Shutting down and abandoning module SessionServices (188)
[2016.10.08-11.40.09:727][806]LogModuleManager: Shutting down and abandoning module ViewportSnapping (187)
[2016.10.08-11.40.09:727][806]LogModuleManager: Shutting down and abandoning module LogVisualizer (186)
[2016.10.08-11.40.09:729][806]LogModuleManager: Shutting down and abandoning module GameProjectGeneration (185)
[2016.10.08-11.40.09:730][806]LogModuleManager: Shutting down and abandoning module IntroTutorials (184)
[2016.10.08-11.40.09:731][806]LogModuleManager: Shutting down and abandoning module EditorLiveStreaming (183)
[2016.10.08-11.40.09:731][806]LogModuleManager: Shutting down and abandoning module IOSPlatformEditor (182)
[2016.10.08-11.40.09:731][806]LogModuleManager: Shutting down and abandoning module HTML5PlatformEditor (181)
[2016.10.08-11.40.09:731][806]LogModuleManager: Shutting down and abandoning module AndroidDeviceDetection (180)
[2016.10.08-11.40.10:297][806]LogModuleManager: Shutting down and abandoning module AndroidPlatformEditor (179)
[2016.10.08-11.40.10:298][806]LogModuleManager: Shutting down and abandoning module IOSRuntimeSettings (178)
[2016.10.08-11.40.10:298][806]LogModuleManager: Shutting down and abandoning module AndroidRuntimeSettings (177)
[2016.10.08-11.40.10:298][806]LogModuleManager: Shutting down and abandoning module MergeActors (176)
[2016.10.08-11.40.10:298][806]LogModuleManager: Shutting down and abandoning module SizeMap (175)
[2016.10.08-11.40.10:298][806]LogModuleManager: Shutting down and abandoning module TreeMap (174)
[2016.10.08-11.40.10:299][806]LogModuleManager: Shutting down and abandoning module ReferenceViewer (173)
[2016.10.08-11.40.10:299][806]LogModuleManager: Shutting down and abandoning module LocalizationService (172)
[2016.10.08-11.40.10:300][806]LogModuleManager: Shutting down and abandoning module LocalizationDashboard (171)
[2016.10.08-11.40.10:301][806]LogModuleManager: Shutting down and abandoning module HardwareTargeting (170)
[2016.10.08-11.40.10:301][806]LogModuleManager: Shutting down and abandoning module DeviceProfileEditor (169)
[2016.10.08-11.40.10:302][806]LogModuleManager: Shutting down and abandoning module UndoHistory (168)
[2016.10.08-11.40.10:302][806]LogModuleManager: Shutting down and abandoning module UserFeedback (167)
[2016.10.08-11.40.10:302][806]LogModuleManager: Shutting down and abandoning module XmlParser (166)
[2016.10.08-11.40.10:302][806]LogModuleManager: Shutting down and abandoning module Blutility (165)
[2016.10.08-11.40.10:302][806]LogModuleManager: Shutting down and abandoning module ProjectTargetPlatformEditor (164)
[2016.10.08-11.40.10:303][806]LogModuleManager: Shutting down and abandoning module ProjectSettingsViewer (163)
[2016.10.08-11.40.10:303][806]LogModuleManager: Shutting down and abandoning module InputBindingEditor (162)
[2016.10.08-11.40.10:304][806]LogModuleManager: Shutting down and abandoning module EditorSettingsViewer (161)
[2016.10.08-11.40.10:305][806]LogModuleManager: Shutting down and abandoning module SettingsEditor (160)
[2016.10.08-11.40.10:305][806]LogModuleManager: Shutting down and abandoning module ProjectLauncher (159)
[2016.10.08-11.40.10:307][806]LogModuleManager: Shutting down and abandoning module SessionFrontend (158)
[2016.10.08-11.40.10:308][806]LogModuleManager: Shutting down and abandoning module ProfilerClient (157)
[2016.10.08-11.40.10:308][806]LogModuleManager: Shutting down and abandoning module TargetDeviceServices (156)
[2016.10.08-11.40.10:308][806]LogModuleManager: Shutting down and abandoning module DeviceManager (155)
[2016.10.08-11.40.10:353][806]LogModuleManager: Shutting down and abandoning module AutomationController (154)
[2016.10.08-11.40.10:354][806]LogModuleManager: Shutting down and abandoning module AutomationWindow (153)
[2016.10.08-11.40.10:355][806]LogModuleManager: Shutting down and abandoning module Layers (152)
[2016.10.08-11.40.10:357][806]LogModuleManager: Shutting down and abandoning module ComponentVisualizers (151)
[2016.10.08-11.40.10:357][806]LogModuleManager: Shutting down and abandoning module DetailCustomizations (150)
[2016.10.08-11.40.10:358][806]LogModuleManager: Shutting down and abandoning module PackagesDialog (149)
[2016.10.08-11.40.10:358][806]LogModuleManager: Shutting down and abandoning module Persona (148)
[2016.10.08-11.40.10:360][806]LogModuleManager: Shutting down and abandoning module Kismet (147)
[2016.10.08-11.40.10:360][806]LogModuleManager: Shutting down and abandoning module GraphEditor (146)
[2016.10.08-11.40.10:360][806]LogModuleManager: Shutting down and abandoning module ClassViewer (145)
[2016.10.08-11.40.10:363][806]LogModuleManager: Shutting down and abandoning module Toolbox (144)
[2016.10.08-11.40.10:363][806]LogModuleManager: Shutting down and abandoning module ModuleUI (143)
[2016.10.08-11.40.10:363][806]LogModuleManager: Shutting down and abandoning module MovieSceneTools (142)
[2016.10.08-11.40.10:364][806]LogModuleManager: Shutting down and abandoning module OutputLog (141)
[2016.10.08-11.40.10:365][806]LogModuleManager: Shutting down and abandoning module GammaUI (140)
[2016.10.08-11.40.10:365][806]LogModuleManager: Shutting down and abandoning module Documentation (139)
[2016.10.08-11.40.10:365][806]LogModuleManager: Shutting down and abandoning module StreamingPauseRendering (138)
[2016.10.08-11.40.10:365][806]LogModuleManager: Shutting down and abandoning module AnalyticsET (137)
[2016.10.08-11.40.10:365][806]LogModuleManager: Shutting down and abandoning module Analytics (136)
[2016.10.08-11.40.10:365][806]LogModuleManager: Shutting down and abandoning module PortalServices (135)
[2016.10.08-11.40.10:366][806]LogModuleManager: Shutting down and abandoning module PortalRpc (134)
[2016.10.08-11.40.10:366][806]LogModuleManager: Shutting down and abandoning module MessagingRpc (133)
[2016.10.08-11.40.10:366][806]LogModuleManager: Shutting down and abandoning module GameplayDebugger (132)
[2016.10.08-11.40.10:366][806]LogModuleManager: Shutting down and abandoning module AITestSuite (131)
[2016.10.08-11.40.10:366][806]LogModuleManager: Shutting down and abandoning module AIModule (130)
[2016.10.08-11.40.10:366][806]LogModuleManager: Shutting down and abandoning module ProfilerService (129)
[2016.10.08-11.40.10:535][806]LogModuleManager: Shutting down and abandoning module TaskGraph (128)
[2016.10.08-11.40.10:536][806]LogModuleManager: Shutting down and abandoning module SlateRemote (127)
[2016.10.08-11.40.10:536][806]LogModuleManager: Shutting down and abandoning module SteamVRController (126)
[2016.10.08-11.40.10:536][806]LogModuleManager: Shutting down and abandoning module SteamVR (125)
[2016.10.08-11.40.10:536][806]LogModuleManager: Shutting down and abandoning module ProceduralMeshComponent (124)
[2016.10.08-11.40.10:536][806]LogModuleManager: Shutting down and abandoning module OculusLibrary (123)
[2016.10.08-11.40.10:536][806]LogModuleManager: Shutting down and abandoning module OculusInput (122)
[2016.10.08-11.40.10:536][806]LogModuleManager: Shutting down and abandoning module CustomMeshComponent (121)
[2016.10.08-11.40.10:537][806]LogModuleManager: Shutting down and abandoning module CableComponent (120)
[2016.10.08-11.40.10:537][806]LogModuleManager: Shutting down and abandoning module ArchVisCharacter (119)
[2016.10.08-11.40.10:537][806]LogModuleManager: Shutting down and abandoning module MediaPlayerEditor (118)
[2016.10.08-11.40.10:538][806]LogModuleManager: Shutting down and abandoning module HTML5Networking (117)
[2016.10.08-11.40.10:538][806]LogModuleManager: Shutting down and abandoning module SuperSearch (116)
[2016.10.08-11.40.10:538][806]LogModuleManager: Shutting down and abandoning module SuperSearchEditor (115)
[2016.10.08-11.40.10:538][806]LogModuleManager: Shutting down and abandoning module SpeedTreeImporter (114)
[2016.10.08-11.40.10:538][806]LogModuleManager: Shutting down and abandoning module PluginBrowser (113)
[2016.10.08-11.40.10:541][806]LogModuleManager: Shutting down and abandoning module EpicSurvey (112)
[2016.10.08-11.40.10:541][806]LogModuleManager: Shutting down and abandoning module DesktopPlatform (111)
[2016.10.08-11.40.10:541][806]LogModuleManager: Shutting down and abandoning module VisualStudioSourceCodeAccess (110)
[2016.10.08-11.40.10:541][806]LogModuleManager: Shutting down and abandoning module UObjectPlugin (109)
[2016.10.08-11.40.10:541][806]LogModuleManager: Shutting down and abandoning module SubversionSourceControl (108)
[2016.10.08-11.40.10:542][806]LogModuleManager: Shutting down and abandoning module PerforceSourceControl (107)
[2016.10.08-11.40.10:543][806]LogModuleManager: Shutting down and abandoning module SourceControl (106)
[2016.10.08-11.40.10:544][806]LogModuleManager: Shutting down and abandoning module GitSourceControl (105)
[2016.10.08-11.40.10:545][806]LogModuleManager: Shutting down and abandoning module LightPropagationVolumeEditor (104)
[2016.10.08-11.40.10:545][806]LogModuleManager: Shutting down and abandoning module PaperTiledImporter (103)
[2016.10.08-11.40.10:546][806]LogModuleManager: Shutting down and abandoning module PaperSpriteSheetImporter (102)
[2016.10.08-11.40.10:546][806]LogModuleManager: Shutting down and abandoning module MeshPaint (101)
[2016.10.08-11.40.10:546][806]LogModuleManager: Shutting down and abandoning module PixelInspectorModule (100)
[2016.10.08-11.40.10:547][806]LogModuleManager: Shutting down and abandoning module HotReload (99)
[2016.10.08-11.40.10:548][806]LogModuleManager: Shutting down and abandoning module MainFrame (98)
[2016.10.08-11.40.10:548][806]LogModuleManager: Shutting down and abandoning module LevelEditor (97)
[2016.10.08-11.40.10:550][806]LogModuleManager: Shutting down and abandoning module ContentBrowser (96)
[2016.10.08-11.40.10:553][806]LogModuleManager: Shutting down and abandoning module Paper2DEditor (95)
[2016.10.08-11.40.10:554][806]LogModuleManager: Shutting down and abandoning module UdpMessaging (94)
[2016.10.08-11.40.10:655][806]LogModuleManager: Shutting down and abandoning module LightPropagationVolumeRuntime (93)
[2016.10.08-11.40.10:655][806]LogModuleManager: Shutting down and abandoning module Paper2D (92)
[2016.10.08-11.40.10:655][806]LogModuleManager: Shutting down and abandoning module WindowsMoviePlayer (91)
[2016.10.08-11.40.10:655][806]LogModuleManager: Shutting down and abandoning module Media (90)
[2016.10.08-11.40.10:655][806]LogModuleManager: Shutting down and abandoning module WmfMedia (89)
[2016.10.08-11.40.10:656][806]LogModuleManager: Shutting down and abandoning module MediaAssets (88)
[2016.10.08-11.40.10:656][806]LogModuleManager: Shutting down and abandoning module GameLiveStreaming (87)
[2016.10.08-11.40.10:656][806]LogModuleManager: Shutting down and abandoning module GameplayTagsEditor (86)
[2016.10.08-11.40.10:656][806]LogModuleManager: Shutting down and abandoning module OnlineBlueprintSupport (85)
[2016.10.08-11.40.10:656][806]LogModuleManager: Shutting down and abandoning module VREditor (84)
[2016.10.08-11.40.10:656][806]LogModuleManager: Shutting down and abandoning module GameplayTasksEditor (83)
[2016.10.08-11.40.10:656][806]LogModuleManager: Shutting down and abandoning module PropertyEditor (82)
[2016.10.08-11.40.10:657][806]LogModuleManager: Shutting down and abandoning module BehaviorTreeEditor (81)
[2016.10.08-11.40.10:658][806]LogModuleManager: Shutting down and abandoning module FunctionalTesting (80)
[2016.10.08-11.40.10:658][806]LogModuleManager: Shutting down and abandoning module CollisionAnalyzer (79)
[2016.10.08-11.40.10:660][806]LogModuleManager: Shutting down and abandoning module Sequencer (78)
[2016.10.08-11.40.10:661][806]LogModuleManager: Shutting down and abandoning module WorkspaceMenuStructure (77)
[2016.10.08-11.40.10:661][806]LogModuleManager: Shutting down and abandoning module MessageLog (76)
[2016.10.08-11.40.10:661][806]LogModuleManager: Shutting down and abandoning module AssetTools (75)
[2016.10.08-11.40.10:663][806]LogModuleManager: Shutting down and abandoning module UMGEditor (74)
[2016.10.08-11.40.10:664][806]LogModuleManager: Shutting down and abandoning module UMG (73)
[2016.10.08-11.40.10:665][806]LogModuleManager: Shutting down and abandoning module SlateReflector (72)
[2016.10.08-11.40.10:668][806]LogModuleManager: Shutting down and abandoning module Slate (71)
[2016.10.08-11.40.10:668][806]LogModuleManager: Shutting down and abandoning module EditorStyle (70)
[2016.10.08-11.40.10:673][806]LogModuleManager: Shutting down and abandoning module SourceCodeAccess (69)
[2016.10.08-11.40.10:673][806]LogModuleManager: Shutting down and abandoning module HeadMountedDisplay (68)
[2016.10.08-11.40.10:674][806]LogModuleManager: Shutting down and abandoning module XAudio2 (67)
[2016.10.08-11.40.10:674][806]LogModuleManager: Shutting down and abandoning module Networking (65)
[2016.10.08-11.40.10:674][806]LogModuleManager: Shutting down and abandoning module Core (64)
[2016.10.08-11.40.10:674][806]LogModuleManager: Shutting down and abandoning module DirectoryWatcher (63)
[2016.10.08-11.40.10:682][806]LogModuleManager: Shutting down and abandoning module AssetRegistry (62)
[2016.10.08-11.40.10:945][806]LogModuleManager: Shutting down and abandoning module KismetCompiler (61)
[2016.10.08-11.40.10:945][806]LogModuleManager: Shutting down and abandoning module PhysXFormats (60)
[2016.10.08-11.40.10:945][806]LogModuleManager: Shutting down and abandoning module MeshUtilities (59)
[2016.10.08-11.40.10:945][806]LogModuleManager: Shutting down and abandoning module DerivedDataCache (58)
[2016.10.08-11.40.10:961][806]LogDerivedDataCache: Shutdown
[2016.10.08-11.40.10:961][806]LogModuleManager: Shutting down and abandoning module VulkanShaderFormat (57)
[2016.10.08-11.40.10:961][806]LogModuleManager: Shutting down and abandoning module ShaderFormatOpenGL (56)
[2016.10.08-11.40.10:961][806]LogModuleManager: Shutting down and abandoning module ShaderFormatD3D (55)
[2016.10.08-11.40.10:961][806]LogModuleManager: Shutting down and abandoning module MetalShaderFormat (54)
[2016.10.08-11.40.10:962][806]LogModuleManager: Shutting down and abandoning module TextureFormatUncompressed (53)
[2016.10.08-11.40.10:962][806]LogModuleManager: Shutting down and abandoning module TextureFormatPVR (52)
[2016.10.08-11.40.10:962][806]LogModuleManager: Shutting down and abandoning module TextureFormatIntelISPCTexComp (51)
[2016.10.08-11.40.10:962][806]LogModuleManager: Shutting down and abandoning module TextureFormatDXT (50)
[2016.10.08-11.40.10:962][806]LogModuleManager: Shutting down and abandoning module ImageWrapper (49)
[2016.10.08-11.40.10:962][806]LogModuleManager: Shutting down and abandoning module TextureFormatASTC (48)
[2016.10.08-11.40.10:962][806]LogModuleManager: Shutting down and abandoning module TextureFormatAndroid (47)
[2016.10.08-11.40.10:962][806]LogModuleManager: Shutting down and abandoning module AudioFormatOpus (46)
[2016.10.08-11.40.10:962][806]LogModuleManager: Shutting down and abandoning module AudioFormatOgg (45)
[2016.10.08-11.40.10:962][806]LogModuleManager: Shutting down and abandoning module AudioFormatADPCM (44)
[2016.10.08-11.40.10:963][806]LogModuleManager: Shutting down and abandoning module LinuxTargetPlatform (43)
[2016.10.08-11.40.10:963][806]LogModuleManager: Shutting down and abandoning module LinuxServerTargetPlatform (42)
[2016.10.08-11.40.10:963][806]LogModuleManager: Shutting down and abandoning module LinuxNoEditorTargetPlatform (41)
[2016.10.08-11.40.10:963][806]LogModuleManager: Shutting down and abandoning module TVOSTargetPlatform (40)
[2016.10.08-11.40.10:963][806]LogModuleManager: Shutting down and abandoning module Messaging (39)
[2016.10.08-11.40.10:963][806]LogModuleManager: Shutting down and abandoning module IOSTargetPlatform (38)
[2016.10.08-11.40.10:963][806]LogModuleManager: Shutting down and abandoning module HTML5TargetPlatform (37)
[2016.10.08-11.40.10:963][806]LogModuleManager: Shutting down and abandoning module Android_PVRTCTargetPlatform (36)
[2016.10.08-11.40.10:963][806]LogModuleManager: Shutting down and abandoning module Android_MultiTargetPlatform (35)
[2016.10.08-11.40.10:963][806]LogModuleManager: Shutting down and abandoning module Android_ETC2TargetPlatform (34)
[2016.10.08-11.40.10:963][806]LogModuleManager: Shutting down and abandoning module Android_ETC1TargetPlatform (33)
[2016.10.08-11.40.10:963][806]LogModuleManager: Shutting down and abandoning module Android_DXTTargetPlatform (32)
[2016.10.08-11.40.10:963][806]LogModuleManager: Shutting down and abandoning module Android_ATCTargetPlatform (31)
[2016.10.08-11.40.10:963][806]LogModuleManager: Shutting down and abandoning module Android_ASTCTargetPlatform (30)
[2016.10.08-11.40.10:963][806]LogModuleManager: Shutting down and abandoning module AndroidTargetPlatform (29)
[2016.10.08-11.40.10:963][806]LogModuleManager: Shutting down and abandoning module WindowsTargetPlatform (28)
[2016.10.08-11.40.10:963][806]LogModuleManager: Shutting down and abandoning module WindowsServerTargetPlatform (27)
[2016.10.08-11.40.10:963][806]LogModuleManager: Shutting down and abandoning module WindowsNoEditorTargetPlatform (26)
[2016.10.08-11.40.10:963][806]LogModuleManager: Shutting down and abandoning module WindowsClientTargetPlatform (25)
[2016.10.08-11.40.10:963][806]LogModuleManager: Shutting down and abandoning module AllDesktopTargetPlatform (24)
[2016.10.08-11.40.10:963][806]LogModuleManager: Shutting down and abandoning module TargetPlatform (23)
[2016.10.08-11.40.10:964][806]LogModuleManager: Shutting down and abandoning module InputCore (22)
[2016.10.08-11.40.10:964][806]LogModuleManager: Shutting down and abandoning module Settings (21)
[2016.10.08-11.40.10:964][806]LogModuleManager: Shutting down and abandoning module OnlineSubsystem (19)
[2016.10.08-11.40.10:964][806]LogModuleManager: Shutting down and abandoning module HTTP (18)
[2016.10.08-11.40.12:466][806]LogModuleManager: Shutting down and abandoning module XMPP (17)
[2016.10.08-11.40.12:468][806]LogModuleManager: Shutting down and abandoning module OculusRift (16)
[2016.10.08-11.40.12:470][806]LogModuleManager: Shutting down and abandoning module ExampleDeviceProfileSelector (15)
[2016.10.08-11.40.12:470][806]LogModuleManager: Shutting down and abandoning module TextureCompressor (14)
[2016.10.08-11.40.12:470][806]LogModuleManager: Shutting down and abandoning module ShaderCore (13)
[2016.10.08-11.40.12:470][806]LogModuleManager: Shutting down and abandoning module Landscape (12)
[2016.10.08-11.40.12:470][806]LogModuleManager: Shutting down and abandoning module SlateRHIRenderer (11)
[2016.10.08-11.40.12:480][806]LogModuleManager: Shutting down and abandoning module OpenGLDrv (10)
[2016.10.08-11.40.12:480][806]LogModuleManager: Shutting down and abandoning module D3D11RHI (9)
[2016.10.08-11.40.12:480][806]LogModuleManager: Shutting down and abandoning module AnimGraphRuntime (8)
[2016.10.08-11.40.12:480][806]LogModuleManager: Shutting down and abandoning module Renderer (7)
[2016.10.08-11.40.12:480][806]LogModuleManager: Shutting down and abandoning module Engine (6)
[2016.10.08-11.40.12:480][806]LogModuleManager: Shutting down and abandoning module CoreUObject (5)
[2016.10.08-11.40.12:480][806]LogModuleManager: Shutting down and abandoning module NetworkFile (4)
[2016.10.08-11.40.12:481][806]LogModuleManager: Shutting down and abandoning module StreamingFile (3)
[2016.10.08-11.40.12:481][806]LogModuleManager: Shutting down and abandoning module SandboxFile (2)
[2016.10.08-11.40.12:481][806]LogModuleManager: Shutting down and abandoning module PakFile (1)
[2016.10.08-11.40.12:488][806]LogExit: Exiting.
[2016.10.08-11.40.12:517][806]Log file closed, 10/08/16 12:40:12
