Log file open, 10/10/16 18:04:35
LogInit:Display: Running engine for game: UnrealGameJam
LogPlatformFile: Not using cached read wrapper
LogInit:Display: RandInit(-2090112522) SRandInit(-2090112520).
LogTaskGraph: Started task graph with 4 named threads and 7 total threads with 1 sets of task threads.
LogStats: Stats thread started at 0.077569
LogInit: Version: 4.12.5-3039270+++UE4+Release-4.12
LogInit: API Version: 2992821
LogInit: Net Version: 3039270
LogDevObjectVersion: Number of dev versions registered: 13
LogDevObjectVersion:   Dev-Blueprints (B0D832E4-1F89-4F0D-ACCF-7EB736FD4AA2): 3
LogDevObjectVersion:   Dev-Build (E1C64328-A22C-4D53-A36C-8E866417BD8C): 0
LogDevObjectVersion:   Dev-Core (375EC13C-06E4-48FB-B500-84F0262A717E): 1
LogDevObjectVersion:   Dev-Editor (E4B068ED-F494-42E9-A231-DA0B2E46BB41): 2
LogDevObjectVersion:   Dev-Framework (CFFC743F-43B0-4480-9391-14DF171D2073): 6
LogDevObjectVersion:   Dev-Mobile (B02B49B5-BB20-44E9-A304-32B752E40360): 0
LogDevObjectVersion:   Dev-Networking (A4E4105C-59A1-49B5-A7C5-40C4547EDFEE): 0
LogDevObjectVersion:   Dev-Online (39C831C9-5AE6-47DC-9A44-9C173E1C8E7C): 0
LogDevObjectVersion:   Dev-Physics (78F01B33-EBEA-4F98-B9B4-84EACCB95AA2): 0
LogDevObjectVersion:   Dev-Platform (6631380F-2D4D-43E0-8009-CF276956A95A): 0
LogDevObjectVersion:   Dev-Rendering (12F88B9F-8875-4AFC-A67C-D90C383ABD29): 2
LogDevObjectVersion:   Dev-Sequencer (7B5AE74C-D270-4C10-A958-57980B212A5A): 0
LogDevObjectVersion:   Dev-VR (D7296918-1DD6-4BDD-9DE2-64A83CC13884): 0
LogInit: Compiled (64-bit): Jul  6 2016 09:09:46
LogInit: Compiled with Visual C++: 19.00.23026.00
LogInit: Build Configuration: Development
LogInit: Branch Name: ++UE4+Release-4.12
LogInit: Command line:  
LogInit: Base directory: C:/Program Files (x86)/Epic Games/4.12/Engine/Binaries/Win64/
LogInit: Installed Engine Build: 1
LogInit: Using libcurl 7.41.0
LogInit:  - built for x86_64-pc-win32
LogInit:  - supports SSL with WinSSL
LogInit:  - other features:
LogInit:      CURL_VERSION_SSL
LogInit:      CURL_VERSION_IPV6
LogInit:      CURL_VERSION_ASYNCHDNS
LogInit:      CURL_VERSION_LARGEFILE
LogInit:      CURL_VERSION_IDN
LogInit:  CurlRequestOptions (configurable via config and command line):
LogInit:  - bVerifyPeer = true  - Libcurl will verify peer certificate
LogInit:  - bUseHttpProxy = false  - Libcurl will NOT use HTTP proxy
LogInit:  - bDontReuseConnections = false  - Libcurl will reuse connections
LogInit:  - CertBundlePath = nullptr  - Libcurl will use whatever was configured at build time.
LogInit: Presizing for max 8388607 objects, including 0 objects not considered by GC, pre-allocating 0 bytes for permanent pool.
LogInit: Object subsystem initialized
[2016.10.10-17.04.35:655][  0]LogInit: Selected Device Profile: [Windows]
[2016.10.10-17.04.35:655][  0]LogInit: Applying CVar settings loaded from the selected device profile: [Windows]
[2016.10.10-17.04.35:673][  0]LogInit: Computer: DESKTOP-N6TRJQS
[2016.10.10-17.04.35:673][  0]LogInit: User: Conor
[2016.10.10-17.04.35:674][  0]LogInit: CPU Page size=65536, Cores=4
[2016.10.10-17.04.35:674][  0]LogInit: High frequency timer resolution =3.312791 MHz
[2016.10.10-17.04.35:674][  0]LogMemory: Memory total: Physical=8.0GB (8GB approx)
[2016.10.10-17.04.35:674][  0]LogMemory: Platform Memory Stats for Windows
[2016.10.10-17.04.35:674][  0]LogMemory: Process Physical Memory: 190.66 MB used, 190.66 MB peak
[2016.10.10-17.04.35:674][  0]LogMemory: Process Virtual Memory: 195.23 MB used, 195.23 MB peak
[2016.10.10-17.04.35:674][  0]LogMemory: Physical Memory: 5421.34 MB used, 8145.47 MB total
[2016.10.10-17.04.35:674][  0]LogMemory: Virtual Memory: 553.30 MB used, 134217728.00 MB total
[2016.10.10-17.04.35:699][  0]LogTextLocalizationManager: No specific translations for ('en-GB') exist, so ('en') translations will be used.
[2016.10.10-17.04.36:054][  0]LogD3D11RHI: D3D11 adapters:
[2016.10.10-17.04.36:086][  0]LogD3D11RHI:    0. 'NVIDIA GeForce GTX 660' (Feature Level 11_0)
[2016.10.10-17.04.36:086][  0]LogD3D11RHI:       1505/0/4072 MB DedicatedVideo/DedicatedSystem/SharedSystem, Outputs:1, VendorId:0x10de
[2016.10.10-17.04.36:087][  0]LogD3D11RHI:    1. 'Microsoft Basic Render Driver' (Feature Level 11_0)
[2016.10.10-17.04.36:087][  0]LogD3D11RHI:       0/0/4072 MB DedicatedVideo/DedicatedSystem/SharedSystem, Outputs:0, VendorId:0x1414
[2016.10.10-17.04.36:087][  0]LogD3D11RHI: Chosen D3D11 Adapter: 0
[2016.10.10-17.04.36:091][  0]LogD3D11RHI: Creating new Direct3DDevice
[2016.10.10-17.04.36:091][  0]LogD3D11RHI:     GPU DeviceId: 0x1185 (for the marketing name, search the web for "GPU Device Id")
[2016.10.10-17.04.36:091][  0]LogWindows: EnumDisplayDevices:
[2016.10.10-17.04.36:091][  0]LogWindows:    0. 'NVIDIA GeForce GTX 660' (P:1 D:1)
[2016.10.10-17.04.36:091][  0]LogWindows:    1. 'NVIDIA GeForce GTX 660' (P:0 D:0)
[2016.10.10-17.04.36:092][  0]LogWindows:    2. 'NVIDIA GeForce GTX 660' (P:0 D:0)
[2016.10.10-17.04.36:092][  0]LogWindows: DebugString: FoundDriverCount:3 
[2016.10.10-17.04.36:092][  0]LogD3D11RHI:     Adapter Name: NVIDIA GeForce GTX 660
[2016.10.10-17.04.36:092][  0]LogD3D11RHI:   Driver Version: 372.90 (internal:21.21.13.7290, unified:372.90)
[2016.10.10-17.04.36:092][  0]LogD3D11RHI:      Driver Date: 9-16-2016
[2016.10.10-17.04.36:092][  0]LogRHI: Texture pool is 1053 MB (70% of 1505 MB)
[2016.10.10-17.04.36:106][  0]LogD3D11RHI: Async texture creation enabled
[2016.10.10-17.04.36:122][  0]LogD3D11RHI: GPU Timing Frequency: 1000.000000 (Debug: 2 2)
[2016.10.10-17.04.36:123][  0]LogShaderCompilers: Guid format shader working directory is 3 characters bigger than the processId version (D:/Repositories/UnrealGameJam/UnrealGameJam/Intermediate/Shaders/WorkingDirectory/4132/).
[2016.10.10-17.04.36:123][  0]LogShaderCompilers: Cleaned the shader compiler working directory 'C:/Users/Conor/AppData/Local/Temp/UnrealShaderWorkingDir/0F46711D4156B9AA44CE699F3298F0F5/'.
[2016.10.10-17.04.36:123][  0]LogShaderCompilers:Display: Using Local Shader Compiler.
[2016.10.10-17.04.37:585][  0]LogTemp:Display: Loaded TP AllDesktopTargetPlatform
[2016.10.10-17.04.37:597][  0]LogTemp:Display: Loaded TP WindowsClientTargetPlatform
[2016.10.10-17.04.37:609][  0]LogTemp:Display: Loaded TP WindowsNoEditorTargetPlatform
[2016.10.10-17.04.37:622][  0]LogTemp:Display: Loaded TP WindowsServerTargetPlatform
[2016.10.10-17.04.37:637][  0]LogTemp:Display: Loaded TP WindowsTargetPlatform
[2016.10.10-17.04.37:645][  0]LogTemp:Display: Loaded TP AndroidTargetPlatform
[2016.10.10-17.04.37:654][  0]LogTemp:Display: Loaded TP Android_ASTCTargetPlatform
[2016.10.10-17.04.37:663][  0]LogTemp:Display: Loaded TP Android_ATCTargetPlatform
[2016.10.10-17.04.37:671][  0]LogTemp:Display: Loaded TP Android_DXTTargetPlatform
[2016.10.10-17.04.37:679][  0]LogTemp:Display: Loaded TP Android_ETC1TargetPlatform
[2016.10.10-17.04.37:688][  0]LogTemp:Display: Loaded TP Android_ETC2TargetPlatform
[2016.10.10-17.04.37:705][  0]LogTemp:Display: Loaded TP Android_MultiTargetPlatform
[2016.10.10-17.04.37:705][  0]LogTemp:Display: Loaded TP Android_PVRTCTargetPlatform
[2016.10.10-17.04.37:706][  0]LogTemp:Display: Loaded TP HTML5TargetPlatform
[2016.10.10-17.04.37:730][  0]LogTemp:Display: Loaded TP IOSTargetPlatform
[2016.10.10-17.04.37:737][  0]LogTemp:Display: Loaded TP TVOSTargetPlatform
[2016.10.10-17.04.37:745][  0]LogTemp:Display: Loaded TP LinuxNoEditorTargetPlatform
[2016.10.10-17.04.37:753][  0]LogTemp:Display: Loaded TP LinuxServerTargetPlatform
[2016.10.10-17.04.37:762][  0]LogTemp:Display: Loaded TP LinuxTargetPlatform
[2016.10.10-17.04.37:762][  0]LogTargetPlatformManager:Display: Building Assets For Windows
[2016.10.10-17.04.37:869][  0]LogDerivedDataCache:Display: Max Cache Size: 512 MB
[2016.10.10-17.04.38:068][  0]LogDerivedDataCache: Loaded boot cache 0.20s 48MB C:/Users/Conor/AppData/Local/UnrealEngine/4.12/DerivedDataCache/Boot.ddc.
[2016.10.10-17.04.38:068][  0]LogDerivedDataCache:Display: Loaded Boot cache: C:/Users/Conor/AppData/Local/UnrealEngine/4.12/DerivedDataCache/Boot.ddc
[2016.10.10-17.04.38:068][  0]LogDerivedDataCache: FDerivedDataBackendGraph:  Pak pak cache file D:/Repositories/UnrealGameJam/UnrealGameJam/DerivedDataCache/DDC.ddp not found, will not use a pak cache.
[2016.10.10-17.04.38:068][  0]LogDerivedDataCache: Unable to find inner node Pak for hierarchical cache Hierarchy.
[2016.10.10-17.04.38:068][  0]LogDerivedDataCache: FDerivedDataBackendGraph:  CompressedPak pak cache file D:/Repositories/UnrealGameJam/UnrealGameJam/DerivedDataCache/Compressed.ddp not found, will not use a pak cache.
[2016.10.10-17.04.38:068][  0]LogDerivedDataCache: Unable to find inner node CompressedPak for hierarchical cache Hierarchy.
[2016.10.10-17.04.38:084][  0]LogDerivedDataCache:Display: Pak cache opened for reading ../../../Engine/DerivedDataCache/Compressed.ddp.
[2016.10.10-17.04.38:096][  0]LogDerivedDataCache: Using Local data cache path C:/Users/Conor/AppData/Local/UnrealEngine/Common/DerivedDataCache: Writable
[2016.10.10-17.04.39:214][  0]LogInit: Selected Device Profile: [Windows]
[2016.10.10-17.04.39:215][  0]LogContentStreaming: Texture pool size is 0.00 MB
[2016.10.10-17.04.39:361][  0]LogMeshUtilities: No automatic mesh reduction module available
[2016.10.10-17.04.39:361][  0]LogMeshUtilities: No automatic mesh merging module available
[2016.10.10-17.04.39:361][  0]LogMeshUtilities: No distributed automatic mesh merging module available
[2016.10.10-17.04.39:605][  0]LogAssetRegistry: FAssetRegistry took 0.0221 seconds to start up
[2016.10.10-17.04.39:639][  0]LogPackageLocalizationCache: Processed 3 localized package path(s) for 2 prioritized culture(s) in 0.030463 seconds
[2016.10.10-17.04.39:645][  0]LogUObjectArray: 28739 objects as part of root set at end of initial load.
[2016.10.10-17.04.39:645][  0]LogUObjectAllocator: 5855624 out of 0 bytes used by permanent object pool.
[2016.10.10-17.04.39:645][  0]LogUObjectArray: CloseDisregardForGC: 0/0 objects in disregard for GC pool
[2016.10.10-17.04.39:654][  0]LogInit: WinSock: version 1.1 (2.2), MaxSocks=32767, MaxUdp=65467
[2016.10.10-17.04.39:860][  0]LogSlate: SlateFontCache - WITH_FREETYPE: 1, WITH_HARFBUZZ: 1
[2016.10.10-17.04.39:860][  0]LogSlate: SlateFontCache - WITH_FREETYPE: 1, WITH_HARFBUZZ: 1
[2016.10.10-17.04.41:726][  0]LogUdpMessaging: Initializing bridge on interface 0.0.0.0:0 to multicast group 230.0.0.1:6666.
[2016.10.10-17.04.41:973][  0]SourceControl: Info Source control is disabled
[2016.10.10-17.04.42:012][  0]SourceControl: Info Source control is disabled
[2016.10.10-17.04.42:021][  0]SourceControl: Info Source control is disabled
[2016.10.10-17.04.42:030][  0]SourceControl: Info Source control is disabled
[2016.10.10-17.04.42:249][  0]LogEngine: Initializing Engine...
[2016.10.10-17.04.42:276][  0]LogHMD: SteamVR failed to initialize.  Err: 110
[2016.10.10-17.04.42:277][  0]LogHMD: SteamVR failed to initialize.  Err: 110
[2016.10.10-17.04.42:439][  0]LogAIModule: Creating AISystem for world NewWorld
[2016.10.10-17.04.42:451][  0]LogInit: XAudio2 using 'Speakers (2- Logitech G430 Gaming Headset)' : 2 channels at 44.1 kHz using 16 bits per sample (channel mask 0x3)
[2016.10.10-17.04.42:462][  0]LogInit: FAudioDevice initialized.
[2016.10.10-17.04.42:485][  0]LogDerivedDataCache: Saved boot cache 0.02s 48MB C:/Users/Conor/AppData/Local/UnrealEngine/4.12/DerivedDataCache/Boot.ddc.
[2016.10.10-17.04.42:491][  0]LogInit: Texture streaming: Enabled
[2016.10.10-17.04.42:516][  0]LogInit: Transaction tracking system initialized
[2016.10.10-17.04.42:544][  0]BlueprintLog: New page: Editor Load
[2016.10.10-17.04.42:624][  0]LocalizationService: Info Localization service is disabled
[2016.10.10-17.04.42:693][  0]LogConsoleResponse:Display: 
[2016.10.10-17.04.42:870][  0]LogCook:Display: Max memory allowance for cook 8192mb
[2016.10.10-17.04.42:870][  0]LogCook:Display: Mobile HDR setting 1
[2016.10.10-17.04.42:996][  0]LogFileCache: Scanning file cache for directory 'D:/Repositories/UnrealGameJam/UnrealGameJam/Content/' took 0.02s
[2016.10.10-17.04.42:996][  0]SourceControl: Info Source control is disabled
[2016.10.10-17.04.42:996][  0]Cmd: MAP LOAD FILE="D:/Repositories/UnrealGameJam/UnrealGameJam/Content/FirstPersonBP/Maps/FirstPersonExampleMap.umap" TEMPLATE=0 SHOWPROGRESS=1 FEATURELEVEL=3
[2016.10.10-17.04.42:996][  0]LogEditorServer:Warning: Can't find file 'D:/Repositories/UnrealGameJam/UnrealGameJam/Content/FirstPersonBP/Maps/FirstPersonExampleMap.umap'
[2016.10.10-17.04.42:996][  0]Cmd: MAP CHECKDEP NOCLEARLOG
[2016.10.10-17.04.43:031][  0]MapCheck: Info Map check complete: 0 Error(s), 0 Warning(s), took 35.232ms to complete.
[2016.10.10-17.04.43:031][  0]LogFileHelpers: Loading map 'FirstPersonExampleMap' took 0.036
[2016.10.10-17.04.43:234][  0]LogCollectionManager: Loaded 0 collections in 0.001990 seconds
[2016.10.10-17.04.43:275][  0]LogFileCache: Scanning file cache for directory 'D:/Repositories/UnrealGameJam/UnrealGameJam/Saved/Collections/' took 0.01s
[2016.10.10-17.04.43:275][  0]LogFileCache: Scanning file cache for directory 'D:/Repositories/UnrealGameJam/UnrealGameJam/Content/Developers/Conor/Collections/' took 0.01s
[2016.10.10-17.04.43:275][  0]LogFileCache: Scanning file cache for directory 'D:/Repositories/UnrealGameJam/UnrealGameJam/Content/Collections/' took 0.01s
[2016.10.10-17.04.43:275][  0]LogCollectionManager: Rebuilt the GUID cache for 0 collections in 0.000005 seconds
[2016.10.10-17.04.43:291][  0]LogContentBrowser: Native class hierarchy populated in 0.0163 seconds. Added 2047 classes and 369 folders.
[2016.10.10-17.04.43:300][  0]LogStats: UGameplayTagsManager::ConstructGameplayTagTree: Construct from data asset -  0.000 s
[2016.10.10-17.04.43:300][  0]LogStats: UGameplayTagsManager::ConstructGameplayTagTree: GameplayTagTreeChangedEvent.Broadcast -  0.000 s
[2016.10.10-17.04.43:301][  0]LogContentBrowser: Native class hierarchy updated for 'GameplayTags' in 0.0008 seconds. Added 12 classes and 0 folders.
[2016.10.10-17.04.43:306][  0]LogContentBrowser: Native class hierarchy updated for 'WidgetCarousel' in 0.0003 seconds. Added 0 classes and 0 folders.
[2016.10.10-17.04.43:522][  0]LogContentBrowser: Native class hierarchy updated for 'AddContentDialog' in 0.0003 seconds. Added 0 classes and 0 folders.
[2016.10.10-17.04.43:526][  0]LogContentBrowser: Native class hierarchy updated for 'SceneOutliner' in 0.0003 seconds. Added 1 classes and 2 folders.
[2016.10.10-17.04.43:539][  0]LogCrashTracker: Crashtracker disabled due to settings.
[2016.10.10-17.04.43:546][  0]LogUObjectGlobals:Warning: Failed to find object 'Class None.'
[2016.10.10-17.04.43:577][  0]LogContentBrowser: Native class hierarchy updated for 'HierarchicalLODOutliner' in 0.0008 seconds. Added 1 classes and 2 folders.
[2016.10.10-17.04.43:577][  0]LogLoad: Full Startup: 8.81 seconds (BP compile: 0.02 seconds)
[2016.10.10-17.04.43:577][  0]LogExternalProfiler: No external profilers were discovered.  External profiling features will not be available.
[2016.10.10-17.04.43:587][  0]LogWindowsTextInputMethodSystem:Display: IME system now deactivated.
[2016.10.10-17.04.43:588][  0]LogOcInput: OculusInput pre-init called
[2016.10.10-17.04.43:609][  0]LogContentStreaming: Texture pool size now 1000 MB
[2016.10.10-17.04.43:802][  0]LogRenderer: Reallocating scene render targets to support 1212x624 (Frame:2).
[2016.10.10-17.04.43:915][  2]LogAssetRegistry: Asset discovery search completed in 4.3323 seconds
[2016.10.10-17.04.43:915][  2]LogCollectionManager: Rebuilt the object cache for 0 collections in 0.000001 seconds (found 0 objects)
[2016.10.10-17.04.43:915][  2]LogCollectionManager: Fixed up redirectors for 0 collections in 0.000037 seconds (updated 0 objects)
[2016.10.10-17.04.47:033][292]LogLinker:Warning: Can't find file '/Game/FirstPersonBP/Blueprints/iPickUp'
[2016.10.10-17.04.47:033][292]LogLinker:Warning: Can't find file for asset '/Game/FirstPersonBP/Blueprints/iPickUp' while loading D:/Repositories/UnrealGameJam/UnrealGameJam/Content/FirstPersonBP/Blueprints/PickUpSprint.uasset.
[2016.10.10-17.04.47:033][292]LoadErrors:Error: Error /Game/FirstPersonBP/Blueprints/PickUpSprint : Can't find file for asset. /Game/FirstPersonBP/Blueprints/iPickUp
[2016.10.10-17.04.47:034][292]LogLinker:Warning: Can't find file '/Game/FirstPersonBP/Blueprints/iPickUp'
[2016.10.10-17.04.47:034][292]LogLinker:Warning: Can't find file for asset '/Game/FirstPersonBP/Blueprints/iPickUp' while loading D:/Repositories/UnrealGameJam/UnrealGameJam/Content/FirstPersonBP/Blueprints/PickUpSprint.uasset.
[2016.10.10-17.04.47:036][292]LogLinker:Warning: Can't find file '/Game/FirstPersonBP/Blueprints/iPickUp'
[2016.10.10-17.04.47:036][292]LogLinker:Warning: Can't find file for asset '/Game/FirstPersonBP/Blueprints/iPickUp' while loading D:/Repositories/UnrealGameJam/UnrealGameJam/Content/FirstPersonBP/Blueprints/FirstPersonCharacter.uasset.
[2016.10.10-17.04.47:036][292]LoadErrors:Error: Error /Game/FirstPersonBP/Blueprints/FirstPersonCharacter : Can't find file for asset. /Game/FirstPersonBP/Blueprints/iPickUp
[2016.10.10-17.04.47:036][292]LogLinker:Warning: Can't find file '/Game/FirstPersonBP/Blueprints/iPickUp'
[2016.10.10-17.04.47:036][292]LogLinker:Warning: Can't find file for asset '/Game/FirstPersonBP/Blueprints/iPickUp' while loading D:/Repositories/UnrealGameJam/UnrealGameJam/Content/FirstPersonBP/Blueprints/FirstPersonCharacter.uasset.
[2016.10.10-17.04.47:039][292]LogLinker:Warning: Can't find file '/Game/FirstPersonBP/Blueprints/iPickUp'
[2016.10.10-17.04.47:039][292]LoadErrors: Info Failed to load /Game/FirstPersonBP/Blueprints/iPickUp.iPickUp_C Referenced by EdGraphPin_633
[2016.10.10-17.04.47:039][292]LogLinker:Warning: Can't find file for asset '/Game/FirstPersonBP/Blueprints/iPickUp' while loading D:/Repositories/UnrealGameJam/UnrealGameJam/Content/FirstPersonBP/Blueprints/FirstPersonCharacter.uasset.
[2016.10.10-17.04.47:958][292]LogContentBrowser: Native class hierarchy updated for 'BlueprintGraph' in 0.0008 seconds. Added 111 classes and 0 folders.
[2016.10.10-17.05.00:272][341]LogAIModule: Creating AISystem for world Test
[2016.10.10-17.05.00:339][341]Cmd: MAP LOAD FILE="D:/Repositories/UnrealGameJam/UnrealGameJam/Content/FirstPersonBP/Maps/Test.umap" TEMPLATE=0 SHOWPROGRESS=1 FEATURELEVEL=3
[2016.10.10-17.05.00:339][341]LightingResults: New page: Lighting Build
[2016.10.10-17.05.00:342][341]LogContentBrowser: Native class hierarchy updated for 'StatsViewer' in 0.0004 seconds. Added 5 classes and 0 folders.
[2016.10.10-17.05.00:343][341]LoadErrors: New page: Loading map: Test.umap
[2016.10.10-17.05.00:343][341]MapCheck: New page: Map Check
[2016.10.10-17.05.00:343][341]LightingResults: New page: Lighting Build
[2016.10.10-17.05.00:370][341]LogEditorServer: Finished looking for orphan Actors (0.000 secs)
[2016.10.10-17.05.00:396][341]Cmd: MAP CHECKDEP NOCLEARLOG
[2016.10.10-17.05.00:449][341]MapCheck: Info Map check complete: 0 Error(s), 0 Warning(s), took 52.575ms to complete.
[2016.10.10-17.05.00:449][341]LogFileHelpers: Loading map 'Test' took 0.111
[2016.10.10-17.05.02:057][503]LogBlueprintUserMessages: Early PlayInEditor Detection: Level '/Game/FirstPersonBP/Maps/Test.Test:PersistentLevel' has LevelScriptBlueprint '/Game/FirstPersonBP/Maps/Test.Test:PersistentLevel.Test' with GeneratedClass '/Game/FirstPersonBP/Maps/Test.Test_C' with ClassGeneratedBy '/Game/FirstPersonBP/Maps/Test.Test:PersistentLevel.Test'
[2016.10.10-17.05.02:057][503]LogPlayLevel: PlayLevel: No blueprints needed recompiling
[2016.10.10-17.05.02:057][503]PIE: New page: PIE session: Test (10 Oct 2016 18:05:02)
[2016.10.10-17.05.02:057][503]LogPlayLevel: Creating play world package: /Game/FirstPersonBP/Maps/UEDPIE_0_Test
[2016.10.10-17.05.02:081][503]LogPlayLevel: PIE: StaticDuplicateObject took: (0.023364s)
[2016.10.10-17.05.02:081][503]LogAIModule: Creating AISystem for world Test
[2016.10.10-17.05.02:081][503]LogPlayLevel: PIE: World Init took: (0.000590s)
[2016.10.10-17.05.02:082][503]LogPlayLevel: PIE: Created PIE world by copying editor world from /Game/FirstPersonBP/Maps/Test.Test to /Game/FirstPersonBP/Maps/UEDPIE_0_Test.Test (0.024212s)
[2016.10.10-17.05.02:110][503]LogInit: XAudio2 using 'Speakers (2- Logitech G430 Gaming Headset)' : 2 channels at 44.1 kHz using 16 bits per sample (channel mask 0x3)
[2016.10.10-17.05.02:118][503]LogInit: FAudioDevice initialized.
[2016.10.10-17.05.02:197][503]LogWorld: Game class is 'FirstPersonGameMode_C'
[2016.10.10-17.05.02:202][503]LogWorld: Bringing World /Game/FirstPersonBP/Maps/UEDPIE_0_Test.Test up for play (max tick rate 0) at 2016.10.10-18.05.02
[2016.10.10-17.05.02:203][503]LogWorld: Bringing up level for play took: 0.004170
[2016.10.10-17.05.02:207][503]LogContentBrowser: Native class hierarchy updated for 'MovieSceneCapture' in 0.0004 seconds. Added 11 classes and 0 folders.
[2016.10.10-17.05.02:207][503]PIE: Info Play in editor start time for /Game/FirstPersonBP/Maps/UEDPIE_0_Test 0.246
[2016.10.10-17.05.02:207][503]LogBlueprintUserMessages: Late PlayInEditor Detection: Level '/Game/FirstPersonBP/Maps/Test.Test:PersistentLevel' has LevelScriptBlueprint '/Game/FirstPersonBP/Maps/Test.Test:PersistentLevel.Test' with GeneratedClass '/Game/FirstPersonBP/Maps/Test.Test_C' with ClassGeneratedBy '/Game/FirstPersonBP/Maps/Test.Test:PersistentLevel.Test'
[2016.10.10-17.05.06:931][ 62]LogBlueprintUserMessages: [AICharacter_C_0] 50
[2016.10.10-17.05.06:931][ 62]LogBlueprintUserMessages: [FirstPersonProjectile_C_6] Hello
[2016.10.10-17.05.07:239][ 99]LogBlueprintUserMessages: [AICharacter_C_0] 0
[2016.10.10-17.05.07:239][ 99]LogBlueprintUserMessages: [FirstPersonProjectile_C_8] Hello
[2016.10.10-17.05.08:131][206]LogBlueprintUserMessages: Early EndPlayMap Detection: Level '/Game/FirstPersonBP/Maps/Test.Test:PersistentLevel' has LevelScriptBlueprint '/Game/FirstPersonBP/Maps/Test.Test:PersistentLevel.Test' with GeneratedClass '/Game/FirstPersonBP/Maps/Test.Test_C' with ClassGeneratedBy '/Game/FirstPersonBP/Maps/Test.Test:PersistentLevel.Test'
[2016.10.10-17.05.08:171][206]LogBlueprintUserMessages: Late EndPlayMap Detection: Level '/Game/FirstPersonBP/Maps/Test.Test:PersistentLevel' has LevelScriptBlueprint '/Game/FirstPersonBP/Maps/Test.Test:PersistentLevel.Test' with GeneratedClass '/Game/FirstPersonBP/Maps/Test.Test_C' with ClassGeneratedBy '/Game/FirstPersonBP/Maps/Test.Test:PersistentLevel.Test'
[2016.10.10-17.05.55:296][273]BlueprintLog: New page: Compile iPickUp
[2016.10.10-17.05.55:436][273]BlueprintEditorCompileResults: Info [0080.67] Compile of iPickUp successful! [in 140 ms] (/Game/FirstPersonBP/Blueprints/iPickUp.iPickUp)
[2016.10.10-17.05.58:316][542]BlueprintLog: New page: Compile PickUpSprint
[2016.10.10-17.05.58:429][542]BlueprintEditorCompileResults: Info [0083.66] Compile of PickUpSprint successful! [in 113 ms] (/Game/FirstPersonBP/Blueprints/PickUpSprint.PickUpSprint)
[2016.10.10-17.07.22:284][315]BlueprintLog: New page: Compile FirstPersonProjectile
[2016.10.10-17.07.22:413][315]BlueprintEditorCompileResults: Info [0167.64] Compile of FirstPersonProjectile successful! [in 129 ms] (/Game/FirstPersonBP/Blueprints/FirstPersonProjectile.FirstPersonProjectile)
[2016.10.10-17.07.27:394][803]Cmd: OBJ SAVEPACKAGE PACKAGE="/Game/FirstPersonBP/Blueprints/iPickUp" FILE="D:/Repositories/UnrealGameJam/UnrealGameJam/Content/FirstPersonBP/Blueprints/iPickUp.uasset" SILENT=true
[2016.10.10-17.07.27:401][803]LogSavePackage: Save=5.30ms
[2016.10.10-17.07.27:402][803]LogSavePackage: Moving 'D:/Repositories/UnrealGameJam/UnrealGameJam/Saved/iPickUpBDBBF6DE4083F43BADB1669EC12484CE.tmp' to 'D:/Repositories/UnrealGameJam/UnrealGameJam/Content/FirstPersonBP/Blueprints/iPickUp.uasset'
[2016.10.10-17.07.27:403][803]LogSavePackage:Display: Finished SavePackage D:/Repositories/UnrealGameJam/UnrealGameJam/Content/FirstPersonBP/Blueprints/iPickUp.uasset
[2016.10.10-17.07.29:484][995]Cmd: OBJ SAVEPACKAGE PACKAGE="/Game/FirstPersonBP/Blueprints/PickUpSprint" FILE="D:/Repositories/UnrealGameJam/UnrealGameJam/Content/FirstPersonBP/Blueprints/PickUpSprint.uasset" SILENT=true
[2016.10.10-17.07.29:528][995]LogSavePackage: Save=40.83ms
[2016.10.10-17.07.29:528][995]LogSavePackage: Moving 'D:/Repositories/UnrealGameJam/UnrealGameJam/Saved/PickUpSprint14867F00451B3A5714AA9A858F06CAC0.tmp' to 'D:/Repositories/UnrealGameJam/UnrealGameJam/Content/FirstPersonBP/Blueprints/PickUpSprint.uasset'
[2016.10.10-17.07.29:530][995]LogSavePackage:Display: Finished SavePackage D:/Repositories/UnrealGameJam/UnrealGameJam/Content/FirstPersonBP/Blueprints/PickUpSprint.uasset
[2016.10.10-17.07.32:834][241]LogSavePackage: Save=32.80ms
[2016.10.10-17.07.32:834][241]LogSavePackage: Moving 'D:/Repositories/UnrealGameJam/UnrealGameJam/Saved/FirstPersonProjectileFF85F27148D244F0B113FFAD69004D6B.tmp' to 'D:/Repositories/UnrealGameJam/UnrealGameJam/Content/FirstPersonBP/Blueprints/FirstPersonProjectile.uasset'
[2016.10.10-17.07.32:838][241]LogSavePackage:Display: Finished SavePackage D:/Repositories/UnrealGameJam/UnrealGameJam/Content/FirstPersonBP/Blueprints/FirstPersonProjectile.uasset
[2016.10.10-17.07.40:905][945]LogBlueprintUserMessages: Early PlayInEditor Detection: Level '/Game/FirstPersonBP/Maps/Test.Test:PersistentLevel' has LevelScriptBlueprint '/Game/FirstPersonBP/Maps/Test.Test:PersistentLevel.Test' with GeneratedClass '/Game/FirstPersonBP/Maps/Test.Test_C' with ClassGeneratedBy '/Game/FirstPersonBP/Maps/Test.Test:PersistentLevel.Test'
[2016.10.10-17.07.40:905][945]LogPlayLevel: PlayLevel: No blueprints needed recompiling
[2016.10.10-17.07.40:906][945]PIE: New page: PIE session: Test (10 Oct 2016 18:07:40)
[2016.10.10-17.07.40:906][945]LogPlayLevel: Creating play world package: /Game/FirstPersonBP/Maps/UEDPIE_0_Test
[2016.10.10-17.07.40:926][945]LogPlayLevel: PIE: StaticDuplicateObject took: (0.020778s)
[2016.10.10-17.07.40:927][945]LogAIModule: Creating AISystem for world Test
[2016.10.10-17.07.40:928][945]LogPlayLevel: PIE: World Init took: (0.001162s)
[2016.10.10-17.07.40:928][945]LogPlayLevel: PIE: Created PIE world by copying editor world from /Game/FirstPersonBP/Maps/Test.Test to /Game/FirstPersonBP/Maps/UEDPIE_0_Test.Test (0.022233s)
[2016.10.10-17.07.40:960][945]LogInit: XAudio2 using 'Speakers (2- Logitech G430 Gaming Headset)' : 2 channels at 44.1 kHz using 16 bits per sample (channel mask 0x3)
[2016.10.10-17.07.40:968][945]LogInit: FAudioDevice initialized.
[2016.10.10-17.07.41:033][945]LogWorld: Game class is 'FirstPersonGameMode_C'
[2016.10.10-17.07.41:037][945]LogWorld: Bringing World /Game/FirstPersonBP/Maps/UEDPIE_0_Test.Test up for play (max tick rate 0) at 2016.10.10-18.07.41
[2016.10.10-17.07.41:038][945]LogWorld: Bringing up level for play took: 0.004399
[2016.10.10-17.07.41:039][945]PIE: Info Play in editor start time for /Game/FirstPersonBP/Maps/UEDPIE_0_Test 1.078
[2016.10.10-17.07.41:039][945]LogBlueprintUserMessages: Late PlayInEditor Detection: Level '/Game/FirstPersonBP/Maps/Test.Test:PersistentLevel' has LevelScriptBlueprint '/Game/FirstPersonBP/Maps/Test.Test:PersistentLevel.Test' with GeneratedClass '/Game/FirstPersonBP/Maps/Test.Test_C' with ClassGeneratedBy '/Game/FirstPersonBP/Maps/Test.Test:PersistentLevel.Test'
[2016.10.10-17.07.51:007][127]LogBlueprintUserMessages: Early EndPlayMap Detection: Level '/Game/FirstPersonBP/Maps/Test.Test:PersistentLevel' has LevelScriptBlueprint '/Game/FirstPersonBP/Maps/Test.Test:PersistentLevel.Test' with GeneratedClass '/Game/FirstPersonBP/Maps/Test.Test_C' with ClassGeneratedBy '/Game/FirstPersonBP/Maps/Test.Test:PersistentLevel.Test'
[2016.10.10-17.07.51:061][127]LogBlueprintUserMessages: Late EndPlayMap Detection: Level '/Game/FirstPersonBP/Maps/Test.Test:PersistentLevel' has LevelScriptBlueprint '/Game/FirstPersonBP/Maps/Test.Test:PersistentLevel.Test' with GeneratedClass '/Game/FirstPersonBP/Maps/Test.Test_C' with ClassGeneratedBy '/Game/FirstPersonBP/Maps/Test.Test:PersistentLevel.Test'
[2016.10.10-17.08.00:767][800]LogSlate:Warning: Prevented a slow task dialog from being summoned while a context menu was open
[2016.10.10-17.08.57:096][175]LogActorComponent: ReregisterComponent: (/Engine/Transient.World_7:PersistentLevel.FirstPersonProjectile_C_30.CollisionComponent) Not currently registered. Aborting.
[2016.10.10-17.08.57:096][175]LogActorComponent: ReregisterComponent: (/Engine/Transient.World_2:PersistentLevel.FirstPersonProjectile_C_0.CollisionComponent) Not currently registered. Aborting.
[2016.10.10-17.08.59:358][331]LogActorComponent: ReregisterComponent: (/Engine/Transient.World_7:PersistentLevel.FirstPersonProjectile_C_30.CollisionComponent) Not currently registered. Aborting.
[2016.10.10-17.08.59:358][331]LogActorComponent: ReregisterComponent: (/Engine/Transient.World_2:PersistentLevel.FirstPersonProjectile_C_0.CollisionComponent) Not currently registered. Aborting.
[2016.10.10-17.09.01:277][462]LogActorComponent: ReregisterComponent: (/Engine/Transient.World_7:PersistentLevel.FirstPersonProjectile_C_30.CollisionComponent) Not currently registered. Aborting.
[2016.10.10-17.09.01:277][462]LogActorComponent: ReregisterComponent: (/Engine/Transient.World_2:PersistentLevel.FirstPersonProjectile_C_0.CollisionComponent) Not currently registered. Aborting.
[2016.10.10-17.09.03:350][603]BlueprintLog: New page: Compile FirstPersonProjectile
[2016.10.10-17.09.03:520][603]BlueprintEditorCompileResults: Info [0268.75] Compile of FirstPersonProjectile successful! [in 170 ms] (/Game/FirstPersonBP/Blueprints/FirstPersonProjectile.FirstPersonProjectile)
[2016.10.10-17.09.05:925][737]LogSavePackage: Save=35.06ms
[2016.10.10-17.09.05:925][737]LogSavePackage: Moving 'D:/Repositories/UnrealGameJam/UnrealGameJam/Saved/FirstPersonProjectile8D4997E845EE3BA1F907BEB09F0B5C0F.tmp' to 'D:/Repositories/UnrealGameJam/UnrealGameJam/Content/FirstPersonBP/Blueprints/FirstPersonProjectile.uasset'
[2016.10.10-17.09.05:926][737]LogSavePackage:Display: Finished SavePackage D:/Repositories/UnrealGameJam/UnrealGameJam/Content/FirstPersonBP/Blueprints/FirstPersonProjectile.uasset
[2016.10.10-17.09.07:601][881]LogBlueprintUserMessages: Early PlayInEditor Detection: Level '/Game/FirstPersonBP/Maps/Test.Test:PersistentLevel' has LevelScriptBlueprint '/Game/FirstPersonBP/Maps/Test.Test:PersistentLevel.Test' with GeneratedClass '/Game/FirstPersonBP/Maps/Test.Test_C' with ClassGeneratedBy '/Game/FirstPersonBP/Maps/Test.Test:PersistentLevel.Test'
[2016.10.10-17.09.07:601][881]LogPlayLevel: PlayLevel: No blueprints needed recompiling
[2016.10.10-17.09.07:601][881]PIE: New page: PIE session: Test (10 Oct 2016 18:09:07)
[2016.10.10-17.09.07:601][881]LogPlayLevel: Creating play world package: /Game/FirstPersonBP/Maps/UEDPIE_0_Test
[2016.10.10-17.09.07:625][881]LogPlayLevel: PIE: StaticDuplicateObject took: (0.023402s)
[2016.10.10-17.09.07:626][881]LogAIModule: Creating AISystem for world Test
[2016.10.10-17.09.07:626][881]LogPlayLevel: PIE: World Init took: (0.001020s)
[2016.10.10-17.09.07:626][881]LogPlayLevel: PIE: Created PIE world by copying editor world from /Game/FirstPersonBP/Maps/Test.Test to /Game/FirstPersonBP/Maps/UEDPIE_0_Test.Test (0.024796s)
[2016.10.10-17.09.07:672][881]LogInit: XAudio2 using 'Speakers (2- Logitech G430 Gaming Headset)' : 2 channels at 44.1 kHz using 16 bits per sample (channel mask 0x3)
[2016.10.10-17.09.07:682][881]LogInit: FAudioDevice initialized.
[2016.10.10-17.09.07:745][881]LogWorld: Game class is 'FirstPersonGameMode_C'
[2016.10.10-17.09.07:751][881]LogWorld: Bringing World /Game/FirstPersonBP/Maps/UEDPIE_0_Test.Test up for play (max tick rate 0) at 2016.10.10-18.09.07
[2016.10.10-17.09.07:751][881]LogWorld: Bringing up level for play took: 0.005567
[2016.10.10-17.09.07:753][881]PIE: Info Play in editor start time for /Game/FirstPersonBP/Maps/UEDPIE_0_Test -0.208
[2016.10.10-17.09.07:753][881]LogBlueprintUserMessages: Late PlayInEditor Detection: Level '/Game/FirstPersonBP/Maps/Test.Test:PersistentLevel' has LevelScriptBlueprint '/Game/FirstPersonBP/Maps/Test.Test:PersistentLevel.Test' with GeneratedClass '/Game/FirstPersonBP/Maps/Test.Test_C' with ClassGeneratedBy '/Game/FirstPersonBP/Maps/Test.Test:PersistentLevel.Test'
[2016.10.10-17.09.13:238][526]LogBlueprintUserMessages: [AICharacter_C_0] 50
[2016.10.10-17.09.13:238][526]LogBlueprintUserMessages: [FirstPersonProjectile_C_9] Hello
[2016.10.10-17.09.13:478][554]LogBlueprintUserMessages: [AICharacter_C_0] 0
[2016.10.10-17.09.13:478][554]LogBlueprintUserMessages: [FirstPersonProjectile_C_10] Hello
[2016.10.10-17.09.14:647][694]LogBlueprintUserMessages: [AICharacter_C_1] 50
[2016.10.10-17.09.14:647][694]LogBlueprintUserMessages: [FirstPersonProjectile_C_13] Hello
[2016.10.10-17.09.15:274][769]LogBlueprintUserMessages: [AICharacter_C_1] 0
[2016.10.10-17.09.15:274][769]LogBlueprintUserMessages: [FirstPersonProjectile_C_16] Hello
[2016.10.10-17.09.16:410][905]LogBlueprintUserMessages: [AICharacter_C_2] 50
[2016.10.10-17.09.16:410][905]LogBlueprintUserMessages: [FirstPersonProjectile_C_18] Hello
[2016.10.10-17.09.16:559][923]LogBlueprintUserMessages: [AICharacter_C_2] 0
[2016.10.10-17.09.16:559][923]LogBlueprintUserMessages: [FirstPersonProjectile_C_19] Hello
[2016.10.10-17.09.18:114][ 36]LogStats: FPlatformStackWalk::StackWalkAndDump -  0.601 s
[2016.10.10-17.09.18:114][ 36]LogOutputDevice:Warning: === Handled error: ===

Ensure condition failed: NewTransform.IsValid() [File:D:\Build\++UE4+Release-4.12+Compile\Sync\Engine\Source\Runtime\Engine\Private\Components\SceneComponent.cpp] [Line: 415]

Stack: 
UE4Editor-Core.dll!FWindowsPlatformStackWalk::StackWalkAndDump() [d:\build\++ue4+release-4.12+compile\sync\engine\source\runtime\core\private\windows\windowsplatformstackwalk.cpp:183]
UE4Editor-Core.dll!FDebug::EnsureFailed() [d:\build\++ue4+release-4.12+compile\sync\engine\source\runtime\core\private\misc\outputdevice.cpp:327]
UE4Editor-Core.dll!FDebug::OptionallyLogFormattedEnsureMessageReturningFalse() [d:\build\++ue4+release-4.12+compile\sync\engine\source\runtime\core\private\misc\outputdevice.cpp:451]
UE4Editor-Engine.dll!USceneComponent::UpdateComponentToWorldWithParent() [d:\build\++ue4+release-4.12+compile\sync\engine\source\runtime\engine\private\components\scenecomponent.cpp:415]
UE4Editor-Engine.dll!USceneComponent::InternalSetWorldLocationAndRotation() [d:\build\++ue4+release-4.12+compile\sync\engine\source\runtime\engine\private\components\scenecomponent.cpp:2382]
UE4Editor-Engine.dll!USceneComponent::MoveComponentImpl() [d:\build\++ue4+release-4.12+compile\sync\engine\source\runtime\engine\private\components\scenecomponent.cpp:2505]
UE4Editor-Engine.dll!UMovementComponent::MoveUpdatedComponentImpl() [d:\build\++ue4+release-4.12+compile\sync\engine\source\runtime\engine\private\components\movementcomponent.cpp:489]
UE4Editor-Engine.dll!UInterpToMovementComponent::TickComponent() [d:\build\++ue4+release-4.12+compile\sync\engine\source\runtime\engine\private\components\interptomovementcomponent.cpp:112]
UE4Editor-Engine.dll!FActorComponentTickFunction::ExecuteTickHelper<<lambda_13c1d0f62b5fcaced3ce7b89bd3d0f91> >() [d:\build\++ue4+release-4.12+compile\sync\engine\source\runtime\engine\classes\gameframework\actor.h:2888]
UE4Editor-Engine.dll!FActorComponentTickFunction::ExecuteTick() [d:\build\++ue4+release-4.12+compile\sync\engine\source\runtime\engine\private\components\actorcomponent.cpp:702]
UE4Editor-Engine.dll!FTickFunctionTask::DoTask() [d:\build\++ue4+release-4.12+compile\sync\engine\source\runtime\engine\private\ticktaskmanager.cpp:262]
UE4Editor-Engine.dll!TGraphTask<FTickFunctionTask>::ExecuteTask() [d:\build\++ue4+release-4.12+compile\sync\engine\source\runtime\core\public\async\taskgraphinterfaces.h:999]
UE4Editor-Core.dll!FNamedTaskThread::ProcessTasksNamedThread() [d:\build\++ue4+release-4.12+compile\sync\engine\source\runtime\core\private\async\taskgraph.cpp:932]
UE4Editor-Core.dll!FNamedTaskThread::ProcessTasksUntilQuit() [d:\build\++ue4+release-4.12+compile\sync\engine\source\runtime\core\private\async\taskgraph.cpp:679]
UE4Editor-Core.dll!FTaskGraphImplementation::WaitUntilTasksComplete() [d:\build\++ue4+release-4.12+compile\sync\engine\source\runtime\core\private\async\taskgraph.cpp:1776]
UE4Editor-Engine.dll!FTickTaskSequencer::ReleaseTickGroup() [d:\build\++ue4+release-4.12+compile\sync\engine\source\runtime\engine\private\ticktaskmanager.cpp:530]
UE4Editor-Engine.dll!FTickTaskManager::RunTickGroup() [d:\build\++ue4+release-4.12+compile\sync\engine\source\runtime\engine\private\ticktaskmanager.cpp:1432]
UE4Editor-Engine.dll!UWorld::RunTickGroup() [d:\build\++ue4+release-4.12+compile\sync\engine\source\runtime\engine\private\leveltick.cpp:704]
UE4Editor-Engine.dll!UWorld::Tick() [d:\build\++ue4+release-4.12+compile\sync\engine\source\runtime\engine\private\leveltick.cpp:1197]
UE4Editor-UnrealEd.dll!UEditorEngine::Tick() [d:\build\++ue4+release-4.12+compile\sync\engine\source\editor\unrealed\private\editorengine.cpp:1349]
UE4Editor-UnrealEd.dll!UUnrealEdEngine::Tick() [d:\build\++ue4+release-4.12+compile\sync\engine\source\editor\unrealed\private\unrealedengine.cpp:368]
UE4Editor.exe!FEngineLoop::Tick() [d:\build\++ue4+release-4.12+compile\sync\engine\source\runtime\launch\private\launchengineloop.cpp:2775]
UE4Editor.exe!GuardedMain() [d:\build\++ue4+release-4.12+compile\sync\engine\source\runtime\launch\private\launch.cpp:148]
UE4Editor.exe!GuardedMainWrapper() [d:\build\++ue4+release-4.12+compile\sync\engine\source\runtime\launch\private\windows\launchwindows.cpp:126]
UE4Editor.exe!WinMain() [d:\build\++ue4+release-4.12+compile\sync\engine\source\runtime\launch\private\windows\launchwindows.cpp:200]
UE4Editor.exe!__scrt_common_main_seh() [f:\dd\vctools\crt\vcstartup\src\startup\exe_common.inl:264]
KERNEL32.DLL
ntdll.dll
ntdll.dll

[2016.10.10-17.09.18:115][ 36]LogStats:                SubmitErrorReport -  0.000 s
[2016.10.10-17.09.18:373][ 36]LogStats:                    SendNewReport -  0.258 s
[2016.10.10-17.09.18:373][ 36]LogStats:             FDebug::EnsureFailed -  0.860 s
[2016.10.10-17.09.18:397][ 36]LogStats: FPlatformStackWalk::StackWalkAndDump -  0.024 s
[2016.10.10-17.09.18:397][ 36]LogOutputDevice:Warning: === Handled error: ===

Ensure condition failed: !NewTransform.ContainsNaN() [File:D:\Build\++UE4+Release-4.12+Compile\Sync\Engine\Source\Runtime\Engine\Private\PhysicsEngine\BodyInstance.cpp] [Line: 2785]
SetBodyTransform contains NaN (/Game/FirstPersonBP/Maps/UEDPIE_0_Test.Test:PersistentLevel.PickUpSprint_202.Box)
-nan(ind),-nan(ind),-nan(ind)|0.000000,-7.856386,0.000000|2.000000,2.000000,2.000000
Stack: 
UE4Editor-Core.dll!FWindowsPlatformStackWalk::StackWalkAndDump() [d:\build\++ue4+release-4.12+compile\sync\engine\source\runtime\core\private\windows\windowsplatformstackwalk.cpp:183]
UE4Editor-Core.dll!FDebug::EnsureFailed() [d:\build\++ue4+release-4.12+compile\sync\engine\source\runtime\core\private\misc\outputdevice.cpp:327]
UE4Editor-Core.dll!FDebug::OptionallyLogFormattedEnsureMessageReturningFalse() [d:\build\++ue4+release-4.12+compile\sync\engine\source\runtime\core\private\misc\outputdevice.cpp:451]
UE4Editor-Engine.dll!FBodyInstance::SetBodyTransform() [d:\build\++ue4+release-4.12+compile\sync\engine\source\runtime\engine\private\physicsengine\bodyinstance.cpp:2785]
UE4Editor-Engine.dll!UPrimitiveComponent::SendPhysicsTransform() [d:\build\++ue4+release-4.12+compile\sync\engine\source\runtime\engine\private\components\primitivecomponent.cpp:600]
UE4Editor-Engine.dll!UPrimitiveComponent::OnUpdateTransform() [d:\build\++ue4+release-4.12+compile\sync\engine\source\runtime\engine\private\components\primitivecomponent.cpp:595]
UE4Editor-Engine.dll!USceneComponent::PropagateTransformUpdate() [d:\build\++ue4+release-4.12+compile\sync\engine\source\runtime\engine\private\components\scenecomponent.cpp:508]
UE4Editor-Engine.dll!USceneComponent::UpdateComponentToWorldWithParent() [d:\build\++ue4+release-4.12+compile\sync\engine\source\runtime\engine\private\components\scenecomponent.cpp:434]
UE4Editor-Engine.dll!USceneComponent::UpdateComponentToWorld() [d:\build\++ue4+release-4.12+compile\sync\engine\source\runtime\engine\classes\components\scenecomponent.h:777]
UE4Editor-Engine.dll!USceneComponent::UpdateChildTransforms() [d:\build\++ue4+release-4.12+compile\sync\engine\source\runtime\engine\private\components\scenecomponent.cpp:1998]
UE4Editor-Engine.dll!USceneComponent::PropagateTransformUpdate() [d:\build\++ue4+release-4.12+compile\sync\engine\source\runtime\engine\private\components\scenecomponent.cpp:524]
UE4Editor-Engine.dll!USceneComponent::UpdateComponentToWorldWithParent() [d:\build\++ue4+release-4.12+compile\sync\engine\source\runtime\engine\private\components\scenecomponent.cpp:434]
UE4Editor-Engine.dll!USceneComponent::InternalSetWorldLocationAndRotation() [d:\build\++ue4+release-4.12+compile\sync\engine\source\runtime\engine\private\components\scenecomponent.cpp:2382]
UE4Editor-Engine.dll!USceneComponent::MoveComponentImpl() [d:\build\++ue4+release-4.12+compile\sync\engine\source\runtime\engine\private\components\scenecomponent.cpp:2505]
UE4Editor-Engine.dll!UMovementComponent::MoveUpdatedComponentImpl() [d:\build\++ue4+release-4.12+compile\sync\engine\source\runtime\engine\private\components\movementcomponent.cpp:489]
UE4Editor-Engine.dll!UInterpToMovementComponent::TickComponent() [d:\build\++ue4+release-4.12+compile\sync\engine\source\runtime\engine\private\components\interptomovementcomponent.cpp:112]
UE4Editor-Engine.dll!FActorComponentTickFunction::ExecuteTickHelper<<lambda_13c1d0f62b5fcaced3ce7b89bd3d0f91> >() [d:\build\++ue4+release-4.12+compile\sync\engine\source\runtime\engine\classes\gameframework\actor.h:2888]
UE4Editor-Engine.dll!FActorComponentTickFunction::ExecuteTick() [d:\build\++ue4+release-4.12+compile\sync\engine\source\runtime\engine\private\components\actorcomponent.cpp:702]
UE4Editor-Engine.dll!FTickFunctionTask::DoTask() [d:\build\++ue4+release-4.12+compile\sync\engine\source\runtime\engine\private\ticktaskmanager.cpp:262]
UE4Editor-Engine.dll!TGraphTask<FTickFunctionTask>::ExecuteTask() [d:\build\++ue4+release-4.12+compile\sync\engine\source\runtime\core\public\async\taskgraphinterfaces.h:999]
UE4Editor-Core.dll!FNamedTaskThread::ProcessTasksNamedThread() [d:\build\++ue4+release-4.12+compile\sync\engine\source\runtime\core\private\async\taskgraph.cpp:932]
UE4Editor-Core.dll!FNamedTaskThread::ProcessTasksUntilQuit() [d:\build\++ue4+release-4.12+compile\sync\engine\source\runtime\core\private\async\taskgraph.cpp:679]
UE4Editor-Core.dll!FTaskGraphImplementation::WaitUntilTasksComplete() [d:\build\++ue4+release-4.12+compile\sync\engine\source\runtime\core\private\async\taskgraph.cpp:1776]
UE4Editor-Engine.dll!FTickTaskSequencer::ReleaseTickGroup() [d:\build\++ue4+release-4.12+compile\sync\engine\source\runtime\engine\private\ticktaskmanager.cpp:530]
UE4Editor-Engine.dll!FTickTaskManager::RunTickGroup() [d:\build\++ue4+release-4.12+compile\sync\engine\source\runtime\engine\private\ticktaskmanager.cpp:1432]
UE4Editor-Engine.dll!UWorld::RunTickGroup() [d:\build\++ue4+release-4.12+compile\sync\engine\source\runtime\engine\private\leveltick.cpp:704]
UE4Editor-Engine.dll!UWorld::Tick() [d:\build\++ue4+release-4.12+compile\sync\engine\source\runtime\engine\private\leveltick.cpp:1197]
UE4Editor-UnrealEd.dll!UEditorEngine::Tick() [d:\build\++ue4+release-4.12+compile\sync\engine\source\editor\unrealed\private\editorengine.cpp:1349]
UE4Editor-UnrealEd.dll!UUnrealEdEngine::Tick() [d:\build\++ue4+release-4.12+compile\sync\engine\source\editor\unrealed\private\unrealedengine.cpp:368]
UE4Editor.exe!FEngineLoop::Tick() [d:\build\++ue4+release-4.12+compile\sync\engine\source\runtime\launch\private\launchengineloop.cpp:2775]
UE4Editor.exe!GuardedMain() [d:\build\++ue4+release-4.12+compile\sync\engine\source\runtime\launch\private\launch.cpp:148]
UE4Editor.exe!GuardedMainWrapper() [d:\build\++ue4+release-4.12+compile\sync\engine\source\runtime\launch\private\windows\launchwindows.cpp:126]
UE4Editor.exe!WinMain() [d:\build\++ue4+release-4.12+compile\sync\engine\source\runtime\launch\private\windows\launchwindows.cpp:200]
UE4Editor.exe!__scrt_common_main_seh() [f:\dd\vctools\crt\vcstartup\src\startup\exe_common.inl:264]
KERNEL32.DLL
ntdll.dll
ntdll.dll

[2016.10.10-17.09.18:397][ 36]LogStats:                SubmitErrorReport -  0.000 s
[2016.10.10-17.09.18:603][ 36]LogStats:                    SendNewReport -  0.206 s
[2016.10.10-17.09.18:603][ 36]LogStats:             FDebug::EnsureFailed -  0.231 s
[2016.10.10-17.09.19:896][153]LogBlueprintUserMessages: [AICharacter_C_3] 50
[2016.10.10-17.09.19:896][153]LogBlueprintUserMessages: [FirstPersonProjectile_C_24] Hello
[2016.10.10-17.09.20:090][175]LogBlueprintUserMessages: [AICharacter_C_3] 0
[2016.10.10-17.09.20:090][175]LogBlueprintUserMessages: [FirstPersonProjectile_C_25] Hello
[2016.10.10-17.09.21:781][356]LogBlueprintUserMessages: [AICharacter_C_4] 50
[2016.10.10-17.09.21:781][356]LogBlueprintUserMessages: [FirstPersonProjectile_C_28] Hello
[2016.10.10-17.09.21:791][357]LogBlueprintUserMessages: [AICharacter_C_4] 0
[2016.10.10-17.09.21:791][357]LogBlueprintUserMessages: [FirstPersonProjectile_C_28] Hello
[2016.10.10-17.09.22:969][498]LogBlueprintUserMessages: Early EndPlayMap Detection: Level '/Game/FirstPersonBP/Maps/Test.Test:PersistentLevel' has LevelScriptBlueprint '/Game/FirstPersonBP/Maps/Test.Test:PersistentLevel.Test' with GeneratedClass '/Game/FirstPersonBP/Maps/Test.Test_C' with ClassGeneratedBy '/Game/FirstPersonBP/Maps/Test.Test:PersistentLevel.Test'
[2016.10.10-17.09.23:009][498]LogBlueprintUserMessages: Late EndPlayMap Detection: Level '/Game/FirstPersonBP/Maps/Test.Test:PersistentLevel' has LevelScriptBlueprint '/Game/FirstPersonBP/Maps/Test.Test:PersistentLevel.Test' with GeneratedClass '/Game/FirstPersonBP/Maps/Test.Test_C' with ClassGeneratedBy '/Game/FirstPersonBP/Maps/Test.Test:PersistentLevel.Test'
[2016.10.10-17.09.27:214][739]LogActorComponent: ReregisterComponent: (/Engine/Transient.World_2:PersistentLevel.FirstPersonProjectile_C_0.CollisionComponent) Not currently registered. Aborting.
[2016.10.10-17.10.13:073][238]BlueprintLog: New page: Compile FirstPersonProjectile
[2016.10.10-17.10.13:203][238]BlueprintEditorCompileResults: Info [0338.43] Compile of FirstPersonProjectile successful! [in 130 ms] (/Game/FirstPersonBP/Blueprints/FirstPersonProjectile.FirstPersonProjectile)
[2016.10.10-17.10.15:207][444]LogBlueprintUserMessages: Early PlayInEditor Detection: Level '/Game/FirstPersonBP/Maps/Test.Test:PersistentLevel' has LevelScriptBlueprint '/Game/FirstPersonBP/Maps/Test.Test:PersistentLevel.Test' with GeneratedClass '/Game/FirstPersonBP/Maps/Test.Test_C' with ClassGeneratedBy '/Game/FirstPersonBP/Maps/Test.Test:PersistentLevel.Test'
[2016.10.10-17.10.15:207][444]LogPlayLevel: PlayLevel: No blueprints needed recompiling
[2016.10.10-17.10.15:207][444]PIE: New page: PIE session: Test (10 Oct 2016 18:10:15)
[2016.10.10-17.10.15:207][444]LogPlayLevel: Creating play world package: /Game/FirstPersonBP/Maps/UEDPIE_0_Test
[2016.10.10-17.10.15:231][444]LogPlayLevel: PIE: StaticDuplicateObject took: (0.024288s)
[2016.10.10-17.10.15:232][444]LogAIModule: Creating AISystem for world Test
[2016.10.10-17.10.15:232][444]LogPlayLevel: PIE: World Init took: (0.000951s)
[2016.10.10-17.10.15:233][444]LogPlayLevel: PIE: Created PIE world by copying editor world from /Game/FirstPersonBP/Maps/Test.Test to /Game/FirstPersonBP/Maps/UEDPIE_0_Test.Test (0.025590s)
[2016.10.10-17.10.15:278][444]LogInit: XAudio2 using 'Speakers (2- Logitech G430 Gaming Headset)' : 2 channels at 44.1 kHz using 16 bits per sample (channel mask 0x3)
[2016.10.10-17.10.15:289][444]LogInit: FAudioDevice initialized.
[2016.10.10-17.10.15:348][444]LogWorld: Game class is 'FirstPersonGameMode_C'
[2016.10.10-17.10.15:354][444]LogWorld: Bringing World /Game/FirstPersonBP/Maps/UEDPIE_0_Test.Test up for play (max tick rate 0) at 2016.10.10-18.10.15
[2016.10.10-17.10.15:355][444]LogWorld: Bringing up level for play took: 0.005669
[2016.10.10-17.10.15:356][444]PIE: Info Play in editor start time for /Game/FirstPersonBP/Maps/UEDPIE_0_Test -0.605
[2016.10.10-17.10.15:357][444]LogBlueprintUserMessages: Late PlayInEditor Detection: Level '/Game/FirstPersonBP/Maps/Test.Test:PersistentLevel' has LevelScriptBlueprint '/Game/FirstPersonBP/Maps/Test.Test:PersistentLevel.Test' with GeneratedClass '/Game/FirstPersonBP/Maps/Test.Test_C' with ClassGeneratedBy '/Game/FirstPersonBP/Maps/Test.Test:PersistentLevel.Test'
[2016.10.10-17.10.19:861][968]LogBlueprintUserMessages: [AICharacter_C_0] 50
[2016.10.10-17.10.19:861][968]LogBlueprintUserMessages: [FirstPersonProjectile_C_14] Hello
[2016.10.10-17.10.21:953][218]LogBlueprintUserMessages: [AICharacter_C_0] 0
[2016.10.10-17.10.21:953][218]LogBlueprintUserMessages: [FirstPersonProjectile_C_22] Hello
[2016.10.10-17.10.26:041][707]LogBlueprintUserMessages: [FirstPersonCharacter_C_1] 100
[2016.10.10-17.10.27:404][870]LogSpawn:Warning: SpawnActor failed because of collision at the spawn location [X=483.507 Y=-279.559 Z=285.338] for [FirstPersonProjectile_C]
[2016.10.10-17.10.29:262][ 92]LogBlueprintUserMessages: [AICharacter_C_2] 50
[2016.10.10-17.10.29:262][ 92]LogBlueprintUserMessages: [FirstPersonProjectile_C_34] Hello
[2016.10.10-17.10.29:413][110]LogBlueprintUserMessages: [AICharacter_C_2] 0
[2016.10.10-17.10.29:413][110]LogBlueprintUserMessages: [FirstPersonProjectile_C_35] Hello
[2016.10.10-17.10.31:689][382]LogBlueprintUserMessages: [AICharacter_C_3] 50
[2016.10.10-17.10.31:689][382]LogBlueprintUserMessages: [FirstPersonProjectile_C_42] Hello
[2016.10.10-17.10.31:824][398]LogBlueprintUserMessages: [AICharacter_C_3] 0
[2016.10.10-17.10.31:824][398]LogBlueprintUserMessages: [FirstPersonProjectile_C_43] Hello
[2016.10.10-17.10.32:232][447]LogBlueprintUserMessages: [AICharacter_C_4] 50
[2016.10.10-17.10.32:232][447]LogBlueprintUserMessages: [FirstPersonProjectile_C_46] Hello
[2016.10.10-17.10.32:391][466]LogBlueprintUserMessages: [AICharacter_C_4] 0
[2016.10.10-17.10.32:391][466]LogBlueprintUserMessages: [FirstPersonProjectile_C_47] Hello
[2016.10.10-17.10.35:562][845]LogBlueprintUserMessages: [AICharacter_C_5] 50
[2016.10.10-17.10.35:562][845]LogBlueprintUserMessages: [FirstPersonProjectile_C_64] Hello
[2016.10.10-17.10.35:747][867]LogBlueprintUserMessages: [AICharacter_C_5] 0
[2016.10.10-17.10.35:747][867]LogBlueprintUserMessages: [FirstPersonProjectile_C_65] Hello
[2016.10.10-17.10.36:544][962]LogBlueprintUserMessages: [AICharacter_C_6] 50
[2016.10.10-17.10.36:544][962]LogBlueprintUserMessages: [FirstPersonProjectile_C_67] Hello
[2016.10.10-17.10.37:088][ 27]LogBlueprintUserMessages: [AICharacter_C_6] 0
[2016.10.10-17.10.37:088][ 27]LogBlueprintUserMessages: [FirstPersonProjectile_C_69] Hello
[2016.10.10-17.10.38:306][173]LogBlueprintUserMessages: Early EndPlayMap Detection: Level '/Game/FirstPersonBP/Maps/Test.Test:PersistentLevel' has LevelScriptBlueprint '/Game/FirstPersonBP/Maps/Test.Test:PersistentLevel.Test' with GeneratedClass '/Game/FirstPersonBP/Maps/Test.Test_C' with ClassGeneratedBy '/Game/FirstPersonBP/Maps/Test.Test:PersistentLevel.Test'
[2016.10.10-17.10.38:348][173]LogBlueprintUserMessages: Late EndPlayMap Detection: Level '/Game/FirstPersonBP/Maps/Test.Test:PersistentLevel' has LevelScriptBlueprint '/Game/FirstPersonBP/Maps/Test.Test:PersistentLevel.Test' with GeneratedClass '/Game/FirstPersonBP/Maps/Test.Test_C' with ClassGeneratedBy '/Game/FirstPersonBP/Maps/Test.Test:PersistentLevel.Test'
[2016.10.10-17.11.25:935][182]BlueprintLog: New page: Compile FirstPersonProjectile
[2016.10.10-17.11.26:053][182]BlueprintEditorCompileResults: Info [0411.28] Compile of FirstPersonProjectile successful! [in 117 ms] (/Game/FirstPersonBP/Blueprints/FirstPersonProjectile.FirstPersonProjectile)
[2016.10.10-17.11.26:997][259]LogSavePackage: Save=32.77ms
[2016.10.10-17.11.26:997][259]LogSavePackage: Moving 'D:/Repositories/UnrealGameJam/UnrealGameJam/Saved/FirstPersonProjectile19B8D29249849F0F4CC481A08503BA99.tmp' to 'D:/Repositories/UnrealGameJam/UnrealGameJam/Content/FirstPersonBP/Blueprints/FirstPersonProjectile.uasset'
[2016.10.10-17.11.26:998][259]LogSavePackage:Display: Finished SavePackage D:/Repositories/UnrealGameJam/UnrealGameJam/Content/FirstPersonBP/Blueprints/FirstPersonProjectile.uasset
[2016.10.10-17.11.34:047][845]LogRenderer: Reallocating scene render targets to support 1212x712 (Frame:37034).
[2016.10.10-17.12.07:991][264]BlueprintLog: New page: Compile PickUpHealth
[2016.10.10-17.12.08:122][264]BlueprintEditorCompileResults: Info [0453.35] Compile of PickUpHealth successful! [in 129 ms] (/Game/FirstPersonBP/Blueprints/PickUpHealth.PickUpHealth)
[2016.10.10-17.12.15:112][843]BlueprintLog: New page: Compile PickUpHealth
[2016.10.10-17.12.16:024][843]BlueprintEditorCompileResults: Info [0461.25] Compile of PickUpHealth successful! [in 911 ms] (/Game/FirstPersonBP/Blueprints/PickUpHealth.PickUpHealth)
[2016.10.10-17.12.16:799][889]Cmd: OBJ SAVEPACKAGE PACKAGE="/Game/FirstPersonBP/Blueprints/PickUpHealth" FILE="D:/Repositories/UnrealGameJam/UnrealGameJam/Content/FirstPersonBP/Blueprints/PickUpHealth.uasset" SILENT=true
[2016.10.10-17.12.16:832][889]LogSavePackage: Save=27.85ms
[2016.10.10-17.12.16:833][889]LogSavePackage: Moving 'D:/Repositories/UnrealGameJam/UnrealGameJam/Saved/PickUpHealthB76D189B42BF89CDC9DE0192E6184E14.tmp' to 'D:/Repositories/UnrealGameJam/UnrealGameJam/Content/FirstPersonBP/Blueprints/PickUpHealth.uasset'
[2016.10.10-17.12.16:834][889]LogSavePackage:Display: Finished SavePackage D:/Repositories/UnrealGameJam/UnrealGameJam/Content/FirstPersonBP/Blueprints/PickUpHealth.uasset
[2016.10.10-17.12.18:933][ 96]LogBlueprintUserMessages: Early PlayInEditor Detection: Level '/Game/FirstPersonBP/Maps/Test.Test:PersistentLevel' has LevelScriptBlueprint '/Game/FirstPersonBP/Maps/Test.Test:PersistentLevel.Test' with GeneratedClass '/Game/FirstPersonBP/Maps/Test.Test_C' with ClassGeneratedBy '/Game/FirstPersonBP/Maps/Test.Test:PersistentLevel.Test'
[2016.10.10-17.12.18:933][ 96]LogPlayLevel: PlayLevel: No blueprints needed recompiling
[2016.10.10-17.12.18:933][ 96]PIE: New page: PIE session: Test (10 Oct 2016 18:12:18)
[2016.10.10-17.12.18:933][ 96]LogPlayLevel: Creating play world package: /Game/FirstPersonBP/Maps/UEDPIE_0_Test
[2016.10.10-17.12.18:952][ 96]LogPlayLevel: PIE: StaticDuplicateObject took: (0.019473s)
[2016.10.10-17.12.18:953][ 96]LogAIModule: Creating AISystem for world Test
[2016.10.10-17.12.18:953][ 96]LogPlayLevel: PIE: World Init took: (0.000642s)
[2016.10.10-17.12.18:953][ 96]LogPlayLevel: PIE: Created PIE world by copying editor world from /Game/FirstPersonBP/Maps/Test.Test to /Game/FirstPersonBP/Maps/UEDPIE_0_Test.Test (0.020368s)
[2016.10.10-17.12.18:986][ 96]LogInit: XAudio2 using 'Speakers (2- Logitech G430 Gaming Headset)' : 2 channels at 44.1 kHz using 16 bits per sample (channel mask 0x3)
[2016.10.10-17.12.18:994][ 96]LogInit: FAudioDevice initialized.
[2016.10.10-17.12.19:061][ 96]LogWorld: Game class is 'FirstPersonGameMode_C'
[2016.10.10-17.12.19:066][ 96]LogWorld: Bringing World /Game/FirstPersonBP/Maps/UEDPIE_0_Test.Test up for play (max tick rate 0) at 2016.10.10-18.12.19
[2016.10.10-17.12.19:067][ 96]LogWorld: Bringing up level for play took: 0.004325
[2016.10.10-17.12.19:068][ 96]PIE: Info Play in editor start time for /Game/FirstPersonBP/Maps/UEDPIE_0_Test 1.107
[2016.10.10-17.12.19:068][ 96]LogBlueprintUserMessages: Late PlayInEditor Detection: Level '/Game/FirstPersonBP/Maps/Test.Test:PersistentLevel' has LevelScriptBlueprint '/Game/FirstPersonBP/Maps/Test.Test:PersistentLevel.Test' with GeneratedClass '/Game/FirstPersonBP/Maps/Test.Test_C' with ClassGeneratedBy '/Game/FirstPersonBP/Maps/Test.Test:PersistentLevel.Test'
[2016.10.10-17.12.24:880][784]LogPhysics:Warning: PHYSX: (..\..\SceneQuery\SqAABBPruner.cpp 207) eINTERNAL_ERROR : Invalid index found in AABB-tree.
[2016.10.10-17.12.25:096][784]LogCrashTracker: 


[2016.10.10-17.12.25:096][784]LogCrashTracker: 


[2016.10.10-17.12.25:096][784]LogWindows:Error: === Critical error: ===


[2016.10.10-17.12.25:134][784]LogExit: Executing StaticShutdownAfterError
[2016.10.10-17.12.25:142][784]LogPhysics:Error: PHYSX: ( 1106) eINVALID_OPERATION : PxScene::lockWrite() detected after a PxScene::lockRead(), lock upgrading is not supported, behaviour will be undefined.
[2016.10.10-17.12.25:142][784]LogPhysics:Error: PHYSX: (..\..\PhysX\src\NpScene.cpp 2946) eINVALID_OPERATION : PxScene::unlockWrite() called without matching call to PxScene::lockWrite(), behaviour will be undefined.
[2016.10.10-17.12.25:167][784]LogPhysics:Error: PHYSX: (..\..\PhysX\src\NpScene.cpp 210) eINVALID_OPERATION : PxScene::lockWrite() detected after a PxScene::lockRead(), lock upgrading is not supported, behaviour will be undefined.
[2016.10.10-17.12.25:168][784]LogPhysics:Error: PHYSX: (..\..\PhysX\src\NpScene.cpp 2946) eINVALID_OPERATION : PxScene::unlockWrite() called without matching call to PxScene::lockWrite(), behaviour will be undefined.
[2016.10.10-17.12.25:173][784]LogWindows: FPlatformMisc::RequestExit(1)
[2016.10.10-17.12.25:173][784]Log file closed, 10/10/16 18:12:25
