Log file open, 10/10/16 17:41:30
LogInit:Display: Running engine for game: UnrealGameJam
LogPlatformFile: Not using cached read wrapper
LogInit:Display: RandInit(1912308658) SRandInit(1912308660).
LogTaskGraph: Started task graph with 4 named threads and 7 total threads with 1 sets of task threads.
LogStats: Stats thread started at 0.077794
LogInit: Version: 4.12.5-3039270+++UE4+Release-4.12
LogInit: API Version: 2992821
LogInit: Net Version: 3039270
LogDevObjectVersion: Number of dev versions registered: 13
LogDevObjectVersion:   Dev-Blueprints (B0D832E4-1F89-4F0D-ACCF-7EB736FD4AA2): 3
LogDevObjectVersion:   Dev-Build (E1C64328-A22C-4D53-A36C-8E866417BD8C): 0
LogDevObjectVersion:   Dev-Core (375EC13C-06E4-48FB-B500-84F0262A717E): 1
LogDevObjectVersion:   Dev-Editor (E4B068ED-F494-42E9-A231-DA0B2E46BB41): 2
LogDevObjectVersion:   Dev-Framework (CFFC743F-43B0-4480-9391-14DF171D2073): 6
LogDevObjectVersion:   Dev-Mobile (B02B49B5-BB20-44E9-A304-32B752E40360): 0
LogDevObjectVersion:   Dev-Networking (A4E4105C-59A1-49B5-A7C5-40C4547EDFEE): 0
LogDevObjectVersion:   Dev-Online (39C831C9-5AE6-47DC-9A44-9C173E1C8E7C): 0
LogDevObjectVersion:   Dev-Physics (78F01B33-EBEA-4F98-B9B4-84EACCB95AA2): 0
LogDevObjectVersion:   Dev-Platform (6631380F-2D4D-43E0-8009-CF276956A95A): 0
LogDevObjectVersion:   Dev-Rendering (12F88B9F-8875-4AFC-A67C-D90C383ABD29): 2
LogDevObjectVersion:   Dev-Sequencer (7B5AE74C-D270-4C10-A958-57980B212A5A): 0
LogDevObjectVersion:   Dev-VR (D7296918-1DD6-4BDD-9DE2-64A83CC13884): 0
LogInit: Compiled (64-bit): Jul  6 2016 09:09:46
LogInit: Compiled with Visual C++: 19.00.23026.00
LogInit: Build Configuration: Development
LogInit: Branch Name: ++UE4+Release-4.12
LogInit: Command line:  
LogInit: Base directory: C:/Program Files (x86)/Epic Games/4.12/Engine/Binaries/Win64/
LogInit: Installed Engine Build: 1
LogInit: Using libcurl 7.41.0
LogInit:  - built for x86_64-pc-win32
LogInit:  - supports SSL with WinSSL
LogInit:  - other features:
LogInit:      CURL_VERSION_SSL
LogInit:      CURL_VERSION_IPV6
LogInit:      CURL_VERSION_ASYNCHDNS
LogInit:      CURL_VERSION_LARGEFILE
LogInit:      CURL_VERSION_IDN
LogInit:  CurlRequestOptions (configurable via config and command line):
LogInit:  - bVerifyPeer = true  - Libcurl will verify peer certificate
LogInit:  - bUseHttpProxy = false  - Libcurl will NOT use HTTP proxy
LogInit:  - bDontReuseConnections = false  - Libcurl will reuse connections
LogInit:  - CertBundlePath = nullptr  - Libcurl will use whatever was configured at build time.
LogInit: Presizing for max 8388607 objects, including 0 objects not considered by GC, pre-allocating 0 bytes for permanent pool.
LogInit: Object subsystem initialized
[2016.10.10-16.41.30:927][  0]LogInit: Selected Device Profile: [Windows]
[2016.10.10-16.41.30:927][  0]LogInit: Applying CVar settings loaded from the selected device profile: [Windows]
[2016.10.10-16.41.30:946][  0]LogInit: Computer: DESKTOP-N6TRJQS
[2016.10.10-16.41.30:946][  0]LogInit: User: Conor
[2016.10.10-16.41.30:946][  0]LogInit: CPU Page size=65536, Cores=4
[2016.10.10-16.41.30:946][  0]LogInit: High frequency timer resolution =3.312791 MHz
[2016.10.10-16.41.30:946][  0]LogMemory: Memory total: Physical=8.0GB (8GB approx)
[2016.10.10-16.41.30:946][  0]LogMemory: Platform Memory Stats for Windows
[2016.10.10-16.41.30:946][  0]LogMemory: Process Physical Memory: 190.57 MB used, 190.57 MB peak
[2016.10.10-16.41.30:946][  0]LogMemory: Process Virtual Memory: 195.17 MB used, 195.17 MB peak
[2016.10.10-16.41.30:946][  0]LogMemory: Physical Memory: 5315.97 MB used, 8145.47 MB total
[2016.10.10-16.41.30:946][  0]LogMemory: Virtual Memory: 553.30 MB used, 134217728.00 MB total
[2016.10.10-16.41.31:017][  0]LogTextLocalizationManager: No specific translations for ('en-GB') exist, so ('en') translations will be used.
[2016.10.10-16.41.31:407][  0]LogD3D11RHI: D3D11 adapters:
[2016.10.10-16.41.31:440][  0]LogD3D11RHI:    0. 'NVIDIA GeForce GTX 660' (Feature Level 11_0)
[2016.10.10-16.41.31:440][  0]LogD3D11RHI:       1505/0/4072 MB DedicatedVideo/DedicatedSystem/SharedSystem, Outputs:1, VendorId:0x10de
[2016.10.10-16.41.31:441][  0]LogD3D11RHI:    1. 'Microsoft Basic Render Driver' (Feature Level 11_0)
[2016.10.10-16.41.31:441][  0]LogD3D11RHI:       0/0/4072 MB DedicatedVideo/DedicatedSystem/SharedSystem, Outputs:0, VendorId:0x1414
[2016.10.10-16.41.31:441][  0]LogD3D11RHI: Chosen D3D11 Adapter: 0
[2016.10.10-16.41.31:445][  0]LogD3D11RHI: Creating new Direct3DDevice
[2016.10.10-16.41.31:445][  0]LogD3D11RHI:     GPU DeviceId: 0x1185 (for the marketing name, search the web for "GPU Device Id")
[2016.10.10-16.41.31:445][  0]LogWindows: EnumDisplayDevices:
[2016.10.10-16.41.31:445][  0]LogWindows:    0. 'NVIDIA GeForce GTX 660' (P:1 D:1)
[2016.10.10-16.41.31:445][  0]LogWindows:    1. 'NVIDIA GeForce GTX 660' (P:0 D:0)
[2016.10.10-16.41.31:446][  0]LogWindows:    2. 'NVIDIA GeForce GTX 660' (P:0 D:0)
[2016.10.10-16.41.31:446][  0]LogWindows: DebugString: FoundDriverCount:3 
[2016.10.10-16.41.31:446][  0]LogD3D11RHI:     Adapter Name: NVIDIA GeForce GTX 660
[2016.10.10-16.41.31:446][  0]LogD3D11RHI:   Driver Version: 372.90 (internal:21.21.13.7290, unified:372.90)
[2016.10.10-16.41.31:446][  0]LogD3D11RHI:      Driver Date: 9-16-2016
[2016.10.10-16.41.31:446][  0]LogRHI: Texture pool is 1053 MB (70% of 1505 MB)
[2016.10.10-16.41.31:462][  0]LogD3D11RHI: Async texture creation enabled
[2016.10.10-16.41.31:478][  0]LogD3D11RHI: GPU Timing Frequency: 1000.000000 (Debug: 2 2)
[2016.10.10-16.41.31:478][  0]LogShaderCompilers: Guid format shader working directory is 2 characters bigger than the processId version (D:/Repositories/UnrealGameJam/UnrealGameJam/Intermediate/Shaders/WorkingDirectory/16368/).
[2016.10.10-16.41.31:478][  0]LogShaderCompilers: Cleaned the shader compiler working directory 'C:/Users/Conor/AppData/Local/Temp/UnrealShaderWorkingDir/E9A29E2847D5A87A4148ABB039230C77/'.
[2016.10.10-16.41.31:478][  0]LogShaderCompilers:Display: Using Local Shader Compiler.
[2016.10.10-16.41.33:043][  0]LogTemp:Display: Loaded TP AllDesktopTargetPlatform
[2016.10.10-16.41.33:060][  0]LogTemp:Display: Loaded TP WindowsClientTargetPlatform
[2016.10.10-16.41.33:074][  0]LogTemp:Display: Loaded TP WindowsNoEditorTargetPlatform
[2016.10.10-16.41.33:085][  0]LogTemp:Display: Loaded TP WindowsServerTargetPlatform
[2016.10.10-16.41.33:097][  0]LogTemp:Display: Loaded TP WindowsTargetPlatform
[2016.10.10-16.41.33:106][  0]LogTemp:Display: Loaded TP AndroidTargetPlatform
[2016.10.10-16.41.33:114][  0]LogTemp:Display: Loaded TP Android_ASTCTargetPlatform
[2016.10.10-16.41.33:123][  0]LogTemp:Display: Loaded TP Android_ATCTargetPlatform
[2016.10.10-16.41.33:131][  0]LogTemp:Display: Loaded TP Android_DXTTargetPlatform
[2016.10.10-16.41.33:139][  0]LogTemp:Display: Loaded TP Android_ETC1TargetPlatform
[2016.10.10-16.41.33:148][  0]LogTemp:Display: Loaded TP Android_ETC2TargetPlatform
[2016.10.10-16.41.33:166][  0]LogTemp:Display: Loaded TP Android_MultiTargetPlatform
[2016.10.10-16.41.33:166][  0]LogTemp:Display: Loaded TP Android_PVRTCTargetPlatform
[2016.10.10-16.41.33:167][  0]LogTemp:Display: Loaded TP HTML5TargetPlatform
[2016.10.10-16.41.33:193][  0]LogTemp:Display: Loaded TP IOSTargetPlatform
[2016.10.10-16.41.33:204][  0]LogTemp:Display: Loaded TP TVOSTargetPlatform
[2016.10.10-16.41.33:212][  0]LogTemp:Display: Loaded TP LinuxNoEditorTargetPlatform
[2016.10.10-16.41.33:219][  0]LogTemp:Display: Loaded TP LinuxServerTargetPlatform
[2016.10.10-16.41.33:230][  0]LogTemp:Display: Loaded TP LinuxTargetPlatform
[2016.10.10-16.41.33:230][  0]LogTargetPlatformManager:Display: Building Assets For Windows
[2016.10.10-16.41.33:327][  0]LogDerivedDataCache:Display: Max Cache Size: 512 MB
[2016.10.10-16.41.33:554][  0]LogDerivedDataCache: Loaded boot cache 0.23s 48MB C:/Users/Conor/AppData/Local/UnrealEngine/4.12/DerivedDataCache/Boot.ddc.
[2016.10.10-16.41.33:555][  0]LogDerivedDataCache:Display: Loaded Boot cache: C:/Users/Conor/AppData/Local/UnrealEngine/4.12/DerivedDataCache/Boot.ddc
[2016.10.10-16.41.33:555][  0]LogDerivedDataCache: FDerivedDataBackendGraph:  Pak pak cache file D:/Repositories/UnrealGameJam/UnrealGameJam/DerivedDataCache/DDC.ddp not found, will not use a pak cache.
[2016.10.10-16.41.33:555][  0]LogDerivedDataCache: Unable to find inner node Pak for hierarchical cache Hierarchy.
[2016.10.10-16.41.33:555][  0]LogDerivedDataCache: FDerivedDataBackendGraph:  CompressedPak pak cache file D:/Repositories/UnrealGameJam/UnrealGameJam/DerivedDataCache/Compressed.ddp not found, will not use a pak cache.
[2016.10.10-16.41.33:555][  0]LogDerivedDataCache: Unable to find inner node CompressedPak for hierarchical cache Hierarchy.
[2016.10.10-16.41.33:585][  0]LogDerivedDataCache:Display: Pak cache opened for reading ../../../Engine/DerivedDataCache/Compressed.ddp.
[2016.10.10-16.41.33:597][  0]LogDerivedDataCache: Using Local data cache path C:/Users/Conor/AppData/Local/UnrealEngine/Common/DerivedDataCache: Writable
[2016.10.10-16.41.34:742][  0]LogInit: Selected Device Profile: [Windows]
[2016.10.10-16.41.34:743][  0]LogContentStreaming: Texture pool size is 0.00 MB
[2016.10.10-16.41.34:901][  0]LogMeshUtilities: No automatic mesh reduction module available
[2016.10.10-16.41.34:901][  0]LogMeshUtilities: No automatic mesh merging module available
[2016.10.10-16.41.34:901][  0]LogMeshUtilities: No distributed automatic mesh merging module available
[2016.10.10-16.41.35:147][  0]LogAssetRegistry: FAssetRegistry took 0.0216 seconds to start up
[2016.10.10-16.41.35:165][  0]LogPackageLocalizationCache: Processed 3 localized package path(s) for 2 prioritized culture(s) in 0.016242 seconds
[2016.10.10-16.41.35:169][  0]LogUObjectArray: 28739 objects as part of root set at end of initial load.
[2016.10.10-16.41.35:169][  0]LogUObjectAllocator: 5855624 out of 0 bytes used by permanent object pool.
[2016.10.10-16.41.35:169][  0]LogUObjectArray: CloseDisregardForGC: 0/0 objects in disregard for GC pool
[2016.10.10-16.41.35:177][  0]LogInit: WinSock: version 1.1 (2.2), MaxSocks=32767, MaxUdp=65467
[2016.10.10-16.41.35:394][  0]LogSlate: SlateFontCache - WITH_FREETYPE: 1, WITH_HARFBUZZ: 1
[2016.10.10-16.41.35:394][  0]LogSlate: SlateFontCache - WITH_FREETYPE: 1, WITH_HARFBUZZ: 1
[2016.10.10-16.41.37:296][  0]LogUdpMessaging: Initializing bridge on interface 0.0.0.0:0 to multicast group 230.0.0.1:6666.
[2016.10.10-16.41.37:527][  0]SourceControl: Info Source control is disabled
[2016.10.10-16.41.37:563][  0]SourceControl: Info Source control is disabled
[2016.10.10-16.41.37:572][  0]SourceControl: Info Source control is disabled
[2016.10.10-16.41.37:580][  0]SourceControl: Info Source control is disabled
[2016.10.10-16.41.37:802][  0]LogEngine: Initializing Engine...
[2016.10.10-16.41.37:827][  0]LogHMD: SteamVR failed to initialize.  Err: 110
[2016.10.10-16.41.37:827][  0]LogHMD: SteamVR failed to initialize.  Err: 110
[2016.10.10-16.41.37:973][  0]LogAIModule: Creating AISystem for world NewWorld
[2016.10.10-16.41.37:988][  0]LogInit: XAudio2 using 'Speakers (2- Logitech G430 Gaming Headset)' : 2 channels at 44.1 kHz using 16 bits per sample (channel mask 0x3)
[2016.10.10-16.41.38:001][  0]LogInit: FAudioDevice initialized.
[2016.10.10-16.41.38:025][  0]LogDerivedDataCache: Saved boot cache 0.02s 48MB C:/Users/Conor/AppData/Local/UnrealEngine/4.12/DerivedDataCache/Boot.ddc.
[2016.10.10-16.41.38:031][  0]LogInit: Texture streaming: Enabled
[2016.10.10-16.41.38:057][  0]LogInit: Transaction tracking system initialized
[2016.10.10-16.41.38:083][  0]BlueprintLog: New page: Editor Load
[2016.10.10-16.41.38:167][  0]LocalizationService: Info Localization service is disabled
[2016.10.10-16.41.38:241][  0]LogConsoleResponse:Display: 
[2016.10.10-16.41.38:416][  0]LogCook:Display: Max memory allowance for cook 8192mb
[2016.10.10-16.41.38:416][  0]LogCook:Display: Mobile HDR setting 1
[2016.10.10-16.41.38:550][  0]LogFileCache: Scanning file cache for directory 'D:/Repositories/UnrealGameJam/UnrealGameJam/Content/' took 0.02s
[2016.10.10-16.41.38:550][  0]SourceControl: Info Source control is disabled
[2016.10.10-16.41.38:550][  0]Cmd: MAP LOAD FILE="D:/Repositories/UnrealGameJam/UnrealGameJam/Content/FirstPersonBP/Maps/FirstPersonExampleMap.umap" TEMPLATE=0 SHOWPROGRESS=1 FEATURELEVEL=3
[2016.10.10-16.41.38:550][  0]LogEditorServer:Warning: Can't find file 'D:/Repositories/UnrealGameJam/UnrealGameJam/Content/FirstPersonBP/Maps/FirstPersonExampleMap.umap'
[2016.10.10-16.41.38:550][  0]Cmd: MAP CHECKDEP NOCLEARLOG
[2016.10.10-16.41.38:586][  0]MapCheck: Info Map check complete: 0 Error(s), 0 Warning(s), took 35.684ms to complete.
[2016.10.10-16.41.38:586][  0]LogFileHelpers: Loading map 'FirstPersonExampleMap' took 0.036
[2016.10.10-16.41.38:756][  0]LogCollectionManager: Loaded 0 collections in 0.001955 seconds
[2016.10.10-16.41.38:795][  0]LogFileCache: Scanning file cache for directory 'D:/Repositories/UnrealGameJam/UnrealGameJam/Saved/Collections/' took 0.01s
[2016.10.10-16.41.38:795][  0]LogFileCache: Scanning file cache for directory 'D:/Repositories/UnrealGameJam/UnrealGameJam/Content/Developers/Conor/Collections/' took 0.01s
[2016.10.10-16.41.38:795][  0]LogFileCache: Scanning file cache for directory 'D:/Repositories/UnrealGameJam/UnrealGameJam/Content/Collections/' took 0.01s
[2016.10.10-16.41.38:795][  0]LogCollectionManager: Rebuilt the GUID cache for 0 collections in 0.000003 seconds
[2016.10.10-16.41.38:804][  0]LogContentBrowser: Native class hierarchy populated in 0.0089 seconds. Added 2047 classes and 369 folders.
[2016.10.10-16.41.38:812][  0]LogStats: UGameplayTagsManager::ConstructGameplayTagTree: Construct from data asset -  0.000 s
[2016.10.10-16.41.38:812][  0]LogStats: UGameplayTagsManager::ConstructGameplayTagTree: GameplayTagTreeChangedEvent.Broadcast -  0.000 s
[2016.10.10-16.41.38:813][  0]LogContentBrowser: Native class hierarchy updated for 'GameplayTags' in 0.0008 seconds. Added 12 classes and 0 folders.
[2016.10.10-16.41.38:825][  0]LogContentBrowser: Native class hierarchy updated for 'WidgetCarousel' in 0.0007 seconds. Added 0 classes and 0 folders.
[2016.10.10-16.41.39:083][  0]LogContentBrowser: Native class hierarchy updated for 'AddContentDialog' in 0.0004 seconds. Added 0 classes and 0 folders.
[2016.10.10-16.41.39:088][  0]LogContentBrowser: Native class hierarchy updated for 'SceneOutliner' in 0.0003 seconds. Added 1 classes and 2 folders.
[2016.10.10-16.41.39:101][  0]LogCrashTracker: Crashtracker disabled due to settings.
[2016.10.10-16.41.39:106][  0]LogUObjectGlobals:Warning: Failed to find object 'Class None.'
[2016.10.10-16.41.39:134][  0]LogContentBrowser: Native class hierarchy updated for 'HierarchicalLODOutliner' in 0.0007 seconds. Added 1 classes and 2 folders.
[2016.10.10-16.41.39:134][  0]LogLoad: Full Startup: 9.15 seconds (BP compile: 0.02 seconds)
[2016.10.10-16.41.39:134][  0]LogExternalProfiler: No external profilers were discovered.  External profiling features will not be available.
[2016.10.10-16.41.39:144][  0]LogOcInput: OculusInput pre-init called
[2016.10.10-16.41.39:168][  0]LogContentStreaming: Texture pool size now 1000 MB
[2016.10.10-16.41.39:342][  0]LogRenderer: Reallocating scene render targets to support 1212x624 (Frame:2).
[2016.10.10-16.41.39:538][  3]LogAssetRegistry: Asset discovery search completed in 4.4134 seconds
[2016.10.10-16.41.39:538][  3]LogCollectionManager: Rebuilt the object cache for 0 collections in 0.000002 seconds (found 0 objects)
[2016.10.10-16.41.39:538][  3]LogCollectionManager: Fixed up redirectors for 0 collections in 0.000030 seconds (updated 0 objects)
[2016.10.10-16.41.44:327][417]LogContentBrowser: Native class hierarchy updated for 'BlueprintGraph' in 0.0008 seconds. Added 111 classes and 0 folders.
[2016.10.10-16.42.42:670][830]LogSavePackage: Save=111.09ms
[2016.10.10-16.42.42:670][830]LogSavePackage: Moving 'D:/Repositories/UnrealGameJam/UnrealGameJam/Saved/FirstPersonCharacterF3C5EF604FCC59733998A19F522B5CF8.tmp' to 'D:/Repositories/UnrealGameJam/UnrealGameJam/Content/FirstPersonBP/Blueprints/FirstPersonCharacter.uasset'
[2016.10.10-16.42.42:673][830]LogSavePackage:Display: Finished SavePackage D:/Repositories/UnrealGameJam/UnrealGameJam/Content/FirstPersonBP/Blueprints/FirstPersonCharacter.uasset
[2016.10.10-16.43.38:511][553]LogAIModule: Creating AISystem for world Test
[2016.10.10-16.43.43:118][553]LogSavePackage: Save=33.63ms
[2016.10.10-16.43.43:118][553]LogSavePackage: Moving 'D:/Repositories/UnrealGameJam/UnrealGameJam/Saved/FirstPersonProjectileAD0EA30D457034924FD50CB71BE1B973.tmp' to 'D:/Repositories/UnrealGameJam/UnrealGameJam/Content/FirstPersonBP/Blueprints/FirstPersonProjectile.uasset'
[2016.10.10-16.43.43:119][553]LogSavePackage:Display: Finished SavePackage D:/Repositories/UnrealGameJam/UnrealGameJam/Content/FirstPersonBP/Blueprints/FirstPersonProjectile.uasset
[2016.10.10-16.43.43:120][553]Cmd: MAP LOAD FILE="D:/Repositories/UnrealGameJam/UnrealGameJam/Content/FirstPersonBP/Maps/Test.umap" TEMPLATE=0 SHOWPROGRESS=1 FEATURELEVEL=3
[2016.10.10-16.43.43:120][553]LightingResults: New page: Lighting Build
[2016.10.10-16.43.43:125][553]LogContentBrowser: Native class hierarchy updated for 'StatsViewer' in 0.0004 seconds. Added 5 classes and 0 folders.
[2016.10.10-16.43.43:126][553]LoadErrors: New page: Loading map: Test.umap
[2016.10.10-16.43.43:126][553]MapCheck: New page: Map Check
[2016.10.10-16.43.43:126][553]LightingResults: New page: Lighting Build
[2016.10.10-16.43.43:152][553]LogEditorServer: Finished looking for orphan Actors (0.000 secs)
[2016.10.10-16.43.43:177][553]Cmd: MAP CHECKDEP NOCLEARLOG
[2016.10.10-16.43.43:231][553]MapCheck: Info Map check complete: 0 Error(s), 0 Warning(s), took 53.551ms to complete.
[2016.10.10-16.43.43:231][553]LogFileHelpers: Loading map 'Test' took 0.112
[2016.10.10-16.43.55:575][708]LogRenderer: Reallocating scene render targets to support 1212x712 (Frame:10386).
[2016.10.10-16.46.18:051][192]BlueprintLog: New page: Compile PickUpSprint
[2016.10.10-16.46.18:980][192]BlueprintEditorCompileResults: Info [0289.00] Compile of PickUpSprint successful! [in 928 ms] (/Game/FirstPersonBP/Blueprints/PickUpSprint.PickUpSprint)
[2016.10.10-16.46.25:565][822]LogBlueprintUserMessages: Early PlayInEditor Detection: Level '/Game/FirstPersonBP/Maps/Test.Test:PersistentLevel' has LevelScriptBlueprint '/Game/FirstPersonBP/Maps/Test.Test:PersistentLevel.Test' with GeneratedClass '/Game/FirstPersonBP/Maps/Test.Test_C' with ClassGeneratedBy '/Game/FirstPersonBP/Maps/Test.Test:PersistentLevel.Test'
[2016.10.10-16.46.25:565][822]LogPlayLevel: PlayLevel: No blueprints needed recompiling
[2016.10.10-16.46.25:566][822]PIE: New page: PIE session: Test (10 Oct 2016 17:46:25)
[2016.10.10-16.46.25:566][822]LogPlayLevel: Creating play world package: /Game/FirstPersonBP/Maps/UEDPIE_0_Test
[2016.10.10-16.46.25:586][822]LogPlayLevel: PIE: StaticDuplicateObject took: (0.019845s)
[2016.10.10-16.46.25:586][822]LogAIModule: Creating AISystem for world Test
[2016.10.10-16.46.25:586][822]LogPlayLevel: PIE: World Init took: (0.000721s)
[2016.10.10-16.46.25:587][822]LogPlayLevel: PIE: Created PIE world by copying editor world from /Game/FirstPersonBP/Maps/Test.Test to /Game/FirstPersonBP/Maps/UEDPIE_0_Test.Test (0.020837s)
[2016.10.10-16.46.25:619][822]LogInit: XAudio2 using 'Speakers (2- Logitech G430 Gaming Headset)' : 2 channels at 44.1 kHz using 16 bits per sample (channel mask 0x3)
[2016.10.10-16.46.25:628][822]LogInit: FAudioDevice initialized.
[2016.10.10-16.46.25:710][822]LogWorld: Game class is 'FirstPersonGameMode_C'
[2016.10.10-16.46.25:715][822]LogWorld: Bringing World /Game/FirstPersonBP/Maps/UEDPIE_0_Test.Test up for play (max tick rate 0) at 2016.10.10-17.46.25
[2016.10.10-16.46.25:716][822]LogWorld: Bringing up level for play took: 0.004457
[2016.10.10-16.46.25:722][822]LogContentBrowser: Native class hierarchy updated for 'MovieSceneCapture' in 0.0005 seconds. Added 11 classes and 0 folders.
[2016.10.10-16.46.25:722][822]PIE: Info Play in editor start time for /Game/FirstPersonBP/Maps/UEDPIE_0_Test -0.239
[2016.10.10-16.46.25:722][822]LogBlueprintUserMessages: Late PlayInEditor Detection: Level '/Game/FirstPersonBP/Maps/Test.Test:PersistentLevel' has LevelScriptBlueprint '/Game/FirstPersonBP/Maps/Test.Test:PersistentLevel.Test' with GeneratedClass '/Game/FirstPersonBP/Maps/Test.Test_C' with ClassGeneratedBy '/Game/FirstPersonBP/Maps/Test.Test:PersistentLevel.Test'
[2016.10.10-16.46.34:122][912]LogStats: FPlatformStackWalk::StackWalkAndDump -  7.599 s
[2016.10.10-16.46.34:122][912]LogOutputDevice:Warning: === Handled error: ===

Ensure condition failed: NewTransform.IsValid() [File:D:\Build\++UE4+Release-4.12+Compile\Sync\Engine\Source\Runtime\Engine\Private\Components\SceneComponent.cpp] [Line: 415]

Stack: 
UE4Editor-Core.dll!FWindowsPlatformStackWalk::StackWalkAndDump() [d:\build\++ue4+release-4.12+compile\sync\engine\source\runtime\core\private\windows\windowsplatformstackwalk.cpp:183]
UE4Editor-Core.dll!FDebug::EnsureFailed() [d:\build\++ue4+release-4.12+compile\sync\engine\source\runtime\core\private\misc\outputdevice.cpp:327]
UE4Editor-Core.dll!FDebug::OptionallyLogFormattedEnsureMessageReturningFalse() [d:\build\++ue4+release-4.12+compile\sync\engine\source\runtime\core\private\misc\outputdevice.cpp:451]
UE4Editor-Engine.dll!USceneComponent::UpdateComponentToWorldWithParent() [d:\build\++ue4+release-4.12+compile\sync\engine\source\runtime\engine\private\components\scenecomponent.cpp:415]
UE4Editor-Engine.dll!USceneComponent::InternalSetWorldLocationAndRotation() [d:\build\++ue4+release-4.12+compile\sync\engine\source\runtime\engine\private\components\scenecomponent.cpp:2382]
UE4Editor-Engine.dll!USceneComponent::MoveComponentImpl() [d:\build\++ue4+release-4.12+compile\sync\engine\source\runtime\engine\private\components\scenecomponent.cpp:2505]
UE4Editor-Engine.dll!UMovementComponent::MoveUpdatedComponentImpl() [d:\build\++ue4+release-4.12+compile\sync\engine\source\runtime\engine\private\components\movementcomponent.cpp:489]
UE4Editor-Engine.dll!UInterpToMovementComponent::TickComponent() [d:\build\++ue4+release-4.12+compile\sync\engine\source\runtime\engine\private\components\interptomovementcomponent.cpp:112]
UE4Editor-Engine.dll!FActorComponentTickFunction::ExecuteTickHelper<<lambda_13c1d0f62b5fcaced3ce7b89bd3d0f91> >() [d:\build\++ue4+release-4.12+compile\sync\engine\source\runtime\engine\classes\gameframework\actor.h:2888]
UE4Editor-Engine.dll!FActorComponentTickFunction::ExecuteTick() [d:\build\++ue4+release-4.12+compile\sync\engine\source\runtime\engine\private\components\actorcomponent.cpp:702]
UE4Editor-Engine.dll!FTickFunctionTask::DoTask() [d:\build\++ue4+release-4.12+compile\sync\engine\source\runtime\engine\private\ticktaskmanager.cpp:262]
UE4Editor-Engine.dll!TGraphTask<FTickFunctionTask>::ExecuteTask() [d:\build\++ue4+release-4.12+compile\sync\engine\source\runtime\core\public\async\taskgraphinterfaces.h:999]
UE4Editor-Core.dll!FNamedTaskThread::ProcessTasksNamedThread() [d:\build\++ue4+release-4.12+compile\sync\engine\source\runtime\core\private\async\taskgraph.cpp:932]
UE4Editor-Core.dll!FNamedTaskThread::ProcessTasksUntilQuit() [d:\build\++ue4+release-4.12+compile\sync\engine\source\runtime\core\private\async\taskgraph.cpp:679]
UE4Editor-Core.dll!FTaskGraphImplementation::WaitUntilTasksComplete() [d:\build\++ue4+release-4.12+compile\sync\engine\source\runtime\core\private\async\taskgraph.cpp:1776]
UE4Editor-Engine.dll!FTickTaskSequencer::ReleaseTickGroup() [d:\build\++ue4+release-4.12+compile\sync\engine\source\runtime\engine\private\ticktaskmanager.cpp:530]
UE4Editor-Engine.dll!FTickTaskManager::RunTickGroup() [d:\build\++ue4+release-4.12+compile\sync\engine\source\runtime\engine\private\ticktaskmanager.cpp:1432]
UE4Editor-Engine.dll!UWorld::RunTickGroup() [d:\build\++ue4+release-4.12+compile\sync\engine\source\runtime\engine\private\leveltick.cpp:704]
UE4Editor-Engine.dll!UWorld::Tick() [d:\build\++ue4+release-4.12+compile\sync\engine\source\runtime\engine\private\leveltick.cpp:1197]
UE4Editor-UnrealEd.dll!UEditorEngine::Tick() [d:\build\++ue4+release-4.12+compile\sync\engine\source\editor\unrealed\private\editorengine.cpp:1349]
UE4Editor-UnrealEd.dll!UUnrealEdEngine::Tick() [d:\build\++ue4+release-4.12+compile\sync\engine\source\editor\unrealed\private\unrealedengine.cpp:368]
UE4Editor.exe!FEngineLoop::Tick() [d:\build\++ue4+release-4.12+compile\sync\engine\source\runtime\launch\private\launchengineloop.cpp:2775]
UE4Editor.exe!GuardedMain() [d:\build\++ue4+release-4.12+compile\sync\engine\source\runtime\launch\private\launch.cpp:148]
UE4Editor.exe!GuardedMainWrapper() [d:\build\++ue4+release-4.12+compile\sync\engine\source\runtime\launch\private\windows\launchwindows.cpp:126]
UE4Editor.exe!WinMain() [d:\build\++ue4+release-4.12+compile\sync\engine\source\runtime\launch\private\windows\launchwindows.cpp:200]
UE4Editor.exe!__scrt_common_main_seh() [f:\dd\vctools\crt\vcstartup\src\startup\exe_common.inl:264]
KERNEL32.DLL
ntdll.dll
ntdll.dll

[2016.10.10-16.46.34:123][912]LogStats:                SubmitErrorReport -  0.000 s
[2016.10.10-16.46.34:828][912]LogStats:                    SendNewReport -  0.705 s
[2016.10.10-16.46.34:828][912]LogStats:             FDebug::EnsureFailed -  8.305 s
[2016.10.10-16.46.34:964][912]LogStats: FPlatformStackWalk::StackWalkAndDump -  0.135 s
[2016.10.10-16.46.34:964][912]LogOutputDevice:Warning: === Handled error: ===

Ensure condition failed: !NewTransform.ContainsNaN() [File:D:\Build\++UE4+Release-4.12+Compile\Sync\Engine\Source\Runtime\Engine\Private\PhysicsEngine\BodyInstance.cpp] [Line: 2785]
SetBodyTransform contains NaN (/Game/FirstPersonBP/Maps/UEDPIE_0_Test.Test:PersistentLevel.PickUpSprint_202.Box)
-nan(ind),-nan(ind),-nan(ind)|0.000000,179.959763,0.000000|2.000000,2.000000,2.000000
Stack: 
UE4Editor-Core.dll!FWindowsPlatformStackWalk::StackWalkAndDump() [d:\build\++ue4+release-4.12+compile\sync\engine\source\runtime\core\private\windows\windowsplatformstackwalk.cpp:183]
UE4Editor-Core.dll!FDebug::EnsureFailed() [d:\build\++ue4+release-4.12+compile\sync\engine\source\runtime\core\private\misc\outputdevice.cpp:327]
UE4Editor-Core.dll!FDebug::OptionallyLogFormattedEnsureMessageReturningFalse() [d:\build\++ue4+release-4.12+compile\sync\engine\source\runtime\core\private\misc\outputdevice.cpp:451]
UE4Editor-Engine.dll!FBodyInstance::SetBodyTransform() [d:\build\++ue4+release-4.12+compile\sync\engine\source\runtime\engine\private\physicsengine\bodyinstance.cpp:2785]
UE4Editor-Engine.dll!UPrimitiveComponent::SendPhysicsTransform() [d:\build\++ue4+release-4.12+compile\sync\engine\source\runtime\engine\private\components\primitivecomponent.cpp:600]
UE4Editor-Engine.dll!UPrimitiveComponent::OnUpdateTransform() [d:\build\++ue4+release-4.12+compile\sync\engine\source\runtime\engine\private\components\primitivecomponent.cpp:595]
UE4Editor-Engine.dll!USceneComponent::PropagateTransformUpdate() [d:\build\++ue4+release-4.12+compile\sync\engine\source\runtime\engine\private\components\scenecomponent.cpp:508]
UE4Editor-Engine.dll!USceneComponent::UpdateComponentToWorldWithParent() [d:\build\++ue4+release-4.12+compile\sync\engine\source\runtime\engine\private\components\scenecomponent.cpp:434]
UE4Editor-Engine.dll!USceneComponent::UpdateComponentToWorld() [d:\build\++ue4+release-4.12+compile\sync\engine\source\runtime\engine\classes\components\scenecomponent.h:777]
UE4Editor-Engine.dll!USceneComponent::UpdateChildTransforms() [d:\build\++ue4+release-4.12+compile\sync\engine\source\runtime\engine\private\components\scenecomponent.cpp:1998]
UE4Editor-Engine.dll!USceneComponent::PropagateTransformUpdate() [d:\build\++ue4+release-4.12+compile\sync\engine\source\runtime\engine\private\components\scenecomponent.cpp:524]
UE4Editor-Engine.dll!USceneComponent::UpdateComponentToWorldWithParent() [d:\build\++ue4+release-4.12+compile\sync\engine\source\runtime\engine\private\components\scenecomponent.cpp:434]
UE4Editor-Engine.dll!USceneComponent::InternalSetWorldLocationAndRotation() [d:\build\++ue4+release-4.12+compile\sync\engine\source\runtime\engine\private\components\scenecomponent.cpp:2382]
UE4Editor-Engine.dll!USceneComponent::MoveComponentImpl() [d:\build\++ue4+release-4.12+compile\sync\engine\source\runtime\engine\private\components\scenecomponent.cpp:2505]
UE4Editor-Engine.dll!UMovementComponent::MoveUpdatedComponentImpl() [d:\build\++ue4+release-4.12+compile\sync\engine\source\runtime\engine\private\components\movementcomponent.cpp:489]
UE4Editor-Engine.dll!UInterpToMovementComponent::TickComponent() [d:\build\++ue4+release-4.12+compile\sync\engine\source\runtime\engine\private\components\interptomovementcomponent.cpp:112]
UE4Editor-Engine.dll!FActorComponentTickFunction::ExecuteTickHelper<<lambda_13c1d0f62b5fcaced3ce7b89bd3d0f91> >() [d:\build\++ue4+release-4.12+compile\sync\engine\source\runtime\engine\classes\gameframework\actor.h:2888]
UE4Editor-Engine.dll!FActorComponentTickFunction::ExecuteTick() [d:\build\++ue4+release-4.12+compile\sync\engine\source\runtime\engine\private\components\actorcomponent.cpp:702]
UE4Editor-Engine.dll!FTickFunctionTask::DoTask() [d:\build\++ue4+release-4.12+compile\sync\engine\source\runtime\engine\private\ticktaskmanager.cpp:262]
UE4Editor-Engine.dll!TGraphTask<FTickFunctionTask>::ExecuteTask() [d:\build\++ue4+release-4.12+compile\sync\engine\source\runtime\core\public\async\taskgraphinterfaces.h:999]
UE4Editor-Core.dll!FNamedTaskThread::ProcessTasksNamedThread() [d:\build\++ue4+release-4.12+compile\sync\engine\source\runtime\core\private\async\taskgraph.cpp:932]
UE4Editor-Core.dll!FNamedTaskThread::ProcessTasksUntilQuit() [d:\build\++ue4+release-4.12+compile\sync\engine\source\runtime\core\private\async\taskgraph.cpp:679]
UE4Editor-Core.dll!FTaskGraphImplementation::WaitUntilTasksComplete() [d:\build\++ue4+release-4.12+compile\sync\engine\source\runtime\core\private\async\taskgraph.cpp:1776]
UE4Editor-Engine.dll!FTickTaskSequencer::ReleaseTickGroup() [d:\build\++ue4+release-4.12+compile\sync\engine\source\runtime\engine\private\ticktaskmanager.cpp:530]
UE4Editor-Engine.dll!FTickTaskManager::RunTickGroup() [d:\build\++ue4+release-4.12+compile\sync\engine\source\runtime\engine\private\ticktaskmanager.cpp:1432]
UE4Editor-Engine.dll!UWorld::RunTickGroup() [d:\build\++ue4+release-4.12+compile\sync\engine\source\runtime\engine\private\leveltick.cpp:704]
UE4Editor-Engine.dll!UWorld::Tick() [d:\build\++ue4+release-4.12+compile\sync\engine\source\runtime\engine\private\leveltick.cpp:1197]
UE4Editor-UnrealEd.dll!UEditorEngine::Tick() [d:\build\++ue4+release-4.12+compile\sync\engine\source\editor\unrealed\private\editorengine.cpp:1349]
UE4Editor-UnrealEd.dll!UUnrealEdEngine::Tick() [d:\build\++ue4+release-4.12+compile\sync\engine\source\editor\unrealed\private\unrealedengine.cpp:368]
UE4Editor.exe!FEngineLoop::Tick() [d:\build\++ue4+release-4.12+compile\sync\engine\source\runtime\launch\private\launchengineloop.cpp:2775]
UE4Editor.exe!GuardedMain() [d:\build\++ue4+release-4.12+compile\sync\engine\source\runtime\launch\private\launch.cpp:148]
UE4Editor.exe!GuardedMainWrapper() [d:\build\++ue4+release-4.12+compile\sync\engine\source\runtime\launch\private\windows\launchwindows.cpp:126]
UE4Editor.exe!WinMain() [d:\build\++ue4+release-4.12+compile\sync\engine\source\runtime\launch\private\windows\launchwindows.cpp:200]
UE4Editor.exe!__scrt_common_main_seh() [f:\dd\vctools\crt\vcstartup\src\startup\exe_common.inl:264]
KERNEL32.DLL
ntdll.dll
ntdll.dll

[2016.10.10-16.46.34:965][912]LogStats:                SubmitErrorReport -  0.000 s
[2016.10.10-16.46.35:205][912]LogStats:                    SendNewReport -  0.241 s
[2016.10.10-16.46.35:206][912]LogStats:             FDebug::EnsureFailed -  0.376 s
[2016.10.10-16.46.35:284][913]LogBlueprintUserMessages: Early EndPlayMap Detection: Level '/Game/FirstPersonBP/Maps/Test.Test:PersistentLevel' has LevelScriptBlueprint '/Game/FirstPersonBP/Maps/Test.Test:PersistentLevel.Test' with GeneratedClass '/Game/FirstPersonBP/Maps/Test.Test_C' with ClassGeneratedBy '/Game/FirstPersonBP/Maps/Test.Test:PersistentLevel.Test'
[2016.10.10-16.46.35:332][913]LogBlueprintUserMessages: Late EndPlayMap Detection: Level '/Game/FirstPersonBP/Maps/Test.Test:PersistentLevel' has LevelScriptBlueprint '/Game/FirstPersonBP/Maps/Test.Test:PersistentLevel.Test' with GeneratedClass '/Game/FirstPersonBP/Maps/Test.Test_C' with ClassGeneratedBy '/Game/FirstPersonBP/Maps/Test.Test:PersistentLevel.Test'
[2016.10.10-16.46.37:879][176]Cmd: SELECT NONE
[2016.10.10-16.46.43:564][790]LogBlueprintUserMessages: Early PlayInEditor Detection: Level '/Game/FirstPersonBP/Maps/Test.Test:PersistentLevel' has LevelScriptBlueprint '/Game/FirstPersonBP/Maps/Test.Test:PersistentLevel.Test' with GeneratedClass '/Game/FirstPersonBP/Maps/Test.Test_C' with ClassGeneratedBy '/Game/FirstPersonBP/Maps/Test.Test:PersistentLevel.Test'
[2016.10.10-16.46.43:564][790]LogPlayLevel: PlayLevel: No blueprints needed recompiling
[2016.10.10-16.46.43:564][790]PIE: New page: PIE session: Test (10 Oct 2016 17:46:43)
[2016.10.10-16.46.43:564][790]LogPlayLevel: Creating play world package: /Game/FirstPersonBP/Maps/UEDPIE_0_Test
[2016.10.10-16.46.43:595][790]LogPlayLevel: PIE: StaticDuplicateObject took: (0.031083s)
[2016.10.10-16.46.43:596][790]LogAIModule: Creating AISystem for world Test
[2016.10.10-16.46.43:596][790]LogPlayLevel: PIE: World Init took: (0.000959s)
[2016.10.10-16.46.43:596][790]LogPlayLevel: PIE: Created PIE world by copying editor world from /Game/FirstPersonBP/Maps/Test.Test to /Game/FirstPersonBP/Maps/UEDPIE_0_Test.Test (0.032344s)
[2016.10.10-16.46.43:629][790]LogInit: XAudio2 using 'Speakers (2- Logitech G430 Gaming Headset)' : 2 channels at 44.1 kHz using 16 bits per sample (channel mask 0x3)
[2016.10.10-16.46.43:638][790]LogInit: FAudioDevice initialized.
[2016.10.10-16.46.43:689][790]LogWorld: Game class is 'FirstPersonGameMode_C'
[2016.10.10-16.46.43:694][790]LogWorld: Bringing World /Game/FirstPersonBP/Maps/UEDPIE_0_Test.Test up for play (max tick rate 0) at 2016.10.10-17.46.43
[2016.10.10-16.46.43:695][790]LogWorld: Bringing up level for play took: 0.004688
[2016.10.10-16.46.43:696][790]PIE: Info Play in editor start time for /Game/FirstPersonBP/Maps/UEDPIE_0_Test -0.265
[2016.10.10-16.46.43:696][790]LogBlueprintUserMessages: Late PlayInEditor Detection: Level '/Game/FirstPersonBP/Maps/Test.Test:PersistentLevel' has LevelScriptBlueprint '/Game/FirstPersonBP/Maps/Test.Test:PersistentLevel.Test' with GeneratedClass '/Game/FirstPersonBP/Maps/Test.Test_C' with ClassGeneratedBy '/Game/FirstPersonBP/Maps/Test.Test:PersistentLevel.Test'
[2016.10.10-16.46.46:597][125]LogBlueprintUserMessages: Early EndPlayMap Detection: Level '/Game/FirstPersonBP/Maps/Test.Test:PersistentLevel' has LevelScriptBlueprint '/Game/FirstPersonBP/Maps/Test.Test:PersistentLevel.Test' with GeneratedClass '/Game/FirstPersonBP/Maps/Test.Test_C' with ClassGeneratedBy '/Game/FirstPersonBP/Maps/Test.Test:PersistentLevel.Test'
[2016.10.10-16.46.46:635][125]LogBlueprintUserMessages: Late EndPlayMap Detection: Level '/Game/FirstPersonBP/Maps/Test.Test:PersistentLevel' has LevelScriptBlueprint '/Game/FirstPersonBP/Maps/Test.Test:PersistentLevel.Test' with GeneratedClass '/Game/FirstPersonBP/Maps/Test.Test_C' with ClassGeneratedBy '/Game/FirstPersonBP/Maps/Test.Test:PersistentLevel.Test'
[2016.10.10-16.48.51:381][ 65]BlueprintLog: New page: Compile PickUpSprint
[2016.10.10-16.48.51:522][ 65]BlueprintEditorCompileResults: Info [0441.54] Compile of PickUpSprint successful! [in 141 ms] (/Game/FirstPersonBP/Blueprints/PickUpSprint.PickUpSprint)
[2016.10.10-16.48.54:895][450]LogBlueprintUserMessages: Early PlayInEditor Detection: Level '/Game/FirstPersonBP/Maps/Test.Test:PersistentLevel' has LevelScriptBlueprint '/Game/FirstPersonBP/Maps/Test.Test:PersistentLevel.Test' with GeneratedClass '/Game/FirstPersonBP/Maps/Test.Test_C' with ClassGeneratedBy '/Game/FirstPersonBP/Maps/Test.Test:PersistentLevel.Test'
[2016.10.10-16.48.54:895][450]LogPlayLevel: PlayLevel: No blueprints needed recompiling
[2016.10.10-16.48.54:895][450]PIE: New page: PIE session: Test (10 Oct 2016 17:48:54)
[2016.10.10-16.48.54:895][450]LogPlayLevel: Creating play world package: /Game/FirstPersonBP/Maps/UEDPIE_0_Test
[2016.10.10-16.48.54:916][450]LogPlayLevel: PIE: StaticDuplicateObject took: (0.020830s)
[2016.10.10-16.48.54:917][450]LogAIModule: Creating AISystem for world Test
[2016.10.10-16.48.54:917][450]LogPlayLevel: PIE: World Init took: (0.000966s)
[2016.10.10-16.48.54:917][450]LogPlayLevel: PIE: Created PIE world by copying editor world from /Game/FirstPersonBP/Maps/Test.Test to /Game/FirstPersonBP/Maps/UEDPIE_0_Test.Test (0.022069s)
[2016.10.10-16.48.54:949][450]LogInit: XAudio2 using 'Speakers (2- Logitech G430 Gaming Headset)' : 2 channels at 44.1 kHz using 16 bits per sample (channel mask 0x3)
[2016.10.10-16.48.54:956][450]LogInit: FAudioDevice initialized.
[2016.10.10-16.48.54:998][450]LogWorld: Game class is 'FirstPersonGameMode_C'
[2016.10.10-16.48.55:005][450]LogWorld: Bringing World /Game/FirstPersonBP/Maps/UEDPIE_0_Test.Test up for play (max tick rate 0) at 2016.10.10-17.48.55
[2016.10.10-16.48.55:006][450]LogWorld: Bringing up level for play took: 0.007002
[2016.10.10-16.48.55:009][450]PIE: Info Play in editor start time for /Game/FirstPersonBP/Maps/UEDPIE_0_Test 1.048
[2016.10.10-16.48.55:009][450]LogBlueprintUserMessages: Late PlayInEditor Detection: Level '/Game/FirstPersonBP/Maps/Test.Test:PersistentLevel' has LevelScriptBlueprint '/Game/FirstPersonBP/Maps/Test.Test:PersistentLevel.Test' with GeneratedClass '/Game/FirstPersonBP/Maps/Test.Test_C' with ClassGeneratedBy '/Game/FirstPersonBP/Maps/Test.Test:PersistentLevel.Test'
[2016.10.10-16.49.00:995][160]LogBlueprintUserMessages: Early EndPlayMap Detection: Level '/Game/FirstPersonBP/Maps/Test.Test:PersistentLevel' has LevelScriptBlueprint '/Game/FirstPersonBP/Maps/Test.Test:PersistentLevel.Test' with GeneratedClass '/Game/FirstPersonBP/Maps/Test.Test_C' with ClassGeneratedBy '/Game/FirstPersonBP/Maps/Test.Test:PersistentLevel.Test'
[2016.10.10-16.49.01:029][160]LogBlueprintUserMessages: Late EndPlayMap Detection: Level '/Game/FirstPersonBP/Maps/Test.Test:PersistentLevel' has LevelScriptBlueprint '/Game/FirstPersonBP/Maps/Test.Test:PersistentLevel.Test' with GeneratedClass '/Game/FirstPersonBP/Maps/Test.Test_C' with ClassGeneratedBy '/Game/FirstPersonBP/Maps/Test.Test:PersistentLevel.Test'
[2016.10.10-16.49.42:642][185]BlueprintLog: New page: Compile PickUpSprint
[2016.10.10-16.49.42:763][185]BlueprintEditorCompileResults: Info [0492.78] Compile of PickUpSprint successful! [in 121 ms] (/Game/FirstPersonBP/Blueprints/PickUpSprint.PickUpSprint)
[2016.10.10-16.49.47:284][710]LogBlueprintUserMessages: Early PlayInEditor Detection: Level '/Game/FirstPersonBP/Maps/Test.Test:PersistentLevel' has LevelScriptBlueprint '/Game/FirstPersonBP/Maps/Test.Test:PersistentLevel.Test' with GeneratedClass '/Game/FirstPersonBP/Maps/Test.Test_C' with ClassGeneratedBy '/Game/FirstPersonBP/Maps/Test.Test:PersistentLevel.Test'
[2016.10.10-16.49.47:284][710]LogPlayLevel: PlayLevel: No blueprints needed recompiling
[2016.10.10-16.49.47:284][710]PIE: New page: PIE session: Test (10 Oct 2016 17:49:47)
[2016.10.10-16.49.47:284][710]LogPlayLevel: Creating play world package: /Game/FirstPersonBP/Maps/UEDPIE_0_Test
[2016.10.10-16.49.47:304][710]LogPlayLevel: PIE: StaticDuplicateObject took: (0.019741s)
[2016.10.10-16.49.47:305][710]LogAIModule: Creating AISystem for world Test
[2016.10.10-16.49.47:305][710]LogPlayLevel: PIE: World Init took: (0.000773s)
[2016.10.10-16.49.47:305][710]LogPlayLevel: PIE: Created PIE world by copying editor world from /Game/FirstPersonBP/Maps/Test.Test to /Game/FirstPersonBP/Maps/UEDPIE_0_Test.Test (0.020800s)
[2016.10.10-16.49.47:340][710]LogInit: XAudio2 using 'Speakers (2- Logitech G430 Gaming Headset)' : 2 channels at 44.1 kHz using 16 bits per sample (channel mask 0x3)
[2016.10.10-16.49.47:348][710]LogInit: FAudioDevice initialized.
[2016.10.10-16.49.47:395][710]LogWorld: Game class is 'FirstPersonGameMode_C'
[2016.10.10-16.49.47:406][710]LogWorld: Bringing World /Game/FirstPersonBP/Maps/UEDPIE_0_Test.Test up for play (max tick rate 0) at 2016.10.10-17.49.47
[2016.10.10-16.49.47:407][710]LogWorld: Bringing up level for play took: 0.009496
[2016.10.10-16.49.47:410][710]PIE: Info Play in editor start time for /Game/FirstPersonBP/Maps/UEDPIE_0_Test -0.551
[2016.10.10-16.49.47:410][710]LogBlueprintUserMessages: Late PlayInEditor Detection: Level '/Game/FirstPersonBP/Maps/Test.Test:PersistentLevel' has LevelScriptBlueprint '/Game/FirstPersonBP/Maps/Test.Test:PersistentLevel.Test' with GeneratedClass '/Game/FirstPersonBP/Maps/Test.Test_C' with ClassGeneratedBy '/Game/FirstPersonBP/Maps/Test.Test:PersistentLevel.Test'
[2016.10.10-16.49.53:444][429]LogBlueprintUserMessages: Early EndPlayMap Detection: Level '/Game/FirstPersonBP/Maps/Test.Test:PersistentLevel' has LevelScriptBlueprint '/Game/FirstPersonBP/Maps/Test.Test:PersistentLevel.Test' with GeneratedClass '/Game/FirstPersonBP/Maps/Test.Test_C' with ClassGeneratedBy '/Game/FirstPersonBP/Maps/Test.Test:PersistentLevel.Test'
[2016.10.10-16.49.53:482][429]LogBlueprintUserMessages: Late EndPlayMap Detection: Level '/Game/FirstPersonBP/Maps/Test.Test:PersistentLevel' has LevelScriptBlueprint '/Game/FirstPersonBP/Maps/Test.Test:PersistentLevel.Test' with GeneratedClass '/Game/FirstPersonBP/Maps/Test.Test_C' with ClassGeneratedBy '/Game/FirstPersonBP/Maps/Test.Test:PersistentLevel.Test'
[2016.10.10-16.49.57:967][959]LogEditorViewport: Clicking on Actor (LMB): PickUpSprint_C (PickUpSprint)
[2016.10.10-16.50.04:472][682]Cmd: TRANSACTION UNDO
[2016.10.10-16.50.04:472][682]LogEditorTransaction: Undo Move Actors
[2016.10.10-16.50.17:622][645]BlueprintLog: New page: Compile PickUpSprint
[2016.10.10-16.50.17:747][645]BlueprintEditorCompileResults: Info [0527.77] Compile of PickUpSprint successful! [in 124 ms] (/Game/FirstPersonBP/Blueprints/PickUpSprint.PickUpSprint)
[2016.10.10-16.50.20:681][915]LogBlueprintUserMessages: Early PlayInEditor Detection: Level '/Game/FirstPersonBP/Maps/Test.Test:PersistentLevel' has LevelScriptBlueprint '/Game/FirstPersonBP/Maps/Test.Test:PersistentLevel.Test' with GeneratedClass '/Game/FirstPersonBP/Maps/Test.Test_C' with ClassGeneratedBy '/Game/FirstPersonBP/Maps/Test.Test:PersistentLevel.Test'
[2016.10.10-16.50.20:681][915]LogPlayLevel: PlayLevel: No blueprints needed recompiling
[2016.10.10-16.50.20:681][915]PIE: New page: PIE session: Test (10 Oct 2016 17:50:20)
[2016.10.10-16.50.20:681][915]LogPlayLevel: Creating play world package: /Game/FirstPersonBP/Maps/UEDPIE_0_Test
[2016.10.10-16.50.20:701][915]LogPlayLevel: PIE: StaticDuplicateObject took: (0.019474s)
[2016.10.10-16.50.20:702][915]LogAIModule: Creating AISystem for world Test
[2016.10.10-16.50.20:702][915]LogPlayLevel: PIE: World Init took: (0.000733s)
[2016.10.10-16.50.20:702][915]LogPlayLevel: PIE: Created PIE world by copying editor world from /Game/FirstPersonBP/Maps/Test.Test to /Game/FirstPersonBP/Maps/UEDPIE_0_Test.Test (0.020468s)
[2016.10.10-16.50.20:736][915]LogInit: XAudio2 using 'Speakers (2- Logitech G430 Gaming Headset)' : 2 channels at 44.1 kHz using 16 bits per sample (channel mask 0x3)
[2016.10.10-16.50.20:743][915]LogInit: FAudioDevice initialized.
[2016.10.10-16.50.20:811][915]LogWorld: Game class is 'FirstPersonGameMode_C'
[2016.10.10-16.50.20:816][915]LogWorld: Bringing World /Game/FirstPersonBP/Maps/UEDPIE_0_Test.Test up for play (max tick rate 0) at 2016.10.10-17.50.20
[2016.10.10-16.50.20:817][915]LogWorld: Bringing up level for play took: 0.004318
[2016.10.10-16.50.20:818][915]PIE: Info Play in editor start time for /Game/FirstPersonBP/Maps/UEDPIE_0_Test 0.857
[2016.10.10-16.50.20:818][915]LogBlueprintUserMessages: Late PlayInEditor Detection: Level '/Game/FirstPersonBP/Maps/Test.Test:PersistentLevel' has LevelScriptBlueprint '/Game/FirstPersonBP/Maps/Test.Test:PersistentLevel.Test' with GeneratedClass '/Game/FirstPersonBP/Maps/Test.Test_C' with ClassGeneratedBy '/Game/FirstPersonBP/Maps/Test.Test:PersistentLevel.Test'
[2016.10.10-16.50.24:176][307]LogBlueprintUserMessages: Early EndPlayMap Detection: Level '/Game/FirstPersonBP/Maps/Test.Test:PersistentLevel' has LevelScriptBlueprint '/Game/FirstPersonBP/Maps/Test.Test:PersistentLevel.Test' with GeneratedClass '/Game/FirstPersonBP/Maps/Test.Test_C' with ClassGeneratedBy '/Game/FirstPersonBP/Maps/Test.Test:PersistentLevel.Test'
[2016.10.10-16.50.24:216][307]LogBlueprintUserMessages: Late EndPlayMap Detection: Level '/Game/FirstPersonBP/Maps/Test.Test:PersistentLevel' has LevelScriptBlueprint '/Game/FirstPersonBP/Maps/Test.Test:PersistentLevel.Test' with GeneratedClass '/Game/FirstPersonBP/Maps/Test.Test_C' with ClassGeneratedBy '/Game/FirstPersonBP/Maps/Test.Test:PersistentLevel.Test'
[2016.10.10-16.50.49:673][750]BlueprintLog: New page: Compile PickUpSprint
[2016.10.10-16.50.49:804][750]BlueprintEditorCompileResults: Info [0559.82] Compile of PickUpSprint successful! [in 130 ms] (/Game/FirstPersonBP/Blueprints/PickUpSprint.PickUpSprint)
[2016.10.10-16.50.52:620][998]LogBlueprintUserMessages: Early PlayInEditor Detection: Level '/Game/FirstPersonBP/Maps/Test.Test:PersistentLevel' has LevelScriptBlueprint '/Game/FirstPersonBP/Maps/Test.Test:PersistentLevel.Test' with GeneratedClass '/Game/FirstPersonBP/Maps/Test.Test_C' with ClassGeneratedBy '/Game/FirstPersonBP/Maps/Test.Test:PersistentLevel.Test'
[2016.10.10-16.50.52:620][998]LogPlayLevel: PlayLevel: No blueprints needed recompiling
[2016.10.10-16.50.52:621][998]PIE: New page: PIE session: Test (10 Oct 2016 17:50:52)
[2016.10.10-16.50.52:621][998]LogPlayLevel: Creating play world package: /Game/FirstPersonBP/Maps/UEDPIE_0_Test
[2016.10.10-16.50.52:641][998]LogPlayLevel: PIE: StaticDuplicateObject took: (0.020625s)
[2016.10.10-16.50.52:642][998]LogAIModule: Creating AISystem for world Test
[2016.10.10-16.50.52:643][998]LogPlayLevel: PIE: World Init took: (0.001197s)
[2016.10.10-16.50.52:643][998]LogPlayLevel: PIE: Created PIE world by copying editor world from /Game/FirstPersonBP/Maps/Test.Test to /Game/FirstPersonBP/Maps/UEDPIE_0_Test.Test (0.022307s)
[2016.10.10-16.50.52:671][998]LogInit: XAudio2 using 'Speakers (2- Logitech G430 Gaming Headset)' : 2 channels at 44.1 kHz using 16 bits per sample (channel mask 0x3)
[2016.10.10-16.50.52:678][998]LogInit: FAudioDevice initialized.
[2016.10.10-16.50.52:755][998]LogWorld: Game class is 'FirstPersonGameMode_C'
[2016.10.10-16.50.52:760][998]LogWorld: Bringing World /Game/FirstPersonBP/Maps/UEDPIE_0_Test.Test up for play (max tick rate 0) at 2016.10.10-17.50.52
[2016.10.10-16.50.52:761][998]LogWorld: Bringing up level for play took: 0.004303
[2016.10.10-16.50.52:762][998]PIE: Info Play in editor start time for /Game/FirstPersonBP/Maps/UEDPIE_0_Test 0.801
[2016.10.10-16.50.52:762][998]LogBlueprintUserMessages: Late PlayInEditor Detection: Level '/Game/FirstPersonBP/Maps/Test.Test:PersistentLevel' has LevelScriptBlueprint '/Game/FirstPersonBP/Maps/Test.Test:PersistentLevel.Test' with GeneratedClass '/Game/FirstPersonBP/Maps/Test.Test_C' with ClassGeneratedBy '/Game/FirstPersonBP/Maps/Test.Test:PersistentLevel.Test'
[2016.10.10-16.50.57:038][500]LogBlueprintUserMessages: [AICharacter_C_0] 50
[2016.10.10-16.50.57:039][500]LogBlueprintUserMessages: [FirstPersonProjectile_C_0] Hello
[2016.10.10-16.50.57:180][517]LogBlueprintUserMessages: [AICharacter_C_0] 0
[2016.10.10-16.50.57:180][517]LogBlueprintUserMessages: [FirstPersonProjectile_C_1] Hello
[2016.10.10-16.51.01:102][987]LogBlueprintUserMessages: [AICharacter_C_1] 50
[2016.10.10-16.51.01:102][987]LogBlueprintUserMessages: [FirstPersonProjectile_C_5] Hello
[2016.10.10-16.51.01:235][  3]LogBlueprintUserMessages: [AICharacter_C_1] 0
[2016.10.10-16.51.01:235][  3]LogBlueprintUserMessages: [FirstPersonProjectile_C_6] Hello
[2016.10.10-16.51.06:238][603]LogBlueprintUserMessages: Early EndPlayMap Detection: Level '/Game/FirstPersonBP/Maps/Test.Test:PersistentLevel' has LevelScriptBlueprint '/Game/FirstPersonBP/Maps/Test.Test:PersistentLevel.Test' with GeneratedClass '/Game/FirstPersonBP/Maps/Test.Test_C' with ClassGeneratedBy '/Game/FirstPersonBP/Maps/Test.Test:PersistentLevel.Test'
[2016.10.10-16.51.06:278][603]LogBlueprintUserMessages: Late EndPlayMap Detection: Level '/Game/FirstPersonBP/Maps/Test.Test:PersistentLevel' has LevelScriptBlueprint '/Game/FirstPersonBP/Maps/Test.Test:PersistentLevel.Test' with GeneratedClass '/Game/FirstPersonBP/Maps/Test.Test_C' with ClassGeneratedBy '/Game/FirstPersonBP/Maps/Test.Test:PersistentLevel.Test'
[2016.10.10-16.58.19:269][261]BlueprintLog: New page: Compile PickUpSprint
[2016.10.10-16.58.19:565][261]BlueprintEditorCompileResults: Info [1009.58] Compile of PickUpSprint successful! [in 296 ms] (/Game/FirstPersonBP/Blueprints/PickUpSprint.PickUpSprint)
[2016.10.10-16.58.25:898][753]LogSlate:Warning: Prevented a slow task dialog from being summoned while a context menu was open
[2016.10.10-16.58.34:218][406]BlueprintLog: New page: Compile PickUpHealth
[2016.10.10-16.58.34:366][406]BlueprintEditorCompileResults: Info [1024.38] Compile of PickUpHealth successful! [in 147 ms] (/Game/FirstPersonBP/Blueprints/PickUpHealth.PickUpHealth)
[2016.10.10-16.58.37:212][648]LogBlueprintUserMessages: Early PlayInEditor Detection: Level '/Game/FirstPersonBP/Maps/Test.Test:PersistentLevel' has LevelScriptBlueprint '/Game/FirstPersonBP/Maps/Test.Test:PersistentLevel.Test' with GeneratedClass '/Game/FirstPersonBP/Maps/Test.Test_C' with ClassGeneratedBy '/Game/FirstPersonBP/Maps/Test.Test:PersistentLevel.Test'
[2016.10.10-16.58.37:212][648]BlueprintLog: New page: Pre-Play auto-recompile
[2016.10.10-16.58.37:222][648]LogPlayLevel: [PlayLevel] Compiling FirstPersonProjectile before play...
[2016.10.10-16.58.37:314][648]LogPlayLevel: PlayLevel: Blueprint regeneration took 102 ms (3 blueprints)
[2016.10.10-16.58.37:315][648]LogPlayLevel: [PlayLevel] Compiling iPickUp before play...
[2016.10.10-16.58.37:400][648]LogPlayLevel: PlayLevel: Blueprint regeneration took 188 ms (5 blueprints)
[2016.10.10-16.58.37:410][648]LogPlayLevel: [PlayLevel] Compiling FirstPersonCharacter before play...
[2016.10.10-16.58.37:585][648]LogPlayLevel: PlayLevel: Blueprint regeneration took 373 ms (6 blueprints)
[2016.10.10-16.58.37:589][648]LogPlayLevel: [PlayLevel] Compiling PickUpHealth before play...
[2016.10.10-16.58.37:714][648]LogPlayLevel: PlayLevel: Blueprint regeneration took 502 ms (6 blueprints)
[2016.10.10-16.58.37:718][648]LogPlayLevel: [PlayLevel] Compiling PickUpSprint before play...
[2016.10.10-16.58.37:853][648]LogPlayLevel: PlayLevel: Blueprint regeneration took 642 ms (6 blueprints)
[2016.10.10-16.58.37:858][648]LogPlayLevel: [PlayLevel] Compiling AICharacter before play...
[2016.10.10-16.58.37:969][648]LogPlayLevel: PlayLevel: Blueprint regeneration took 756 ms (7 blueprints)
[2016.10.10-16.58.37:969][648]LogPlayLevel: [PlayLevel] Compiling EnemySpawner before play...
[2016.10.10-16.58.38:051][648]LogPlayLevel: PlayLevel: Blueprint regeneration took 838 ms (8 blueprints)
[2016.10.10-16.58.38:051][648]LogPlayLevel: [PlayLevel] Compiling FirstPersonGameMode before play...
[2016.10.10-16.58.38:128][648]LogPlayLevel: PlayLevel: Blueprint regeneration took 916 ms (8 blueprints)
[2016.10.10-16.58.38:162][648]PIE: New page: PIE session: Test (10 Oct 2016 17:58:38)
[2016.10.10-16.58.38:162][648]LogPlayLevel: Creating play world package: /Game/FirstPersonBP/Maps/UEDPIE_0_Test
[2016.10.10-16.58.38:182][648]LogPlayLevel: PIE: StaticDuplicateObject took: (0.019746s)
[2016.10.10-16.58.38:182][648]LogAIModule: Creating AISystem for world Test
[2016.10.10-16.58.38:182][648]LogPlayLevel: PIE: World Init took: (0.000797s)
[2016.10.10-16.58.38:183][648]LogPlayLevel: PIE: Created PIE world by copying editor world from /Game/FirstPersonBP/Maps/Test.Test to /Game/FirstPersonBP/Maps/UEDPIE_0_Test.Test (0.020846s)
[2016.10.10-16.58.38:218][648]LogInit: XAudio2 using 'Speakers (2- Logitech G430 Gaming Headset)' : 2 channels at 44.1 kHz using 16 bits per sample (channel mask 0x3)
[2016.10.10-16.58.38:226][648]LogInit: FAudioDevice initialized.
[2016.10.10-16.58.38:296][648]LogWorld: Game class is 'FirstPersonGameMode_C'
[2016.10.10-16.58.38:301][648]LogWorld: Bringing World /Game/FirstPersonBP/Maps/UEDPIE_0_Test.Test up for play (max tick rate 0) at 2016.10.10-17.58.38
[2016.10.10-16.58.38:301][648]LogWorld: Bringing up level for play took: 0.004584
[2016.10.10-16.58.38:302][648]PIE: Info Play in editor start time for /Game/FirstPersonBP/Maps/UEDPIE_0_Test 0.342
[2016.10.10-16.58.38:303][648]LogBlueprintUserMessages: Late PlayInEditor Detection: Level '/Game/FirstPersonBP/Maps/Test.Test:PersistentLevel' has LevelScriptBlueprint '/Game/FirstPersonBP/Maps/Test.Test:PersistentLevel.Test' with GeneratedClass '/Game/FirstPersonBP/Maps/Test.Test_C' with ClassGeneratedBy '/Game/FirstPersonBP/Maps/Test.Test:PersistentLevel.Test'
[2016.10.10-16.58.43:341][183]LogBlueprintUserMessages: [AICharacter_C_1] 50
[2016.10.10-16.58.43:341][183]LogBlueprintUserMessages: [FirstPersonProjectile_C_6] Hello
[2016.10.10-16.58.43:667][222]LogBlueprintUserMessages: [AICharacter_C_1] 0
[2016.10.10-16.58.43:667][222]LogBlueprintUserMessages: [FirstPersonProjectile_C_8] Hello
[2016.10.10-16.58.44:418][312]LogBlueprintUserMessages: Early EndPlayMap Detection: Level '/Game/FirstPersonBP/Maps/Test.Test:PersistentLevel' has LevelScriptBlueprint '/Game/FirstPersonBP/Maps/Test.Test:PersistentLevel.Test' with GeneratedClass '/Game/FirstPersonBP/Maps/Test.Test_C' with ClassGeneratedBy '/Game/FirstPersonBP/Maps/Test.Test:PersistentLevel.Test'
[2016.10.10-16.58.44:463][312]LogBlueprintUserMessages: Late EndPlayMap Detection: Level '/Game/FirstPersonBP/Maps/Test.Test:PersistentLevel' has LevelScriptBlueprint '/Game/FirstPersonBP/Maps/Test.Test:PersistentLevel.Test' with GeneratedClass '/Game/FirstPersonBP/Maps/Test.Test_C' with ClassGeneratedBy '/Game/FirstPersonBP/Maps/Test.Test:PersistentLevel.Test'
[2016.10.10-16.58.46:181][503]LogBlueprintUserMessages: Early PlayInEditor Detection: Level '/Game/FirstPersonBP/Maps/Test.Test:PersistentLevel' has LevelScriptBlueprint '/Game/FirstPersonBP/Maps/Test.Test:PersistentLevel.Test' with GeneratedClass '/Game/FirstPersonBP/Maps/Test.Test_C' with ClassGeneratedBy '/Game/FirstPersonBP/Maps/Test.Test:PersistentLevel.Test'
[2016.10.10-16.58.46:181][503]LogPlayLevel: PlayLevel: No blueprints needed recompiling
[2016.10.10-16.58.46:181][503]PIE: New page: PIE session: Test (10 Oct 2016 17:58:46)
[2016.10.10-16.58.46:182][503]LogPlayLevel: Creating play world package: /Game/FirstPersonBP/Maps/UEDPIE_0_Test
[2016.10.10-16.58.46:201][503]LogPlayLevel: PIE: StaticDuplicateObject took: (0.019374s)
[2016.10.10-16.58.46:202][503]LogAIModule: Creating AISystem for world Test
[2016.10.10-16.58.46:202][503]LogPlayLevel: PIE: World Init took: (0.000837s)
[2016.10.10-16.58.46:202][503]LogPlayLevel: PIE: Created PIE world by copying editor world from /Game/FirstPersonBP/Maps/Test.Test to /Game/FirstPersonBP/Maps/UEDPIE_0_Test.Test (0.020462s)
[2016.10.10-16.58.46:235][503]LogInit: XAudio2 using 'Speakers (2- Logitech G430 Gaming Headset)' : 2 channels at 44.1 kHz using 16 bits per sample (channel mask 0x3)
[2016.10.10-16.58.46:242][503]LogInit: FAudioDevice initialized.
[2016.10.10-16.58.46:312][503]LogWorld: Game class is 'FirstPersonGameMode_C'
[2016.10.10-16.58.46:317][503]LogWorld: Bringing World /Game/FirstPersonBP/Maps/UEDPIE_0_Test.Test up for play (max tick rate 0) at 2016.10.10-17.58.46
[2016.10.10-16.58.46:318][503]LogWorld: Bringing up level for play took: 0.004348
[2016.10.10-16.58.46:319][503]PIE: Info Play in editor start time for /Game/FirstPersonBP/Maps/UEDPIE_0_Test 0.358
[2016.10.10-16.58.46:319][503]LogBlueprintUserMessages: Late PlayInEditor Detection: Level '/Game/FirstPersonBP/Maps/Test.Test:PersistentLevel' has LevelScriptBlueprint '/Game/FirstPersonBP/Maps/Test.Test:PersistentLevel.Test' with GeneratedClass '/Game/FirstPersonBP/Maps/Test.Test_C' with ClassGeneratedBy '/Game/FirstPersonBP/Maps/Test.Test:PersistentLevel.Test'
[2016.10.10-16.58.49:038][817]LogBlueprintUserMessages: Early EndPlayMap Detection: Level '/Game/FirstPersonBP/Maps/Test.Test:PersistentLevel' has LevelScriptBlueprint '/Game/FirstPersonBP/Maps/Test.Test:PersistentLevel.Test' with GeneratedClass '/Game/FirstPersonBP/Maps/Test.Test_C' with ClassGeneratedBy '/Game/FirstPersonBP/Maps/Test.Test:PersistentLevel.Test'
[2016.10.10-16.58.49:080][817]LogBlueprintUserMessages: Late EndPlayMap Detection: Level '/Game/FirstPersonBP/Maps/Test.Test:PersistentLevel' has LevelScriptBlueprint '/Game/FirstPersonBP/Maps/Test.Test:PersistentLevel.Test' with GeneratedClass '/Game/FirstPersonBP/Maps/Test.Test_C' with ClassGeneratedBy '/Game/FirstPersonBP/Maps/Test.Test:PersistentLevel.Test'
[2016.10.10-16.59.05:650][900]LogSlate:Warning: Prevented a slow task dialog from being summoned while a context menu was open
[2016.10.10-16.59.30:480][702]BlueprintLog: New page: Compile FirstPersonProjectile
[2016.10.10-16.59.30:649][702]BlueprintEditorCompileResults: Info [1080.67] Compile of FirstPersonProjectile successful! [in 168 ms] (/Game/FirstPersonBP/Blueprints/FirstPersonProjectile.FirstPersonProjectile)
[2016.10.10-16.59.33:727][936]LogBlueprintUserMessages: Early PlayInEditor Detection: Level '/Game/FirstPersonBP/Maps/Test.Test:PersistentLevel' has LevelScriptBlueprint '/Game/FirstPersonBP/Maps/Test.Test:PersistentLevel.Test' with GeneratedClass '/Game/FirstPersonBP/Maps/Test.Test_C' with ClassGeneratedBy '/Game/FirstPersonBP/Maps/Test.Test:PersistentLevel.Test'
[2016.10.10-16.59.33:727][936]LogPlayLevel: PlayLevel: No blueprints needed recompiling
[2016.10.10-16.59.33:727][936]PIE: New page: PIE session: Test (10 Oct 2016 17:59:33)
[2016.10.10-16.59.33:727][936]LogPlayLevel: Creating play world package: /Game/FirstPersonBP/Maps/UEDPIE_0_Test
[2016.10.10-16.59.33:748][936]LogPlayLevel: PIE: StaticDuplicateObject took: (0.021116s)
[2016.10.10-16.59.33:749][936]LogAIModule: Creating AISystem for world Test
[2016.10.10-16.59.33:749][936]LogPlayLevel: PIE: World Init took: (0.000925s)
[2016.10.10-16.59.33:749][936]LogPlayLevel: PIE: Created PIE world by copying editor world from /Game/FirstPersonBP/Maps/Test.Test to /Game/FirstPersonBP/Maps/UEDPIE_0_Test.Test (0.022368s)
[2016.10.10-16.59.33:788][936]LogInit: XAudio2 using 'Speakers (2- Logitech G430 Gaming Headset)' : 2 channels at 44.1 kHz using 16 bits per sample (channel mask 0x3)
[2016.10.10-16.59.33:796][936]LogInit: FAudioDevice initialized.
[2016.10.10-16.59.33:847][936]LogWorld: Game class is 'FirstPersonGameMode_C'
[2016.10.10-16.59.33:852][936]LogWorld: Bringing World /Game/FirstPersonBP/Maps/UEDPIE_0_Test.Test up for play (max tick rate 0) at 2016.10.10-17.59.33
[2016.10.10-16.59.33:853][936]LogWorld: Bringing up level for play took: 0.004650
[2016.10.10-16.59.33:854][936]PIE: Info Play in editor start time for /Game/FirstPersonBP/Maps/UEDPIE_0_Test -0.107
[2016.10.10-16.59.33:854][936]LogBlueprintUserMessages: Late PlayInEditor Detection: Level '/Game/FirstPersonBP/Maps/Test.Test:PersistentLevel' has LevelScriptBlueprint '/Game/FirstPersonBP/Maps/Test.Test:PersistentLevel.Test' with GeneratedClass '/Game/FirstPersonBP/Maps/Test.Test_C' with ClassGeneratedBy '/Game/FirstPersonBP/Maps/Test.Test:PersistentLevel.Test'
[2016.10.10-16.59.36:858][278]LogBlueprintUserMessages: [AICharacter_C_0] 50
[2016.10.10-16.59.36:858][278]LogBlueprintUserMessages: [FirstPersonProjectile_C_7] Hello
[2016.10.10-16.59.37:011][296]LogBlueprintUserMessages: [AICharacter_C_0] 0
[2016.10.10-16.59.37:011][296]LogBlueprintUserMessages: [FirstPersonProjectile_C_8] Hello
[2016.10.10-16.59.38:854][516]LogBlueprintUserMessages: [AICharacter_C_1] 50
[2016.10.10-16.59.38:854][516]LogBlueprintUserMessages: [FirstPersonProjectile_C_17] Hello
[2016.10.10-16.59.39:055][540]LogBlueprintUserMessages: [AICharacter_C_1] 0
[2016.10.10-16.59.39:055][540]LogBlueprintUserMessages: [FirstPersonProjectile_C_18] Hello
[2016.10.10-16.59.40:461][708]LogBlueprintUserMessages: Early EndPlayMap Detection: Level '/Game/FirstPersonBP/Maps/Test.Test:PersistentLevel' has LevelScriptBlueprint '/Game/FirstPersonBP/Maps/Test.Test:PersistentLevel.Test' with GeneratedClass '/Game/FirstPersonBP/Maps/Test.Test_C' with ClassGeneratedBy '/Game/FirstPersonBP/Maps/Test.Test:PersistentLevel.Test'
[2016.10.10-16.59.40:504][708]LogBlueprintUserMessages: Late EndPlayMap Detection: Level '/Game/FirstPersonBP/Maps/Test.Test:PersistentLevel' has LevelScriptBlueprint '/Game/FirstPersonBP/Maps/Test.Test:PersistentLevel.Test' with GeneratedClass '/Game/FirstPersonBP/Maps/Test.Test_C' with ClassGeneratedBy '/Game/FirstPersonBP/Maps/Test.Test:PersistentLevel.Test'
[2016.10.10-17.01.33:983][114]LogSlate:Warning: Prevented a slow task dialog from being summoned while a context menu was open
[2016.10.10-17.02.13:229][215]BlueprintLog: New page: Compile PickUpSprint
[2016.10.10-17.02.13:422][215]BlueprintEditorCompileResults: Info [1243.44] Compile of PickUpSprint successful! [in 193 ms] (/Game/FirstPersonBP/Blueprints/PickUpSprint.PickUpSprint)
[2016.10.10-17.02.16:686][477]LogBlueprintUserMessages: Early PlayInEditor Detection: Level '/Game/FirstPersonBP/Maps/Test.Test:PersistentLevel' has LevelScriptBlueprint '/Game/FirstPersonBP/Maps/Test.Test:PersistentLevel.Test' with GeneratedClass '/Game/FirstPersonBP/Maps/Test.Test_C' with ClassGeneratedBy '/Game/FirstPersonBP/Maps/Test.Test:PersistentLevel.Test'
[2016.10.10-17.02.16:686][477]BlueprintLog: New page: Pre-Play auto-recompile
[2016.10.10-17.02.16:692][477]LogPlayLevel: [PlayLevel] Compiling PickUpHealth before play...
[2016.10.10-17.02.16:816][477]LogPlayLevel: PlayLevel: Blueprint regeneration took 130 ms (2 blueprints)
[2016.10.10-17.02.16:825][477]LogPlayLevel: [PlayLevel] Compiling FirstPersonCharacter before play...
[2016.10.10-17.02.16:986][477]LogPlayLevel: PlayLevel: Blueprint regeneration took 300 ms (3 blueprints)
[2016.10.10-17.02.16:990][477]LogPlayLevel: [PlayLevel] Compiling AICharacter before play...
[2016.10.10-17.02.17:119][477]LogPlayLevel: PlayLevel: Blueprint regeneration took 433 ms (4 blueprints)
[2016.10.10-17.02.17:119][477]LogPlayLevel: [PlayLevel] Compiling EnemySpawner before play...
[2016.10.10-17.02.17:198][477]LogPlayLevel: PlayLevel: Blueprint regeneration took 512 ms (5 blueprints)
[2016.10.10-17.02.17:198][477]LogPlayLevel: [PlayLevel] Compiling FirstPersonGameMode before play...
[2016.10.10-17.02.17:273][477]LogPlayLevel: PlayLevel: Blueprint regeneration took 587 ms (5 blueprints)
[2016.10.10-17.02.17:301][477]PIE: New page: PIE session: Test (10 Oct 2016 18:02:17)
[2016.10.10-17.02.17:301][477]LogPlayLevel: Creating play world package: /Game/FirstPersonBP/Maps/UEDPIE_0_Test
[2016.10.10-17.02.17:321][477]LogPlayLevel: PIE: StaticDuplicateObject took: (0.019497s)
[2016.10.10-17.02.17:321][477]LogAIModule: Creating AISystem for world Test
[2016.10.10-17.02.17:322][477]LogPlayLevel: PIE: World Init took: (0.000699s)
[2016.10.10-17.02.17:322][477]LogPlayLevel: PIE: Created PIE world by copying editor world from /Game/FirstPersonBP/Maps/Test.Test to /Game/FirstPersonBP/Maps/UEDPIE_0_Test.Test (0.020481s)
[2016.10.10-17.02.17:357][477]LogInit: XAudio2 using 'Speakers (2- Logitech G430 Gaming Headset)' : 2 channels at 44.1 kHz using 16 bits per sample (channel mask 0x3)
[2016.10.10-17.02.17:365][477]LogInit: FAudioDevice initialized.
[2016.10.10-17.02.17:416][477]LogWorld: Game class is 'FirstPersonGameMode_C'
[2016.10.10-17.02.17:421][477]LogWorld: Bringing World /Game/FirstPersonBP/Maps/UEDPIE_0_Test.Test up for play (max tick rate 0) at 2016.10.10-18.02.17
[2016.10.10-17.02.17:422][477]LogWorld: Bringing up level for play took: 0.004398
[2016.10.10-17.02.17:423][477]PIE: Info Play in editor start time for /Game/FirstPersonBP/Maps/UEDPIE_0_Test 1.462
[2016.10.10-17.02.17:423][477]LogBlueprintUserMessages: Late PlayInEditor Detection: Level '/Game/FirstPersonBP/Maps/Test.Test:PersistentLevel' has LevelScriptBlueprint '/Game/FirstPersonBP/Maps/Test.Test:PersistentLevel.Test' with GeneratedClass '/Game/FirstPersonBP/Maps/Test.Test_C' with ClassGeneratedBy '/Game/FirstPersonBP/Maps/Test.Test:PersistentLevel.Test'
[2016.10.10-17.02.20:555][802]LogBlueprintUserMessages: Early EndPlayMap Detection: Level '/Game/FirstPersonBP/Maps/Test.Test:PersistentLevel' has LevelScriptBlueprint '/Game/FirstPersonBP/Maps/Test.Test:PersistentLevel.Test' with GeneratedClass '/Game/FirstPersonBP/Maps/Test.Test_C' with ClassGeneratedBy '/Game/FirstPersonBP/Maps/Test.Test:PersistentLevel.Test'
[2016.10.10-17.02.20:595][802]LogBlueprintUserMessages: Late EndPlayMap Detection: Level '/Game/FirstPersonBP/Maps/Test.Test:PersistentLevel' has LevelScriptBlueprint '/Game/FirstPersonBP/Maps/Test.Test:PersistentLevel.Test' with GeneratedClass '/Game/FirstPersonBP/Maps/Test.Test_C' with ClassGeneratedBy '/Game/FirstPersonBP/Maps/Test.Test:PersistentLevel.Test'
[2016.10.10-17.03.09:169][700]BlueprintLog: New page: Compile PickUpHealth
[2016.10.10-17.03.09:331][700]BlueprintEditorCompileResults: Info [1299.35] Compile of PickUpHealth successful! [in 161 ms] (/Game/FirstPersonBP/Blueprints/PickUpHealth.PickUpHealth)
[2016.10.10-17.03.12:756][  1]LogBlueprintUserMessages: Early PlayInEditor Detection: Level '/Game/FirstPersonBP/Maps/Test.Test:PersistentLevel' has LevelScriptBlueprint '/Game/FirstPersonBP/Maps/Test.Test:PersistentLevel.Test' with GeneratedClass '/Game/FirstPersonBP/Maps/Test.Test_C' with ClassGeneratedBy '/Game/FirstPersonBP/Maps/Test.Test:PersistentLevel.Test'
[2016.10.10-17.03.12:756][  1]LogPlayLevel: PlayLevel: No blueprints needed recompiling
[2016.10.10-17.03.12:756][  1]PIE: New page: PIE session: Test (10 Oct 2016 18:03:12)
[2016.10.10-17.03.12:756][  1]LogPlayLevel: Creating play world package: /Game/FirstPersonBP/Maps/UEDPIE_0_Test
[2016.10.10-17.03.12:776][  1]LogPlayLevel: PIE: StaticDuplicateObject took: (0.019641s)
[2016.10.10-17.03.12:777][  1]LogAIModule: Creating AISystem for world Test
[2016.10.10-17.03.12:777][  1]LogPlayLevel: PIE: World Init took: (0.000823s)
[2016.10.10-17.03.12:777][  1]LogPlayLevel: PIE: Created PIE world by copying editor world from /Game/FirstPersonBP/Maps/Test.Test to /Game/FirstPersonBP/Maps/UEDPIE_0_Test.Test (0.020716s)
[2016.10.10-17.03.12:810][  1]LogInit: XAudio2 using 'Speakers (2- Logitech G430 Gaming Headset)' : 2 channels at 44.1 kHz using 16 bits per sample (channel mask 0x3)
[2016.10.10-17.03.12:817][  1]LogInit: FAudioDevice initialized.
[2016.10.10-17.03.12:885][  1]LogWorld: Game class is 'FirstPersonGameMode_C'
[2016.10.10-17.03.12:890][  1]LogWorld: Bringing World /Game/FirstPersonBP/Maps/UEDPIE_0_Test.Test up for play (max tick rate 0) at 2016.10.10-18.03.12
[2016.10.10-17.03.12:890][  1]LogWorld: Bringing up level for play took: 0.004368
[2016.10.10-17.03.12:891][  1]PIE: Info Play in editor start time for /Game/FirstPersonBP/Maps/UEDPIE_0_Test 0.93
[2016.10.10-17.03.12:891][  1]LogBlueprintUserMessages: Late PlayInEditor Detection: Level '/Game/FirstPersonBP/Maps/Test.Test:PersistentLevel' has LevelScriptBlueprint '/Game/FirstPersonBP/Maps/Test.Test:PersistentLevel.Test' with GeneratedClass '/Game/FirstPersonBP/Maps/Test.Test_C' with ClassGeneratedBy '/Game/FirstPersonBP/Maps/Test.Test:PersistentLevel.Test'
[2016.10.10-17.03.17:268][512]LogBlueprintUserMessages: [AICharacter_C_0] 50
[2016.10.10-17.03.17:268][512]LogBlueprintUserMessages: [FirstPersonProjectile_C_4] Hello
[2016.10.10-17.03.17:450][533]LogBlueprintUserMessages: [AICharacter_C_0] 0
[2016.10.10-17.03.17:450][533]LogBlueprintUserMessages: [FirstPersonProjectile_C_5] Hello
[2016.10.10-17.03.18:609][672]LogBlueprintUserMessages: [AICharacter_C_1] 50
[2016.10.10-17.03.18:609][672]LogBlueprintUserMessages: [FirstPersonProjectile_C_6] Hello
[2016.10.10-17.03.20:100][850]LogBlueprintUserMessages: [AICharacter_C_1] 0
[2016.10.10-17.03.20:100][850]LogBlueprintUserMessages: [FirstPersonProjectile_C_11] Hello
[2016.10.10-17.03.20:693][921]LogBlueprintUserMessages: Early EndPlayMap Detection: Level '/Game/FirstPersonBP/Maps/Test.Test:PersistentLevel' has LevelScriptBlueprint '/Game/FirstPersonBP/Maps/Test.Test:PersistentLevel.Test' with GeneratedClass '/Game/FirstPersonBP/Maps/Test.Test_C' with ClassGeneratedBy '/Game/FirstPersonBP/Maps/Test.Test:PersistentLevel.Test'
[2016.10.10-17.03.20:739][921]LogBlueprintUserMessages: Late EndPlayMap Detection: Level '/Game/FirstPersonBP/Maps/Test.Test:PersistentLevel' has LevelScriptBlueprint '/Game/FirstPersonBP/Maps/Test.Test:PersistentLevel.Test' with GeneratedClass '/Game/FirstPersonBP/Maps/Test.Test_C' with ClassGeneratedBy '/Game/FirstPersonBP/Maps/Test.Test:PersistentLevel.Test'
[2016.10.10-17.04.07:413][625]BlueprintLog: New page: Compile PickUpHealth
[2016.10.10-17.04.07:539][625]BlueprintEditorCompileResults: Info [1357.56] Compile of PickUpHealth successful! [in 125 ms] (/Game/FirstPersonBP/Blueprints/PickUpHealth.PickUpHealth)
[2016.10.10-17.04.15:340][265]BlueprintLog: New page: Compile PickUpSprint
[2016.10.10-17.04.15:456][265]BlueprintEditorCompileResults: Info [1365.47] Compile of PickUpSprint successful! [in 115 ms] (/Game/FirstPersonBP/Blueprints/PickUpSprint.PickUpSprint)
[2016.10.10-17.04.16:450][346]Cmd: OBJ SAVEPACKAGE PACKAGE="/Game/FirstPersonBP/Blueprints/PickUpSprint" FILE="D:/Repositories/UnrealGameJam/UnrealGameJam/Content/FirstPersonBP/Blueprints/PickUpSprint.uasset" SILENT=true
[2016.10.10-17.04.16:587][346]LogSavePackage: Save=47.06ms
[2016.10.10-17.04.16:587][346]LogSavePackage: Moving 'D:/Repositories/UnrealGameJam/UnrealGameJam/Saved/PickUpSprintF51D299B40EC0053ED60ABBD8BE4F836.tmp' to 'D:/Repositories/UnrealGameJam/UnrealGameJam/Content/FirstPersonBP/Blueprints/PickUpSprint.uasset'
[2016.10.10-17.04.16:588][346]LogSavePackage:Display: Finished SavePackage D:/Repositories/UnrealGameJam/UnrealGameJam/Content/FirstPersonBP/Blueprints/PickUpSprint.uasset
[2016.10.10-17.04.19:279][592]LogBlueprintUserMessages: Early PlayInEditor Detection: Level '/Game/FirstPersonBP/Maps/Test.Test:PersistentLevel' has LevelScriptBlueprint '/Game/FirstPersonBP/Maps/Test.Test:PersistentLevel.Test' with GeneratedClass '/Game/FirstPersonBP/Maps/Test.Test_C' with ClassGeneratedBy '/Game/FirstPersonBP/Maps/Test.Test:PersistentLevel.Test'
[2016.10.10-17.04.19:279][592]LogPlayLevel: PlayLevel: No blueprints needed recompiling
[2016.10.10-17.04.19:279][592]PIE: New page: PIE session: Test (10 Oct 2016 18:04:19)
[2016.10.10-17.04.19:279][592]LogPlayLevel: Creating play world package: /Game/FirstPersonBP/Maps/UEDPIE_0_Test
[2016.10.10-17.04.19:298][592]LogPlayLevel: PIE: StaticDuplicateObject took: (0.018693s)
[2016.10.10-17.04.19:299][592]LogAIModule: Creating AISystem for world Test
[2016.10.10-17.04.19:299][592]LogPlayLevel: PIE: World Init took: (0.000741s)
[2016.10.10-17.04.19:299][592]LogPlayLevel: PIE: Created PIE world by copying editor world from /Game/FirstPersonBP/Maps/Test.Test to /Game/FirstPersonBP/Maps/UEDPIE_0_Test.Test (0.019695s)
[2016.10.10-17.04.19:332][592]LogInit: XAudio2 using 'Speakers (2- Logitech G430 Gaming Headset)' : 2 channels at 44.1 kHz using 16 bits per sample (channel mask 0x3)
[2016.10.10-17.04.19:339][592]LogInit: FAudioDevice initialized.
[2016.10.10-17.04.19:403][592]LogWorld: Game class is 'FirstPersonGameMode_C'
[2016.10.10-17.04.19:407][592]LogWorld: Bringing World /Game/FirstPersonBP/Maps/UEDPIE_0_Test.Test up for play (max tick rate 0) at 2016.10.10-18.04.19
[2016.10.10-17.04.19:408][592]LogWorld: Bringing up level for play took: 0.004257
[2016.10.10-17.04.19:409][592]PIE: Info Play in editor start time for /Game/FirstPersonBP/Maps/UEDPIE_0_Test -0.552
[2016.10.10-17.04.19:409][592]LogBlueprintUserMessages: Late PlayInEditor Detection: Level '/Game/FirstPersonBP/Maps/Test.Test:PersistentLevel' has LevelScriptBlueprint '/Game/FirstPersonBP/Maps/Test.Test:PersistentLevel.Test' with GeneratedClass '/Game/FirstPersonBP/Maps/Test.Test_C' with ClassGeneratedBy '/Game/FirstPersonBP/Maps/Test.Test:PersistentLevel.Test'
[2016.10.10-17.04.25:234][277]LogPhysics:Warning: PHYSX: (..\..\SceneQuery\SqAABBPruner.cpp 207) eINTERNAL_ERROR : Invalid index found in AABB-tree.
[2016.10.10-17.04.25:707][277]LogCrashTracker: 


[2016.10.10-17.04.25:707][277]LogCrashTracker: 


[2016.10.10-17.04.25:708][277]LogWindows:Error: === Critical error: ===


[2016.10.10-17.04.25:745][277]LogExit: Executing StaticShutdownAfterError
[2016.10.10-17.04.25:755][277]LogPhysics:Error: PHYSX: ( 1106) eINVALID_OPERATION : PxScene::lockWrite() detected after a PxScene::lockRead(), lock upgrading is not supported, behaviour will be undefined.
[2016.10.10-17.04.25:755][277]LogPhysics:Error: PHYSX: (..\..\PhysX\src\NpScene.cpp 2946) eINVALID_OPERATION : PxScene::unlockWrite() called without matching call to PxScene::lockWrite(), behaviour will be undefined.
[2016.10.10-17.04.25:783][277]LogPhysics:Error: PHYSX: (..\..\PhysX\src\NpScene.cpp 210) eINVALID_OPERATION : PxScene::lockWrite() detected after a PxScene::lockRead(), lock upgrading is not supported, behaviour will be undefined.
[2016.10.10-17.04.25:783][277]LogPhysics:Error: PHYSX: (..\..\PhysX\src\NpScene.cpp 2946) eINVALID_OPERATION : PxScene::unlockWrite() called without matching call to PxScene::lockWrite(), behaviour will be undefined.
[2016.10.10-17.04.25:790][277]LogWindows: FPlatformMisc::RequestExit(1)
[2016.10.10-17.04.25:790][277]Log file closed, 10/10/16 18:04:25
