Log file open, 10/09/16 18:34:46
LogInit:Display: Running engine for game: UnrealGameJam
LogPlatformFile: Not using cached read wrapper
LogInit:Display: RandInit(1121843619) SRandInit(1121843621).
LogTaskGraph: Started task graph with 4 named threads and 7 total threads with 1 sets of task threads.
LogStats: Stats thread started at 0.126396
LogInit: Version: 4.12.5-3039270+++UE4+Release-4.12
LogInit: API Version: 2992821
LogInit: Net Version: 3039270
LogDevObjectVersion: Number of dev versions registered: 13
LogDevObjectVersion:   Dev-Blueprints (B0D832E4-1F89-4F0D-ACCF-7EB736FD4AA2): 3
LogDevObjectVersion:   Dev-Build (E1C64328-A22C-4D53-A36C-8E866417BD8C): 0
LogDevObjectVersion:   Dev-Core (375EC13C-06E4-48FB-B500-84F0262A717E): 1
LogDevObjectVersion:   Dev-Editor (E4B068ED-F494-42E9-A231-DA0B2E46BB41): 2
LogDevObjectVersion:   Dev-Framework (CFFC743F-43B0-4480-9391-14DF171D2073): 6
LogDevObjectVersion:   Dev-Mobile (B02B49B5-BB20-44E9-A304-32B752E40360): 0
LogDevObjectVersion:   Dev-Networking (A4E4105C-59A1-49B5-A7C5-40C4547EDFEE): 0
LogDevObjectVersion:   Dev-Online (39C831C9-5AE6-47DC-9A44-9C173E1C8E7C): 0
LogDevObjectVersion:   Dev-Physics (78F01B33-EBEA-4F98-B9B4-84EACCB95AA2): 0
LogDevObjectVersion:   Dev-Platform (6631380F-2D4D-43E0-8009-CF276956A95A): 0
LogDevObjectVersion:   Dev-Rendering (12F88B9F-8875-4AFC-A67C-D90C383ABD29): 2
LogDevObjectVersion:   Dev-Sequencer (7B5AE74C-D270-4C10-A958-57980B212A5A): 0
LogDevObjectVersion:   Dev-VR (D7296918-1DD6-4BDD-9DE2-64A83CC13884): 0
LogInit: Compiled (64-bit): Jul  6 2016 09:09:46
LogInit: Compiled with Visual C++: 19.00.23026.00
LogInit: Build Configuration: Development
LogInit: Branch Name: ++UE4+Release-4.12
LogInit: Command line:  
LogInit: Base directory: C:/Program Files (x86)/Epic Games/4.12/Engine/Binaries/Win64/
LogInit: Installed Engine Build: 1
LogInit: Using libcurl 7.41.0
LogInit:  - built for x86_64-pc-win32
LogInit:  - supports SSL with WinSSL
LogInit:  - other features:
LogInit:      CURL_VERSION_SSL
LogInit:      CURL_VERSION_IPV6
LogInit:      CURL_VERSION_ASYNCHDNS
LogInit:      CURL_VERSION_LARGEFILE
LogInit:      CURL_VERSION_IDN
LogInit:  CurlRequestOptions (configurable via config and command line):
LogInit:  - bVerifyPeer = true  - Libcurl will verify peer certificate
LogInit:  - bUseHttpProxy = false  - Libcurl will NOT use HTTP proxy
LogInit:  - bDontReuseConnections = false  - Libcurl will reuse connections
LogInit:  - CertBundlePath = nullptr  - Libcurl will use whatever was configured at build time.
LogInit: Presizing for max 8388607 objects, including 0 objects not considered by GC, pre-allocating 0 bytes for permanent pool.
LogInit: Object subsystem initialized
[2016.10.09-17.34.46:544][  0]LogInit: Selected Device Profile: [Windows]
[2016.10.09-17.34.46:544][  0]LogInit: Applying CVar settings loaded from the selected device profile: [Windows]
[2016.10.09-17.34.46:571][  0]LogInit: Computer: DESKTOP-N6TRJQS
[2016.10.09-17.34.46:571][  0]LogInit: User: Conor
[2016.10.09-17.34.46:571][  0]LogInit: CPU Page size=65536, Cores=4
[2016.10.09-17.34.46:571][  0]LogInit: High frequency timer resolution =3.312791 MHz
[2016.10.09-17.34.46:571][  0]LogMemory: Memory total: Physical=8.0GB (8GB approx)
[2016.10.09-17.34.46:571][  0]LogMemory: Platform Memory Stats for Windows
[2016.10.09-17.34.46:571][  0]LogMemory: Process Physical Memory: 190.23 MB used, 190.23 MB peak
[2016.10.09-17.34.46:571][  0]LogMemory: Process Virtual Memory: 195.18 MB used, 195.18 MB peak
[2016.10.09-17.34.46:571][  0]LogMemory: Physical Memory: 6197.55 MB used, 8145.47 MB total
[2016.10.09-17.34.46:571][  0]LogMemory: Virtual Memory: 553.30 MB used, 134217728.00 MB total
[2016.10.09-17.34.46:803][  0]LogTextLocalizationManager: No specific translations for ('en-GB') exist, so ('en') translations will be used.
[2016.10.09-17.34.47:249][  0]LogD3D11RHI: D3D11 adapters:
[2016.10.09-17.34.47:285][  0]LogD3D11RHI:    0. 'NVIDIA GeForce GTX 660' (Feature Level 11_0)
[2016.10.09-17.34.47:285][  0]LogD3D11RHI:       1505/0/4072 MB DedicatedVideo/DedicatedSystem/SharedSystem, Outputs:1, VendorId:0x10de
[2016.10.09-17.34.47:286][  0]LogD3D11RHI:    1. 'Microsoft Basic Render Driver' (Feature Level 11_0)
[2016.10.09-17.34.47:286][  0]LogD3D11RHI:       0/0/4072 MB DedicatedVideo/DedicatedSystem/SharedSystem, Outputs:0, VendorId:0x1414
[2016.10.09-17.34.47:286][  0]LogD3D11RHI: Chosen D3D11 Adapter: 0
[2016.10.09-17.34.47:292][  0]LogD3D11RHI: Creating new Direct3DDevice
[2016.10.09-17.34.47:292][  0]LogD3D11RHI:     GPU DeviceId: 0x1185 (for the marketing name, search the web for "GPU Device Id")
[2016.10.09-17.34.47:292][  0]LogWindows: EnumDisplayDevices:
[2016.10.09-17.34.47:292][  0]LogWindows:    0. 'NVIDIA GeForce GTX 660' (P:1 D:1)
[2016.10.09-17.34.47:292][  0]LogWindows:    1. 'NVIDIA GeForce GTX 660' (P:0 D:0)
[2016.10.09-17.34.47:292][  0]LogWindows:    2. 'NVIDIA GeForce GTX 660' (P:0 D:0)
[2016.10.09-17.34.47:293][  0]LogWindows: DebugString: FoundDriverCount:3 
[2016.10.09-17.34.47:293][  0]LogD3D11RHI:     Adapter Name: NVIDIA GeForce GTX 660
[2016.10.09-17.34.47:293][  0]LogD3D11RHI:   Driver Version: 372.90 (internal:21.21.13.7290, unified:372.90)
[2016.10.09-17.34.47:293][  0]LogD3D11RHI:      Driver Date: 9-16-2016
[2016.10.09-17.34.47:293][  0]LogRHI: Texture pool is 1053 MB (70% of 1505 MB)
[2016.10.09-17.34.47:308][  0]LogD3D11RHI: Async texture creation enabled
[2016.10.09-17.34.47:325][  0]LogD3D11RHI: GPU Timing Frequency: 1000.000000 (Debug: 2 2)
[2016.10.09-17.34.47:325][  0]LogShaderCompilers: Guid format shader working directory is 2 characters bigger than the processId version (D:/Repositories/UnrealGameJam/UnrealGameJam/Intermediate/Shaders/WorkingDirectory/16008/).
[2016.10.09-17.34.47:325][  0]LogShaderCompilers: Cleaned the shader compiler working directory 'C:/Users/Conor/AppData/Local/Temp/UnrealShaderWorkingDir/ECA6FAD84068EA29F56334BC6A783D87/'.
[2016.10.09-17.34.47:325][  0]LogShaderCompilers:Display: Using Local Shader Compiler.
[2016.10.09-17.34.49:671][  0]LogTemp:Display: Loaded TP AllDesktopTargetPlatform
[2016.10.09-17.34.49:682][  0]LogTemp:Display: Loaded TP WindowsClientTargetPlatform
[2016.10.09-17.34.49:695][  0]LogTemp:Display: Loaded TP WindowsNoEditorTargetPlatform
[2016.10.09-17.34.49:705][  0]LogTemp:Display: Loaded TP WindowsServerTargetPlatform
[2016.10.09-17.34.49:716][  0]LogTemp:Display: Loaded TP WindowsTargetPlatform
[2016.10.09-17.34.49:729][  0]LogTemp:Display: Loaded TP AndroidTargetPlatform
[2016.10.09-17.34.49:741][  0]LogTemp:Display: Loaded TP Android_ASTCTargetPlatform
[2016.10.09-17.34.49:753][  0]LogTemp:Display: Loaded TP Android_ATCTargetPlatform
[2016.10.09-17.34.49:764][  0]LogTemp:Display: Loaded TP Android_DXTTargetPlatform
[2016.10.09-17.34.49:778][  0]LogTemp:Display: Loaded TP Android_ETC1TargetPlatform
[2016.10.09-17.34.49:788][  0]LogTemp:Display: Loaded TP Android_ETC2TargetPlatform
[2016.10.09-17.34.49:807][  0]LogTemp:Display: Loaded TP Android_MultiTargetPlatform
[2016.10.09-17.34.49:807][  0]LogTemp:Display: Loaded TP Android_PVRTCTargetPlatform
[2016.10.09-17.34.49:808][  0]LogTemp:Display: Loaded TP HTML5TargetPlatform
[2016.10.09-17.34.49:865][  0]LogTemp:Display: Loaded TP IOSTargetPlatform
[2016.10.09-17.34.49:875][  0]LogTemp:Display: Loaded TP TVOSTargetPlatform
[2016.10.09-17.34.49:884][  0]LogTemp:Display: Loaded TP LinuxNoEditorTargetPlatform
[2016.10.09-17.34.49:894][  0]LogTemp:Display: Loaded TP LinuxServerTargetPlatform
[2016.10.09-17.34.49:907][  0]LogTemp:Display: Loaded TP LinuxTargetPlatform
[2016.10.09-17.34.49:907][  0]LogTargetPlatformManager:Display: Building Assets For Windows
[2016.10.09-17.34.50:306][  0]LogDerivedDataCache:Display: Max Cache Size: 512 MB
[2016.10.09-17.34.50:500][  0]LogDerivedDataCache: Loaded boot cache 0.19s 48MB C:/Users/Conor/AppData/Local/UnrealEngine/4.12/DerivedDataCache/Boot.ddc.
[2016.10.09-17.34.50:501][  0]LogDerivedDataCache:Display: Loaded Boot cache: C:/Users/Conor/AppData/Local/UnrealEngine/4.12/DerivedDataCache/Boot.ddc
[2016.10.09-17.34.50:501][  0]LogDerivedDataCache: FDerivedDataBackendGraph:  Pak pak cache file D:/Repositories/UnrealGameJam/UnrealGameJam/DerivedDataCache/DDC.ddp not found, will not use a pak cache.
[2016.10.09-17.34.50:501][  0]LogDerivedDataCache: Unable to find inner node Pak for hierarchical cache Hierarchy.
[2016.10.09-17.34.50:501][  0]LogDerivedDataCache: FDerivedDataBackendGraph:  CompressedPak pak cache file D:/Repositories/UnrealGameJam/UnrealGameJam/DerivedDataCache/Compressed.ddp not found, will not use a pak cache.
[2016.10.09-17.34.50:501][  0]LogDerivedDataCache: Unable to find inner node CompressedPak for hierarchical cache Hierarchy.
[2016.10.09-17.34.50:530][  0]LogDerivedDataCache:Display: Pak cache opened for reading ../../../Engine/DerivedDataCache/Compressed.ddp.
[2016.10.09-17.34.50:543][  0]LogDerivedDataCache: Using Local data cache path C:/Users/Conor/AppData/Local/UnrealEngine/Common/DerivedDataCache: Writable
[2016.10.09-17.34.53:771][  0]LogInit: Selected Device Profile: [Windows]
[2016.10.09-17.34.53:776][  0]LogContentStreaming: Texture pool size is 0.00 MB
[2016.10.09-17.34.54:216][  0]LogMeshUtilities: No automatic mesh reduction module available
[2016.10.09-17.34.54:216][  0]LogMeshUtilities: No automatic mesh merging module available
[2016.10.09-17.34.54:216][  0]LogMeshUtilities: No distributed automatic mesh merging module available
[2016.10.09-17.34.54:956][  0]LogAssetRegistry: FAssetRegistry took 0.0238 seconds to start up
[2016.10.09-17.34.54:988][  0]LogPackageLocalizationCache: Processed 3 localized package path(s) for 2 prioritized culture(s) in 0.025948 seconds
[2016.10.09-17.34.54:996][  0]LogUObjectArray: 28739 objects as part of root set at end of initial load.
[2016.10.09-17.34.54:996][  0]LogUObjectAllocator: 5855632 out of 0 bytes used by permanent object pool.
[2016.10.09-17.34.54:996][  0]LogUObjectArray: CloseDisregardForGC: 0/0 objects in disregard for GC pool
[2016.10.09-17.34.55:009][  0]LogInit: WinSock: version 1.1 (2.2), MaxSocks=32767, MaxUdp=65467
[2016.10.09-17.34.55:567][  0]LogSlate: SlateFontCache - WITH_FREETYPE: 1, WITH_HARFBUZZ: 1
[2016.10.09-17.34.55:568][  0]LogSlate: SlateFontCache - WITH_FREETYPE: 1, WITH_HARFBUZZ: 1
[2016.10.09-17.34.57:762][  0]LogUdpMessaging: Initializing bridge on interface 0.0.0.0:0 to multicast group 230.0.0.1:6666.
[2016.10.09-17.34.58:229][  0]SourceControl: Info Source control is disabled
[2016.10.09-17.34.58:277][  0]SourceControl: Info Source control is disabled
[2016.10.09-17.34.58:295][  0]SourceControl: Info Source control is disabled
[2016.10.09-17.34.58:310][  0]SourceControl: Info Source control is disabled
[2016.10.09-17.34.58:733][  0]LogEngine: Initializing Engine...
[2016.10.09-17.34.58:767][  0]LogHMD: SteamVR failed to initialize.  Err: 110
[2016.10.09-17.34.58:768][  0]LogHMD: SteamVR failed to initialize.  Err: 110
[2016.10.09-17.34.59:073][  0]LogAIModule: Creating AISystem for world NewWorld
[2016.10.09-17.34.59:101][  0]LogInit: XAudio2 using 'Speakers (2- Logitech G430 Gaming Headset)' : 2 channels at 44.1 kHz using 16 bits per sample (channel mask 0x3)
[2016.10.09-17.34.59:117][  0]LogInit: FAudioDevice initialized.
[2016.10.09-17.34.59:145][  0]LogDerivedDataCache: Saved boot cache 0.03s 48MB C:/Users/Conor/AppData/Local/UnrealEngine/4.12/DerivedDataCache/Boot.ddc.
[2016.10.09-17.34.59:153][  0]LogInit: Texture streaming: Enabled
[2016.10.09-17.34.59:197][  0]LogInit: Transaction tracking system initialized
[2016.10.09-17.34.59:251][  0]BlueprintLog: New page: Editor Load
[2016.10.09-17.34.59:436][  0]LocalizationService: Info Localization service is disabled
[2016.10.09-17.34.59:570][  0]LogConsoleResponse:Display: 
[2016.10.09-17.34.59:999][  0]LogCook:Display: Max memory allowance for cook 8192mb
[2016.10.09-17.34.59:999][  0]LogCook:Display: Mobile HDR setting 1
[2016.10.09-17.35.00:232][  0]LogFileCache: Scanning file cache for directory 'D:/Repositories/UnrealGameJam/UnrealGameJam/Content/' took 0.02s
[2016.10.09-17.35.00:233][  0]SourceControl: Info Source control is disabled
[2016.10.09-17.35.00:235][  0]Cmd: MAP LOAD FILE="D:/Repositories/UnrealGameJam/UnrealGameJam/Content/FirstPersonBP/Maps/FirstPersonExampleMap.umap" TEMPLATE=0 SHOWPROGRESS=1 FEATURELEVEL=3
[2016.10.09-17.35.00:236][  0]LogEditorServer:Warning: Can't find file 'D:/Repositories/UnrealGameJam/UnrealGameJam/Content/FirstPersonBP/Maps/FirstPersonExampleMap.umap'
[2016.10.09-17.35.00:237][  0]Cmd: MAP CHECKDEP NOCLEARLOG
[2016.10.09-17.35.00:280][  0]MapCheck: Info Map check complete: 0 Error(s), 0 Warning(s), took 43.61ms to complete.
[2016.10.09-17.35.00:281][  0]LogFileHelpers: Loading map 'FirstPersonExampleMap' took 0.047
[2016.10.09-17.35.00:527][  0]LogCollectionManager: Loaded 0 collections in 0.004083 seconds
[2016.10.09-17.35.00:587][  0]LogFileCache: Scanning file cache for directory 'D:/Repositories/UnrealGameJam/UnrealGameJam/Saved/Collections/' took 0.01s
[2016.10.09-17.35.00:587][  0]LogFileCache: Scanning file cache for directory 'D:/Repositories/UnrealGameJam/UnrealGameJam/Content/Developers/Conor/Collections/' took 0.01s
[2016.10.09-17.35.00:587][  0]LogFileCache: Scanning file cache for directory 'D:/Repositories/UnrealGameJam/UnrealGameJam/Content/Collections/' took 0.01s
[2016.10.09-17.35.00:587][  0]LogCollectionManager: Rebuilt the GUID cache for 0 collections in 0.000214 seconds
[2016.10.09-17.35.00:600][  0]LogContentBrowser: Native class hierarchy populated in 0.0119 seconds. Added 2047 classes and 369 folders.
[2016.10.09-17.35.00:610][  0]LogStats: UGameplayTagsManager::ConstructGameplayTagTree: Construct from data asset -  0.000 s
[2016.10.09-17.35.00:610][  0]LogStats: UGameplayTagsManager::ConstructGameplayTagTree: GameplayTagTreeChangedEvent.Broadcast -  0.000 s
[2016.10.09-17.35.00:612][  0]LogContentBrowser: Native class hierarchy updated for 'GameplayTags' in 0.0009 seconds. Added 12 classes and 0 folders.
[2016.10.09-17.35.00:620][  0]LogContentBrowser: Native class hierarchy updated for 'WidgetCarousel' in 0.0004 seconds. Added 0 classes and 0 folders.
[2016.10.09-17.35.00:939][  0]LogContentBrowser: Native class hierarchy updated for 'AddContentDialog' in 0.0006 seconds. Added 0 classes and 0 folders.
[2016.10.09-17.35.00:954][  0]LogContentBrowser: Native class hierarchy updated for 'SceneOutliner' in 0.0006 seconds. Added 1 classes and 2 folders.
[2016.10.09-17.35.01:059][  0]LogCrashTracker: Crashtracker disabled due to settings.
[2016.10.09-17.35.01:085][  0]LogUObjectGlobals:Warning: Failed to find object 'Class None.'
[2016.10.09-17.35.01:122][  0]LogContentBrowser: Native class hierarchy updated for 'HierarchicalLODOutliner' in 0.0006 seconds. Added 1 classes and 2 folders.
[2016.10.09-17.35.01:122][  0]LogLoad: Full Startup: 16.48 seconds (BP compile: 0.06 seconds)
[2016.10.09-17.35.01:122][  0]LogExternalProfiler: No external profilers were discovered.  External profiling features will not be available.
[2016.10.09-17.35.01:135][  0]LogOcInput: OculusInput pre-init called
[2016.10.09-17.35.01:175][  0]LogContentStreaming: Texture pool size now 1000 MB
[2016.10.09-17.35.01:510][  2]LogRenderer: Reallocating scene render targets to support 684x460 (Frame:2).
[2016.10.09-17.35.01:653][  2]LogAssetRegistry: Asset discovery search completed in 6.7190 seconds
[2016.10.09-17.35.01:653][  2]LogCollectionManager: Rebuilt the object cache for 0 collections in 0.000002 seconds (found 0 objects)
[2016.10.09-17.35.01:653][  2]LogCollectionManager: Fixed up redirectors for 0 collections in 0.000422 seconds (updated 0 objects)
[2016.10.09-17.35.03:683][147]LogRenderer: Reallocating scene render targets to support 684x608 (Frame:31).
[2016.10.09-17.35.22:794][374]LogAIModule: Creating AISystem for world Test
[2016.10.09-17.35.23:010][374]Cmd: MAP LOAD FILE="D:/Repositories/UnrealGameJam/UnrealGameJam/Content/FirstPersonBP/Maps/Test.umap" TEMPLATE=0 SHOWPROGRESS=1 FEATURELEVEL=3
[2016.10.09-17.35.23:011][374]LightingResults: New page: Lighting Build
[2016.10.09-17.35.23:017][374]LogContentBrowser: Native class hierarchy updated for 'StatsViewer' in 0.0006 seconds. Added 5 classes and 0 folders.
[2016.10.09-17.35.23:018][374]LoadErrors: New page: Loading map: Test.umap
[2016.10.09-17.35.23:020][374]MapCheck: New page: Map Check
[2016.10.09-17.35.23:020][374]LightingResults: New page: Lighting Build
[2016.10.09-17.35.23:068][374]LogEditorServer: Finished looking for orphan Actors (0.000 secs)
[2016.10.09-17.35.23:103][374]Cmd: MAP CHECKDEP NOCLEARLOG
[2016.10.09-17.35.23:157][374]MapCheck: Info Map check complete: 0 Error(s), 0 Warning(s), took 53.997ms to complete.
[2016.10.09-17.35.23:157][374]LogFileHelpers: Loading map 'Test' took 0.151
[2016.10.09-17.35.28:604][989]LogText:Warning: Failed to parse argument "GameModeName" as a number (using "0" as a fallback). Please check your format string for errors: "GameMode: Edit {GameModeName}".
[2016.10.09-17.35.28:604][989]LogText:Warning: Failed to parse argument "GameModeName" as a number (using "0" as a fallback). Please check your format string for errors: "GameMode: Edit {GameModeName}".
[2016.10.09-17.35.29:705][108]LogBlueprintUserMessages: Early PlayInEditor Detection: Level '/Game/FirstPersonBP/Maps/Test.Test:PersistentLevel' has LevelScriptBlueprint '/Game/FirstPersonBP/Maps/Test.Test:PersistentLevel.Test' with GeneratedClass '/Game/FirstPersonBP/Maps/Test.Test_C' with ClassGeneratedBy '/Game/FirstPersonBP/Maps/Test.Test:PersistentLevel.Test'
[2016.10.09-17.35.29:705][108]LogPlayLevel: PlayLevel: No blueprints needed recompiling
[2016.10.09-17.35.29:708][108]PIE: New page: PIE session: Test (9 Oct 2016 18:35:29)
[2016.10.09-17.35.29:708][108]LogPlayLevel: Creating play world package: /Game/FirstPersonBP/Maps/UEDPIE_0_Test
[2016.10.09-17.35.29:735][108]LogPlayLevel: PIE: StaticDuplicateObject took: (0.026728s)
[2016.10.09-17.35.29:736][108]LogAIModule: Creating AISystem for world Test
[2016.10.09-17.35.29:736][108]LogPlayLevel: PIE: World Init took: (0.000833s)
[2016.10.09-17.35.29:737][108]LogPlayLevel: PIE: Created PIE world by copying editor world from /Game/FirstPersonBP/Maps/Test.Test to /Game/FirstPersonBP/Maps/UEDPIE_0_Test.Test (0.028712s)
[2016.10.09-17.35.29:760][108]LogInit: XAudio2 using 'Speakers (2- Logitech G430 Gaming Headset)' : 2 channels at 44.1 kHz using 16 bits per sample (channel mask 0x3)
[2016.10.09-17.35.29:769][108]LogInit: FAudioDevice initialized.
[2016.10.09-17.35.29:843][108]LogWorld: Game class is 'FirstPersonGameMode_C'
[2016.10.09-17.35.29:856][108]LogWorld: Bringing World /Game/FirstPersonBP/Maps/UEDPIE_0_Test.Test up for play (max tick rate 0) at 2016.10.09-18.35.29
[2016.10.09-17.35.29:866][108]LogWorld: Bringing up level for play took: 0.016181
[2016.10.09-17.35.29:880][108]LogContentBrowser: Native class hierarchy updated for 'MovieSceneCapture' in 0.0004 seconds. Added 11 classes and 0 folders.
[2016.10.09-17.35.29:882][108]PIE: Info Play in editor start time for /Game/FirstPersonBP/Maps/UEDPIE_0_Test -0.118
[2016.10.09-17.35.29:882][108]LogBlueprintUserMessages: Late PlayInEditor Detection: Level '/Game/FirstPersonBP/Maps/Test.Test:PersistentLevel' has LevelScriptBlueprint '/Game/FirstPersonBP/Maps/Test.Test:PersistentLevel.Test' with GeneratedClass '/Game/FirstPersonBP/Maps/Test.Test_C' with ClassGeneratedBy '/Game/FirstPersonBP/Maps/Test.Test:PersistentLevel.Test'
[2016.10.09-17.36.06:725][506]LogBlueprintUserMessages: Early EndPlayMap Detection: Level '/Game/FirstPersonBP/Maps/Test.Test:PersistentLevel' has LevelScriptBlueprint '/Game/FirstPersonBP/Maps/Test.Test:PersistentLevel.Test' with GeneratedClass '/Game/FirstPersonBP/Maps/Test.Test_C' with ClassGeneratedBy '/Game/FirstPersonBP/Maps/Test.Test:PersistentLevel.Test'
[2016.10.09-17.36.06:770][506]LogBlueprintUserMessages: Late EndPlayMap Detection: Level '/Game/FirstPersonBP/Maps/Test.Test:PersistentLevel' has LevelScriptBlueprint '/Game/FirstPersonBP/Maps/Test.Test:PersistentLevel.Test' with GeneratedClass '/Game/FirstPersonBP/Maps/Test.Test_C' with ClassGeneratedBy '/Game/FirstPersonBP/Maps/Test.Test:PersistentLevel.Test'
[2016.10.09-17.45.26:389][741]Cmd: OBJ SAVEPACKAGE PACKAGE="/Game/FirstPersonBP/Maps/Test" FILE="D:/Repositories/UnrealGameJam/UnrealGameJam/Content/FirstPersonBP/Maps/Test.umap" SILENT=true AUTOSAVING=false KEEPDIRTY=false
[2016.10.09-17.45.28:926][741]LogSavePackage: Save=2142.45ms
[2016.10.09-17.45.28:926][741]LogSavePackage: Moving 'D:/Repositories/UnrealGameJam/UnrealGameJam/Saved/Test3D1E66844B4D3C08631CF298EC4C76BF.tmp' to 'D:/Repositories/UnrealGameJam/UnrealGameJam/Content/FirstPersonBP/Maps/Test.umap'
[2016.10.09-17.45.28:928][741]LogSavePackage:Display: Finished SavePackage D:/Repositories/UnrealGameJam/UnrealGameJam/Content/FirstPersonBP/Maps/Test.umap
[2016.10.09-17.47.00:732][283]LogEditorViewport: Clicking on Actor (LMB): AICharacter_C (AICharacter)
[2016.10.09-17.47.08:362][967]LogContentBrowser: Native class hierarchy updated for 'BlueprintGraph' in 0.0008 seconds. Added 111 classes and 0 folders.
[2016.10.09-17.47.24:435][161]LogRenderer: Reallocating scene render targets to support 948x624 (Frame:49689).
[2016.10.09-17.48.04:491][ 60]0.635758
[2016.10.09-17.48.04:526][ 63]0.621256
[2016.10.09-17.48.04:542][ 64]0.600925
[2016.10.09-17.48.04:544][ 64]0.586487
[2016.10.09-17.48.04:558][ 65]0.552083
[2016.10.09-17.48.04:559][ 65]0.532372
[2016.10.09-17.48.04:573][ 66]0.479846
[2016.10.09-17.48.04:575][ 66]0.461283
[2016.10.09-17.48.04:576][ 66]0.447432
[2016.10.09-17.48.04:578][ 66]0.443168
[2016.10.09-17.48.04:579][ 66]0.429490
[2016.10.09-17.48.04:581][ 66]0.425556
[2016.10.09-17.48.04:594][ 67]0.376444
[2016.10.09-17.48.04:596][ 67]0.359639
[2016.10.09-17.48.04:612][ 68]0.323588
[2016.10.09-17.48.04:614][ 68]0.316811
[2016.10.09-17.48.04:616][ 68]0.318689
[2016.10.09-17.48.04:618][ 68]0.320894
[2016.10.09-17.48.04:620][ 68]0.313367
[2016.10.09-17.48.04:621][ 68]0.316296
[2016.10.09-17.48.04:623][ 68]0.323085
[2016.10.09-17.48.04:637][ 69]0.338020
[2016.10.09-17.48.04:639][ 69]0.350006
[2016.10.09-17.48.04:641][ 69]0.348141
[2016.10.09-17.48.04:642][ 69]0.354779
[2016.10.09-17.48.04:644][ 69]0.368579
[2016.10.09-17.48.04:658][ 70]0.406784
[2016.10.09-17.48.04:659][ 70]0.422999
[2016.10.09-17.48.04:661][ 70]0.431255
[2016.10.09-17.48.04:663][ 70]0.439603
[2016.10.09-17.48.04:665][ 70]0.448038
[2016.10.09-17.48.04:666][ 70]0.450694
[2016.10.09-17.48.04:679][ 71]0.503891
[2016.10.09-17.48.04:681][ 71]0.512961
[2016.10.09-17.48.04:683][ 71]0.531250
[2016.10.09-17.48.04:684][ 71]0.540463
[2016.10.09-17.48.04:686][ 71]0.549720
[2016.10.09-17.48.04:701][ 72]0.615554
[2016.10.09-17.48.04:703][ 72]0.625087
[2016.10.09-17.48.04:704][ 72]0.634648
[2016.10.09-17.48.04:717][ 73]0.677083
[2016.10.09-17.48.04:719][ 73]0.686710
[2016.10.09-17.48.04:721][ 73]0.696360
[2016.10.09-17.48.04:735][ 74]0.748624
[2016.10.09-17.48.04:737][ 74]0.758345
[2016.10.09-17.48.04:750][ 75]0.787613
[2016.10.09-17.48.04:752][ 75]0.797402
[2016.10.09-17.48.04:754][ 75]0.807208
[2016.10.09-17.48.04:767][ 76]0.836712
[2016.10.09-17.48.04:768][ 76]0.846574
[2016.10.09-17.48.04:782][ 77]0.876239
[2016.10.09-17.48.04:784][ 77]0.896076
[2016.10.09-17.48.04:799][ 78]0.925912
[2016.10.09-17.48.04:800][ 78]0.935878
[2016.10.09-17.48.04:816][ 79]0.965833
[2016.10.09-17.48.04:818][ 79]0.975837
[2016.10.09-17.48.04:819][ 79]0.985848
[2016.10.09-17.48.04:833][ 80]1.005896
[2016.10.09-17.48.04:848][ 81]1.025975
[2016.10.09-17.48.04:850][ 81]1.036026
[2016.10.09-17.48.04:864][ 82]1.046084
[2016.10.09-17.48.04:878][ 83]1.056149
[2016.10.09-17.48.04:979][ 92]1.048829
[2016.10.09-17.48.04:993][ 93]1.021683
[2016.10.09-17.48.04:994][ 93]1.014757
[2016.10.09-17.48.05:008][ 94]0.981712
[2016.10.09-17.48.05:010][ 94]0.965609
[2016.10.09-17.48.05:026][ 95]0.915067
[2016.10.09-17.48.05:028][ 95]0.905471
[2016.10.09-17.48.05:029][ 95]0.900063
[2016.10.09-17.48.05:030][ 95]0.890549
[2016.10.09-17.48.05:044][ 96]0.847855
[2016.10.09-17.48.05:046][ 96]0.829222
[2016.10.09-17.48.05:048][ 96]0.824761
[2016.10.09-17.48.05:049][ 96]0.815566
[2016.10.09-17.48.05:051][ 96]0.806401
[2016.10.09-17.48.05:065][ 97]0.752095
[2016.10.09-17.48.05:066][ 97]0.743169
[2016.10.09-17.48.05:068][ 97]0.739803
[2016.10.09-17.48.05:082][ 98]0.687816
[2016.10.09-17.48.05:083][ 98]0.679323
[2016.10.09-17.48.05:085][ 98]0.670885
[2016.10.09-17.48.05:086][ 98]0.662503
[2016.10.09-17.48.05:100][ 99]0.613523
[2016.10.09-17.48.05:102][ 99]0.597757
[2016.10.09-17.48.05:118][100]0.538956
[2016.10.09-17.48.05:119][100]0.525500
[2016.10.09-17.48.05:134][101]0.485913
[2016.10.09-17.48.05:136][101]0.480636
[2016.10.09-17.48.05:137][101]0.470598
[2016.10.09-17.48.05:153][102]0.448038
[2016.10.09-17.48.05:155][102]0.442187
[2016.10.09-17.48.05:157][102]0.439603
[2016.10.09-17.48.05:158][102]0.435137
[2016.10.09-17.48.05:172][103]0.437996
[2016.10.09-17.48.05:174][103]0.437624
[2016.10.09-17.48.05:175][103]0.437500
[2016.10.09-17.48.05:177][103]0.437624
[2016.10.09-17.48.05:179][103]0.448401
[2016.10.09-17.48.05:180][103]0.449005
[2016.10.09-17.48.05:194][104]0.465847
[2016.10.09-17.48.05:196][104]0.478033
[2016.10.09-17.48.05:210][105]0.500867
[2016.10.09-17.48.05:212][105]0.503999
[2016.10.09-17.48.05:215][105]0.517175
[2016.10.09-17.48.05:217][105]0.520625
[2016.10.09-17.48.05:218][105]0.524260
[2016.10.09-17.48.05:221][105]0.534000
[2016.10.09-17.48.05:223][105]0.537746
[2016.10.09-17.48.05:225][105]0.541667
[2016.10.09-17.48.05:227][105]0.555317
[2016.10.09-17.48.05:229][105]0.559502
[2016.10.09-17.48.05:231][105]0.577726
[2016.10.09-17.48.05:244][106]0.620207
[2016.10.09-17.48.05:245][106]0.639587
[2016.10.09-17.48.05:247][106]0.644909
[2016.10.09-17.48.05:248][106]0.653848
[2016.10.09-17.48.05:250][106]0.659219
[2016.10.09-17.48.05:251][106]0.664711
[2016.10.09-17.48.05:253][106]0.679084
[2016.10.09-17.48.05:267][107]0.725362
[2016.10.09-17.48.05:269][107]0.739877
[2016.10.09-17.48.05:270][107]0.754400
[2016.10.09-17.48.05:272][107]0.760488
[2016.10.09-17.48.05:274][107]0.766669
[2016.10.09-17.48.05:276][107]0.775045
[2016.10.09-17.48.05:277][107]0.781250
[2016.10.09-17.48.05:291][108]0.823180
[2016.10.09-17.48.05:293][108]0.837813
[2016.10.09-17.48.05:307][109]0.873635
[2016.10.09-17.48.05:309][109]0.880255
[2016.10.09-17.48.05:322][110]0.901629
[2016.10.09-17.48.05:335][111]0.923095
[2016.10.09-17.48.05:337][111]0.929946
[2016.10.09-17.48.05:350][112]0.958560
[2016.10.09-17.48.05:363][113]0.980330
[2016.10.09-17.48.05:365][113]0.987443
[2016.10.09-17.48.05:367][113]0.994614
[2016.10.09-17.48.05:382][114]1.009127
[2016.10.09-17.48.05:383][114]1.023858
[2016.10.09-17.48.05:397][115]1.038589
[2016.10.09-17.48.05:413][116]1.060762
[2016.10.09-17.48.05:426][117]1.068254
[2016.10.09-17.48.05:428][117]1.075795
[2016.10.09-17.48.05:441][118]1.083383
[2016.10.09-17.48.05:443][118]1.091018
[2016.10.09-17.48.05:457][119]1.105738
[2016.10.09-17.48.05:471][120]1.113415
[2016.10.09-17.48.05:579][130]1.105738
[2016.10.09-17.48.05:593][131]1.091018
[2016.10.09-17.48.05:609][132]1.076299
[2016.10.09-17.48.05:611][132]1.068661
[2016.10.09-17.48.05:613][132]1.061581
[2016.10.09-17.48.05:625][133]1.046862
[2016.10.09-17.48.05:640][134]1.032144
[2016.10.09-17.48.05:654][135]1.017426
[2016.10.09-17.48.05:711][140]0.995705
[2016.10.09-17.48.05:774][145]0.981878
[2016.10.09-17.48.05:822][149]0.975058
[2016.10.09-17.48.05:901][156]0.968302
[2016.10.09-17.48.06:237][187]0.976281
[2016.10.09-17.48.57:597][629]Cmd: TRANSACTION UNDO
[2016.10.09-17.48.57:597][629]LogEditorTransaction: Undo Move Components
[2016.10.09-17.49.07:916][600]LogBlueprintUserMessages: Early PlayInEditor Detection: Level '/Game/FirstPersonBP/Maps/Test.Test:PersistentLevel' has LevelScriptBlueprint '/Game/FirstPersonBP/Maps/Test.Test:PersistentLevel.Test' with GeneratedClass '/Game/FirstPersonBP/Maps/Test.Test_C' with ClassGeneratedBy '/Game/FirstPersonBP/Maps/Test.Test:PersistentLevel.Test'
[2016.10.09-17.49.07:916][600]LogPlayLevel: PlayLevel: No blueprints needed recompiling
[2016.10.09-17.49.07:916][600]PIE: New page: PIE session: Test (9 Oct 2016 18:49:07)
[2016.10.09-17.49.07:916][600]LogPlayLevel: Creating play world package: /Game/FirstPersonBP/Maps/UEDPIE_0_Test
[2016.10.09-17.49.07:938][600]LogPlayLevel: PIE: StaticDuplicateObject took: (0.021933s)
[2016.10.09-17.49.07:939][600]LogAIModule: Creating AISystem for world Test
[2016.10.09-17.49.07:939][600]LogPlayLevel: PIE: World Init took: (0.001008s)
[2016.10.09-17.49.07:939][600]LogPlayLevel: PIE: Created PIE world by copying editor world from /Game/FirstPersonBP/Maps/Test.Test to /Game/FirstPersonBP/Maps/UEDPIE_0_Test.Test (0.023258s)
[2016.10.09-17.49.08:004][600]LogInit: XAudio2 using 'Speakers (2- Logitech G430 Gaming Headset)' : 2 channels at 44.1 kHz using 16 bits per sample (channel mask 0x3)
[2016.10.09-17.49.08:012][600]LogInit: FAudioDevice initialized.
[2016.10.09-17.49.08:071][600]LogWorld: Game class is 'FirstPersonGameMode_C'
[2016.10.09-17.49.08:078][600]LogWorld: Bringing World /Game/FirstPersonBP/Maps/UEDPIE_0_Test.Test up for play (max tick rate 0) at 2016.10.09-18.49.08
[2016.10.09-17.49.08:078][600]LogWorld: Bringing up level for play took: 0.006358
[2016.10.09-17.49.08:080][600]PIE: Info Play in editor start time for /Game/FirstPersonBP/Maps/UEDPIE_0_Test 0.08
[2016.10.09-17.49.08:080][600]LogBlueprintUserMessages: Late PlayInEditor Detection: Level '/Game/FirstPersonBP/Maps/Test.Test:PersistentLevel' has LevelScriptBlueprint '/Game/FirstPersonBP/Maps/Test.Test:PersistentLevel.Test' with GeneratedClass '/Game/FirstPersonBP/Maps/Test.Test_C' with ClassGeneratedBy '/Game/FirstPersonBP/Maps/Test.Test:PersistentLevel.Test'
[2016.10.09-17.49.27:610][900]LogBlueprintUserMessages: Early EndPlayMap Detection: Level '/Game/FirstPersonBP/Maps/Test.Test:PersistentLevel' has LevelScriptBlueprint '/Game/FirstPersonBP/Maps/Test.Test:PersistentLevel.Test' with GeneratedClass '/Game/FirstPersonBP/Maps/Test.Test_C' with ClassGeneratedBy '/Game/FirstPersonBP/Maps/Test.Test:PersistentLevel.Test'
[2016.10.09-17.49.27:689][900]LogBlueprintUserMessages: Late EndPlayMap Detection: Level '/Game/FirstPersonBP/Maps/Test.Test:PersistentLevel' has LevelScriptBlueprint '/Game/FirstPersonBP/Maps/Test.Test:PersistentLevel.Test' with GeneratedClass '/Game/FirstPersonBP/Maps/Test.Test_C' with ClassGeneratedBy '/Game/FirstPersonBP/Maps/Test.Test:PersistentLevel.Test'
[2016.10.09-17.56.42:312][692]BlueprintLog: New page: Compile AICharacter
[2016.10.09-17.56.42:770][692]BlueprintEditorCompileResults: Info [1318.13] Compile of AICharacter successful! [in 457 ms] (/Game/FirstPersonBP/Blueprints/AICharacter.AICharacter)
[2016.10.09-17.57.12:022][509]BlueprintLog: New page: Compile AICharacter
[2016.10.09-17.57.12:210][509]BlueprintEditorCompileResults: Info [1347.57] Compile of AICharacter successful! [in 188 ms] (/Game/FirstPersonBP/Blueprints/AICharacter.AICharacter)
[2016.10.09-17.57.16:942][852]LogBlueprintUserMessages: Early PlayInEditor Detection: Level '/Game/FirstPersonBP/Maps/Test.Test:PersistentLevel' has LevelScriptBlueprint '/Game/FirstPersonBP/Maps/Test.Test:PersistentLevel.Test' with GeneratedClass '/Game/FirstPersonBP/Maps/Test.Test_C' with ClassGeneratedBy '/Game/FirstPersonBP/Maps/Test.Test:PersistentLevel.Test'
[2016.10.09-17.57.16:942][852]LogPlayLevel: PlayLevel: No blueprints needed recompiling
[2016.10.09-17.57.16:942][852]PIE: New page: PIE session: Test (9 Oct 2016 18:57:16)
[2016.10.09-17.57.16:942][852]LogPlayLevel: Creating play world package: /Game/FirstPersonBP/Maps/UEDPIE_0_Test
[2016.10.09-17.57.16:964][852]LogPlayLevel: PIE: StaticDuplicateObject took: (0.021453s)
[2016.10.09-17.57.16:964][852]LogAIModule: Creating AISystem for world Test
[2016.10.09-17.57.16:965][852]LogPlayLevel: PIE: World Init took: (0.000997s)
[2016.10.09-17.57.16:965][852]LogPlayLevel: PIE: Created PIE world by copying editor world from /Game/FirstPersonBP/Maps/Test.Test to /Game/FirstPersonBP/Maps/UEDPIE_0_Test.Test (0.022775s)
[2016.10.09-17.57.17:002][852]LogInit: XAudio2 using 'Speakers (2- Logitech G430 Gaming Headset)' : 2 channels at 44.1 kHz using 16 bits per sample (channel mask 0x3)
[2016.10.09-17.57.17:012][852]LogInit: FAudioDevice initialized.
[2016.10.09-17.57.17:049][852]LogWorld: Game class is 'FirstPersonGameMode_C'
[2016.10.09-17.57.17:055][852]LogWorld: Bringing World /Game/FirstPersonBP/Maps/UEDPIE_0_Test.Test up for play (max tick rate 0) at 2016.10.09-18.57.17
[2016.10.09-17.57.17:056][852]LogWorld: Bringing up level for play took: 0.005752
[2016.10.09-17.57.17:058][852]PIE: Info Play in editor start time for /Game/FirstPersonBP/Maps/UEDPIE_0_Test 1.058
[2016.10.09-17.57.17:058][852]LogBlueprintUserMessages: Late PlayInEditor Detection: Level '/Game/FirstPersonBP/Maps/Test.Test:PersistentLevel' has LevelScriptBlueprint '/Game/FirstPersonBP/Maps/Test.Test:PersistentLevel.Test' with GeneratedClass '/Game/FirstPersonBP/Maps/Test.Test_C' with ClassGeneratedBy '/Game/FirstPersonBP/Maps/Test.Test:PersistentLevel.Test'
[2016.10.09-17.57.19:585][140]LogBlueprintUserMessages: Early EndPlayMap Detection: Level '/Game/FirstPersonBP/Maps/Test.Test:PersistentLevel' has LevelScriptBlueprint '/Game/FirstPersonBP/Maps/Test.Test:PersistentLevel.Test' with GeneratedClass '/Game/FirstPersonBP/Maps/Test.Test_C' with ClassGeneratedBy '/Game/FirstPersonBP/Maps/Test.Test:PersistentLevel.Test'
[2016.10.09-17.57.19:670][140]LogBlueprintUserMessages: Late EndPlayMap Detection: Level '/Game/FirstPersonBP/Maps/Test.Test:PersistentLevel' has LevelScriptBlueprint '/Game/FirstPersonBP/Maps/Test.Test:PersistentLevel.Test' with GeneratedClass '/Game/FirstPersonBP/Maps/Test.Test_C' with ClassGeneratedBy '/Game/FirstPersonBP/Maps/Test.Test:PersistentLevel.Test'
[2016.10.09-17.57.27:322][549]LogRenderer: Reallocating scene render targets to support 948x696 (Frame:86838).
[2016.10.09-17.57.54:509][283]BlueprintLog: New page: Compile AICharacter
[2016.10.09-17.57.54:689][283]BlueprintEditorCompileResults: Info [1390.05] Compile of AICharacter successful! [in 179 ms] (/Game/FirstPersonBP/Blueprints/AICharacter.AICharacter)
[2016.10.09-17.58.05:416][127]LogBlueprintUserMessages: Early PlayInEditor Detection: Level '/Game/FirstPersonBP/Maps/Test.Test:PersistentLevel' has LevelScriptBlueprint '/Game/FirstPersonBP/Maps/Test.Test:PersistentLevel.Test' with GeneratedClass '/Game/FirstPersonBP/Maps/Test.Test_C' with ClassGeneratedBy '/Game/FirstPersonBP/Maps/Test.Test:PersistentLevel.Test'
[2016.10.09-17.58.05:416][127]LogPlayLevel: PlayLevel: No blueprints needed recompiling
[2016.10.09-17.58.05:416][127]PIE: New page: PIE session: Test (9 Oct 2016 18:58:05)
[2016.10.09-17.58.05:416][127]LogPlayLevel: Creating play world package: /Game/FirstPersonBP/Maps/UEDPIE_0_Test
[2016.10.09-17.58.05:438][127]LogPlayLevel: PIE: StaticDuplicateObject took: (0.021293s)
[2016.10.09-17.58.05:439][127]LogAIModule: Creating AISystem for world Test
[2016.10.09-17.58.05:439][127]LogPlayLevel: PIE: World Init took: (0.001640s)
[2016.10.09-17.58.05:440][127]LogPlayLevel: PIE: Created PIE world by copying editor world from /Game/FirstPersonBP/Maps/Test.Test to /Game/FirstPersonBP/Maps/UEDPIE_0_Test.Test (0.023290s)
[2016.10.09-17.58.05:474][127]LogInit: XAudio2 using 'Speakers (2- Logitech G430 Gaming Headset)' : 2 channels at 44.1 kHz using 16 bits per sample (channel mask 0x3)
[2016.10.09-17.58.05:481][127]LogInit: FAudioDevice initialized.
[2016.10.09-17.58.05:524][127]LogWorld: Game class is 'FirstPersonGameMode_C'
[2016.10.09-17.58.05:530][127]LogWorld: Bringing World /Game/FirstPersonBP/Maps/UEDPIE_0_Test.Test up for play (max tick rate 0) at 2016.10.09-18.58.05
[2016.10.09-17.58.05:531][127]LogWorld: Bringing up level for play took: 0.005894
[2016.10.09-17.58.05:532][127]PIE: Info Play in editor start time for /Game/FirstPersonBP/Maps/UEDPIE_0_Test -0.468
[2016.10.09-17.58.05:532][127]LogBlueprintUserMessages: Late PlayInEditor Detection: Level '/Game/FirstPersonBP/Maps/Test.Test:PersistentLevel' has LevelScriptBlueprint '/Game/FirstPersonBP/Maps/Test.Test:PersistentLevel.Test' with GeneratedClass '/Game/FirstPersonBP/Maps/Test.Test_C' with ClassGeneratedBy '/Game/FirstPersonBP/Maps/Test.Test:PersistentLevel.Test'
[2016.10.09-17.58.10:043][652]LogBlueprintUserMessages: Early EndPlayMap Detection: Level '/Game/FirstPersonBP/Maps/Test.Test:PersistentLevel' has LevelScriptBlueprint '/Game/FirstPersonBP/Maps/Test.Test:PersistentLevel.Test' with GeneratedClass '/Game/FirstPersonBP/Maps/Test.Test_C' with ClassGeneratedBy '/Game/FirstPersonBP/Maps/Test.Test:PersistentLevel.Test'
[2016.10.09-17.58.10:115][652]LogBlueprintUserMessages: Late EndPlayMap Detection: Level '/Game/FirstPersonBP/Maps/Test.Test:PersistentLevel' has LevelScriptBlueprint '/Game/FirstPersonBP/Maps/Test.Test:PersistentLevel.Test' with GeneratedClass '/Game/FirstPersonBP/Maps/Test.Test_C' with ClassGeneratedBy '/Game/FirstPersonBP/Maps/Test.Test:PersistentLevel.Test'
[2016.10.09-17.58.22:638][829]LogRenderer: Reallocating scene render targets to support 1212x696 (Frame:93679).
[2016.10.09-17.58.36:196][135]LogBlueprintUserMessages: Early PlayInEditor Detection: Level '/Game/FirstPersonBP/Maps/Test.Test:PersistentLevel' has LevelScriptBlueprint '/Game/FirstPersonBP/Maps/Test.Test:PersistentLevel.Test' with GeneratedClass '/Game/FirstPersonBP/Maps/Test.Test_C' with ClassGeneratedBy '/Game/FirstPersonBP/Maps/Test.Test:PersistentLevel.Test'
[2016.10.09-17.58.36:196][135]LogPlayLevel: PlayLevel: No blueprints needed recompiling
[2016.10.09-17.58.36:196][135]PIE: New page: PIE session: Test (9 Oct 2016 18:58:36)
[2016.10.09-17.58.36:196][135]LogPlayLevel: Creating play world package: /Game/FirstPersonBP/Maps/UEDPIE_0_Test
[2016.10.09-17.58.36:216][135]LogPlayLevel: PIE: StaticDuplicateObject took: (0.020259s)
[2016.10.09-17.58.36:217][135]LogAIModule: Creating AISystem for world Test
[2016.10.09-17.58.36:217][135]LogPlayLevel: PIE: World Init took: (0.000936s)
[2016.10.09-17.58.36:217][135]LogPlayLevel: PIE: Created PIE world by copying editor world from /Game/FirstPersonBP/Maps/Test.Test to /Game/FirstPersonBP/Maps/UEDPIE_0_Test.Test (0.021519s)
[2016.10.09-17.58.36:249][135]LogInit: XAudio2 using 'Speakers (2- Logitech G430 Gaming Headset)' : 2 channels at 44.1 kHz using 16 bits per sample (channel mask 0x3)
[2016.10.09-17.58.36:257][135]LogInit: FAudioDevice initialized.
[2016.10.09-17.58.36:313][135]LogWorld: Game class is 'FirstPersonGameMode_C'
[2016.10.09-17.58.36:319][135]LogWorld: Bringing World /Game/FirstPersonBP/Maps/UEDPIE_0_Test.Test up for play (max tick rate 0) at 2016.10.09-18.58.36
[2016.10.09-17.58.36:320][135]LogWorld: Bringing up level for play took: 0.005648
[2016.10.09-17.58.36:321][135]PIE: Info Play in editor start time for /Game/FirstPersonBP/Maps/UEDPIE_0_Test 0.321
[2016.10.09-17.58.36:321][135]LogBlueprintUserMessages: Late PlayInEditor Detection: Level '/Game/FirstPersonBP/Maps/Test.Test:PersistentLevel' has LevelScriptBlueprint '/Game/FirstPersonBP/Maps/Test.Test:PersistentLevel.Test' with GeneratedClass '/Game/FirstPersonBP/Maps/Test.Test_C' with ClassGeneratedBy '/Game/FirstPersonBP/Maps/Test.Test:PersistentLevel.Test'
[2016.10.09-17.58.44:009][ 29]LogBlueprintUserMessages: Early EndPlayMap Detection: Level '/Game/FirstPersonBP/Maps/Test.Test:PersistentLevel' has LevelScriptBlueprint '/Game/FirstPersonBP/Maps/Test.Test:PersistentLevel.Test' with GeneratedClass '/Game/FirstPersonBP/Maps/Test.Test_C' with ClassGeneratedBy '/Game/FirstPersonBP/Maps/Test.Test:PersistentLevel.Test'
[2016.10.09-17.58.44:084][ 29]LogBlueprintUserMessages: Late EndPlayMap Detection: Level '/Game/FirstPersonBP/Maps/Test.Test:PersistentLevel' has LevelScriptBlueprint '/Game/FirstPersonBP/Maps/Test.Test:PersistentLevel.Test' with GeneratedClass '/Game/FirstPersonBP/Maps/Test.Test_C' with ClassGeneratedBy '/Game/FirstPersonBP/Maps/Test.Test:PersistentLevel.Test'
[2016.10.09-17.59.01:257][583]Cmd: OBJ SAVEPACKAGE PACKAGE="/Game/FirstPersonBP/Blueprints/AICharacter" FILE="D:/Repositories/UnrealGameJam/UnrealGameJam/Content/FirstPersonBP/Blueprints/AICharacter.uasset" SILENT=true
[2016.10.09-17.59.01:324][583]LogSavePackage: Save=60.46ms
[2016.10.09-17.59.01:324][583]LogSavePackage: Moving 'D:/Repositories/UnrealGameJam/UnrealGameJam/Saved/AICharacterE93657B24CF7BB11B41A56AF73547C9F.tmp' to 'D:/Repositories/UnrealGameJam/UnrealGameJam/Content/FirstPersonBP/Blueprints/AICharacter.uasset'
[2016.10.09-17.59.01:326][583]LogSavePackage:Display: Finished SavePackage D:/Repositories/UnrealGameJam/UnrealGameJam/Content/FirstPersonBP/Blueprints/AICharacter.uasset
[2016.10.09-17.59.01:386][583]Cmd: OBJ SAVEPACKAGE PACKAGE="/Game/FirstPersonBP/Maps/Test" FILE="D:/Repositories/UnrealGameJam/UnrealGameJam/Content/FirstPersonBP/Maps/Test.umap" SILENT=true AUTOSAVING=false KEEPDIRTY=false
[2016.10.09-17.59.03:130][583]LogSavePackage: Save=1684.38ms
[2016.10.09-17.59.03:130][583]LogSavePackage: Moving 'D:/Repositories/UnrealGameJam/UnrealGameJam/Saved/Test05694BC040C9684B8E9CE0A8CCCE5284.tmp' to 'D:/Repositories/UnrealGameJam/UnrealGameJam/Content/FirstPersonBP/Maps/Test.umap'
[2016.10.09-17.59.03:133][583]LogSavePackage:Display: Finished SavePackage D:/Repositories/UnrealGameJam/UnrealGameJam/Content/FirstPersonBP/Maps/Test.umap
[2016.10.09-17.59.03:168][583]LogFileHelpers: Saving map 'Test' took 1.839
[2016.10.09-17.59.03:463][584]Cmd: QUIT_EDITOR
[2016.10.09-17.59.04:341][584]LogWindowsTextInputMethodSystem:Display: IME system now deactivated.
[2016.10.09-17.59.04:371][584]LogExit: Preparing to exit.
[2016.10.09-17.59.05:458][584]LogExit: Editor shut down
[2016.10.09-17.59.05:459][584]LogExit: Transaction tracking system shut down
[2016.10.09-17.59.05:831][584]LogObj: Freed 0b from 0 cluster array pools.
[2016.10.09-17.59.05:831][584]LogExit: Object subsystem successfully closed.
[2016.10.09-17.59.05:912][584]LogD3D11RHI: Shutdown
[2016.10.09-17.59.05:912][584]LogD3D11RHI: CleanupD3DDevice
[2016.10.09-17.59.06:059][584]LogD3D11RHI: ~FD3D11DynamicRHI
[2016.10.09-17.59.06:097][584]LogModuleManager: Shutting down and abandoning module BlueprintGraph (215)
[2016.10.09-17.59.06:097][584]LogModuleManager: Shutting down and abandoning module MovieSceneCapture (214)
[2016.10.09-17.59.06:097][584]LogModuleManager: Shutting down and abandoning module StatsViewer (213)
[2016.10.09-17.59.06:097][584]LogModuleManager: Shutting down and abandoning module HierarchicalLODOutliner (212)
[2016.10.09-17.59.06:098][584]LogModuleManager: Shutting down and abandoning module CrashTracker (211)
[2016.10.09-17.59.06:098][584]LogModuleManager: Shutting down and abandoning module SceneOutliner (210)
[2016.10.09-17.59.06:098][584]LogModuleManager: Shutting down and abandoning module WidgetCarousel (209)
[2016.10.09-17.59.06:098][584]LogModuleManager: Shutting down and abandoning module AddContentDialog (208)
[2016.10.09-17.59.06:104][584]LogModuleManager: Shutting down and abandoning module GameplayTags (207)
[2016.10.09-17.59.06:104][584]LogModuleManager: Shutting down and abandoning module EditorWidgets (206)
[2016.10.09-17.59.06:104][584]LogModuleManager: Shutting down and abandoning module CollectionManager (205)
[2016.10.09-17.59.06:105][584]LogModuleManager: Shutting down and abandoning module FoliageEdit (204)
[2016.10.09-17.59.06:105][584]LogModuleManager: Shutting down and abandoning module LandscapeEditor (203)
[2016.10.09-17.59.06:106][584]LogModuleManager: Shutting down and abandoning module SceneDepthPickerMode (202)
[2016.10.09-17.59.06:106][584]LogModuleManager: Shutting down and abandoning module ActorPickerMode (201)
[2016.10.09-17.59.06:106][584]LogModuleManager: Shutting down and abandoning module GeometryMode (200)
[2016.10.09-17.59.06:106][584]LogModuleManager: Shutting down and abandoning module TextureAlignMode (199)
[2016.10.09-17.59.06:106][584]LogModuleManager: Shutting down and abandoning module BspMode (198)
[2016.10.09-17.59.06:106][584]LogModuleManager: Shutting down and abandoning module HardwareSurvey (197)
[2016.10.09-17.59.06:106][584]LogModuleManager: Shutting down and abandoning module SequenceRecorderSections (196)
[2016.10.09-17.59.06:106][584]LogModuleManager: Shutting down and abandoning module SequenceRecorder (195)
[2016.10.09-17.59.06:107][584]LogModuleManager: Shutting down and abandoning module AutomationWorker (194)
[2016.10.09-17.59.06:107][584]LogModuleManager: Shutting down and abandoning module MatineeToLevelSequence (193)
[2016.10.09-17.59.06:107][584]LogModuleManager: Shutting down and abandoning module PlacementMode (192)
[2016.10.09-17.59.06:107][584]LogModuleManager: Shutting down and abandoning module LevelSequenceEditor (191)
[2016.10.09-17.59.06:109][584]LogModuleManager: Shutting down and abandoning module CharacterAI (190)
[2016.10.09-17.59.06:109][584]LogModuleManager: Shutting down and abandoning module SmartSnapping (189)
[2016.10.09-17.59.06:109][584]LogModuleManager: Shutting down and abandoning module SessionServices (188)
[2016.10.09-17.59.06:109][584]LogModuleManager: Shutting down and abandoning module ViewportSnapping (187)
[2016.10.09-17.59.06:110][584]LogModuleManager: Shutting down and abandoning module LogVisualizer (186)
[2016.10.09-17.59.06:111][584]LogModuleManager: Shutting down and abandoning module GameProjectGeneration (185)
[2016.10.09-17.59.06:112][584]LogModuleManager: Shutting down and abandoning module IntroTutorials (184)
[2016.10.09-17.59.06:112][584]LogModuleManager: Shutting down and abandoning module EditorLiveStreaming (183)
[2016.10.09-17.59.06:112][584]LogModuleManager: Shutting down and abandoning module IOSPlatformEditor (182)
[2016.10.09-17.59.06:113][584]LogModuleManager: Shutting down and abandoning module HTML5PlatformEditor (181)
[2016.10.09-17.59.06:113][584]LogModuleManager: Shutting down and abandoning module AndroidDeviceDetection (180)
[2016.10.09-17.59.06:907][584]LogModuleManager: Shutting down and abandoning module AndroidPlatformEditor (179)
[2016.10.09-17.59.06:907][584]LogModuleManager: Shutting down and abandoning module IOSRuntimeSettings (178)
[2016.10.09-17.59.06:907][584]LogModuleManager: Shutting down and abandoning module AndroidRuntimeSettings (177)
[2016.10.09-17.59.06:907][584]LogModuleManager: Shutting down and abandoning module MergeActors (176)
[2016.10.09-17.59.06:908][584]LogModuleManager: Shutting down and abandoning module SizeMap (175)
[2016.10.09-17.59.06:908][584]LogModuleManager: Shutting down and abandoning module TreeMap (174)
[2016.10.09-17.59.06:908][584]LogModuleManager: Shutting down and abandoning module ReferenceViewer (173)
[2016.10.09-17.59.06:909][584]LogModuleManager: Shutting down and abandoning module LocalizationService (172)
[2016.10.09-17.59.06:909][584]LogModuleManager: Shutting down and abandoning module LocalizationDashboard (171)
[2016.10.09-17.59.06:910][584]LogModuleManager: Shutting down and abandoning module HardwareTargeting (170)
[2016.10.09-17.59.06:910][584]LogModuleManager: Shutting down and abandoning module DeviceProfileEditor (169)
[2016.10.09-17.59.06:910][584]LogModuleManager: Shutting down and abandoning module UndoHistory (168)
[2016.10.09-17.59.06:911][584]LogModuleManager: Shutting down and abandoning module UserFeedback (167)
[2016.10.09-17.59.06:911][584]LogModuleManager: Shutting down and abandoning module XmlParser (166)
[2016.10.09-17.59.06:911][584]LogModuleManager: Shutting down and abandoning module Blutility (165)
[2016.10.09-17.59.06:911][584]LogModuleManager: Shutting down and abandoning module ProjectTargetPlatformEditor (164)
[2016.10.09-17.59.06:911][584]LogModuleManager: Shutting down and abandoning module ProjectSettingsViewer (163)
[2016.10.09-17.59.06:911][584]LogModuleManager: Shutting down and abandoning module InputBindingEditor (162)
[2016.10.09-17.59.06:912][584]LogModuleManager: Shutting down and abandoning module EditorSettingsViewer (161)
[2016.10.09-17.59.06:912][584]LogModuleManager: Shutting down and abandoning module SettingsEditor (160)
[2016.10.09-17.59.06:913][584]LogModuleManager: Shutting down and abandoning module ProjectLauncher (159)
[2016.10.09-17.59.06:914][584]LogModuleManager: Shutting down and abandoning module SessionFrontend (158)
[2016.10.09-17.59.06:915][584]LogModuleManager: Shutting down and abandoning module ProfilerClient (157)
[2016.10.09-17.59.06:915][584]LogModuleManager: Shutting down and abandoning module TargetDeviceServices (156)
[2016.10.09-17.59.06:915][584]LogModuleManager: Shutting down and abandoning module DeviceManager (155)
[2016.10.09-17.59.06:959][584]LogModuleManager: Shutting down and abandoning module AutomationController (154)
[2016.10.09-17.59.06:960][584]LogModuleManager: Shutting down and abandoning module AutomationWindow (153)
[2016.10.09-17.59.06:960][584]LogModuleManager: Shutting down and abandoning module Layers (152)
[2016.10.09-17.59.06:962][584]LogModuleManager: Shutting down and abandoning module ComponentVisualizers (151)
[2016.10.09-17.59.06:962][584]LogModuleManager: Shutting down and abandoning module DetailCustomizations (150)
[2016.10.09-17.59.06:963][584]LogModuleManager: Shutting down and abandoning module PackagesDialog (149)
[2016.10.09-17.59.06:963][584]LogModuleManager: Shutting down and abandoning module Persona (148)
[2016.10.09-17.59.06:965][584]LogModuleManager: Shutting down and abandoning module Kismet (147)
[2016.10.09-17.59.06:965][584]LogModuleManager: Shutting down and abandoning module GraphEditor (146)
[2016.10.09-17.59.06:965][584]LogModuleManager: Shutting down and abandoning module ClassViewer (145)
[2016.10.09-17.59.06:966][584]LogModuleManager: Shutting down and abandoning module Toolbox (144)
[2016.10.09-17.59.06:966][584]LogModuleManager: Shutting down and abandoning module ModuleUI (143)
[2016.10.09-17.59.06:966][584]LogModuleManager: Shutting down and abandoning module MovieSceneTools (142)
[2016.10.09-17.59.06:967][584]LogModuleManager: Shutting down and abandoning module OutputLog (141)
[2016.10.09-17.59.06:967][584]LogModuleManager: Shutting down and abandoning module GammaUI (140)
[2016.10.09-17.59.06:968][584]LogModuleManager: Shutting down and abandoning module Documentation (139)
[2016.10.09-17.59.06:968][584]LogModuleManager: Shutting down and abandoning module StreamingPauseRendering (138)
[2016.10.09-17.59.06:968][584]LogModuleManager: Shutting down and abandoning module AnalyticsET (137)
[2016.10.09-17.59.06:968][584]LogModuleManager: Shutting down and abandoning module Analytics (136)
[2016.10.09-17.59.06:969][584]LogModuleManager: Shutting down and abandoning module PortalServices (135)
[2016.10.09-17.59.06:969][584]LogModuleManager: Shutting down and abandoning module PortalRpc (134)
[2016.10.09-17.59.06:969][584]LogModuleManager: Shutting down and abandoning module MessagingRpc (133)
[2016.10.09-17.59.06:969][584]LogModuleManager: Shutting down and abandoning module GameplayDebugger (132)
[2016.10.09-17.59.06:969][584]LogModuleManager: Shutting down and abandoning module AITestSuite (131)
[2016.10.09-17.59.06:969][584]LogModuleManager: Shutting down and abandoning module AIModule (130)
[2016.10.09-17.59.06:969][584]LogModuleManager: Shutting down and abandoning module ProfilerService (129)
[2016.10.09-17.59.07:130][584]LogModuleManager: Shutting down and abandoning module TaskGraph (128)
[2016.10.09-17.59.07:131][584]LogModuleManager: Shutting down and abandoning module SlateRemote (127)
[2016.10.09-17.59.07:131][584]LogModuleManager: Shutting down and abandoning module SteamVRController (126)
[2016.10.09-17.59.07:131][584]LogModuleManager: Shutting down and abandoning module SteamVR (125)
[2016.10.09-17.59.07:131][584]LogModuleManager: Shutting down and abandoning module ProceduralMeshComponent (124)
[2016.10.09-17.59.07:131][584]LogModuleManager: Shutting down and abandoning module OculusLibrary (123)
[2016.10.09-17.59.07:131][584]LogModuleManager: Shutting down and abandoning module OculusInput (122)
[2016.10.09-17.59.07:131][584]LogModuleManager: Shutting down and abandoning module CustomMeshComponent (121)
[2016.10.09-17.59.07:132][584]LogModuleManager: Shutting down and abandoning module CableComponent (120)
[2016.10.09-17.59.07:132][584]LogModuleManager: Shutting down and abandoning module ArchVisCharacter (119)
[2016.10.09-17.59.07:132][584]LogModuleManager: Shutting down and abandoning module MediaPlayerEditor (118)
[2016.10.09-17.59.07:133][584]LogModuleManager: Shutting down and abandoning module HTML5Networking (117)
[2016.10.09-17.59.07:133][584]LogModuleManager: Shutting down and abandoning module SuperSearch (116)
[2016.10.09-17.59.07:133][584]LogModuleManager: Shutting down and abandoning module SuperSearchEditor (115)
[2016.10.09-17.59.07:133][584]LogModuleManager: Shutting down and abandoning module SpeedTreeImporter (114)
[2016.10.09-17.59.07:133][584]LogModuleManager: Shutting down and abandoning module PluginBrowser (113)
[2016.10.09-17.59.07:135][584]LogModuleManager: Shutting down and abandoning module EpicSurvey (112)
[2016.10.09-17.59.07:135][584]LogModuleManager: Shutting down and abandoning module DesktopPlatform (111)
[2016.10.09-17.59.07:135][584]LogModuleManager: Shutting down and abandoning module VisualStudioSourceCodeAccess (110)
[2016.10.09-17.59.07:135][584]LogModuleManager: Shutting down and abandoning module UObjectPlugin (109)
[2016.10.09-17.59.07:135][584]LogModuleManager: Shutting down and abandoning module SubversionSourceControl (108)
[2016.10.09-17.59.07:136][584]LogModuleManager: Shutting down and abandoning module PerforceSourceControl (107)
[2016.10.09-17.59.07:136][584]LogModuleManager: Shutting down and abandoning module SourceControl (106)
[2016.10.09-17.59.07:137][584]LogModuleManager: Shutting down and abandoning module GitSourceControl (105)
[2016.10.09-17.59.07:138][584]LogModuleManager: Shutting down and abandoning module LightPropagationVolumeEditor (104)
[2016.10.09-17.59.07:138][584]LogModuleManager: Shutting down and abandoning module PaperTiledImporter (103)
[2016.10.09-17.59.07:138][584]LogModuleManager: Shutting down and abandoning module PaperSpriteSheetImporter (102)
[2016.10.09-17.59.07:138][584]LogModuleManager: Shutting down and abandoning module MeshPaint (101)
[2016.10.09-17.59.07:138][584]LogModuleManager: Shutting down and abandoning module PixelInspectorModule (100)
[2016.10.09-17.59.07:139][584]LogModuleManager: Shutting down and abandoning module HotReload (99)
[2016.10.09-17.59.07:140][584]LogModuleManager: Shutting down and abandoning module MainFrame (98)
[2016.10.09-17.59.07:140][584]LogModuleManager: Shutting down and abandoning module LevelEditor (97)
[2016.10.09-17.59.07:141][584]LogModuleManager: Shutting down and abandoning module ContentBrowser (96)
[2016.10.09-17.59.07:144][584]LogModuleManager: Shutting down and abandoning module Paper2DEditor (95)
[2016.10.09-17.59.07:145][584]LogModuleManager: Shutting down and abandoning module UdpMessaging (94)
[2016.10.09-17.59.07:246][584]LogModuleManager: Shutting down and abandoning module LightPropagationVolumeRuntime (93)
[2016.10.09-17.59.07:246][584]LogModuleManager: Shutting down and abandoning module Paper2D (92)
[2016.10.09-17.59.07:246][584]LogModuleManager: Shutting down and abandoning module WindowsMoviePlayer (91)
[2016.10.09-17.59.07:246][584]LogModuleManager: Shutting down and abandoning module Media (90)
[2016.10.09-17.59.07:246][584]LogModuleManager: Shutting down and abandoning module WmfMedia (89)
[2016.10.09-17.59.07:247][584]LogModuleManager: Shutting down and abandoning module MediaAssets (88)
[2016.10.09-17.59.07:247][584]LogModuleManager: Shutting down and abandoning module GameLiveStreaming (87)
[2016.10.09-17.59.07:247][584]LogModuleManager: Shutting down and abandoning module GameplayTagsEditor (86)
[2016.10.09-17.59.07:247][584]LogModuleManager: Shutting down and abandoning module OnlineBlueprintSupport (85)
[2016.10.09-17.59.07:247][584]LogModuleManager: Shutting down and abandoning module VREditor (84)
[2016.10.09-17.59.07:247][584]LogModuleManager: Shutting down and abandoning module GameplayTasksEditor (83)
[2016.10.09-17.59.07:247][584]LogModuleManager: Shutting down and abandoning module PropertyEditor (82)
[2016.10.09-17.59.07:247][584]LogModuleManager: Shutting down and abandoning module BehaviorTreeEditor (81)
[2016.10.09-17.59.07:248][584]LogModuleManager: Shutting down and abandoning module FunctionalTesting (80)
[2016.10.09-17.59.07:248][584]LogModuleManager: Shutting down and abandoning module CollisionAnalyzer (79)
[2016.10.09-17.59.07:250][584]LogModuleManager: Shutting down and abandoning module Sequencer (78)
[2016.10.09-17.59.07:250][584]LogModuleManager: Shutting down and abandoning module WorkspaceMenuStructure (77)
[2016.10.09-17.59.07:251][584]LogModuleManager: Shutting down and abandoning module MessageLog (76)
[2016.10.09-17.59.07:251][584]LogModuleManager: Shutting down and abandoning module AssetTools (75)
[2016.10.09-17.59.07:252][584]LogModuleManager: Shutting down and abandoning module UMGEditor (74)
[2016.10.09-17.59.07:253][584]LogModuleManager: Shutting down and abandoning module UMG (73)
[2016.10.09-17.59.07:254][584]LogModuleManager: Shutting down and abandoning module SlateReflector (72)
[2016.10.09-17.59.07:256][584]LogModuleManager: Shutting down and abandoning module Slate (71)
[2016.10.09-17.59.07:256][584]LogModuleManager: Shutting down and abandoning module EditorStyle (70)
[2016.10.09-17.59.07:260][584]LogModuleManager: Shutting down and abandoning module SourceCodeAccess (69)
[2016.10.09-17.59.07:260][584]LogModuleManager: Shutting down and abandoning module HeadMountedDisplay (68)
[2016.10.09-17.59.07:260][584]LogModuleManager: Shutting down and abandoning module XAudio2 (67)
[2016.10.09-17.59.07:260][584]LogModuleManager: Shutting down and abandoning module Networking (65)
[2016.10.09-17.59.07:260][584]LogModuleManager: Shutting down and abandoning module Core (64)
[2016.10.09-17.59.07:260][584]LogModuleManager: Shutting down and abandoning module DirectoryWatcher (63)
[2016.10.09-17.59.07:268][584]LogModuleManager: Shutting down and abandoning module AssetRegistry (62)
[2016.10.09-17.59.07:461][584]LogModuleManager: Shutting down and abandoning module KismetCompiler (61)
[2016.10.09-17.59.07:461][584]LogModuleManager: Shutting down and abandoning module PhysXFormats (60)
[2016.10.09-17.59.07:461][584]LogModuleManager: Shutting down and abandoning module MeshUtilities (59)
[2016.10.09-17.59.07:462][584]LogModuleManager: Shutting down and abandoning module DerivedDataCache (58)
[2016.10.09-17.59.07:525][584]LogDerivedDataCache: Shutdown
[2016.10.09-17.59.07:525][584]LogModuleManager: Shutting down and abandoning module VulkanShaderFormat (57)
[2016.10.09-17.59.07:525][584]LogModuleManager: Shutting down and abandoning module ShaderFormatOpenGL (56)
[2016.10.09-17.59.07:526][584]LogModuleManager: Shutting down and abandoning module ShaderFormatD3D (55)
[2016.10.09-17.59.07:526][584]LogModuleManager: Shutting down and abandoning module MetalShaderFormat (54)
[2016.10.09-17.59.07:526][584]LogModuleManager: Shutting down and abandoning module TextureFormatUncompressed (53)
[2016.10.09-17.59.07:526][584]LogModuleManager: Shutting down and abandoning module TextureFormatPVR (52)
[2016.10.09-17.59.07:526][584]LogModuleManager: Shutting down and abandoning module TextureFormatIntelISPCTexComp (51)
[2016.10.09-17.59.07:527][584]LogModuleManager: Shutting down and abandoning module TextureFormatDXT (50)
[2016.10.09-17.59.07:527][584]LogModuleManager: Shutting down and abandoning module ImageWrapper (49)
[2016.10.09-17.59.07:527][584]LogModuleManager: Shutting down and abandoning module TextureFormatASTC (48)
[2016.10.09-17.59.07:527][584]LogModuleManager: Shutting down and abandoning module TextureFormatAndroid (47)
[2016.10.09-17.59.07:527][584]LogModuleManager: Shutting down and abandoning module AudioFormatOpus (46)
[2016.10.09-17.59.07:527][584]LogModuleManager: Shutting down and abandoning module AudioFormatOgg (45)
[2016.10.09-17.59.07:527][584]LogModuleManager: Shutting down and abandoning module AudioFormatADPCM (44)
[2016.10.09-17.59.07:527][584]LogModuleManager: Shutting down and abandoning module LinuxTargetPlatform (43)
[2016.10.09-17.59.07:527][584]LogModuleManager: Shutting down and abandoning module LinuxServerTargetPlatform (42)
[2016.10.09-17.59.07:527][584]LogModuleManager: Shutting down and abandoning module LinuxNoEditorTargetPlatform (41)
[2016.10.09-17.59.07:527][584]LogModuleManager: Shutting down and abandoning module TVOSTargetPlatform (40)
[2016.10.09-17.59.07:527][584]LogModuleManager: Shutting down and abandoning module Messaging (39)
[2016.10.09-17.59.07:527][584]LogModuleManager: Shutting down and abandoning module IOSTargetPlatform (38)
[2016.10.09-17.59.07:527][584]LogModuleManager: Shutting down and abandoning module HTML5TargetPlatform (37)
[2016.10.09-17.59.07:527][584]LogModuleManager: Shutting down and abandoning module Android_PVRTCTargetPlatform (36)
[2016.10.09-17.59.07:527][584]LogModuleManager: Shutting down and abandoning module Android_MultiTargetPlatform (35)
[2016.10.09-17.59.07:528][584]LogModuleManager: Shutting down and abandoning module Android_ETC2TargetPlatform (34)
[2016.10.09-17.59.07:528][584]LogModuleManager: Shutting down and abandoning module Android_ETC1TargetPlatform (33)
[2016.10.09-17.59.07:528][584]LogModuleManager: Shutting down and abandoning module Android_DXTTargetPlatform (32)
[2016.10.09-17.59.07:528][584]LogModuleManager: Shutting down and abandoning module Android_ATCTargetPlatform (31)
[2016.10.09-17.59.07:528][584]LogModuleManager: Shutting down and abandoning module Android_ASTCTargetPlatform (30)
[2016.10.09-17.59.07:528][584]LogModuleManager: Shutting down and abandoning module AndroidTargetPlatform (29)
[2016.10.09-17.59.07:528][584]LogModuleManager: Shutting down and abandoning module WindowsTargetPlatform (28)
[2016.10.09-17.59.07:528][584]LogModuleManager: Shutting down and abandoning module WindowsServerTargetPlatform (27)
[2016.10.09-17.59.07:528][584]LogModuleManager: Shutting down and abandoning module WindowsNoEditorTargetPlatform (26)
[2016.10.09-17.59.07:528][584]LogModuleManager: Shutting down and abandoning module WindowsClientTargetPlatform (25)
[2016.10.09-17.59.07:528][584]LogModuleManager: Shutting down and abandoning module AllDesktopTargetPlatform (24)
[2016.10.09-17.59.07:528][584]LogModuleManager: Shutting down and abandoning module TargetPlatform (23)
[2016.10.09-17.59.07:528][584]LogModuleManager: Shutting down and abandoning module InputCore (22)
[2016.10.09-17.59.07:528][584]LogModuleManager: Shutting down and abandoning module Settings (21)
[2016.10.09-17.59.07:529][584]LogModuleManager: Shutting down and abandoning module OnlineSubsystem (19)
[2016.10.09-17.59.07:529][584]LogModuleManager: Shutting down and abandoning module HTTP (18)
[2016.10.09-17.59.09:031][584]LogModuleManager: Shutting down and abandoning module XMPP (17)
[2016.10.09-17.59.09:031][584]LogModuleManager: Shutting down and abandoning module OculusRift (16)
[2016.10.09-17.59.09:032][584]LogModuleManager: Shutting down and abandoning module ExampleDeviceProfileSelector (15)
[2016.10.09-17.59.09:032][584]LogModuleManager: Shutting down and abandoning module TextureCompressor (14)
[2016.10.09-17.59.09:032][584]LogModuleManager: Shutting down and abandoning module ShaderCore (13)
[2016.10.09-17.59.09:032][584]LogModuleManager: Shutting down and abandoning module Landscape (12)
[2016.10.09-17.59.09:032][584]LogModuleManager: Shutting down and abandoning module SlateRHIRenderer (11)
[2016.10.09-17.59.09:040][584]LogModuleManager: Shutting down and abandoning module OpenGLDrv (10)
[2016.10.09-17.59.09:040][584]LogModuleManager: Shutting down and abandoning module D3D11RHI (9)
[2016.10.09-17.59.09:041][584]LogModuleManager: Shutting down and abandoning module AnimGraphRuntime (8)
[2016.10.09-17.59.09:041][584]LogModuleManager: Shutting down and abandoning module Renderer (7)
[2016.10.09-17.59.09:041][584]LogModuleManager: Shutting down and abandoning module Engine (6)
[2016.10.09-17.59.09:041][584]LogModuleManager: Shutting down and abandoning module CoreUObject (5)
[2016.10.09-17.59.09:041][584]LogModuleManager: Shutting down and abandoning module NetworkFile (4)
[2016.10.09-17.59.09:041][584]LogModuleManager: Shutting down and abandoning module StreamingFile (3)
[2016.10.09-17.59.09:041][584]LogModuleManager: Shutting down and abandoning module SandboxFile (2)
[2016.10.09-17.59.09:041][584]LogModuleManager: Shutting down and abandoning module PakFile (1)
[2016.10.09-17.59.09:044][584]LogExit: Exiting.
[2016.10.09-17.59.09:050][584]Log file closed, 10/09/16 18:59:09
