Log file open, 10/09/16 12:19:33
LogInit:Display: Running engine for game: UnrealGameJam
LogPlatformFile: Not using cached read wrapper
LogInit:Display: RandInit(-444697780) SRandInit(-444697778).
LogTaskGraph: Started task graph with 4 named threads and 7 total threads with 1 sets of task threads.
LogStats: Stats thread started at 0.138522
LogInit: Version: 4.12.5-3039270+++UE4+Release-4.12
LogInit: API Version: 2992821
LogInit: Net Version: 3039270
LogDevObjectVersion: Number of dev versions registered: 13
LogDevObjectVersion:   Dev-Blueprints (B0D832E4-1F89-4F0D-ACCF-7EB736FD4AA2): 3
LogDevObjectVersion:   Dev-Build (E1C64328-A22C-4D53-A36C-8E866417BD8C): 0
LogDevObjectVersion:   Dev-Core (375EC13C-06E4-48FB-B500-84F0262A717E): 1
LogDevObjectVersion:   Dev-Editor (E4B068ED-F494-42E9-A231-DA0B2E46BB41): 2
LogDevObjectVersion:   Dev-Framework (CFFC743F-43B0-4480-9391-14DF171D2073): 6
LogDevObjectVersion:   Dev-Mobile (B02B49B5-BB20-44E9-A304-32B752E40360): 0
LogDevObjectVersion:   Dev-Networking (A4E4105C-59A1-49B5-A7C5-40C4547EDFEE): 0
LogDevObjectVersion:   Dev-Online (39C831C9-5AE6-47DC-9A44-9C173E1C8E7C): 0
LogDevObjectVersion:   Dev-Physics (78F01B33-EBEA-4F98-B9B4-84EACCB95AA2): 0
LogDevObjectVersion:   Dev-Platform (6631380F-2D4D-43E0-8009-CF276956A95A): 0
LogDevObjectVersion:   Dev-Rendering (12F88B9F-8875-4AFC-A67C-D90C383ABD29): 2
LogDevObjectVersion:   Dev-Sequencer (7B5AE74C-D270-4C10-A958-57980B212A5A): 0
LogDevObjectVersion:   Dev-VR (D7296918-1DD6-4BDD-9DE2-64A83CC13884): 0
LogInit: Compiled (64-bit): Jul  6 2016 09:09:46
LogInit: Compiled with Visual C++: 19.00.23026.00
LogInit: Build Configuration: Development
LogInit: Branch Name: ++UE4+Release-4.12
LogInit: Command line:  
LogInit: Base directory: C:/Program Files (x86)/Epic Games/4.12/Engine/Binaries/Win64/
LogInit: Installed Engine Build: 1
LogInit: Using libcurl 7.41.0
LogInit:  - built for x86_64-pc-win32
LogInit:  - supports SSL with WinSSL
LogInit:  - other features:
LogInit:      CURL_VERSION_SSL
LogInit:      CURL_VERSION_IPV6
LogInit:      CURL_VERSION_ASYNCHDNS
LogInit:      CURL_VERSION_LARGEFILE
LogInit:      CURL_VERSION_IDN
LogInit:  CurlRequestOptions (configurable via config and command line):
LogInit:  - bVerifyPeer = true  - Libcurl will verify peer certificate
LogInit:  - bUseHttpProxy = false  - Libcurl will NOT use HTTP proxy
LogInit:  - bDontReuseConnections = false  - Libcurl will reuse connections
LogInit:  - CertBundlePath = nullptr  - Libcurl will use whatever was configured at build time.
LogInit: Presizing for max 8388607 objects, including 0 objects not considered by GC, pre-allocating 0 bytes for permanent pool.
LogInit: Object subsystem initialized
[2016.10.09-11.19.33:467][  0]LogInit: Selected Device Profile: [Windows]
[2016.10.09-11.19.33:467][  0]LogInit: Applying CVar settings loaded from the selected device profile: [Windows]
[2016.10.09-11.19.33:493][  0]LogInit: Computer: DESKTOP-N6TRJQS
[2016.10.09-11.19.33:493][  0]LogInit: User: Conor
[2016.10.09-11.19.33:493][  0]LogInit: CPU Page size=65536, Cores=4
[2016.10.09-11.19.33:493][  0]LogInit: High frequency timer resolution =3.312791 MHz
[2016.10.09-11.19.33:494][  0]LogMemory: Memory total: Physical=8.0GB (8GB approx)
[2016.10.09-11.19.33:494][  0]LogMemory: Platform Memory Stats for Windows
[2016.10.09-11.19.33:494][  0]LogMemory: Process Physical Memory: 190.04 MB used, 190.04 MB peak
[2016.10.09-11.19.33:494][  0]LogMemory: Process Virtual Memory: 195.10 MB used, 195.10 MB peak
[2016.10.09-11.19.33:494][  0]LogMemory: Physical Memory: 5453.55 MB used, 8145.47 MB total
[2016.10.09-11.19.33:494][  0]LogMemory: Virtual Memory: 553.30 MB used, 134217728.00 MB total
[2016.10.09-11.19.33:729][  0]LogTextLocalizationManager: No specific translations for ('en-GB') exist, so ('en') translations will be used.
[2016.10.09-11.19.34:172][  0]LogD3D11RHI: D3D11 adapters:
[2016.10.09-11.19.34:206][  0]LogD3D11RHI:    0. 'NVIDIA GeForce GTX 660' (Feature Level 11_0)
[2016.10.09-11.19.34:206][  0]LogD3D11RHI:       1505/0/4072 MB DedicatedVideo/DedicatedSystem/SharedSystem, Outputs:1, VendorId:0x10de
[2016.10.09-11.19.34:208][  0]LogD3D11RHI:    1. 'Microsoft Basic Render Driver' (Feature Level 11_0)
[2016.10.09-11.19.34:208][  0]LogD3D11RHI:       0/0/4072 MB DedicatedVideo/DedicatedSystem/SharedSystem, Outputs:0, VendorId:0x1414
[2016.10.09-11.19.34:208][  0]LogD3D11RHI: Chosen D3D11 Adapter: 0
[2016.10.09-11.19.34:212][  0]LogD3D11RHI: Creating new Direct3DDevice
[2016.10.09-11.19.34:212][  0]LogD3D11RHI:     GPU DeviceId: 0x1185 (for the marketing name, search the web for "GPU Device Id")
[2016.10.09-11.19.34:212][  0]LogWindows: EnumDisplayDevices:
[2016.10.09-11.19.34:212][  0]LogWindows:    0. 'NVIDIA GeForce GTX 660' (P:1 D:1)
[2016.10.09-11.19.34:212][  0]LogWindows:    1. 'NVIDIA GeForce GTX 660' (P:0 D:0)
[2016.10.09-11.19.34:213][  0]LogWindows:    2. 'NVIDIA GeForce GTX 660' (P:0 D:0)
[2016.10.09-11.19.34:213][  0]LogWindows: DebugString: FoundDriverCount:3 
[2016.10.09-11.19.34:213][  0]LogD3D11RHI:     Adapter Name: NVIDIA GeForce GTX 660
[2016.10.09-11.19.34:213][  0]LogD3D11RHI:   Driver Version: 372.90 (internal:21.21.13.7290, unified:372.90)
[2016.10.09-11.19.34:213][  0]LogD3D11RHI:      Driver Date: 9-16-2016
[2016.10.09-11.19.34:213][  0]LogRHI: Texture pool is 1053 MB (70% of 1505 MB)
[2016.10.09-11.19.34:227][  0]LogD3D11RHI: Async texture creation enabled
[2016.10.09-11.19.34:244][  0]LogD3D11RHI: GPU Timing Frequency: 1000.000000 (Debug: 2 2)
[2016.10.09-11.19.34:244][  0]LogShaderCompilers: Guid format shader working directory is 2 characters bigger than the processId version (D:/Repositories/UnrealGameJam/UnrealGameJam/Intermediate/Shaders/WorkingDirectory/12388/).
[2016.10.09-11.19.34:244][  0]LogShaderCompilers: Cleaned the shader compiler working directory 'C:/Users/Conor/AppData/Local/Temp/UnrealShaderWorkingDir/1C501DBA4C68FF47EA747584C55B1F90/'.
[2016.10.09-11.19.34:244][  0]LogShaderCompilers:Display: Using Local Shader Compiler.
[2016.10.09-11.19.36:565][  0]LogTemp:Display: Loaded TP AllDesktopTargetPlatform
[2016.10.09-11.19.36:575][  0]LogTemp:Display: Loaded TP WindowsClientTargetPlatform
[2016.10.09-11.19.36:585][  0]LogTemp:Display: Loaded TP WindowsNoEditorTargetPlatform
[2016.10.09-11.19.36:597][  0]LogTemp:Display: Loaded TP WindowsServerTargetPlatform
[2016.10.09-11.19.36:611][  0]LogTemp:Display: Loaded TP WindowsTargetPlatform
[2016.10.09-11.19.36:622][  0]LogTemp:Display: Loaded TP AndroidTargetPlatform
[2016.10.09-11.19.36:631][  0]LogTemp:Display: Loaded TP Android_ASTCTargetPlatform
[2016.10.09-11.19.36:640][  0]LogTemp:Display: Loaded TP Android_ATCTargetPlatform
[2016.10.09-11.19.36:653][  0]LogTemp:Display: Loaded TP Android_DXTTargetPlatform
[2016.10.09-11.19.36:666][  0]LogTemp:Display: Loaded TP Android_ETC1TargetPlatform
[2016.10.09-11.19.36:679][  0]LogTemp:Display: Loaded TP Android_ETC2TargetPlatform
[2016.10.09-11.19.36:697][  0]LogTemp:Display: Loaded TP Android_MultiTargetPlatform
[2016.10.09-11.19.36:697][  0]LogTemp:Display: Loaded TP Android_PVRTCTargetPlatform
[2016.10.09-11.19.36:699][  0]LogTemp:Display: Loaded TP HTML5TargetPlatform
[2016.10.09-11.19.36:748][  0]LogTemp:Display: Loaded TP IOSTargetPlatform
[2016.10.09-11.19.36:755][  0]LogTemp:Display: Loaded TP TVOSTargetPlatform
[2016.10.09-11.19.36:763][  0]LogTemp:Display: Loaded TP LinuxNoEditorTargetPlatform
[2016.10.09-11.19.36:771][  0]LogTemp:Display: Loaded TP LinuxServerTargetPlatform
[2016.10.09-11.19.36:782][  0]LogTemp:Display: Loaded TP LinuxTargetPlatform
[2016.10.09-11.19.36:782][  0]LogTargetPlatformManager:Display: Building Assets For Windows
[2016.10.09-11.19.37:142][  0]LogDerivedDataCache:Display: Max Cache Size: 512 MB
[2016.10.09-11.19.37:354][  0]LogDerivedDataCache: Loaded boot cache 0.21s 53MB C:/Users/Conor/AppData/Local/UnrealEngine/4.12/DerivedDataCache/Boot.ddc.
[2016.10.09-11.19.37:355][  0]LogDerivedDataCache:Display: Loaded Boot cache: C:/Users/Conor/AppData/Local/UnrealEngine/4.12/DerivedDataCache/Boot.ddc
[2016.10.09-11.19.37:355][  0]LogDerivedDataCache: FDerivedDataBackendGraph:  Pak pak cache file D:/Repositories/UnrealGameJam/UnrealGameJam/DerivedDataCache/DDC.ddp not found, will not use a pak cache.
[2016.10.09-11.19.37:355][  0]LogDerivedDataCache: Unable to find inner node Pak for hierarchical cache Hierarchy.
[2016.10.09-11.19.37:355][  0]LogDerivedDataCache: FDerivedDataBackendGraph:  CompressedPak pak cache file D:/Repositories/UnrealGameJam/UnrealGameJam/DerivedDataCache/Compressed.ddp not found, will not use a pak cache.
[2016.10.09-11.19.37:355][  0]LogDerivedDataCache: Unable to find inner node CompressedPak for hierarchical cache Hierarchy.
[2016.10.09-11.19.37:389][  0]LogDerivedDataCache:Display: Pak cache opened for reading ../../../Engine/DerivedDataCache/Compressed.ddp.
[2016.10.09-11.19.37:401][  0]LogDerivedDataCache: Using Local data cache path C:/Users/Conor/AppData/Local/UnrealEngine/Common/DerivedDataCache: Writable
[2016.10.09-11.19.40:509][  0]LogInit: Selected Device Profile: [Windows]
[2016.10.09-11.19.40:513][  0]LogContentStreaming: Texture pool size is 0.00 MB
[2016.10.09-11.19.40:924][  0]LogMeshUtilities: No automatic mesh reduction module available
[2016.10.09-11.19.40:924][  0]LogMeshUtilities: No automatic mesh merging module available
[2016.10.09-11.19.40:924][  0]LogMeshUtilities: No distributed automatic mesh merging module available
[2016.10.09-11.19.41:735][  0]LogAssetRegistry: FAssetRegistry took 0.0238 seconds to start up
[2016.10.09-11.19.41:764][  0]LogPackageLocalizationCache: Processed 3 localized package path(s) for 2 prioritized culture(s) in 0.024692 seconds
[2016.10.09-11.19.41:771][  0]LogUObjectArray: 28739 objects as part of root set at end of initial load.
[2016.10.09-11.19.41:771][  0]LogUObjectAllocator: 5855624 out of 0 bytes used by permanent object pool.
[2016.10.09-11.19.41:771][  0]LogUObjectArray: CloseDisregardForGC: 0/0 objects in disregard for GC pool
[2016.10.09-11.19.41:782][  0]LogInit: WinSock: version 1.1 (2.2), MaxSocks=32767, MaxUdp=65467
[2016.10.09-11.19.42:309][  0]LogSlate: SlateFontCache - WITH_FREETYPE: 1, WITH_HARFBUZZ: 1
[2016.10.09-11.19.42:310][  0]LogSlate: SlateFontCache - WITH_FREETYPE: 1, WITH_HARFBUZZ: 1
[2016.10.09-11.19.44:408][  0]LogUdpMessaging: Initializing bridge on interface 0.0.0.0:0 to multicast group 230.0.0.1:6666.
[2016.10.09-11.19.44:871][  0]SourceControl: Info Source control is disabled
[2016.10.09-11.19.44:918][  0]SourceControl: Info Source control is disabled
[2016.10.09-11.19.44:936][  0]SourceControl: Info Source control is disabled
[2016.10.09-11.19.44:948][  0]SourceControl: Info Source control is disabled
[2016.10.09-11.19.45:351][  0]LogEngine: Initializing Engine...
[2016.10.09-11.19.45:383][  0]LogHMD: SteamVR failed to initialize.  Err: 110
[2016.10.09-11.19.45:383][  0]LogHMD: SteamVR failed to initialize.  Err: 110
[2016.10.09-11.19.45:683][  0]LogAIModule: Creating AISystem for world NewWorld
[2016.10.09-11.19.45:711][  0]LogInit: XAudio2 using 'Speakers (2- Logitech G430 Gaming Headset)' : 2 channels at 44.1 kHz using 16 bits per sample (channel mask 0x3)
[2016.10.09-11.19.45:733][  0]LogInit: FAudioDevice initialized.
[2016.10.09-11.19.45:759][  0]LogDerivedDataCache: Saved boot cache 0.03s 48MB C:/Users/Conor/AppData/Local/UnrealEngine/4.12/DerivedDataCache/Boot.ddc.
[2016.10.09-11.19.45:766][  0]LogInit: Texture streaming: Enabled
[2016.10.09-11.19.45:875][  0]LogInit: Transaction tracking system initialized
[2016.10.09-11.19.45:938][  0]BlueprintLog: New page: Editor Load
[2016.10.09-11.19.46:141][  0]LocalizationService: Info Localization service is disabled
[2016.10.09-11.19.46:279][  0]LogConsoleResponse:Display: 
[2016.10.09-11.19.46:728][  0]LogCook:Display: Max memory allowance for cook 8192mb
[2016.10.09-11.19.46:728][  0]LogCook:Display: Mobile HDR setting 1
[2016.10.09-11.19.46:971][  0]LogFileCache: Scanning file cache for directory 'D:/Repositories/UnrealGameJam/UnrealGameJam/Content/' took 0.02s
[2016.10.09-11.19.46:971][  0]SourceControl: Info Source control is disabled
[2016.10.09-11.19.46:973][  0]Cmd: MAP LOAD FILE="D:/Repositories/UnrealGameJam/UnrealGameJam/Content/FirstPersonBP/Maps/FirstPersonExampleMap.umap" TEMPLATE=0 SHOWPROGRESS=1 FEATURELEVEL=3
[2016.10.09-11.19.46:974][  0]LogEditorServer:Warning: Can't find file 'D:/Repositories/UnrealGameJam/UnrealGameJam/Content/FirstPersonBP/Maps/FirstPersonExampleMap.umap'
[2016.10.09-11.19.46:975][  0]Cmd: MAP CHECKDEP NOCLEARLOG
[2016.10.09-11.19.47:022][  0]MapCheck: Info Map check complete: 0 Error(s), 0 Warning(s), took 47.523ms to complete.
[2016.10.09-11.19.47:022][  0]LogFileHelpers: Loading map 'FirstPersonExampleMap' took 0.050
[2016.10.09-11.19.47:272][  0]LogCollectionManager: Loaded 0 collections in 0.002669 seconds
[2016.10.09-11.19.47:329][  0]LogFileCache: Scanning file cache for directory 'D:/Repositories/UnrealGameJam/UnrealGameJam/Saved/Collections/' took 0.01s
[2016.10.09-11.19.47:329][  0]LogFileCache: Scanning file cache for directory 'D:/Repositories/UnrealGameJam/UnrealGameJam/Content/Developers/Conor/Collections/' took 0.01s
[2016.10.09-11.19.47:329][  0]LogFileCache: Scanning file cache for directory 'D:/Repositories/UnrealGameJam/UnrealGameJam/Content/Collections/' took 0.01s
[2016.10.09-11.19.47:329][  0]LogCollectionManager: Rebuilt the GUID cache for 0 collections in 0.000004 seconds
[2016.10.09-11.19.47:342][  0]LogContentBrowser: Native class hierarchy populated in 0.0109 seconds. Added 2047 classes and 369 folders.
[2016.10.09-11.19.47:352][  0]LogStats: UGameplayTagsManager::ConstructGameplayTagTree: Construct from data asset -  0.000 s
[2016.10.09-11.19.47:352][  0]LogStats: UGameplayTagsManager::ConstructGameplayTagTree: GameplayTagTreeChangedEvent.Broadcast -  0.000 s
[2016.10.09-11.19.47:353][  0]LogContentBrowser: Native class hierarchy updated for 'GameplayTags' in 0.0005 seconds. Added 12 classes and 0 folders.
[2016.10.09-11.19.47:364][  0]LogContentBrowser: Native class hierarchy updated for 'WidgetCarousel' in 0.0025 seconds. Added 0 classes and 0 folders.
[2016.10.09-11.19.47:686][  0]LogContentBrowser: Native class hierarchy updated for 'AddContentDialog' in 0.0005 seconds. Added 0 classes and 0 folders.
[2016.10.09-11.19.47:701][  0]LogContentBrowser: Native class hierarchy updated for 'SceneOutliner' in 0.0004 seconds. Added 1 classes and 2 folders.
[2016.10.09-11.19.47:789][  0]LogCrashTracker: Crashtracker disabled due to settings.
[2016.10.09-11.19.47:815][  0]LogUObjectGlobals:Warning: Failed to find object 'Class None.'
[2016.10.09-11.19.47:849][  0]LogContentBrowser: Native class hierarchy updated for 'HierarchicalLODOutliner' in 0.0005 seconds. Added 1 classes and 2 folders.
[2016.10.09-11.19.47:849][  0]LogLoad: Full Startup: 16.26 seconds (BP compile: 0.05 seconds)
[2016.10.09-11.19.47:849][  0]LogExternalProfiler: No external profilers were discovered.  External profiling features will not be available.
[2016.10.09-11.19.47:862][  0]LogOcInput: OculusInput pre-init called
[2016.10.09-11.19.47:902][  0]LogContentStreaming: Texture pool size now 1000 MB
[2016.10.09-11.19.48:202][  0]LogRenderer: Reallocating scene render targets to support 1308x624 (Frame:2).
[2016.10.09-11.19.48:361][  2]LogAssetRegistry: Asset discovery search completed in 6.6477 seconds
[2016.10.09-11.19.48:361][  2]LogCollectionManager: Rebuilt the object cache for 0 collections in 0.000001 seconds (found 0 objects)
[2016.10.09-11.19.48:362][  2]LogCollectionManager: Fixed up redirectors for 0 collections in 0.000456 seconds (updated 0 objects)
[2016.10.09-11.20.01:274][286]LogContentBrowser: Native class hierarchy updated for 'BlueprintGraph' in 0.0010 seconds. Added 111 classes and 0 folders.
[2016.10.09-11.20.12:626][330]BlueprintLog: New page: Compile FirstPersonGameMode
[2016.10.09-11.20.12:775][330]BlueprintEditorCompileResults: Info [0041.18] Compile of FirstPersonGameMode successful! [in 147 ms] (/Game/FirstPersonBP/Blueprints/FirstPersonGameMode.FirstPersonGameMode)
[2016.10.09-11.20.18:272][918]LogAIModule: Creating AISystem for world Test
[2016.10.09-11.20.21:199][918]Cmd: OBJ SAVEPACKAGE PACKAGE="/Game/FirstPersonBP/Blueprints/FirstPersonGameMode" FILE="D:/Repositories/UnrealGameJam/UnrealGameJam/Content/FirstPersonBP/Blueprints/FirstPersonGameMode.uasset" SILENT=true
[2016.10.09-11.20.21:225][918]LogSavePackage: Save=17.36ms
[2016.10.09-11.20.21:225][918]LogSavePackage: Moving 'D:/Repositories/UnrealGameJam/UnrealGameJam/Saved/FirstPersonGameMode448A0D0A4B8153F2E2FE7DBDBF2041CD.tmp' to 'D:/Repositories/UnrealGameJam/UnrealGameJam/Content/FirstPersonBP/Blueprints/FirstPersonGameMode.uasset'
[2016.10.09-11.20.21:230][918]LogSavePackage:Display: Finished SavePackage D:/Repositories/UnrealGameJam/UnrealGameJam/Content/FirstPersonBP/Blueprints/FirstPersonGameMode.uasset
[2016.10.09-11.20.21:234][918]Cmd: MAP LOAD FILE="D:/Repositories/UnrealGameJam/UnrealGameJam/Content/FirstPersonBP/Maps/Test.umap" TEMPLATE=0 SHOWPROGRESS=1 FEATURELEVEL=3
[2016.10.09-11.20.21:235][918]LightingResults: New page: Lighting Build
[2016.10.09-11.20.21:240][918]LogContentBrowser: Native class hierarchy updated for 'StatsViewer' in 0.0004 seconds. Added 5 classes and 0 folders.
[2016.10.09-11.20.21:242][918]LoadErrors: New page: Loading map: Test.umap
[2016.10.09-11.20.21:244][918]MapCheck: New page: Map Check
[2016.10.09-11.20.21:244][918]LightingResults: New page: Lighting Build
[2016.10.09-11.20.21:304][918]LogEditorServer: Finished looking for orphan Actors (0.000 secs)
[2016.10.09-11.20.21:332][918]Cmd: MAP CHECKDEP NOCLEARLOG
[2016.10.09-11.20.21:389][918]MapCheck: Info Map check complete: 0 Error(s), 0 Warning(s), took 57.139ms to complete.
[2016.10.09-11.20.21:389][918]LogFileHelpers: Loading map 'Test' took 0.159
[2016.10.09-11.20.23:254][ 97]LogBlueprintUserMessages: Early PlayInEditor Detection: Level '/Game/FirstPersonBP/Maps/Test.Test:PersistentLevel' has LevelScriptBlueprint '/Game/FirstPersonBP/Maps/Test.Test:PersistentLevel.Test' with GeneratedClass '/Game/FirstPersonBP/Maps/Test.Test_C' with ClassGeneratedBy '/Game/FirstPersonBP/Maps/Test.Test:PersistentLevel.Test'
[2016.10.09-11.20.23:254][ 97]LogPlayLevel: PlayLevel: No blueprints needed recompiling
[2016.10.09-11.20.23:257][ 97]PIE: New page: PIE session: Test (9 Oct 2016 12:20:23)
[2016.10.09-11.20.23:257][ 97]LogPlayLevel: Creating play world package: /Game/FirstPersonBP/Maps/UEDPIE_0_Test
[2016.10.09-11.20.23:291][ 97]LogPlayLevel: PIE: StaticDuplicateObject took: (0.033354s)
[2016.10.09-11.20.23:291][ 97]LogAIModule: Creating AISystem for world Test
[2016.10.09-11.20.23:291][ 97]LogPlayLevel: PIE: World Init took: (0.000788s)
[2016.10.09-11.20.23:292][ 97]LogPlayLevel: PIE: Created PIE world by copying editor world from /Game/FirstPersonBP/Maps/Test.Test to /Game/FirstPersonBP/Maps/UEDPIE_0_Test.Test (0.035077s)
[2016.10.09-11.20.23:336][ 97]LogInit: XAudio2 using 'Speakers (2- Logitech G430 Gaming Headset)' : 2 channels at 44.1 kHz using 16 bits per sample (channel mask 0x3)
[2016.10.09-11.20.23:348][ 97]LogInit: FAudioDevice initialized.
[2016.10.09-11.20.23:454][ 97]LogWorld: Game class is 'FirstPersonGameMode_C'
[2016.10.09-11.20.23:464][ 97]LogWorld: Bringing World /Game/FirstPersonBP/Maps/UEDPIE_0_Test.Test up for play (max tick rate 0) at 2016.10.09-12.20.23
[2016.10.09-11.20.23:469][ 97]LogWorld: Bringing up level for play took: 0.009451
[2016.10.09-11.20.23:487][ 97]LogContentBrowser: Native class hierarchy updated for 'MovieSceneCapture' in 0.0005 seconds. Added 11 classes and 0 folders.
[2016.10.09-11.20.23:490][ 97]PIE: Info Play in editor start time for /Game/FirstPersonBP/Maps/UEDPIE_0_Test -0.51
[2016.10.09-11.20.23:490][ 97]LogBlueprintUserMessages: Late PlayInEditor Detection: Level '/Game/FirstPersonBP/Maps/Test.Test:PersistentLevel' has LevelScriptBlueprint '/Game/FirstPersonBP/Maps/Test.Test:PersistentLevel.Test' with GeneratedClass '/Game/FirstPersonBP/Maps/Test.Test_C' with ClassGeneratedBy '/Game/FirstPersonBP/Maps/Test.Test:PersistentLevel.Test'
[2016.10.09-11.20.36:250][601]LogBlueprintUserMessages: Early EndPlayMap Detection: Level '/Game/FirstPersonBP/Maps/Test.Test:PersistentLevel' has LevelScriptBlueprint '/Game/FirstPersonBP/Maps/Test.Test:PersistentLevel.Test' with GeneratedClass '/Game/FirstPersonBP/Maps/Test.Test_C' with ClassGeneratedBy '/Game/FirstPersonBP/Maps/Test.Test:PersistentLevel.Test'
[2016.10.09-11.20.36:301][601]LogBlueprintUserMessages: Late EndPlayMap Detection: Level '/Game/FirstPersonBP/Maps/Test.Test:PersistentLevel' has LevelScriptBlueprint '/Game/FirstPersonBP/Maps/Test.Test:PersistentLevel.Test' with GeneratedClass '/Game/FirstPersonBP/Maps/Test.Test_C' with ClassGeneratedBy '/Game/FirstPersonBP/Maps/Test.Test:PersistentLevel.Test'
[2016.10.09-11.20.43:634][447]LogEditorViewport: Clicking on Actor (LMB): StaticMeshActor (Wall3)
[2016.10.09-11.20.44:001][470]LogEditorViewport: Clicking on Actor (LMB): FirstPersonCharacter_C (FirstPersonCharacter)
[2016.10.09-11.20.47:716][853]Cmd: EDIT COPY
[2016.10.09-11.20.47:892][871]Cmd: EDIT PASTE
[2016.10.09-11.20.59:869][982]LogBlueprintUserMessages: Early PlayInEditor Detection: Level '/Game/FirstPersonBP/Maps/Test.Test:PersistentLevel' has LevelScriptBlueprint '/Game/FirstPersonBP/Maps/Test.Test:PersistentLevel.Test' with GeneratedClass '/Game/FirstPersonBP/Maps/Test.Test_C' with ClassGeneratedBy '/Game/FirstPersonBP/Maps/Test.Test:PersistentLevel.Test'
[2016.10.09-11.20.59:869][982]LogPlayLevel: PlayLevel: No blueprints needed recompiling
[2016.10.09-11.20.59:870][982]PIE: New page: PIE session: Test (9 Oct 2016 12:20:59)
[2016.10.09-11.20.59:870][982]LogPlayLevel: Creating play world package: /Game/FirstPersonBP/Maps/UEDPIE_0_Test
[2016.10.09-11.20.59:889][982]LogPlayLevel: PIE: StaticDuplicateObject took: (0.019807s)
[2016.10.09-11.20.59:890][982]LogAIModule: Creating AISystem for world Test
[2016.10.09-11.20.59:890][982]LogPlayLevel: PIE: World Init took: (0.000952s)
[2016.10.09-11.20.59:891][982]LogPlayLevel: PIE: Created PIE world by copying editor world from /Game/FirstPersonBP/Maps/Test.Test to /Game/FirstPersonBP/Maps/UEDPIE_0_Test.Test (0.021049s)
[2016.10.09-11.20.59:959][982]LogInit: XAudio2 using 'Speakers (2- Logitech G430 Gaming Headset)' : 2 channels at 44.1 kHz using 16 bits per sample (channel mask 0x3)
[2016.10.09-11.20.59:968][982]LogInit: FAudioDevice initialized.
[2016.10.09-11.21.00:028][982]LogWorld: Game class is 'FirstPersonGameMode_C'
[2016.10.09-11.21.00:034][982]LogWorld: Bringing World /Game/FirstPersonBP/Maps/UEDPIE_0_Test.Test up for play (max tick rate 0) at 2016.10.09-12.21.00
[2016.10.09-11.21.00:035][982]LogWorld: Bringing up level for play took: 0.005640
[2016.10.09-11.21.00:036][982]PIE: Info Play in editor start time for /Game/FirstPersonBP/Maps/UEDPIE_0_Test 0.036
[2016.10.09-11.21.00:036][982]LogBlueprintUserMessages: Late PlayInEditor Detection: Level '/Game/FirstPersonBP/Maps/Test.Test:PersistentLevel' has LevelScriptBlueprint '/Game/FirstPersonBP/Maps/Test.Test:PersistentLevel.Test' with GeneratedClass '/Game/FirstPersonBP/Maps/Test.Test_C' with ClassGeneratedBy '/Game/FirstPersonBP/Maps/Test.Test:PersistentLevel.Test'
[2016.10.09-11.21.06:174][704]LogBlueprintUserMessages: Early EndPlayMap Detection: Level '/Game/FirstPersonBP/Maps/Test.Test:PersistentLevel' has LevelScriptBlueprint '/Game/FirstPersonBP/Maps/Test.Test:PersistentLevel.Test' with GeneratedClass '/Game/FirstPersonBP/Maps/Test.Test_C' with ClassGeneratedBy '/Game/FirstPersonBP/Maps/Test.Test:PersistentLevel.Test'
[2016.10.09-11.21.06:254][704]LogBlueprintUserMessages: Late EndPlayMap Detection: Level '/Game/FirstPersonBP/Maps/Test.Test:PersistentLevel' has LevelScriptBlueprint '/Game/FirstPersonBP/Maps/Test.Test:PersistentLevel.Test' with GeneratedClass '/Game/FirstPersonBP/Maps/Test.Test_C' with ClassGeneratedBy '/Game/FirstPersonBP/Maps/Test.Test:PersistentLevel.Test'
[2016.10.09-11.21.08:519][938]LogEditorViewport: Clicking on Actor (LMB): StaticMeshActor (EditorCube21)
[2016.10.09-11.21.09:270][ 11]LogEditorViewport: Clicking on Actor (LMB): FirstPersonCharacter_C (FirstPersonCharacter)
[2016.10.09-11.21.18:280][913]LogBlueprintUserMessages: Early PlayInEditor Detection: Level '/Game/FirstPersonBP/Maps/Test.Test:PersistentLevel' has LevelScriptBlueprint '/Game/FirstPersonBP/Maps/Test.Test:PersistentLevel.Test' with GeneratedClass '/Game/FirstPersonBP/Maps/Test.Test_C' with ClassGeneratedBy '/Game/FirstPersonBP/Maps/Test.Test:PersistentLevel.Test'
[2016.10.09-11.21.18:280][913]LogPlayLevel: PlayLevel: No blueprints needed recompiling
[2016.10.09-11.21.18:280][913]PIE: New page: PIE session: Test (9 Oct 2016 12:21:18)
[2016.10.09-11.21.18:280][913]LogPlayLevel: Creating play world package: /Game/FirstPersonBP/Maps/UEDPIE_0_Test
[2016.10.09-11.21.18:297][913]LogPlayLevel: PIE: StaticDuplicateObject took: (0.017168s)
[2016.10.09-11.21.18:298][913]LogAIModule: Creating AISystem for world Test
[2016.10.09-11.21.18:298][913]LogPlayLevel: PIE: World Init took: (0.000823s)
[2016.10.09-11.21.18:298][913]LogPlayLevel: PIE: Created PIE world by copying editor world from /Game/FirstPersonBP/Maps/Test.Test to /Game/FirstPersonBP/Maps/UEDPIE_0_Test.Test (0.018272s)
[2016.10.09-11.21.18:356][913]LogInit: XAudio2 using 'Speakers (2- Logitech G430 Gaming Headset)' : 2 channels at 44.1 kHz using 16 bits per sample (channel mask 0x3)
[2016.10.09-11.21.18:366][913]LogInit: FAudioDevice initialized.
[2016.10.09-11.21.18:423][913]LogWorld: Game class is 'FirstPersonGameMode_C'
[2016.10.09-11.21.18:428][913]LogWorld: Bringing World /Game/FirstPersonBP/Maps/UEDPIE_0_Test.Test up for play (max tick rate 0) at 2016.10.09-12.21.18
[2016.10.09-11.21.18:429][913]LogWorld: Bringing up level for play took: 0.005093
[2016.10.09-11.21.18:430][913]PIE: Info Play in editor start time for /Game/FirstPersonBP/Maps/UEDPIE_0_Test 0.431
[2016.10.09-11.21.18:430][913]LogBlueprintUserMessages: Late PlayInEditor Detection: Level '/Game/FirstPersonBP/Maps/Test.Test:PersistentLevel' has LevelScriptBlueprint '/Game/FirstPersonBP/Maps/Test.Test:PersistentLevel.Test' with GeneratedClass '/Game/FirstPersonBP/Maps/Test.Test_C' with ClassGeneratedBy '/Game/FirstPersonBP/Maps/Test.Test:PersistentLevel.Test'
[2016.10.09-11.21.21:460][267]LogBlueprintUserMessages: Early EndPlayMap Detection: Level '/Game/FirstPersonBP/Maps/Test.Test:PersistentLevel' has LevelScriptBlueprint '/Game/FirstPersonBP/Maps/Test.Test:PersistentLevel.Test' with GeneratedClass '/Game/FirstPersonBP/Maps/Test.Test_C' with ClassGeneratedBy '/Game/FirstPersonBP/Maps/Test.Test:PersistentLevel.Test'
[2016.10.09-11.21.21:538][267]LogBlueprintUserMessages: Late EndPlayMap Detection: Level '/Game/FirstPersonBP/Maps/Test.Test:PersistentLevel' has LevelScriptBlueprint '/Game/FirstPersonBP/Maps/Test.Test:PersistentLevel.Test' with GeneratedClass '/Game/FirstPersonBP/Maps/Test.Test_C' with ClassGeneratedBy '/Game/FirstPersonBP/Maps/Test.Test:PersistentLevel.Test'
[2016.10.09-11.21.24:629][585]LogBlueprintUserMessages: Early PlayInEditor Detection: Level '/Game/FirstPersonBP/Maps/Test.Test:PersistentLevel' has LevelScriptBlueprint '/Game/FirstPersonBP/Maps/Test.Test:PersistentLevel.Test' with GeneratedClass '/Game/FirstPersonBP/Maps/Test.Test_C' with ClassGeneratedBy '/Game/FirstPersonBP/Maps/Test.Test:PersistentLevel.Test'
[2016.10.09-11.21.24:629][585]LogPlayLevel: PlayLevel: No blueprints needed recompiling
[2016.10.09-11.21.24:630][585]PIE: New page: PIE session: Test (9 Oct 2016 12:21:24)
[2016.10.09-11.21.24:630][585]LogPlayLevel: Creating play world package: /Game/FirstPersonBP/Maps/UEDPIE_0_Test
[2016.10.09-11.21.24:649][585]LogPlayLevel: PIE: StaticDuplicateObject took: (0.018834s)
[2016.10.09-11.21.24:649][585]LogAIModule: Creating AISystem for world Test
[2016.10.09-11.21.24:649][585]LogPlayLevel: PIE: World Init took: (0.000737s)
[2016.10.09-11.21.24:649][585]LogPlayLevel: PIE: Created PIE world by copying editor world from /Game/FirstPersonBP/Maps/Test.Test to /Game/FirstPersonBP/Maps/UEDPIE_0_Test.Test (0.019845s)
[2016.10.09-11.21.24:706][585]LogInit: XAudio2 using 'Speakers (2- Logitech G430 Gaming Headset)' : 2 channels at 44.1 kHz using 16 bits per sample (channel mask 0x3)
[2016.10.09-11.21.24:714][585]LogInit: FAudioDevice initialized.
[2016.10.09-11.21.24:770][585]LogWorld: Game class is 'FirstPersonGameMode_C'
[2016.10.09-11.21.24:775][585]LogWorld: Bringing World /Game/FirstPersonBP/Maps/UEDPIE_0_Test.Test up for play (max tick rate 0) at 2016.10.09-12.21.24
[2016.10.09-11.21.24:776][585]LogWorld: Bringing up level for play took: 0.005091
[2016.10.09-11.21.24:777][585]PIE: Info Play in editor start time for /Game/FirstPersonBP/Maps/UEDPIE_0_Test 0.777
[2016.10.09-11.21.24:777][585]LogBlueprintUserMessages: Late PlayInEditor Detection: Level '/Game/FirstPersonBP/Maps/Test.Test:PersistentLevel' has LevelScriptBlueprint '/Game/FirstPersonBP/Maps/Test.Test:PersistentLevel.Test' with GeneratedClass '/Game/FirstPersonBP/Maps/Test.Test_C' with ClassGeneratedBy '/Game/FirstPersonBP/Maps/Test.Test:PersistentLevel.Test'
[2016.10.09-11.21.25:767][700]LogBlueprintUserMessages: Early EndPlayMap Detection: Level '/Game/FirstPersonBP/Maps/Test.Test:PersistentLevel' has LevelScriptBlueprint '/Game/FirstPersonBP/Maps/Test.Test:PersistentLevel.Test' with GeneratedClass '/Game/FirstPersonBP/Maps/Test.Test_C' with ClassGeneratedBy '/Game/FirstPersonBP/Maps/Test.Test:PersistentLevel.Test'
[2016.10.09-11.21.25:845][700]LogBlueprintUserMessages: Late EndPlayMap Detection: Level '/Game/FirstPersonBP/Maps/Test.Test:PersistentLevel' has LevelScriptBlueprint '/Game/FirstPersonBP/Maps/Test.Test:PersistentLevel.Test' with GeneratedClass '/Game/FirstPersonBP/Maps/Test.Test_C' with ClassGeneratedBy '/Game/FirstPersonBP/Maps/Test.Test:PersistentLevel.Test'
[2016.10.09-11.21.30:297][134]LogBlueprintUserMessages: Early PlayInEditor Detection: Level '/Game/FirstPersonBP/Maps/Test.Test:PersistentLevel' has LevelScriptBlueprint '/Game/FirstPersonBP/Maps/Test.Test:PersistentLevel.Test' with GeneratedClass '/Game/FirstPersonBP/Maps/Test.Test_C' with ClassGeneratedBy '/Game/FirstPersonBP/Maps/Test.Test:PersistentLevel.Test'
[2016.10.09-11.21.30:298][134]LogPlayLevel: PlayLevel: No blueprints needed recompiling
[2016.10.09-11.21.30:298][134]PIE: New page: PIE session: Test (9 Oct 2016 12:21:30)
[2016.10.09-11.21.30:298][134]LogPlayLevel: Creating play world package: /Game/FirstPersonBP/Maps/UEDPIE_0_Test
[2016.10.09-11.21.30:314][134]LogPlayLevel: PIE: StaticDuplicateObject took: (0.016542s)
[2016.10.09-11.21.30:315][134]LogAIModule: Creating AISystem for world Test
[2016.10.09-11.21.30:315][134]LogPlayLevel: PIE: World Init took: (0.000778s)
[2016.10.09-11.21.30:315][134]LogPlayLevel: PIE: Created PIE world by copying editor world from /Game/FirstPersonBP/Maps/Test.Test to /Game/FirstPersonBP/Maps/UEDPIE_0_Test.Test (0.017600s)
[2016.10.09-11.21.30:373][134]LogInit: XAudio2 using 'Speakers (2- Logitech G430 Gaming Headset)' : 2 channels at 44.1 kHz using 16 bits per sample (channel mask 0x3)
[2016.10.09-11.21.30:381][134]LogInit: FAudioDevice initialized.
[2016.10.09-11.21.30:441][134]LogWorld: Game class is 'FirstPersonGameMode_C'
[2016.10.09-11.21.30:446][134]LogWorld: Bringing World /Game/FirstPersonBP/Maps/UEDPIE_0_Test.Test up for play (max tick rate 0) at 2016.10.09-12.21.30
[2016.10.09-11.21.30:447][134]LogWorld: Bringing up level for play took: 0.005360
[2016.10.09-11.21.30:449][134]PIE: Info Play in editor start time for /Game/FirstPersonBP/Maps/UEDPIE_0_Test 0.449
[2016.10.09-11.21.30:449][134]LogBlueprintUserMessages: Late PlayInEditor Detection: Level '/Game/FirstPersonBP/Maps/Test.Test:PersistentLevel' has LevelScriptBlueprint '/Game/FirstPersonBP/Maps/Test.Test:PersistentLevel.Test' with GeneratedClass '/Game/FirstPersonBP/Maps/Test.Test_C' with ClassGeneratedBy '/Game/FirstPersonBP/Maps/Test.Test:PersistentLevel.Test'
[2016.10.09-11.21.32:147][334]LogBlueprintUserMessages: Early EndPlayMap Detection: Level '/Game/FirstPersonBP/Maps/Test.Test:PersistentLevel' has LevelScriptBlueprint '/Game/FirstPersonBP/Maps/Test.Test:PersistentLevel.Test' with GeneratedClass '/Game/FirstPersonBP/Maps/Test.Test_C' with ClassGeneratedBy '/Game/FirstPersonBP/Maps/Test.Test:PersistentLevel.Test'
[2016.10.09-11.21.32:225][334]LogBlueprintUserMessages: Late EndPlayMap Detection: Level '/Game/FirstPersonBP/Maps/Test.Test:PersistentLevel' has LevelScriptBlueprint '/Game/FirstPersonBP/Maps/Test.Test:PersistentLevel.Test' with GeneratedClass '/Game/FirstPersonBP/Maps/Test.Test_C' with ClassGeneratedBy '/Game/FirstPersonBP/Maps/Test.Test:PersistentLevel.Test'
[2016.10.09-11.22.13:928][ 74]LogActorComponent: UnregisterComponent: (/Engine/Transient.EditorFloorComp) Not registered. Aborting.
[2016.10.09-11.22.14:979][169]LogBlueprintUserMessages: Early PlayInEditor Detection: Level '/Game/FirstPersonBP/Maps/Test.Test:PersistentLevel' has LevelScriptBlueprint '/Game/FirstPersonBP/Maps/Test.Test:PersistentLevel.Test' with GeneratedClass '/Game/FirstPersonBP/Maps/Test.Test_C' with ClassGeneratedBy '/Game/FirstPersonBP/Maps/Test.Test:PersistentLevel.Test'
[2016.10.09-11.22.14:979][169]BlueprintLog: New page: Pre-Play auto-recompile
[2016.10.09-11.22.14:982][169]LogPlayLevel: [PlayLevel] Compiling FirstPersonCharacter before play...
[2016.10.09-11.22.15:136][169]LogPlayLevel: PlayLevel: Blueprint regeneration took 156 ms (1 blueprints)
[2016.10.09-11.22.15:156][169]PIE: New page: PIE session: Test (9 Oct 2016 12:22:15)
[2016.10.09-11.22.15:156][169]LogPlayLevel: Creating play world package: /Game/FirstPersonBP/Maps/UEDPIE_0_Test
[2016.10.09-11.22.15:176][169]LogPlayLevel: PIE: StaticDuplicateObject took: (0.020331s)
[2016.10.09-11.22.15:177][169]LogAIModule: Creating AISystem for world Test
[2016.10.09-11.22.15:177][169]LogPlayLevel: PIE: World Init took: (0.000769s)
[2016.10.09-11.22.15:177][169]LogPlayLevel: PIE: Created PIE world by copying editor world from /Game/FirstPersonBP/Maps/Test.Test to /Game/FirstPersonBP/Maps/UEDPIE_0_Test.Test (0.021413s)
[2016.10.09-11.22.15:237][169]LogInit: XAudio2 using 'Speakers (2- Logitech G430 Gaming Headset)' : 2 channels at 44.1 kHz using 16 bits per sample (channel mask 0x3)
[2016.10.09-11.22.15:245][169]LogInit: FAudioDevice initialized.
[2016.10.09-11.22.15:297][169]LogWorld: Game class is 'FirstPersonGameMode_C'
[2016.10.09-11.22.15:303][169]LogWorld: Bringing World /Game/FirstPersonBP/Maps/UEDPIE_0_Test.Test up for play (max tick rate 0) at 2016.10.09-12.22.15
[2016.10.09-11.22.15:303][169]LogWorld: Bringing up level for play took: 0.004950
[2016.10.09-11.22.15:305][169]PIE: Info Play in editor start time for /Game/FirstPersonBP/Maps/UEDPIE_0_Test 1.305
[2016.10.09-11.22.15:305][169]LogBlueprintUserMessages: Late PlayInEditor Detection: Level '/Game/FirstPersonBP/Maps/Test.Test:PersistentLevel' has LevelScriptBlueprint '/Game/FirstPersonBP/Maps/Test.Test:PersistentLevel.Test' with GeneratedClass '/Game/FirstPersonBP/Maps/Test.Test_C' with ClassGeneratedBy '/Game/FirstPersonBP/Maps/Test.Test:PersistentLevel.Test'
[2016.10.09-11.22.17:258][395]LogBlueprintUserMessages: Early EndPlayMap Detection: Level '/Game/FirstPersonBP/Maps/Test.Test:PersistentLevel' has LevelScriptBlueprint '/Game/FirstPersonBP/Maps/Test.Test:PersistentLevel.Test' with GeneratedClass '/Game/FirstPersonBP/Maps/Test.Test_C' with ClassGeneratedBy '/Game/FirstPersonBP/Maps/Test.Test:PersistentLevel.Test'
[2016.10.09-11.22.17:336][395]LogBlueprintUserMessages: Late EndPlayMap Detection: Level '/Game/FirstPersonBP/Maps/Test.Test:PersistentLevel' has LevelScriptBlueprint '/Game/FirstPersonBP/Maps/Test.Test:PersistentLevel.Test' with GeneratedClass '/Game/FirstPersonBP/Maps/Test.Test_C' with ClassGeneratedBy '/Game/FirstPersonBP/Maps/Test.Test:PersistentLevel.Test'
[2016.10.09-11.22.52:082][265]LogBlueprintUserMessages: Early PlayInEditor Detection: Level '/Game/FirstPersonBP/Maps/Test.Test:PersistentLevel' has LevelScriptBlueprint '/Game/FirstPersonBP/Maps/Test.Test:PersistentLevel.Test' with GeneratedClass '/Game/FirstPersonBP/Maps/Test.Test_C' with ClassGeneratedBy '/Game/FirstPersonBP/Maps/Test.Test:PersistentLevel.Test'
[2016.10.09-11.22.52:082][265]BlueprintLog: New page: Pre-Play auto-recompile
[2016.10.09-11.22.52:086][265]LogPlayLevel: [PlayLevel] Compiling FirstPersonGameMode before play...
[2016.10.09-11.22.52:162][265]LogPlayLevel: PlayLevel: Blueprint regeneration took 80 ms (1 blueprints)
[2016.10.09-11.22.52:189][265]PIE: New page: PIE session: Test (9 Oct 2016 12:22:52)
[2016.10.09-11.22.52:189][265]LogPlayLevel: Creating play world package: /Game/FirstPersonBP/Maps/UEDPIE_0_Test
[2016.10.09-11.22.52:207][265]LogPlayLevel: PIE: StaticDuplicateObject took: (0.017503s)
[2016.10.09-11.22.52:208][265]LogAIModule: Creating AISystem for world Test
[2016.10.09-11.22.52:208][265]LogPlayLevel: PIE: World Init took: (0.000922s)
[2016.10.09-11.22.52:208][265]LogPlayLevel: PIE: Created PIE world by copying editor world from /Game/FirstPersonBP/Maps/Test.Test to /Game/FirstPersonBP/Maps/UEDPIE_0_Test.Test (0.018854s)
[2016.10.09-11.22.52:266][265]LogInit: XAudio2 using 'Speakers (2- Logitech G430 Gaming Headset)' : 2 channels at 44.1 kHz using 16 bits per sample (channel mask 0x3)
[2016.10.09-11.22.52:274][265]LogInit: FAudioDevice initialized.
[2016.10.09-11.22.52:329][265]LogWorld: Game class is 'FirstPersonGameMode_C'
[2016.10.09-11.22.52:335][265]LogWorld: Bringing World /Game/FirstPersonBP/Maps/UEDPIE_0_Test.Test up for play (max tick rate 0) at 2016.10.09-12.22.52
[2016.10.09-11.22.52:336][265]LogWorld: Bringing up level for play took: 0.006328
[2016.10.09-11.22.52:337][265]LogPlayerManagement:Error: Failed to Create Player: A local player already exists for controller ID 0,
[2016.10.09-11.22.52:338][265]PIE: Info Play in editor start time for /Game/FirstPersonBP/Maps/UEDPIE_0_Test 0.338
[2016.10.09-11.22.52:338][265]LogBlueprintUserMessages: Late PlayInEditor Detection: Level '/Game/FirstPersonBP/Maps/Test.Test:PersistentLevel' has LevelScriptBlueprint '/Game/FirstPersonBP/Maps/Test.Test:PersistentLevel.Test' with GeneratedClass '/Game/FirstPersonBP/Maps/Test.Test_C' with ClassGeneratedBy '/Game/FirstPersonBP/Maps/Test.Test:PersistentLevel.Test'
[2016.10.09-11.22.54:845][501]LogBlueprintUserMessages: Early EndPlayMap Detection: Level '/Game/FirstPersonBP/Maps/Test.Test:PersistentLevel' has LevelScriptBlueprint '/Game/FirstPersonBP/Maps/Test.Test:PersistentLevel.Test' with GeneratedClass '/Game/FirstPersonBP/Maps/Test.Test_C' with ClassGeneratedBy '/Game/FirstPersonBP/Maps/Test.Test:PersistentLevel.Test'
[2016.10.09-11.22.54:922][501]LogBlueprintUserMessages: Late EndPlayMap Detection: Level '/Game/FirstPersonBP/Maps/Test.Test:PersistentLevel' has LevelScriptBlueprint '/Game/FirstPersonBP/Maps/Test.Test:PersistentLevel.Test' with GeneratedClass '/Game/FirstPersonBP/Maps/Test.Test_C' with ClassGeneratedBy '/Game/FirstPersonBP/Maps/Test.Test:PersistentLevel.Test'
[2016.10.09-11.22.56:690][655]LogBlueprintUserMessages: Early PlayInEditor Detection: Level '/Game/FirstPersonBP/Maps/Test.Test:PersistentLevel' has LevelScriptBlueprint '/Game/FirstPersonBP/Maps/Test.Test:PersistentLevel.Test' with GeneratedClass '/Game/FirstPersonBP/Maps/Test.Test_C' with ClassGeneratedBy '/Game/FirstPersonBP/Maps/Test.Test:PersistentLevel.Test'
[2016.10.09-11.22.56:690][655]LogPlayLevel: PlayLevel: No blueprints needed recompiling
[2016.10.09-11.22.56:691][655]PIE: New page: PIE session: Test (9 Oct 2016 12:22:56)
[2016.10.09-11.22.56:691][655]LogPlayLevel: Creating play world package: /Game/FirstPersonBP/Maps/UEDPIE_0_Test
[2016.10.09-11.22.56:708][655]LogPlayLevel: PIE: StaticDuplicateObject took: (0.017339s)
[2016.10.09-11.22.56:709][655]LogAIModule: Creating AISystem for world Test
[2016.10.09-11.22.56:709][655]LogPlayLevel: PIE: World Init took: (0.000773s)
[2016.10.09-11.22.56:709][655]LogPlayLevel: PIE: Created PIE world by copying editor world from /Game/FirstPersonBP/Maps/Test.Test to /Game/FirstPersonBP/Maps/UEDPIE_0_Test.Test (0.018413s)
[2016.10.09-11.22.56:767][655]LogInit: XAudio2 using 'Speakers (2- Logitech G430 Gaming Headset)' : 2 channels at 44.1 kHz using 16 bits per sample (channel mask 0x3)
[2016.10.09-11.22.56:777][655]LogInit: FAudioDevice initialized.
[2016.10.09-11.22.56:834][655]LogWorld: Game class is 'FirstPersonGameMode_C'
[2016.10.09-11.22.56:840][655]LogWorld: Bringing World /Game/FirstPersonBP/Maps/UEDPIE_0_Test.Test up for play (max tick rate 0) at 2016.10.09-12.22.56
[2016.10.09-11.22.56:841][655]LogWorld: Bringing up level for play took: 0.005740
[2016.10.09-11.22.56:842][655]LogPlayerManagement:Error: Failed to Create Player: A local player already exists for controller ID 0,
[2016.10.09-11.22.56:842][655]PIE: Info Play in editor start time for /Game/FirstPersonBP/Maps/UEDPIE_0_Test 0.842
[2016.10.09-11.22.56:842][655]LogBlueprintUserMessages: Late PlayInEditor Detection: Level '/Game/FirstPersonBP/Maps/Test.Test:PersistentLevel' has LevelScriptBlueprint '/Game/FirstPersonBP/Maps/Test.Test:PersistentLevel.Test' with GeneratedClass '/Game/FirstPersonBP/Maps/Test.Test_C' with ClassGeneratedBy '/Game/FirstPersonBP/Maps/Test.Test:PersistentLevel.Test'
[2016.10.09-11.22.58:179][811]LogBlueprintUserMessages: Early EndPlayMap Detection: Level '/Game/FirstPersonBP/Maps/Test.Test:PersistentLevel' has LevelScriptBlueprint '/Game/FirstPersonBP/Maps/Test.Test:PersistentLevel.Test' with GeneratedClass '/Game/FirstPersonBP/Maps/Test.Test_C' with ClassGeneratedBy '/Game/FirstPersonBP/Maps/Test.Test:PersistentLevel.Test'
[2016.10.09-11.22.58:258][811]LogBlueprintUserMessages: Late EndPlayMap Detection: Level '/Game/FirstPersonBP/Maps/Test.Test:PersistentLevel' has LevelScriptBlueprint '/Game/FirstPersonBP/Maps/Test.Test:PersistentLevel.Test' with GeneratedClass '/Game/FirstPersonBP/Maps/Test.Test_C' with ClassGeneratedBy '/Game/FirstPersonBP/Maps/Test.Test:PersistentLevel.Test'
[2016.10.09-11.23.12:703][ 14]BlueprintLog: New page: Compile FirstPersonGameMode
[2016.10.09-11.23.12:809][ 14]BlueprintEditorCompileResults: Info [0221.22] Compile of FirstPersonGameMode successful! [in 106 ms] (/Game/FirstPersonBP/Blueprints/FirstPersonGameMode.FirstPersonGameMode)
[2016.10.09-11.23.15:117][208]LogBlueprintUserMessages: Early PlayInEditor Detection: Level '/Game/FirstPersonBP/Maps/Test.Test:PersistentLevel' has LevelScriptBlueprint '/Game/FirstPersonBP/Maps/Test.Test:PersistentLevel.Test' with GeneratedClass '/Game/FirstPersonBP/Maps/Test.Test_C' with ClassGeneratedBy '/Game/FirstPersonBP/Maps/Test.Test:PersistentLevel.Test'
[2016.10.09-11.23.15:117][208]LogPlayLevel: PlayLevel: No blueprints needed recompiling
[2016.10.09-11.23.15:117][208]PIE: New page: PIE session: Test (9 Oct 2016 12:23:15)
[2016.10.09-11.23.15:117][208]LogPlayLevel: Creating play world package: /Game/FirstPersonBP/Maps/UEDPIE_0_Test
[2016.10.09-11.23.15:134][208]LogPlayLevel: PIE: StaticDuplicateObject took: (0.017305s)
[2016.10.09-11.23.15:135][208]LogAIModule: Creating AISystem for world Test
[2016.10.09-11.23.15:135][208]LogPlayLevel: PIE: World Init took: (0.000816s)
[2016.10.09-11.23.15:135][208]LogPlayLevel: PIE: Created PIE world by copying editor world from /Game/FirstPersonBP/Maps/Test.Test to /Game/FirstPersonBP/Maps/UEDPIE_0_Test.Test (0.018413s)
[2016.10.09-11.23.15:192][208]LogInit: XAudio2 using 'Speakers (2- Logitech G430 Gaming Headset)' : 2 channels at 44.1 kHz using 16 bits per sample (channel mask 0x3)
[2016.10.09-11.23.15:200][208]LogInit: FAudioDevice initialized.
[2016.10.09-11.23.15:255][208]LogWorld: Game class is 'FirstPersonGameMode_C'
[2016.10.09-11.23.15:262][208]LogWorld: Bringing World /Game/FirstPersonBP/Maps/UEDPIE_0_Test.Test up for play (max tick rate 0) at 2016.10.09-12.23.15
[2016.10.09-11.23.15:263][208]LogWorld: Bringing up level for play took: 0.006302
[2016.10.09-11.23.15:269][208]PIE: Info Play in editor start time for /Game/FirstPersonBP/Maps/UEDPIE_0_Test -0.731
[2016.10.09-11.23.15:270][208]LogBlueprintUserMessages: Late PlayInEditor Detection: Level '/Game/FirstPersonBP/Maps/Test.Test:PersistentLevel' has LevelScriptBlueprint '/Game/FirstPersonBP/Maps/Test.Test:PersistentLevel.Test' with GeneratedClass '/Game/FirstPersonBP/Maps/Test.Test_C' with ClassGeneratedBy '/Game/FirstPersonBP/Maps/Test.Test:PersistentLevel.Test'
[2016.10.09-11.23.20:751][842]LogBlueprintUserMessages: Early EndPlayMap Detection: Level '/Game/FirstPersonBP/Maps/Test.Test:PersistentLevel' has LevelScriptBlueprint '/Game/FirstPersonBP/Maps/Test.Test:PersistentLevel.Test' with GeneratedClass '/Game/FirstPersonBP/Maps/Test.Test_C' with ClassGeneratedBy '/Game/FirstPersonBP/Maps/Test.Test:PersistentLevel.Test'
[2016.10.09-11.23.20:829][842]LogBlueprintUserMessages: Late EndPlayMap Detection: Level '/Game/FirstPersonBP/Maps/Test.Test:PersistentLevel' has LevelScriptBlueprint '/Game/FirstPersonBP/Maps/Test.Test:PersistentLevel.Test' with GeneratedClass '/Game/FirstPersonBP/Maps/Test.Test_C' with ClassGeneratedBy '/Game/FirstPersonBP/Maps/Test.Test:PersistentLevel.Test'
[2016.10.09-11.23.23:893][142]Cmd: TRANSACTION UNDO
[2016.10.09-11.23.23:893][142]LogEditorTransaction: Undo Change Number Pin Value
[2016.10.09-11.23.24:123][160]Cmd: TRANSACTION UNDO
[2016.10.09-11.23.24:123][160]LogEditorTransaction: Undo Create Pin Link
[2016.10.09-11.23.24:365][177]Cmd: TRANSACTION UNDO
[2016.10.09-11.23.24:365][177]LogEditorTransaction: Undo Change Number Pin Value
[2016.10.09-11.23.25:011][238]Cmd: TRANSACTION UNDO
[2016.10.09-11.23.25:011][238]LogEditorTransaction: Undo Create Pin Link
[2016.10.09-11.23.25:245][259]Cmd: TRANSACTION UNDO
[2016.10.09-11.23.25:245][259]LogEditorTransaction: Undo Create Pin Link
[2016.10.09-11.23.25:489][282]Cmd: TRANSACTION UNDO
[2016.10.09-11.23.25:489][282]LogEditorTransaction: Undo Add Node
[2016.10.09-11.23.25:739][306]Cmd: TRANSACTION UNDO
[2016.10.09-11.23.25:739][306]LogEditorTransaction: Undo Edit Player Index
[2016.10.09-11.23.25:752][306]LogActorComponent: ~FComponentReregisterContext: (/Game/FirstPersonBP/Maps/Test.Test:PersistentLevel.FirstPersonCharacter2.CharMoveComp) Component already registered.
[2016.10.09-11.23.25:754][306]LogActorComponent: ~FComponentReregisterContext: (/Game/FirstPersonBP/Maps/Test.Test:PersistentLevel.FirstPersonCharacter2.CharacterMesh0) Component already registered.
[2016.10.09-11.23.25:756][306]LogActorComponent: ~FComponentReregisterContext: (/Game/FirstPersonBP/Maps/Test.Test:PersistentLevel.FirstPersonCharacter2.Arrow) Component already registered.
[2016.10.09-11.23.25:757][306]LogActorComponent: ~FComponentReregisterContext: (/Game/FirstPersonBP/Maps/Test.Test:PersistentLevel.FirstPersonCharacter_C_1.Arrow) Component already registered.
[2016.10.09-11.23.25:759][306]LogActorComponent: ~FComponentReregisterContext: (/Game/FirstPersonBP/Maps/Test.Test:PersistentLevel.FirstPersonCharacter_C_1.CharacterMesh0) Component already registered.
[2016.10.09-11.23.25:761][306]LogActorComponent: ~FComponentReregisterContext: (/Game/FirstPersonBP/Maps/Test.Test:PersistentLevel.FirstPersonCharacter_C_1.CharMoveComp) Component already registered.
[2016.10.09-11.23.25:959][324]Cmd: TRANSACTION UNDO
[2016.10.09-11.23.25:959][324]LogEditorTransaction: Undo Clicking on Actors
[2016.10.09-11.23.26:171][332]Cmd: TRANSACTION UNDO
[2016.10.09-11.23.26:171][332]LogEditorTransaction: Undo Clicking on Actors
[2016.10.09-11.23.26:375][338]Cmd: TRANSACTION UNDO
[2016.10.09-11.23.26:375][338]LogEditorTransaction: Undo Clicking on Actors
[2016.10.09-11.23.26:589][344]Cmd: TRANSACTION UNDO
[2016.10.09-11.23.26:589][344]LogEditorTransaction: Undo Clicking on Actors
[2016.10.09-11.23.26:792][352]Cmd: TRANSACTION UNDO
[2016.10.09-11.23.26:792][352]LogEditorTransaction: Undo Clicking on Actors
[2016.10.09-11.23.27:003][367]Cmd: TRANSACTION UNDO
[2016.10.09-11.23.27:003][367]LogEditorTransaction: Undo Clicking on Actors
[2016.10.09-11.23.27:203][377]Cmd: TRANSACTION UNDO
[2016.10.09-11.23.27:203][377]LogEditorTransaction: Undo Rotate Actors
[2016.10.09-11.23.27:407][395]Cmd: TRANSACTION UNDO
[2016.10.09-11.23.27:407][395]LogEditorTransaction: Undo Move Actors
[2016.10.09-11.23.27:618][414]Cmd: TRANSACTION UNDO
[2016.10.09-11.23.27:618][414]LogEditorTransaction: Undo Paste
[2016.10.09-11.23.27:826][420]Cmd: TRANSACTION UNDO
[2016.10.09-11.23.27:826][420]LogEditorTransaction: Undo Move Actors
[2016.10.09-11.23.28:106][447]Cmd: TRANSACTION UNDO
[2016.10.09-11.23.28:106][447]LogEditorTransaction: Undo Clicking on Actors
[2016.10.09-11.23.30:268][665]LogBlueprintUserMessages: Early PlayInEditor Detection: Level '/Game/FirstPersonBP/Maps/Test.Test:PersistentLevel' has LevelScriptBlueprint '/Game/FirstPersonBP/Maps/Test.Test:PersistentLevel.Test' with GeneratedClass '/Game/FirstPersonBP/Maps/Test.Test_C' with ClassGeneratedBy '/Game/FirstPersonBP/Maps/Test.Test:PersistentLevel.Test'
[2016.10.09-11.23.30:268][665]BlueprintLog: New page: Pre-Play auto-recompile
[2016.10.09-11.23.30:273][665]LogPlayLevel: [PlayLevel] Compiling FirstPersonGameMode before play...
[2016.10.09-11.23.30:342][665]LogPlayLevel: PlayLevel: Blueprint regeneration took 73 ms (1 blueprints)
[2016.10.09-11.23.30:361][665]PIE: New page: PIE session: Test (9 Oct 2016 12:23:30)
[2016.10.09-11.23.30:361][665]LogPlayLevel: Creating play world package: /Game/FirstPersonBP/Maps/UEDPIE_0_Test
[2016.10.09-11.23.30:377][665]LogPlayLevel: PIE: StaticDuplicateObject took: (0.016498s)
[2016.10.09-11.23.30:378][665]LogAIModule: Creating AISystem for world Test
[2016.10.09-11.23.30:378][665]LogPlayLevel: PIE: World Init took: (0.000703s)
[2016.10.09-11.23.30:378][665]LogPlayLevel: PIE: Created PIE world by copying editor world from /Game/FirstPersonBP/Maps/Test.Test to /Game/FirstPersonBP/Maps/UEDPIE_0_Test.Test (0.017496s)
[2016.10.09-11.23.30:414][665]LogInit: XAudio2 using 'Speakers (2- Logitech G430 Gaming Headset)' : 2 channels at 44.1 kHz using 16 bits per sample (channel mask 0x3)
[2016.10.09-11.23.30:422][665]LogInit: FAudioDevice initialized.
[2016.10.09-11.23.30:475][665]LogWorld: Game class is 'FirstPersonGameMode_C'
[2016.10.09-11.23.30:480][665]LogWorld: Bringing World /Game/FirstPersonBP/Maps/UEDPIE_0_Test.Test up for play (max tick rate 0) at 2016.10.09-12.23.30
[2016.10.09-11.23.30:481][665]LogWorld: Bringing up level for play took: 0.005355
[2016.10.09-11.23.30:483][665]PIE: Info Play in editor start time for /Game/FirstPersonBP/Maps/UEDPIE_0_Test 0.483
[2016.10.09-11.23.30:483][665]LogBlueprintUserMessages: Late PlayInEditor Detection: Level '/Game/FirstPersonBP/Maps/Test.Test:PersistentLevel' has LevelScriptBlueprint '/Game/FirstPersonBP/Maps/Test.Test:PersistentLevel.Test' with GeneratedClass '/Game/FirstPersonBP/Maps/Test.Test_C' with ClassGeneratedBy '/Game/FirstPersonBP/Maps/Test.Test:PersistentLevel.Test'
[2016.10.09-11.23.32:468][895]LogBlueprintUserMessages: Early EndPlayMap Detection: Level '/Game/FirstPersonBP/Maps/Test.Test:PersistentLevel' has LevelScriptBlueprint '/Game/FirstPersonBP/Maps/Test.Test:PersistentLevel.Test' with GeneratedClass '/Game/FirstPersonBP/Maps/Test.Test_C' with ClassGeneratedBy '/Game/FirstPersonBP/Maps/Test.Test:PersistentLevel.Test'
[2016.10.09-11.23.32:530][895]LogBlueprintUserMessages: Late EndPlayMap Detection: Level '/Game/FirstPersonBP/Maps/Test.Test:PersistentLevel' has LevelScriptBlueprint '/Game/FirstPersonBP/Maps/Test.Test:PersistentLevel.Test' with GeneratedClass '/Game/FirstPersonBP/Maps/Test.Test_C' with ClassGeneratedBy '/Game/FirstPersonBP/Maps/Test.Test:PersistentLevel.Test'
[2016.10.09-11.23.51:311][481]BlueprintLog: New page: Compile FirstPersonGameMode
[2016.10.09-11.23.51:417][481]BlueprintEditorCompileResults: Info [0259.82] Compile of FirstPersonGameMode successful! [in 105 ms] (/Game/FirstPersonBP/Blueprints/FirstPersonGameMode.FirstPersonGameMode)
[2016.10.09-11.23.53:442][669]LogBlueprintUserMessages: Early PlayInEditor Detection: Level '/Game/FirstPersonBP/Maps/Test.Test:PersistentLevel' has LevelScriptBlueprint '/Game/FirstPersonBP/Maps/Test.Test:PersistentLevel.Test' with GeneratedClass '/Game/FirstPersonBP/Maps/Test.Test_C' with ClassGeneratedBy '/Game/FirstPersonBP/Maps/Test.Test:PersistentLevel.Test'
[2016.10.09-11.23.53:442][669]LogPlayLevel: PlayLevel: No blueprints needed recompiling
[2016.10.09-11.23.53:442][669]PIE: New page: PIE session: Test (9 Oct 2016 12:23:53)
[2016.10.09-11.23.53:442][669]LogPlayLevel: Creating play world package: /Game/FirstPersonBP/Maps/UEDPIE_0_Test
[2016.10.09-11.23.53:459][669]LogPlayLevel: PIE: StaticDuplicateObject took: (0.016290s)
[2016.10.09-11.23.53:460][669]LogAIModule: Creating AISystem for world Test
[2016.10.09-11.23.53:460][669]LogPlayLevel: PIE: World Init took: (0.000965s)
[2016.10.09-11.23.53:460][669]LogPlayLevel: PIE: Created PIE world by copying editor world from /Game/FirstPersonBP/Maps/Test.Test to /Game/FirstPersonBP/Maps/UEDPIE_0_Test.Test (0.017552s)
[2016.10.09-11.23.53:491][669]LogInit: XAudio2 using 'Speakers (2- Logitech G430 Gaming Headset)' : 2 channels at 44.1 kHz using 16 bits per sample (channel mask 0x3)
[2016.10.09-11.23.53:498][669]LogInit: FAudioDevice initialized.
[2016.10.09-11.23.53:550][669]LogWorld: Game class is 'FirstPersonGameMode_C'
[2016.10.09-11.23.53:556][669]LogWorld: Bringing World /Game/FirstPersonBP/Maps/UEDPIE_0_Test.Test up for play (max tick rate 0) at 2016.10.09-12.23.53
[2016.10.09-11.23.53:557][669]LogWorld: Bringing up level for play took: 0.005351
[2016.10.09-11.23.53:561][669]PIE: Info Play in editor start time for /Game/FirstPersonBP/Maps/UEDPIE_0_Test -0.439
[2016.10.09-11.23.53:561][669]LogBlueprintUserMessages: Late PlayInEditor Detection: Level '/Game/FirstPersonBP/Maps/Test.Test:PersistentLevel' has LevelScriptBlueprint '/Game/FirstPersonBP/Maps/Test.Test:PersistentLevel.Test' with GeneratedClass '/Game/FirstPersonBP/Maps/Test.Test_C' with ClassGeneratedBy '/Game/FirstPersonBP/Maps/Test.Test:PersistentLevel.Test'
[2016.10.09-11.24.11:714][807]LogBlueprintUserMessages: Early EndPlayMap Detection: Level '/Game/FirstPersonBP/Maps/Test.Test:PersistentLevel' has LevelScriptBlueprint '/Game/FirstPersonBP/Maps/Test.Test:PersistentLevel.Test' with GeneratedClass '/Game/FirstPersonBP/Maps/Test.Test_C' with ClassGeneratedBy '/Game/FirstPersonBP/Maps/Test.Test:PersistentLevel.Test'
[2016.10.09-11.24.11:761][807]LogBlueprintUserMessages: Late EndPlayMap Detection: Level '/Game/FirstPersonBP/Maps/Test.Test:PersistentLevel' has LevelScriptBlueprint '/Game/FirstPersonBP/Maps/Test.Test:PersistentLevel.Test' with GeneratedClass '/Game/FirstPersonBP/Maps/Test.Test_C' with ClassGeneratedBy '/Game/FirstPersonBP/Maps/Test.Test:PersistentLevel.Test'
[2016.10.09-11.24.17:101][350]LogEditorViewport: Clicking on Actor (LMB): BP_Sky_Sphere_C (SkySphereBlueprint)
[2016.10.09-11.26.46:250][263]LogBlueprintUserMessages: Early PlayInEditor Detection: Level '/Game/FirstPersonBP/Maps/Test.Test:PersistentLevel' has LevelScriptBlueprint '/Game/FirstPersonBP/Maps/Test.Test:PersistentLevel.Test' with GeneratedClass '/Game/FirstPersonBP/Maps/Test.Test_C' with ClassGeneratedBy '/Game/FirstPersonBP/Maps/Test.Test:PersistentLevel.Test'
[2016.10.09-11.26.46:250][263]BlueprintLog: New page: Pre-Play auto-recompile
[2016.10.09-11.26.46:254][263]LogPlayLevel: [PlayLevel] Compiling FirstPersonGameMode before play...
[2016.10.09-11.26.46:331][263]LogPlayLevel: PlayLevel: Blueprint regeneration took 80 ms (1 blueprints)
[2016.10.09-11.26.46:359][263]PIE: New page: PIE session: Test (9 Oct 2016 12:26:46)
[2016.10.09-11.26.46:360][263]LogPlayLevel: Creating play world package: /Game/FirstPersonBP/Maps/UEDPIE_0_Test
[2016.10.09-11.26.46:378][263]LogPlayLevel: PIE: StaticDuplicateObject took: (0.018404s)
[2016.10.09-11.26.46:379][263]LogAIModule: Creating AISystem for world Test
[2016.10.09-11.26.46:379][263]LogPlayLevel: PIE: World Init took: (0.000876s)
[2016.10.09-11.26.46:379][263]LogPlayLevel: PIE: Created PIE world by copying editor world from /Game/FirstPersonBP/Maps/Test.Test to /Game/FirstPersonBP/Maps/UEDPIE_0_Test.Test (0.019584s)
[2016.10.09-11.26.46:413][263]LogInit: XAudio2 using 'Speakers (2- Logitech G430 Gaming Headset)' : 2 channels at 44.1 kHz using 16 bits per sample (channel mask 0x3)
[2016.10.09-11.26.46:422][263]LogInit: FAudioDevice initialized.
[2016.10.09-11.26.46:474][263]LogWorld: Game class is 'FirstPersonGameMode_C'
[2016.10.09-11.26.46:479][263]LogWorld: Bringing World /Game/FirstPersonBP/Maps/UEDPIE_0_Test.Test up for play (max tick rate 0) at 2016.10.09-12.26.46
[2016.10.09-11.26.46:480][263]LogWorld: Bringing up level for play took: 0.004597
[2016.10.09-11.26.46:481][263]PIE: Info Play in editor start time for /Game/FirstPersonBP/Maps/UEDPIE_0_Test 0.481
[2016.10.09-11.26.46:481][263]LogBlueprintUserMessages: Late PlayInEditor Detection: Level '/Game/FirstPersonBP/Maps/Test.Test:PersistentLevel' has LevelScriptBlueprint '/Game/FirstPersonBP/Maps/Test.Test:PersistentLevel.Test' with GeneratedClass '/Game/FirstPersonBP/Maps/Test.Test_C' with ClassGeneratedBy '/Game/FirstPersonBP/Maps/Test.Test:PersistentLevel.Test'
[2016.10.09-11.26.55:279][302]LogBlueprintUserMessages: Early EndPlayMap Detection: Level '/Game/FirstPersonBP/Maps/Test.Test:PersistentLevel' has LevelScriptBlueprint '/Game/FirstPersonBP/Maps/Test.Test:PersistentLevel.Test' with GeneratedClass '/Game/FirstPersonBP/Maps/Test.Test_C' with ClassGeneratedBy '/Game/FirstPersonBP/Maps/Test.Test:PersistentLevel.Test'
[2016.10.09-11.26.55:323][302]LogBlueprintUserMessages: Late EndPlayMap Detection: Level '/Game/FirstPersonBP/Maps/Test.Test:PersistentLevel' has LevelScriptBlueprint '/Game/FirstPersonBP/Maps/Test.Test:PersistentLevel.Test' with GeneratedClass '/Game/FirstPersonBP/Maps/Test.Test_C' with ClassGeneratedBy '/Game/FirstPersonBP/Maps/Test.Test:PersistentLevel.Test'
[2016.10.09-11.26.59:714][758]LogEditorViewport: Clicking on Actor (LMB): StaticMeshActor (Floor)
[2016.10.09-11.27.00:326][819]LogEditorViewport: Clicking on Actor (LMB): FirstPersonCharacter_C (FirstPersonCharacter)
[2016.10.09-11.27.01:553][939]Cmd: EDIT COPY
[2016.10.09-11.27.01:788][963]Cmd: EDIT PASTE
[2016.10.09-11.28.42:166][478]LogEditorViewport: Clicking on Actor (LMB): FirstPersonCharacter_C (FirstPersonCharacter)
[2016.10.09-11.28.44:714][714]LogEditorViewport: Clicking on Actor (LMB): FirstPersonCharacter_C (FirstPersonCharacter2)
[2016.10.09-11.30.02:675][313]LogBlueprintUserMessages: Early PlayInEditor Detection: Level '/Game/FirstPersonBP/Maps/Test.Test:PersistentLevel' has LevelScriptBlueprint '/Game/FirstPersonBP/Maps/Test.Test:PersistentLevel.Test' with GeneratedClass '/Game/FirstPersonBP/Maps/Test.Test_C' with ClassGeneratedBy '/Game/FirstPersonBP/Maps/Test.Test:PersistentLevel.Test'
[2016.10.09-11.30.02:675][313]LogPlayLevel: PlayLevel: No blueprints needed recompiling
[2016.10.09-11.30.02:675][313]PIE: New page: PIE session: Test (9 Oct 2016 12:30:02)
[2016.10.09-11.30.02:675][313]LogPlayLevel: Creating play world package: /Game/FirstPersonBP/Maps/UEDPIE_0_Test
[2016.10.09-11.30.02:695][313]LogPlayLevel: PIE: StaticDuplicateObject took: (0.019430s)
[2016.10.09-11.30.02:696][313]LogAIModule: Creating AISystem for world Test
[2016.10.09-11.30.02:696][313]LogPlayLevel: PIE: World Init took: (0.001135s)
[2016.10.09-11.30.02:696][313]LogPlayLevel: PIE: Created PIE world by copying editor world from /Game/FirstPersonBP/Maps/Test.Test to /Game/FirstPersonBP/Maps/UEDPIE_0_Test.Test (0.020964s)
[2016.10.09-11.30.02:773][313]LogInit: XAudio2 using 'Speakers (2- Logitech G430 Gaming Headset)' : 2 channels at 44.1 kHz using 16 bits per sample (channel mask 0x3)
[2016.10.09-11.30.02:781][313]LogInit: FAudioDevice initialized.
[2016.10.09-11.30.02:839][313]LogWorld: Game class is 'FirstPersonGameMode_C'
[2016.10.09-11.30.02:845][313]LogWorld: Bringing World /Game/FirstPersonBP/Maps/UEDPIE_0_Test.Test up for play (max tick rate 0) at 2016.10.09-12.30.02
[2016.10.09-11.30.02:845][313]LogWorld: Bringing up level for play took: 0.005674
[2016.10.09-11.30.02:847][313]PIE: Info Play in editor start time for /Game/FirstPersonBP/Maps/UEDPIE_0_Test 0.847
[2016.10.09-11.30.02:847][313]LogBlueprintUserMessages: Late PlayInEditor Detection: Level '/Game/FirstPersonBP/Maps/Test.Test:PersistentLevel' has LevelScriptBlueprint '/Game/FirstPersonBP/Maps/Test.Test:PersistentLevel.Test' with GeneratedClass '/Game/FirstPersonBP/Maps/Test.Test_C' with ClassGeneratedBy '/Game/FirstPersonBP/Maps/Test.Test:PersistentLevel.Test'
[2016.10.09-11.30.05:045][566]LogBlueprintUserMessages: Early EndPlayMap Detection: Level '/Game/FirstPersonBP/Maps/Test.Test:PersistentLevel' has LevelScriptBlueprint '/Game/FirstPersonBP/Maps/Test.Test:PersistentLevel.Test' with GeneratedClass '/Game/FirstPersonBP/Maps/Test.Test_C' with ClassGeneratedBy '/Game/FirstPersonBP/Maps/Test.Test:PersistentLevel.Test'
[2016.10.09-11.30.05:137][566]LogBlueprintUserMessages: Late EndPlayMap Detection: Level '/Game/FirstPersonBP/Maps/Test.Test:PersistentLevel' has LevelScriptBlueprint '/Game/FirstPersonBP/Maps/Test.Test:PersistentLevel.Test' with GeneratedClass '/Game/FirstPersonBP/Maps/Test.Test_C' with ClassGeneratedBy '/Game/FirstPersonBP/Maps/Test.Test:PersistentLevel.Test'
[2016.10.09-11.30.48:283][840]LogActorComponent: UnregisterComponent: (/Engine/Transient.EditorFloorComp) Not registered. Aborting.
[2016.10.09-11.30.51:880][183]LogEditorViewport: Clicking on Actor (LMB): FirstPersonCharacter_C (FirstPersonCharacter)
[2016.10.09-11.30.54:811][478]LogEditorViewport: Clicking on Actor (LMB): FirstPersonCharacter_C (FirstPersonCharacter2)
[2016.10.09-11.30.55:392][523]Cmd: DELETE
[2016.10.09-11.30.55:392][523]Cmd: ACTOR DELETE
[2016.10.09-11.30.55:393][523]LogEditorActor: Deleted Actor: FirstPersonCharacter_C
[2016.10.09-11.30.55:441][523]LogEditorActor: Deleted 1 Actors (0.049 secs)
[2016.10.09-11.30.56:278][620]LogBlueprintUserMessages: Early PlayInEditor Detection: Level '/Game/FirstPersonBP/Maps/Test.Test:PersistentLevel' has LevelScriptBlueprint '/Game/FirstPersonBP/Maps/Test.Test:PersistentLevel.Test' with GeneratedClass '/Game/FirstPersonBP/Maps/Test.Test_C' with ClassGeneratedBy '/Game/FirstPersonBP/Maps/Test.Test:PersistentLevel.Test'
[2016.10.09-11.30.56:278][620]BlueprintLog: New page: Pre-Play auto-recompile
[2016.10.09-11.30.56:279][620]LogPlayLevel: [PlayLevel] Compiling FirstPersonCharacter before play...
[2016.10.09-11.30.56:393][620]LogPlayLevel: PlayLevel: Blueprint regeneration took 115 ms (1 blueprints)
[2016.10.09-11.30.56:411][620]PIE: New page: PIE session: Test (9 Oct 2016 12:30:56)
[2016.10.09-11.30.56:411][620]LogPlayLevel: Creating play world package: /Game/FirstPersonBP/Maps/UEDPIE_0_Test
[2016.10.09-11.30.56:427][620]LogPlayLevel: PIE: StaticDuplicateObject took: (0.016710s)
[2016.10.09-11.30.56:428][620]LogAIModule: Creating AISystem for world Test
[2016.10.09-11.30.56:428][620]LogPlayLevel: PIE: World Init took: (0.000823s)
[2016.10.09-11.30.56:428][620]LogPlayLevel: PIE: Created PIE world by copying editor world from /Game/FirstPersonBP/Maps/Test.Test to /Game/FirstPersonBP/Maps/UEDPIE_0_Test.Test (0.017828s)
[2016.10.09-11.30.56:463][620]LogInit: XAudio2 using 'Speakers (2- Logitech G430 Gaming Headset)' : 2 channels at 44.1 kHz using 16 bits per sample (channel mask 0x3)
[2016.10.09-11.30.56:471][620]LogInit: FAudioDevice initialized.
[2016.10.09-11.30.56:525][620]LogWorld: Game class is 'FirstPersonGameMode_C'
[2016.10.09-11.30.56:530][620]LogWorld: Bringing World /Game/FirstPersonBP/Maps/UEDPIE_0_Test.Test up for play (max tick rate 0) at 2016.10.09-12.30.56
[2016.10.09-11.30.56:530][620]LogWorld: Bringing up level for play took: 0.004493
[2016.10.09-11.30.56:531][620]PIE: Info Play in editor start time for /Game/FirstPersonBP/Maps/UEDPIE_0_Test 0.532
[2016.10.09-11.30.56:532][620]LogBlueprintUserMessages: Late PlayInEditor Detection: Level '/Game/FirstPersonBP/Maps/Test.Test:PersistentLevel' has LevelScriptBlueprint '/Game/FirstPersonBP/Maps/Test.Test:PersistentLevel.Test' with GeneratedClass '/Game/FirstPersonBP/Maps/Test.Test_C' with ClassGeneratedBy '/Game/FirstPersonBP/Maps/Test.Test:PersistentLevel.Test'
[2016.10.09-11.30.59:346][923]LogBlueprintUserMessages: Early EndPlayMap Detection: Level '/Game/FirstPersonBP/Maps/Test.Test:PersistentLevel' has LevelScriptBlueprint '/Game/FirstPersonBP/Maps/Test.Test:PersistentLevel.Test' with GeneratedClass '/Game/FirstPersonBP/Maps/Test.Test_C' with ClassGeneratedBy '/Game/FirstPersonBP/Maps/Test.Test:PersistentLevel.Test'
[2016.10.09-11.30.59:378][923]LogBlueprintUserMessages: Late EndPlayMap Detection: Level '/Game/FirstPersonBP/Maps/Test.Test:PersistentLevel' has LevelScriptBlueprint '/Game/FirstPersonBP/Maps/Test.Test:PersistentLevel.Test' with GeneratedClass '/Game/FirstPersonBP/Maps/Test.Test_C' with ClassGeneratedBy '/Game/FirstPersonBP/Maps/Test.Test:PersistentLevel.Test'
[2016.10.09-11.31.31:455][508]LogSavePackage: Save=1499.79ms
[2016.10.09-11.31.31:455][508]LogSavePackage: Moving 'D:/Repositories/UnrealGameJam/UnrealGameJam/Saved/Test_Auto1515D40514BC305C8C35A5E92865A1CCC.tmp' to 'D:/Repositories/UnrealGameJam/UnrealGameJam/Saved/Autosaves/Game/FirstPersonBP/Maps/Test_Auto1.umap'
[2016.10.09-11.31.31:456][508]LogSavePackage:Display: Finished SavePackage D:/Repositories/UnrealGameJam/UnrealGameJam/Saved/Autosaves/Game/FirstPersonBP/Maps/Test_Auto1.umap
[2016.10.09-11.31.31:457][508]LogFileHelpers: Editor autosave (incl. sublevels) for '/Game/FirstPersonBP/Maps/Test' took 1.636
[2016.10.09-11.31.31:457][508]LogFileHelpers: Editor autosave (incl. sublevels) for all levels took 1.636
[2016.10.09-11.31.31:459][508]OBJ SavePackage: Generating thumbnails for [0] asset(s) in package [/Game/FirstPersonBP/Blueprints/FirstPersonGameMode] ([1] browsable assets)...
[2016.10.09-11.31.31:459][508]OBJ SavePackage: Finished generating thumbnails for package [/Game/FirstPersonBP/Blueprints/FirstPersonGameMode]
[2016.10.09-11.31.31:478][508]LogSavePackage: Save=12.20ms
[2016.10.09-11.31.31:478][508]LogSavePackage: Moving 'D:/Repositories/UnrealGameJam/UnrealGameJam/Saved/FirstPersonGameMode_Auto1638667814D3A7EC0B1A295BCDA061A27.tmp' to 'D:/Repositories/UnrealGameJam/UnrealGameJam/Saved/Autosaves/Game/FirstPersonBP/Blueprints/FirstPersonGameMode_Auto1.uasset'
[2016.10.09-11.31.31:478][508]LogSavePackage:Display: Finished SavePackage D:/Repositories/UnrealGameJam/UnrealGameJam/Saved/Autosaves/Game/FirstPersonBP/Blueprints/FirstPersonGameMode_Auto1.uasset
[2016.10.09-11.31.31:479][508]OBJ SavePackage: Generating thumbnails for [1] asset(s) in package [/Game/FirstPersonBP/Blueprints/FirstPersonCharacter] ([1] browsable assets)...
[2016.10.09-11.31.31:512][508]OBJ SavePackage:     Rendered thumbnail for [Blueprint /Game/FirstPersonBP/Blueprints/FirstPersonCharacter.FirstPersonCharacter]
[2016.10.09-11.31.31:512][508]OBJ SavePackage: Finished generating thumbnails for package [/Game/FirstPersonBP/Blueprints/FirstPersonCharacter]
[2016.10.09-11.31.31:614][508]LogSavePackage: Save=96.95ms
[2016.10.09-11.31.31:614][508]LogSavePackage: Moving 'D:/Repositories/UnrealGameJam/UnrealGameJam/Saved/FirstPersonCharacter_Auto147C4B84D4807B23EF3A16B95D218109A.tmp' to 'D:/Repositories/UnrealGameJam/UnrealGameJam/Saved/Autosaves/Game/FirstPersonBP/Blueprints/FirstPersonCharacter_Auto1.uasset'
[2016.10.09-11.31.31:615][508]LogSavePackage:Display: Finished SavePackage D:/Repositories/UnrealGameJam/UnrealGameJam/Saved/Autosaves/Game/FirstPersonBP/Blueprints/FirstPersonCharacter_Auto1.uasset
[2016.10.09-11.31.31:615][508]LogFileHelpers: Auto-saving content packages took 0.157
[2016.10.09-11.31.36:052][740]LogSavePackage: Save=103.98ms
[2016.10.09-11.31.36:052][740]LogSavePackage: Moving 'D:/Repositories/UnrealGameJam/UnrealGameJam/Saved/FirstPersonCharacterB74BBEFA453B26A427ACE2865D860CE6.tmp' to 'D:/Repositories/UnrealGameJam/UnrealGameJam/Content/FirstPersonBP/Blueprints/FirstPersonCharacter.uasset'
[2016.10.09-11.31.36:069][740]LogSavePackage:Display: Finished SavePackage D:/Repositories/UnrealGameJam/UnrealGameJam/Content/FirstPersonBP/Blueprints/FirstPersonCharacter.uasset
[2016.10.09-11.31.36:075][740]Cmd: OBJ SAVEPACKAGE PACKAGE="/Game/FirstPersonBP/Blueprints/FirstPersonGameMode" FILE="D:/Repositories/UnrealGameJam/UnrealGameJam/Content/FirstPersonBP/Blueprints/FirstPersonGameMode.uasset" SILENT=true
[2016.10.09-11.31.36:089][740]LogSavePackage: Save=11.00ms
[2016.10.09-11.31.36:089][740]LogSavePackage: Moving 'D:/Repositories/UnrealGameJam/UnrealGameJam/Saved/FirstPersonGameMode8B2522A44554B4987E47FEBFFB231725.tmp' to 'D:/Repositories/UnrealGameJam/UnrealGameJam/Content/FirstPersonBP/Blueprints/FirstPersonGameMode.uasset'
[2016.10.09-11.31.36:092][740]LogSavePackage:Display: Finished SavePackage D:/Repositories/UnrealGameJam/UnrealGameJam/Content/FirstPersonBP/Blueprints/FirstPersonGameMode.uasset
[2016.10.09-11.31.36:151][740]Cmd: OBJ SAVEPACKAGE PACKAGE="/Game/FirstPersonBP/Maps/Test" FILE="D:/Repositories/UnrealGameJam/UnrealGameJam/Content/FirstPersonBP/Maps/Test.umap" SILENT=true AUTOSAVING=false KEEPDIRTY=false
[2016.10.09-11.31.37:653][740]LogSavePackage: Save=1482.24ms
[2016.10.09-11.31.37:653][740]LogSavePackage: Moving 'D:/Repositories/UnrealGameJam/UnrealGameJam/Saved/Test02D776994A13BE9C1A40B4A81E344A9C.tmp' to 'D:/Repositories/UnrealGameJam/UnrealGameJam/Content/FirstPersonBP/Maps/Test.umap'
[2016.10.09-11.31.37:657][740]LogSavePackage:Display: Finished SavePackage D:/Repositories/UnrealGameJam/UnrealGameJam/Content/FirstPersonBP/Maps/Test.umap
[2016.10.09-11.31.37:680][740]LogFileHelpers: Saving map 'Test' took 1.585
[2016.10.09-11.31.37:752][740]LogWindowsTextInputMethodSystem:Display: IME system now deactivated.
[2016.10.09-11.31.37:955][741]Cmd: QUIT_EDITOR
[2016.10.09-11.31.38:053][741]LogExit: Preparing to exit.
[2016.10.09-11.31.38:901][741]LogExit: Editor shut down
[2016.10.09-11.31.38:902][741]LogExit: Transaction tracking system shut down
[2016.10.09-11.31.39:210][741]LogObj: Freed 0b from 0 cluster array pools.
[2016.10.09-11.31.39:210][741]LogExit: Object subsystem successfully closed.
[2016.10.09-11.31.39:236][741]LogD3D11RHI: Shutdown
[2016.10.09-11.31.39:236][741]LogD3D11RHI: CleanupD3DDevice
[2016.10.09-11.31.39:331][741]LogD3D11RHI: ~FD3D11DynamicRHI
[2016.10.09-11.31.39:364][741]LogModuleManager: Shutting down and abandoning module MovieSceneCapture (215)
[2016.10.09-11.31.39:364][741]LogModuleManager: Shutting down and abandoning module StatsViewer (214)
[2016.10.09-11.31.39:365][741]LogModuleManager: Shutting down and abandoning module BlueprintGraph (213)
[2016.10.09-11.31.39:365][741]LogModuleManager: Shutting down and abandoning module HierarchicalLODOutliner (212)
[2016.10.09-11.31.39:365][741]LogModuleManager: Shutting down and abandoning module CrashTracker (211)
[2016.10.09-11.31.39:365][741]LogModuleManager: Shutting down and abandoning module SceneOutliner (210)
[2016.10.09-11.31.39:365][741]LogModuleManager: Shutting down and abandoning module WidgetCarousel (209)
[2016.10.09-11.31.39:365][741]LogModuleManager: Shutting down and abandoning module AddContentDialog (208)
[2016.10.09-11.31.39:372][741]LogModuleManager: Shutting down and abandoning module GameplayTags (207)
[2016.10.09-11.31.39:372][741]LogModuleManager: Shutting down and abandoning module EditorWidgets (206)
[2016.10.09-11.31.39:372][741]LogModuleManager: Shutting down and abandoning module CollectionManager (205)
[2016.10.09-11.31.39:373][741]LogModuleManager: Shutting down and abandoning module FoliageEdit (204)
[2016.10.09-11.31.39:373][741]LogModuleManager: Shutting down and abandoning module LandscapeEditor (203)
[2016.10.09-11.31.39:373][741]LogModuleManager: Shutting down and abandoning module SceneDepthPickerMode (202)
[2016.10.09-11.31.39:374][741]LogModuleManager: Shutting down and abandoning module ActorPickerMode (201)
[2016.10.09-11.31.39:374][741]LogModuleManager: Shutting down and abandoning module GeometryMode (200)
[2016.10.09-11.31.39:374][741]LogModuleManager: Shutting down and abandoning module TextureAlignMode (199)
[2016.10.09-11.31.39:374][741]LogModuleManager: Shutting down and abandoning module BspMode (198)
[2016.10.09-11.31.39:374][741]LogModuleManager: Shutting down and abandoning module HardwareSurvey (197)
[2016.10.09-11.31.39:374][741]LogModuleManager: Shutting down and abandoning module SequenceRecorderSections (196)
[2016.10.09-11.31.39:374][741]LogModuleManager: Shutting down and abandoning module SequenceRecorder (195)
[2016.10.09-11.31.39:374][741]LogModuleManager: Shutting down and abandoning module AutomationWorker (194)
[2016.10.09-11.31.39:374][741]LogModuleManager: Shutting down and abandoning module MatineeToLevelSequence (193)
[2016.10.09-11.31.39:375][741]LogModuleManager: Shutting down and abandoning module PlacementMode (192)
[2016.10.09-11.31.39:375][741]LogModuleManager: Shutting down and abandoning module LevelSequenceEditor (191)
[2016.10.09-11.31.39:377][741]LogModuleManager: Shutting down and abandoning module CharacterAI (190)
[2016.10.09-11.31.39:377][741]LogModuleManager: Shutting down and abandoning module SmartSnapping (189)
[2016.10.09-11.31.39:377][741]LogModuleManager: Shutting down and abandoning module SessionServices (188)
[2016.10.09-11.31.39:377][741]LogModuleManager: Shutting down and abandoning module ViewportSnapping (187)
[2016.10.09-11.31.39:377][741]LogModuleManager: Shutting down and abandoning module LogVisualizer (186)
[2016.10.09-11.31.39:379][741]LogModuleManager: Shutting down and abandoning module GameProjectGeneration (185)
[2016.10.09-11.31.39:380][741]LogModuleManager: Shutting down and abandoning module IntroTutorials (184)
[2016.10.09-11.31.39:380][741]LogModuleManager: Shutting down and abandoning module EditorLiveStreaming (183)
[2016.10.09-11.31.39:380][741]LogModuleManager: Shutting down and abandoning module IOSPlatformEditor (182)
[2016.10.09-11.31.39:380][741]LogModuleManager: Shutting down and abandoning module HTML5PlatformEditor (181)
[2016.10.09-11.31.39:380][741]LogModuleManager: Shutting down and abandoning module AndroidDeviceDetection (180)
[2016.10.09-11.31.39:412][741]LogModuleManager: Shutting down and abandoning module AndroidPlatformEditor (179)
[2016.10.09-11.31.39:412][741]LogModuleManager: Shutting down and abandoning module IOSRuntimeSettings (178)
[2016.10.09-11.31.39:412][741]LogModuleManager: Shutting down and abandoning module AndroidRuntimeSettings (177)
[2016.10.09-11.31.39:412][741]LogModuleManager: Shutting down and abandoning module MergeActors (176)
[2016.10.09-11.31.39:413][741]LogModuleManager: Shutting down and abandoning module SizeMap (175)
[2016.10.09-11.31.39:413][741]LogModuleManager: Shutting down and abandoning module TreeMap (174)
[2016.10.09-11.31.39:413][741]LogModuleManager: Shutting down and abandoning module ReferenceViewer (173)
[2016.10.09-11.31.39:414][741]LogModuleManager: Shutting down and abandoning module LocalizationService (172)
[2016.10.09-11.31.39:414][741]LogModuleManager: Shutting down and abandoning module LocalizationDashboard (171)
[2016.10.09-11.31.39:415][741]LogModuleManager: Shutting down and abandoning module HardwareTargeting (170)
[2016.10.09-11.31.39:415][741]LogModuleManager: Shutting down and abandoning module DeviceProfileEditor (169)
[2016.10.09-11.31.39:415][741]LogModuleManager: Shutting down and abandoning module UndoHistory (168)
[2016.10.09-11.31.39:415][741]LogModuleManager: Shutting down and abandoning module UserFeedback (167)
[2016.10.09-11.31.39:415][741]LogModuleManager: Shutting down and abandoning module XmlParser (166)
[2016.10.09-11.31.39:415][741]LogModuleManager: Shutting down and abandoning module Blutility (165)
[2016.10.09-11.31.39:416][741]LogModuleManager: Shutting down and abandoning module ProjectTargetPlatformEditor (164)
[2016.10.09-11.31.39:416][741]LogModuleManager: Shutting down and abandoning module ProjectSettingsViewer (163)
[2016.10.09-11.31.39:416][741]LogModuleManager: Shutting down and abandoning module InputBindingEditor (162)
[2016.10.09-11.31.39:417][741]LogModuleManager: Shutting down and abandoning module EditorSettingsViewer (161)
[2016.10.09-11.31.39:417][741]LogModuleManager: Shutting down and abandoning module SettingsEditor (160)
[2016.10.09-11.31.39:417][741]LogModuleManager: Shutting down and abandoning module ProjectLauncher (159)
[2016.10.09-11.31.39:418][741]LogModuleManager: Shutting down and abandoning module SessionFrontend (158)
[2016.10.09-11.31.39:419][741]LogModuleManager: Shutting down and abandoning module ProfilerClient (157)
[2016.10.09-11.31.39:419][741]LogModuleManager: Shutting down and abandoning module TargetDeviceServices (156)
[2016.10.09-11.31.39:419][741]LogModuleManager: Shutting down and abandoning module DeviceManager (155)
[2016.10.09-11.31.39:464][741]LogModuleManager: Shutting down and abandoning module AutomationController (154)
[2016.10.09-11.31.39:464][741]LogModuleManager: Shutting down and abandoning module AutomationWindow (153)
[2016.10.09-11.31.39:465][741]LogModuleManager: Shutting down and abandoning module Layers (152)
[2016.10.09-11.31.39:467][741]LogModuleManager: Shutting down and abandoning module ComponentVisualizers (151)
[2016.10.09-11.31.39:467][741]LogModuleManager: Shutting down and abandoning module DetailCustomizations (150)
[2016.10.09-11.31.39:468][741]LogModuleManager: Shutting down and abandoning module PackagesDialog (149)
[2016.10.09-11.31.39:468][741]LogModuleManager: Shutting down and abandoning module Persona (148)
[2016.10.09-11.31.39:469][741]LogModuleManager: Shutting down and abandoning module Kismet (147)
[2016.10.09-11.31.39:470][741]LogModuleManager: Shutting down and abandoning module GraphEditor (146)
[2016.10.09-11.31.39:470][741]LogModuleManager: Shutting down and abandoning module ClassViewer (145)
[2016.10.09-11.31.39:470][741]LogModuleManager: Shutting down and abandoning module Toolbox (144)
[2016.10.09-11.31.39:470][741]LogModuleManager: Shutting down and abandoning module ModuleUI (143)
[2016.10.09-11.31.39:471][741]LogModuleManager: Shutting down and abandoning module MovieSceneTools (142)
[2016.10.09-11.31.39:472][741]LogModuleManager: Shutting down and abandoning module OutputLog (141)
[2016.10.09-11.31.39:472][741]LogModuleManager: Shutting down and abandoning module GammaUI (140)
[2016.10.09-11.31.39:472][741]LogModuleManager: Shutting down and abandoning module Documentation (139)
[2016.10.09-11.31.39:472][741]LogModuleManager: Shutting down and abandoning module StreamingPauseRendering (138)
[2016.10.09-11.31.39:472][741]LogModuleManager: Shutting down and abandoning module AnalyticsET (137)
[2016.10.09-11.31.39:472][741]LogModuleManager: Shutting down and abandoning module Analytics (136)
[2016.10.09-11.31.39:472][741]LogModuleManager: Shutting down and abandoning module PortalServices (135)
[2016.10.09-11.31.39:472][741]LogModuleManager: Shutting down and abandoning module PortalRpc (134)
[2016.10.09-11.31.39:472][741]LogModuleManager: Shutting down and abandoning module MessagingRpc (133)
[2016.10.09-11.31.39:472][741]LogModuleManager: Shutting down and abandoning module GameplayDebugger (132)
[2016.10.09-11.31.39:472][741]LogModuleManager: Shutting down and abandoning module AITestSuite (131)
[2016.10.09-11.31.39:473][741]LogModuleManager: Shutting down and abandoning module AIModule (130)
[2016.10.09-11.31.39:473][741]LogModuleManager: Shutting down and abandoning module ProfilerService (129)
[2016.10.09-11.31.39:492][741]LogModuleManager: Shutting down and abandoning module TaskGraph (128)
[2016.10.09-11.31.39:494][741]LogModuleManager: Shutting down and abandoning module SlateRemote (127)
[2016.10.09-11.31.39:494][741]LogModuleManager: Shutting down and abandoning module SteamVRController (126)
[2016.10.09-11.31.39:494][741]LogModuleManager: Shutting down and abandoning module SteamVR (125)
[2016.10.09-11.31.39:494][741]LogModuleManager: Shutting down and abandoning module ProceduralMeshComponent (124)
[2016.10.09-11.31.39:494][741]LogModuleManager: Shutting down and abandoning module OculusLibrary (123)
[2016.10.09-11.31.39:494][741]LogModuleManager: Shutting down and abandoning module OculusInput (122)
[2016.10.09-11.31.39:494][741]LogModuleManager: Shutting down and abandoning module CustomMeshComponent (121)
[2016.10.09-11.31.39:494][741]LogModuleManager: Shutting down and abandoning module CableComponent (120)
[2016.10.09-11.31.39:494][741]LogModuleManager: Shutting down and abandoning module ArchVisCharacter (119)
[2016.10.09-11.31.39:494][741]LogModuleManager: Shutting down and abandoning module MediaPlayerEditor (118)
[2016.10.09-11.31.39:495][741]LogModuleManager: Shutting down and abandoning module HTML5Networking (117)
[2016.10.09-11.31.39:495][741]LogModuleManager: Shutting down and abandoning module SuperSearch (116)
[2016.10.09-11.31.39:495][741]LogModuleManager: Shutting down and abandoning module SuperSearchEditor (115)
[2016.10.09-11.31.39:495][741]LogModuleManager: Shutting down and abandoning module SpeedTreeImporter (114)
[2016.10.09-11.31.39:495][741]LogModuleManager: Shutting down and abandoning module PluginBrowser (113)
[2016.10.09-11.31.39:497][741]LogModuleManager: Shutting down and abandoning module EpicSurvey (112)
[2016.10.09-11.31.39:497][741]LogModuleManager: Shutting down and abandoning module DesktopPlatform (111)
[2016.10.09-11.31.39:497][741]LogModuleManager: Shutting down and abandoning module VisualStudioSourceCodeAccess (110)
[2016.10.09-11.31.39:497][741]LogModuleManager: Shutting down and abandoning module UObjectPlugin (109)
[2016.10.09-11.31.39:497][741]LogModuleManager: Shutting down and abandoning module SubversionSourceControl (108)
[2016.10.09-11.31.39:498][741]LogModuleManager: Shutting down and abandoning module PerforceSourceControl (107)
[2016.10.09-11.31.39:499][741]LogModuleManager: Shutting down and abandoning module SourceControl (106)
[2016.10.09-11.31.39:499][741]LogModuleManager: Shutting down and abandoning module GitSourceControl (105)
[2016.10.09-11.31.39:500][741]LogModuleManager: Shutting down and abandoning module LightPropagationVolumeEditor (104)
[2016.10.09-11.31.39:500][741]LogModuleManager: Shutting down and abandoning module PaperTiledImporter (103)
[2016.10.09-11.31.39:500][741]LogModuleManager: Shutting down and abandoning module PaperSpriteSheetImporter (102)
[2016.10.09-11.31.39:500][741]LogModuleManager: Shutting down and abandoning module MeshPaint (101)
[2016.10.09-11.31.39:501][741]LogModuleManager: Shutting down and abandoning module PixelInspectorModule (100)
[2016.10.09-11.31.39:502][741]LogModuleManager: Shutting down and abandoning module HotReload (99)
[2016.10.09-11.31.39:503][741]LogModuleManager: Shutting down and abandoning module MainFrame (98)
[2016.10.09-11.31.39:503][741]LogModuleManager: Shutting down and abandoning module LevelEditor (97)
[2016.10.09-11.31.39:504][741]LogModuleManager: Shutting down and abandoning module ContentBrowser (96)
[2016.10.09-11.31.39:506][741]LogModuleManager: Shutting down and abandoning module Paper2DEditor (95)
[2016.10.09-11.31.39:507][741]LogModuleManager: Shutting down and abandoning module UdpMessaging (94)
[2016.10.09-11.31.39:608][741]LogModuleManager: Shutting down and abandoning module LightPropagationVolumeRuntime (93)
[2016.10.09-11.31.39:608][741]LogModuleManager: Shutting down and abandoning module Paper2D (92)
[2016.10.09-11.31.39:608][741]LogModuleManager: Shutting down and abandoning module WindowsMoviePlayer (91)
[2016.10.09-11.31.39:608][741]LogModuleManager: Shutting down and abandoning module Media (90)
[2016.10.09-11.31.39:608][741]LogModuleManager: Shutting down and abandoning module WmfMedia (89)
[2016.10.09-11.31.39:609][741]LogModuleManager: Shutting down and abandoning module MediaAssets (88)
[2016.10.09-11.31.39:609][741]LogModuleManager: Shutting down and abandoning module GameLiveStreaming (87)
[2016.10.09-11.31.39:609][741]LogModuleManager: Shutting down and abandoning module GameplayTagsEditor (86)
[2016.10.09-11.31.39:609][741]LogModuleManager: Shutting down and abandoning module OnlineBlueprintSupport (85)
[2016.10.09-11.31.39:609][741]LogModuleManager: Shutting down and abandoning module VREditor (84)
[2016.10.09-11.31.39:609][741]LogModuleManager: Shutting down and abandoning module GameplayTasksEditor (83)
[2016.10.09-11.31.39:609][741]LogModuleManager: Shutting down and abandoning module PropertyEditor (82)
[2016.10.09-11.31.39:609][741]LogModuleManager: Shutting down and abandoning module BehaviorTreeEditor (81)
[2016.10.09-11.31.39:611][741]LogModuleManager: Shutting down and abandoning module FunctionalTesting (80)
[2016.10.09-11.31.39:611][741]LogModuleManager: Shutting down and abandoning module CollisionAnalyzer (79)
[2016.10.09-11.31.39:611][741]LogModuleManager: Shutting down and abandoning module Sequencer (78)
[2016.10.09-11.31.39:612][741]LogModuleManager: Shutting down and abandoning module WorkspaceMenuStructure (77)
[2016.10.09-11.31.39:612][741]LogModuleManager: Shutting down and abandoning module MessageLog (76)
[2016.10.09-11.31.39:612][741]LogModuleManager: Shutting down and abandoning module AssetTools (75)
[2016.10.09-11.31.39:614][741]LogModuleManager: Shutting down and abandoning module UMGEditor (74)
[2016.10.09-11.31.39:615][741]LogModuleManager: Shutting down and abandoning module UMG (73)
[2016.10.09-11.31.39:616][741]LogModuleManager: Shutting down and abandoning module SlateReflector (72)
[2016.10.09-11.31.39:618][741]LogModuleManager: Shutting down and abandoning module Slate (71)
[2016.10.09-11.31.39:618][741]LogModuleManager: Shutting down and abandoning module EditorStyle (70)
[2016.10.09-11.31.39:621][741]LogModuleManager: Shutting down and abandoning module SourceCodeAccess (69)
[2016.10.09-11.31.39:621][741]LogModuleManager: Shutting down and abandoning module HeadMountedDisplay (68)
[2016.10.09-11.31.39:621][741]LogModuleManager: Shutting down and abandoning module XAudio2 (67)
[2016.10.09-11.31.39:621][741]LogModuleManager: Shutting down and abandoning module Networking (65)
[2016.10.09-11.31.39:621][741]LogModuleManager: Shutting down and abandoning module Core (64)
[2016.10.09-11.31.39:621][741]LogModuleManager: Shutting down and abandoning module DirectoryWatcher (63)
[2016.10.09-11.31.39:625][741]LogModuleManager: Shutting down and abandoning module AssetRegistry (62)
[2016.10.09-11.31.39:878][741]LogModuleManager: Shutting down and abandoning module KismetCompiler (61)
[2016.10.09-11.31.39:878][741]LogModuleManager: Shutting down and abandoning module PhysXFormats (60)
[2016.10.09-11.31.39:878][741]LogModuleManager: Shutting down and abandoning module MeshUtilities (59)
[2016.10.09-11.31.39:878][741]LogModuleManager: Shutting down and abandoning module DerivedDataCache (58)
[2016.10.09-11.31.39:916][741]LogDerivedDataCache: Shutdown
[2016.10.09-11.31.39:916][741]LogModuleManager: Shutting down and abandoning module VulkanShaderFormat (57)
[2016.10.09-11.31.39:917][741]LogModuleManager: Shutting down and abandoning module ShaderFormatOpenGL (56)
[2016.10.09-11.31.39:917][741]LogModuleManager: Shutting down and abandoning module ShaderFormatD3D (55)
[2016.10.09-11.31.39:917][741]LogModuleManager: Shutting down and abandoning module MetalShaderFormat (54)
[2016.10.09-11.31.39:918][741]LogModuleManager: Shutting down and abandoning module TextureFormatUncompressed (53)
[2016.10.09-11.31.39:918][741]LogModuleManager: Shutting down and abandoning module TextureFormatPVR (52)
[2016.10.09-11.31.39:918][741]LogModuleManager: Shutting down and abandoning module TextureFormatIntelISPCTexComp (51)
[2016.10.09-11.31.39:918][741]LogModuleManager: Shutting down and abandoning module TextureFormatDXT (50)
[2016.10.09-11.31.39:918][741]LogModuleManager: Shutting down and abandoning module ImageWrapper (49)
[2016.10.09-11.31.39:918][741]LogModuleManager: Shutting down and abandoning module TextureFormatASTC (48)
[2016.10.09-11.31.39:918][741]LogModuleManager: Shutting down and abandoning module TextureFormatAndroid (47)
[2016.10.09-11.31.39:918][741]LogModuleManager: Shutting down and abandoning module AudioFormatOpus (46)
[2016.10.09-11.31.39:918][741]LogModuleManager: Shutting down and abandoning module AudioFormatOgg (45)
[2016.10.09-11.31.39:918][741]LogModuleManager: Shutting down and abandoning module AudioFormatADPCM (44)
[2016.10.09-11.31.39:918][741]LogModuleManager: Shutting down and abandoning module LinuxTargetPlatform (43)
[2016.10.09-11.31.39:918][741]LogModuleManager: Shutting down and abandoning module LinuxServerTargetPlatform (42)
[2016.10.09-11.31.39:918][741]LogModuleManager: Shutting down and abandoning module LinuxNoEditorTargetPlatform (41)
[2016.10.09-11.31.39:918][741]LogModuleManager: Shutting down and abandoning module TVOSTargetPlatform (40)
[2016.10.09-11.31.39:918][741]LogModuleManager: Shutting down and abandoning module Messaging (39)
[2016.10.09-11.31.39:918][741]LogModuleManager: Shutting down and abandoning module IOSTargetPlatform (38)
[2016.10.09-11.31.39:918][741]LogModuleManager: Shutting down and abandoning module HTML5TargetPlatform (37)
[2016.10.09-11.31.39:918][741]LogModuleManager: Shutting down and abandoning module Android_PVRTCTargetPlatform (36)
[2016.10.09-11.31.39:918][741]LogModuleManager: Shutting down and abandoning module Android_MultiTargetPlatform (35)
[2016.10.09-11.31.39:919][741]LogModuleManager: Shutting down and abandoning module Android_ETC2TargetPlatform (34)
[2016.10.09-11.31.39:919][741]LogModuleManager: Shutting down and abandoning module Android_ETC1TargetPlatform (33)
[2016.10.09-11.31.39:919][741]LogModuleManager: Shutting down and abandoning module Android_DXTTargetPlatform (32)
[2016.10.09-11.31.39:919][741]LogModuleManager: Shutting down and abandoning module Android_ATCTargetPlatform (31)
[2016.10.09-11.31.39:919][741]LogModuleManager: Shutting down and abandoning module Android_ASTCTargetPlatform (30)
[2016.10.09-11.31.39:919][741]LogModuleManager: Shutting down and abandoning module AndroidTargetPlatform (29)
[2016.10.09-11.31.39:919][741]LogModuleManager: Shutting down and abandoning module WindowsTargetPlatform (28)
[2016.10.09-11.31.39:919][741]LogModuleManager: Shutting down and abandoning module WindowsServerTargetPlatform (27)
[2016.10.09-11.31.39:919][741]LogModuleManager: Shutting down and abandoning module WindowsNoEditorTargetPlatform (26)
[2016.10.09-11.31.39:919][741]LogModuleManager: Shutting down and abandoning module WindowsClientTargetPlatform (25)
[2016.10.09-11.31.39:919][741]LogModuleManager: Shutting down and abandoning module AllDesktopTargetPlatform (24)
[2016.10.09-11.31.39:919][741]LogModuleManager: Shutting down and abandoning module TargetPlatform (23)
[2016.10.09-11.31.39:919][741]LogModuleManager: Shutting down and abandoning module InputCore (22)
[2016.10.09-11.31.39:919][741]LogModuleManager: Shutting down and abandoning module Settings (21)
[2016.10.09-11.31.39:919][741]LogModuleManager: Shutting down and abandoning module OnlineSubsystem (19)
[2016.10.09-11.31.39:920][741]LogModuleManager: Shutting down and abandoning module HTTP (18)
[2016.10.09-11.31.41:425][741]LogModuleManager: Shutting down and abandoning module XMPP (17)
[2016.10.09-11.31.41:426][741]LogModuleManager: Shutting down and abandoning module OculusRift (16)
[2016.10.09-11.31.41:427][741]LogModuleManager: Shutting down and abandoning module ExampleDeviceProfileSelector (15)
[2016.10.09-11.31.41:427][741]LogModuleManager: Shutting down and abandoning module TextureCompressor (14)
[2016.10.09-11.31.41:427][741]LogModuleManager: Shutting down and abandoning module ShaderCore (13)
[2016.10.09-11.31.41:427][741]LogModuleManager: Shutting down and abandoning module Landscape (12)
[2016.10.09-11.31.41:427][741]LogModuleManager: Shutting down and abandoning module SlateRHIRenderer (11)
[2016.10.09-11.31.41:441][741]LogModuleManager: Shutting down and abandoning module OpenGLDrv (10)
[2016.10.09-11.31.41:442][741]LogModuleManager: Shutting down and abandoning module D3D11RHI (9)
[2016.10.09-11.31.41:442][741]LogModuleManager: Shutting down and abandoning module AnimGraphRuntime (8)
[2016.10.09-11.31.41:442][741]LogModuleManager: Shutting down and abandoning module Renderer (7)
[2016.10.09-11.31.41:442][741]LogModuleManager: Shutting down and abandoning module Engine (6)
[2016.10.09-11.31.41:442][741]LogModuleManager: Shutting down and abandoning module CoreUObject (5)
[2016.10.09-11.31.41:442][741]LogModuleManager: Shutting down and abandoning module NetworkFile (4)
[2016.10.09-11.31.41:443][741]LogModuleManager: Shutting down and abandoning module StreamingFile (3)
[2016.10.09-11.31.41:443][741]LogModuleManager: Shutting down and abandoning module SandboxFile (2)
[2016.10.09-11.31.41:443][741]LogModuleManager: Shutting down and abandoning module PakFile (1)
[2016.10.09-11.31.41:449][741]LogExit: Exiting.
[2016.10.09-11.31.41:455][741]Log file closed, 10/09/16 12:31:41
